load model from saved_models/resnet18_small/013/10_12push0.8333.pth
model base architecture: 013
experiment run: 
Prototypes are chosen from 2 number of classes.
Their class identities are: [0 0 0 0 0 1 1 1 1 1]
All prototypes connect most strongly to their respective classes.
0 (1, 1)
Predicted: 1
Actual: 1
Most activated 10 prototypes of this image:
top 1 activated prototype for this image:
prototype index: 1
prototype class identity: 0
activation value (similarity score): 3.2139105796813965
last layer connection with predicted class: -0.4002513885498047
most highly activated patch of the chosen image by this prototype:
most highly activated patch by this prototype shown in the original image:
prototype activation map of the chosen image:
--------------------------------------------------------------
top 2 activated prototype for this image:
prototype index: 2
prototype class identity: 0
activation value (similarity score): 2.104931354522705
last layer connection with predicted class: -0.40089523792266846
most highly activated patch of the chosen image by this prototype:
most highly activated patch by this prototype shown in the original image:
prototype activation map of the chosen image:
--------------------------------------------------------------
top 3 activated prototype for this image:
prototype index: 9
prototype class identity: 1
activation value (similarity score): 1.828705072402954
last layer connection with predicted class: 1.099965214729309
most highly activated patch of the chosen image by this prototype:
most highly activated patch by this prototype shown in the original image:
prototype activation map of the chosen image:
--------------------------------------------------------------
top 4 activated prototype for this image:
prototype index: 7
prototype class identity: 1
activation value (similarity score): 1.4960339069366455
last layer connection with predicted class: 1.0990098714828491
most highly activated patch of the chosen image by this prototype:
most highly activated patch by this prototype shown in the original image:
prototype activation map of the chosen image:
--------------------------------------------------------------
top 5 activated prototype for this image:
prototype index: 8
prototype class identity: 1
activation value (similarity score): 1.4960339069366455
last layer connection with predicted class: 1.0990098714828491
most highly activated patch of the chosen image by this prototype:
most highly activated patch by this prototype shown in the original image:
prototype activation map of the chosen image:
--------------------------------------------------------------
top 6 activated prototype for this image:
prototype index: 6
prototype class identity: 1
activation value (similarity score): 1.1861755847930908
last layer connection with predicted class: 1.099724292755127
most highly activated patch of the chosen image by this prototype:
most highly activated patch by this prototype shown in the original image:
prototype activation map of the chosen image:
--------------------------------------------------------------
top 7 activated prototype for this image:
prototype index: 5
prototype class identity: 1
activation value (similarity score): 1.068087100982666
last layer connection with predicted class: 1.0997811555862427
most highly activated patch of the chosen image by this prototype:
most highly activated patch by this prototype shown in the original image:
prototype activation map of the chosen image:
--------------------------------------------------------------
top 8 activated prototype for this image:
prototype index: 3
prototype class identity: 0
activation value (similarity score): 1.0663210153579712
last layer connection with predicted class: -0.4002135097980499
most highly activated patch of the chosen image by this prototype:
most highly activated patch by this prototype shown in the original image:
prototype activation map of the chosen image:
--------------------------------------------------------------
top 9 activated prototype for this image:
prototype index: 4
prototype class identity: 0
activation value (similarity score): 1.0663210153579712
last layer connection with predicted class: -0.4002135097980499
most highly activated patch of the chosen image by this prototype:
most highly activated patch by this prototype shown in the original image:
prototype activation map of the chosen image:
--------------------------------------------------------------
top 10 activated prototype for this image:
prototype index: 0
prototype class identity: 0
activation value (similarity score): 1.0663210153579712
last layer connection with predicted class: -0.4002135097980499
most highly activated patch of the chosen image by this prototype:
most highly activated patch by this prototype shown in the original image:
prototype activation map of the chosen image:
--------------------------------------------------------------
Prototypes from top-2 classes:
top 1 predicted class: 1
logit of the class: 4.368455
prototype index: 9
prototype class identity: 1
activation value (similarity score): 1.828705072402954
last layer connection: 1.099965214729309
most highly activated patch of the chosen image by this prototype:
most highly activated patch by this prototype shown in the original image:
prototype activation map of the chosen image:
--------------------------------------------------------------
prototype index: 8
prototype class identity: 1
activation value (similarity score): 1.4960339069366455
last layer connection: 1.0990098714828491
most highly activated patch of the chosen image by this prototype:
most highly activated patch by this prototype shown in the original image:
prototype activation map of the chosen image:
--------------------------------------------------------------
prototype index: 7
prototype class identity: 1
activation value (similarity score): 1.4960339069366455
last layer connection: 1.0990098714828491
most highly activated patch of the chosen image by this prototype:
most highly activated patch by this prototype shown in the original image:
prototype activation map of the chosen image:
--------------------------------------------------------------
prototype index: 6
prototype class identity: 1
activation value (similarity score): 1.1861755847930908
last layer connection: 1.099724292755127
most highly activated patch of the chosen image by this prototype:
most highly activated patch by this prototype shown in the original image:
prototype activation map of the chosen image:
--------------------------------------------------------------
prototype index: 5
prototype class identity: 1
activation value (similarity score): 1.068087100982666
last layer connection: 1.0997811555862427
most highly activated patch of the chosen image by this prototype:
most highly activated patch by this prototype shown in the original image:
prototype activation map of the chosen image:
--------------------------------------------------------------
***************************************************************
top 2 predicted class: 0
logit of the class: 3.428148
prototype index: 1
prototype class identity: 0
activation value (similarity score): 3.2139105796813965
last layer connection: 0.9002582430839539
most highly activated patch of the chosen image by this prototype:
most highly activated patch by this prototype shown in the original image:
prototype activation map of the chosen image:
--------------------------------------------------------------
prototype index: 2
prototype class identity: 0
activation value (similarity score): 2.104931354522705
last layer connection: 0.900918185710907
most highly activated patch of the chosen image by this prototype:
most highly activated patch by this prototype shown in the original image:
prototype activation map of the chosen image:
--------------------------------------------------------------
prototype index: 3
prototype class identity: 0
activation value (similarity score): 1.0663210153579712
last layer connection: 0.9002240896224976
most highly activated patch of the chosen image by this prototype:
most highly activated patch by this prototype shown in the original image:
prototype activation map of the chosen image:
--------------------------------------------------------------
prototype index: 4
prototype class identity: 0
activation value (similarity score): 1.0663210153579712
last layer connection: 0.9002240896224976
most highly activated patch of the chosen image by this prototype:
most highly activated patch by this prototype shown in the original image:
prototype activation map of the chosen image:
--------------------------------------------------------------
prototype index: 0
prototype class identity: 0
activation value (similarity score): 1.0663210153579712
last layer connection: 0.9002240896224976
most highly activated patch of the chosen image by this prototype:
most highly activated patch by this prototype shown in the original image:
prototype activation map of the chosen image:
--------------------------------------------------------------
***************************************************************
Prediction is correct.
