training set size: 1000
push set size: 1000
test set size: 1000
batch size: 1
start training
epoch: 	0
	warm
	train
training set size: 1000
push set size: 1000
test set size: 1000
batch size: 1
start training
epoch: 	0
	warm
	train
	time: 	19.03966999053955
	total loss: 	100.10740293383597
	cross ent: 	0.6966857090592384
	cluster: 	49.73453144282102
	separation:	49.676185781955716
	avg separation:	645.6576849975586
	accu: 		49.3%
	l1: 		30.0
	p dist pair: 	1252.3870849609375
	test
	time: 	12.47925353050232
	total loss: 	1.9473779357671739
	cross ent: 	0.6933395402431488
	cluster: 	0.6270399914383888
	separation:	0.6269984040856361
	avg separation:	664.4723837890625
	accu: 		50.5%
	l1: 		30.0
	p dist pair: 	1252.3870849609375
epoch: 	1
	warm
	train
	time: 	18.761518955230713
	total loss: 	2.106409470811486
	cross ent: 	0.7321428513526916
	cluster: 	0.6894665345549583
	separation:	0.6848000849038363
	avg separation:	681.7665864257813
	accu: 		47.8%
	l1: 		30.0
	p dist pair: 	1325.425048828125
	test
	time: 	11.917801141738892
	total loss: 	2.0340994323790076
	cross ent: 	0.6988036723136902
	cluster: 	0.668218690007925
	separation:	0.6670770700573921
	avg separation:	703.1606940917969
	accu: 		49.8%
	l1: 		30.0
	p dist pair: 	1325.425048828125
epoch: 	2
	warm
	train
	time: 	19.451825618743896
	total loss: 	2.1608808909505606
	cross ent: 	0.7706751629859209
	cluster: 	0.6962019329071045
	separation:	0.6940037950575352
	avg separation:	723.0885097045898
	accu: 		48.8%
	l1: 		30.0
	p dist pair: 	1412.5445556640625
	test
	time: 	12.003982067108154
	total loss: 	1.1123919790908694
	cross ent: 	0.7752514746189118
	cluster: 	0.1679378689751029
	separation:	0.16920263549685477
	avg separation:	750.0338312377929
	accu: 		50.0%
	l1: 		30.0
	p dist pair: 	1412.5445556640625
epoch: 	3
	joint
	train
	time: 	37.54703688621521
	total loss: 	2.339832164570689
	cross ent: 	0.7795674519948661
	cluster: 	0.773716557148844
	separation:	0.7865481554269791
	avg separation:	793.5816040344238
	accu: 		50.4%
	l1: 		30.0
	p dist pair: 	1574.2965087890625
	test
	time: 	12.467538118362427
	total loss: 	1.0985815698951482
	cross ent: 	0.713752069056034
	cluster: 	0.1923755315542221
	separation:	0.19245396928489208
	avg separation:	837.2696043701172
	accu: 		50.0%
	l1: 		30.0
	p dist pair: 	1574.2965087890625
epoch: 	4
	joint
	train
	time: 	34.90524196624756
	total loss: 	1.6696834140866996
	cross ent: 	0.8067580957859755
	cluster: 	0.450369257286191
	separation:	0.412556061014533
	avg separation:	822.1500195922852
	accu: 		44.800000000000004%
	l1: 		30.0
	p dist pair: 	1505.3648681640625
	test
	time: 	9.429901838302612
	total loss: 	1.099137866809964
	cross ent: 	0.7968503776192665
	cluster: 	0.15116799496114253
	separation:	0.15111949422955512
	avg separation:	800.7558236694335
	accu: 		50.0%
	l1: 		30.0
	p dist pair: 	1505.3648681640625
epoch: 	5
	joint
	train
	time: 	33.23912572860718
	total loss: 	1.8949124207347632
	cross ent: 	0.7777260636761785
	cluster: 	0.5538530477955937
	separation:	0.563333309262991
	avg separation:	819.2168746337891
	accu: 		49.2%
	l1: 		30.0
	p dist pair: 	1584.7763671875
	test
	time: 	9.705784559249878
	total loss: 	1.7812632046267391
	cross ent: 	1.1083850329890848
	cluster: 	0.3364610690996051
	separation:	0.33641710253804924
	avg separation:	843.4609954223632
	accu: 		50.0%
	l1: 		30.0
	p dist pair: 	1584.7763671875
epoch: 	6
	joint
	train
	time: 	40.76372480392456
	total loss: 	1.827491047948599
	cross ent: 	0.7937657082751394
	cluster: 	0.5221938695460558
	separation:	0.5115314701274037
	avg separation:	875.0473729553223
	accu: 		49.1%
	l1: 		30.0
	p dist pair: 	1684.7091064453125
	test
	time: 	9.285602807998657
	total loss: 	1.6257444864809512
	cross ent: 	0.7014710880517959
	cluster: 	0.46308550736308096
	separation:	0.4611878910660744
	avg separation:	897.1317083129883
	accu: 		50.0%
	l1: 		30.0
	p dist pair: 	1684.7091064453125
epoch: 	7
	joint
	train
	time: 	35.88103675842285
	total loss: 	1.7027648070529102
	cross ent: 	0.8074937064424157
	cluster: 	0.4547051757797599
	separation:	0.44056592483073476
	avg separation:	913.0246232299804
	accu: 		49.1%
	l1: 		30.0
	p dist pair: 	1783.5621337890625
	test
	time: 	9.516491174697876
	total loss: 	2.8437606402784583
	cross ent: 	0.9906421688944101
	cluster: 	0.9265311846137047
	separation:	0.9265872867703437
	avg separation:	949.7808751831054
	accu: 		50.0%
	l1: 		30.0
	p dist pair: 	1783.5621337890625
epoch: 	8
	joint
	train
	time: 	31.48098373413086
	total loss: 	0.9688486213125288
	cross ent: 	0.7256873549968004
	cluster: 	0.12363845019042492
	separation:	0.11952281612530351
	avg separation:	949.5028370971679
	accu: 		49.2%
	l1: 		30.0
	p dist pair: 	1784.1512451171875
	test
	time: 	11.597291946411133
	total loss: 	1.1695317113846542
	cross ent: 	0.9634260582625866
	cluster: 	0.10309527859091759
	separation:	0.10301037453114986
	avg separation:	950.1090083618164
	accu: 		50.0%
	l1: 		30.0
	p dist pair: 	1784.1512451171875
epoch: 	9
	joint
	train
	time: 	35.7322793006897
	total loss: 	0.8600065964702517
	cross ent: 	0.7240988148152828
	cluster: 	0.06854406069591641
	separation:	0.06736372095905244
	avg separation:	950.0722019042969
	accu: 		48.8%
	l1: 		30.0
	p dist pair: 	1785.8070068359375
	test
	time: 	11.918377161026001
	total loss: 	0.8750515312701463
	cross ent: 	0.7070316799879074
	cluster: 	0.08416357136517763
	separation:	0.08385627991706134
	avg separation:	951.0754285278321
	accu: 		50.0%
	l1: 		30.0
	p dist pair: 	1785.8070068359375
epoch: 	10
	joint
	train
	time: 	33.9220757484436
	total loss: 	0.8699156003817917
	cross ent: 	0.7221169847249985
	cluster: 	0.07391360606998205
	separation:	0.07388500958681106
	avg separation:	951.4709721679687
	accu: 		50.6%
	l1: 		30.0
	p dist pair: 	1786.3251953125
	test
	time: 	9.856573581695557
	total loss: 	0.8981670887768269
	cross ent: 	0.7262444310486317
	cluster: 	0.08586145134270191
	separation:	0.08606120638549328
	avg separation:	951.2159575195312
	accu: 		50.0%
	l1: 		30.0
	p dist pair: 	1786.3251953125
	push
	Executing push ...
	push time: 	15.914724826812744
	test
	time: 	12.395512580871582
	total loss: 	19.213626305156197
	cross ent: 	19.213276857376098
	cluster: 	0.0001597518353155465
	separation:	0.00018969594478403451
	avg separation:	0.006931804057734553
	accu: 		50.0%
	l1: 		30.0
	p dist pair: 	0.10205259919166565
	last layer
iteration: 	0
	train
	time: 	14.301931619644165
	total loss: 	12.3054810143323
	cross ent: 	12.305271715072433
	cluster: 	9.529888534962083e-05
	separation:	0.00011400037451676326
	avg separation:	0.005642209120967891
	accu: 		50.0%
	l1: 		29.997488021850586
	p dist pair: 	0.10205259919166565
	test
	time: 	10.09511113166809
	total loss: 	6.909621198264342
	cross ent: 	6.909461598175838
	cluster: 	8.224941445223522e-05
	separation:	7.73506740515586e-05
	avg separation:	0.005496814118407201
	accu: 		50.0%
	l1: 		29.997488021850586
	p dist pair: 	0.10205259919166565
iteration: 	1
	train
	time: 	11.890914916992188
	total loss: 	3.331730772119579
	cross ent: 	3.3315214728597122
	cluster: 	9.529888534962083e-05
	separation:	0.00011400037451676326
	avg separation:	0.005642209120967891
	accu: 		52.300000000000004%
	l1: 		29.985340118408203
	p dist pair: 	0.10205259919166565
	test
	time: 	11.07433032989502
	total loss: 	1.2542067357458457
	cross ent: 	1.2540442925314987
	cluster: 	8.074312311873654e-05
	separation:	8.170009122841293e-05
	avg separation:	0.005545669845421798
	accu: 		55.60000000000001%
	l1: 		29.985340118408203
	p dist pair: 	0.10205259919166565
iteration: 	2
	train
	time: 	13.021215438842773
	total loss: 	1.2482833178723922
	cross ent: 	1.2480740186125259
	cluster: 	9.529888534962083e-05
	separation:	0.00011400037451676326
	avg separation:	0.005642209120967891
	accu: 		56.49999999999999%
	l1: 		29.9578857421875
	p dist pair: 	0.10205259919166565
	test
	time: 	9.576845407485962
	total loss: 	1.2277152375630485
	cross ent: 	1.2275732064807399
	cluster: 	6.896414279253805e-05
	separation:	7.306693951613852e-05
	avg separation:	0.005449219412897947
	accu: 		58.8%
	l1: 		29.9578857421875
	p dist pair: 	0.10205259919166565
iteration: 	3
	train
	time: 	15.37364912033081
	total loss: 	1.243745151568406
	cross ent: 	1.2435358523085396
	cluster: 	9.529888534962083e-05
	separation:	0.00011400037451676326
	avg separation:	0.005642209120967891
	accu: 		55.800000000000004%
	l1: 		29.929271697998047
	p dist pair: 	0.10205259919166565
	test
	time: 	9.27828049659729
	total loss: 	1.222162769388633
	cross ent: 	1.2220826147329062
	cluster: 	4.0005965074669804e-05
	separation:	4.0148690652131334e-05
	avg separation:	0.005259906449879054
	accu: 		58.3%
	l1: 		29.929271697998047
	p dist pair: 	0.10205259919166565
iteration: 	4
	train
	time: 	12.443875789642334
	total loss: 	1.2385601543340854
	cross ent: 	1.238350855074219
	cluster: 	9.529888534962083e-05
	separation:	0.00011400037451676326
	avg separation:	0.005642209120967891
	accu: 		56.699999999999996%
	l1: 		29.89897346496582
	p dist pair: 	0.10205259919166565
	test
	time: 	12.116628170013428
	total loss: 	1.2278431540948624
	cross ent: 	1.2276469921534663
	cluster: 	9.743154398893239e-05
	separation:	9.873039740705281e-05
	avg separation:	0.005673642540568835
	accu: 		57.599999999999994%
	l1: 		29.89897346496582
	p dist pair: 	0.10205259919166565
iteration: 	5
	train
	time: 	12.00344705581665
	total loss: 	1.24011863930879
	cross ent: 	1.2399093400489236
	cluster: 	9.529888534962083e-05
	separation:	0.00011400037451676326
	avg separation:	0.005642209120967891
	accu: 		55.900000000000006%
	l1: 		29.86894989013672
	p dist pair: 	0.10205259919166565
	test
	time: 	10.980541944503784
	total loss: 	1.2646048160784449
	cross ent: 	1.2644054150217563
	cluster: 	9.946234336530324e-05
	separation:	9.993871332335402e-05
	avg separation:	0.005630786462745164
	accu: 		55.400000000000006%
	l1: 		29.86894989013672
	p dist pair: 	0.10205259919166565
iteration: 	6
	train
	time: 	11.851716756820679
	total loss: 	1.2392078125692643
	cross ent: 	1.238998513309398
	cluster: 	9.529888534962083e-05
	separation:	0.00011400037451676326
	avg separation:	0.005642209120967891
	accu: 		56.49999999999999%
	l1: 		29.838903427124023
	p dist pair: 	0.10205259919166565
	test
	time: 	12.361488103866577
	total loss: 	1.141945551921126
	cross ent: 	1.1418296089332725
	cluster: 	6.142676867966657e-05
	separation:	5.4516219173819994e-05
	avg separation:	0.005392112998219091
	accu: 		57.099999999999994%
	l1: 		29.838903427124023
	p dist pair: 	0.10205259919166565
iteration: 	7
	train
	time: 	13.398434400558472
	total loss: 	1.2335570022081046
	cross ent: 	1.2333477029482383
	cluster: 	9.529888534962083e-05
	separation:	0.00011400037451676326
	avg separation:	0.005642209120967891
	accu: 		56.3%
	l1: 		29.809635162353516
	p dist pair: 	0.10205259919166565
	test
	time: 	9.870599508285522
	total loss: 	1.3036683584706525
	cross ent: 	1.303427840485675
	cluster: 	0.00011917487955361139
	separation:	0.00012134310542387538
	avg separation:	0.005703978587582242
	accu: 		55.2%
	l1: 		29.809635162353516
	p dist pair: 	0.10205259919166565
iteration: 	8
	train
	time: 	12.585291147232056
	total loss: 	1.2321460257106518
	cross ent: 	1.2319367264507854
	cluster: 	9.529888534962083e-05
	separation:	0.00011400037451676326
	avg separation:	0.005642209120967891
	accu: 		56.00000000000001%
	l1: 		29.779216766357422
	p dist pair: 	0.10205259919166565
	test
	time: 	9.556554079055786
	total loss: 	1.2779752816029248
	cross ent: 	1.277800562587603
	cluster: 	8.978772312912043e-05
	separation:	8.493129219277761e-05
	avg separation:	0.005657529987569433
	accu: 		56.00000000000001%
	l1: 		29.779216766357422
	p dist pair: 	0.10205259919166565
iteration: 	9
	train
	time: 	14.906522512435913
	total loss: 	1.2298091920537062
	cross ent: 	1.2295998927938399
	cluster: 	9.529888534962083e-05
	separation:	0.00011400037451676326
	avg separation:	0.005642209120967891
	accu: 		56.3%
	l1: 		29.74964141845703
	p dist pair: 	0.10205259919166565
	test
	time: 	11.349936485290527
	total loss: 	1.2292382877726558
	cross ent: 	1.2290472416896372
	cluster: 	0.00010009045216065715
	separation:	9.0955630857934e-05
	avg separation:	0.005555928700836375
	accu: 		56.49999999999999%
	l1: 		29.74964141845703
	p dist pair: 	0.10205259919166565
epoch: 	11
	joint
	train
	time: 	33.942365884780884
	total loss: 	0.99740174629397
	cross ent: 	0.8226266123130918
	cluster: 	0.08804962210843587
	separation:	0.08672551187244244
	avg separation:	1.3203262301770737
	accu: 		52.900000000000006%
	l1: 		29.74964141845703
	p dist pair: 	2.1252753734588623
	test
	time: 	9.474713563919067
	total loss: 	0.8276235047318041
	cross ent: 	0.6963241924643516
	cluster: 	0.06571238441020251
	separation:	0.06558692785724997
	avg separation:	1.6213269481658936
	accu: 		50.0%
	l1: 		29.74964141845703
	p dist pair: 	2.1252753734588623
epoch: 	12
	joint
	train
	time: 	37.31733226776123
	total loss: 	0.8973119269264861
	cross ent: 	0.745182176284492
	cluster: 	0.07591255816351622
	separation:	0.07621719247847795
	avg separation:	1.9435905644893645
	accu: 		51.6%
	l1: 		29.74964141845703
	p dist pair: 	2.7523374557495117
	test
	time: 	11.341948747634888
	total loss: 	0.8642997845187783
	cross ent: 	0.696373551607132
	cluster: 	0.08398319635540247
	separation:	0.0839430365562439
	avg separation:	2.2249914457798003
	accu: 		50.0%
	l1: 		29.74964141845703
	p dist pair: 	2.7523374557495117
epoch: 	13
	joint
	train
	time: 	30.075926303863525
	total loss: 	0.856328141964972
	cross ent: 	0.702935812830925
	cluster: 	0.07687916480749846
	separation:	0.07651316432654857
	avg separation:	2.2189177473783492
	accu: 		49.5%
	l1: 		29.74964141845703
	p dist pair: 	2.7601635456085205
	test
	time: 	12.265685081481934
	total loss: 	0.8405571452267468
	cross ent: 	0.693123971760273
	cluster: 	0.07370418422669173
	separation:	0.07372898923978209
	avg separation:	2.222696280121803
	accu: 		50.7%
	l1: 		29.74964141845703
	p dist pair: 	2.7601635456085205
epoch: 	14
	joint
	train
	time: 	40.93303823471069
	total loss: 	0.8231803908646107
	cross ent: 	0.7036878195703029
	cluster: 	0.05964574421755969
	separation:	0.059846827076748016
	avg separation:	2.218455075621605
	accu: 		48.699999999999996%
	l1: 		29.74964141845703
	p dist pair: 	2.7717154026031494
	test
	time: 	11.209686279296875
	total loss: 	0.7912141480483115
	cross ent: 	0.6984051406383515
	cluster: 	0.046427801780402664
	separation:	0.04638120562955737
	avg separation:	2.220052569270134
	accu: 		50.0%
	l1: 		29.74964141845703
	p dist pair: 	2.7717154026031494
epoch: 	15
	joint
	train
	time: 	32.14248323440552
	total loss: 	0.8063624368440361
	cross ent: 	0.7084041007757187
	cluster: 	0.04887730785645544
	separation:	0.049081028211861846
	avg separation:	2.2256347870826723
	accu: 		49.8%
	l1: 		29.74964141845703
	p dist pair: 	2.7875945568084717
	test
	time: 	9.336382150650024
	total loss: 	0.7819794887062161
	cross ent: 	0.6965329694747925
	cluster: 	0.042704203236848114
	separation:	0.04274231599457562
	avg separation:	2.2325132373571397
	accu: 		50.0%
	l1: 		29.74964141845703
	p dist pair: 	2.7875945568084717
	push
	Executing push ...
	push time: 	17.618085384368896
	test
	time: 	14.022555828094482
	total loss: 	6.75165733284927
	cross ent: 	6.751545908059105
	cluster: 	5.8933557509590176e-05
	separation:	5.249123265457456e-05
	avg separation:	0.05384289262569291
	accu: 		50.0%
	l1: 		29.74964141845703
	p dist pair: 	0.09801581501960754
	last layer
iteration: 	0
	train
	time: 	15.625600814819336
	total loss: 	2.8031855681953197
	cross ent: 	2.8031010712469246
	cluster: 	4.0281178156874374e-05
	separation:	4.421577023822465e-05
	avg separation:	0.054549934496259084
	accu: 		53.2%
	l1: 		29.526142120361328
	p dist pair: 	0.09801581501960754
	test
	time: 	9.805394411087036
	total loss: 	0.9258721966172889
	cross ent: 	0.9258177996149316
	cluster: 	2.7779110212577508e-05
	separation:	2.6617892144713552e-05
	avg separation:	0.05453391788884255
	accu: 		53.400000000000006%
	l1: 		29.526142120361328
	p dist pair: 	0.09801581501960754
iteration: 	1
	train
	time: 	12.774165391921997
	total loss: 	0.8676915719588215
	cross ent: 	0.8676070750104263
	cluster: 	4.0281178156874374e-05
	separation:	4.421577023822465e-05
	avg separation:	0.054549934496259084
	accu: 		53.5%
	l1: 		29.514719009399414
	p dist pair: 	0.09801581501960754
	test
	time: 	9.455348253250122
	total loss: 	0.896929419518241
	cross ent: 	0.896873816045525
	cluster: 	2.9271743311255705e-05
	separation:	2.6331729404773796e-05
	avg separation:	0.054206096915735545
	accu: 		52.6%
	l1: 		29.514719009399414
	p dist pair: 	0.09801581501960754
iteration: 	2
	train
	time: 	16.165055751800537
	total loss: 	0.8684680059892054
	cross ent: 	0.8683835090408102
	cluster: 	4.0281178156874374e-05
	separation:	4.421577023822465e-05
	avg separation:	0.054549934496259084
	accu: 		52.900000000000006%
	l1: 		29.501832962036133
	p dist pair: 	0.09801581501960754
	test
	time: 	9.627294540405273
	total loss: 	0.8662453283045943
	cross ent: 	0.8661969106203178
	cluster: 	2.484796742282924e-05
	separation:	2.3569716853671706e-05
	avg separation:	0.054204406371594814
	accu: 		54.7%
	l1: 		29.501832962036133
	p dist pair: 	0.09801581501960754
iteration: 	3
	train
	time: 	11.87244200706482
	total loss: 	0.8674220702890235
	cross ent: 	0.8673375733406283
	cluster: 	4.0281178156874374e-05
	separation:	4.421577023822465e-05
	avg separation:	0.054549934496259084
	accu: 		53.300000000000004%
	l1: 		29.49066925048828
	p dist pair: 	0.09801581501960754
	test
	time: 	11.024559736251831
	total loss: 	0.931829673558379
	cross ent: 	0.9317818017204991
	cluster: 	2.4221269315603422e-05
	separation:	2.3650568564335118e-05
	avg separation:	0.05434911016469596
	accu: 		53.6%
	l1: 		29.49066925048828
	p dist pair: 	0.09801581501960754
iteration: 	4
	train
	time: 	15.18047547340393
	total loss: 	0.8672449828269819
	cross ent: 	0.8671604858785867
	cluster: 	4.0281178156874374e-05
	separation:	4.421577023822465e-05
	avg separation:	0.054549934496259084
	accu: 		52.800000000000004%
	l1: 		29.478801727294922
	p dist pair: 	0.09801581501960754
	test
	time: 	12.564929962158203
	total loss: 	0.942613542877174
	cross ent: 	0.9425695588059607
	cluster: 	2.2372001007170183e-05
	separation:	2.1612070206174393e-05
	avg separation:	0.05439178081518548
	accu: 		51.7%
	l1: 		29.478801727294922
	p dist pair: 	0.09801581501960754
iteration: 	5
	train
	time: 	13.736518144607544
	total loss: 	0.8658591240481401
	cross ent: 	0.865774627099745
	cluster: 	4.0281178156874374e-05
	separation:	4.421577023822465e-05
	avg separation:	0.054549934496259084
	accu: 		53.7%
	l1: 		29.466684341430664
	p dist pair: 	0.09801581501960754
	test
	time: 	9.718180179595947
	total loss: 	0.8983471100718051
	cross ent: 	0.898292677985035
	cluster: 	2.593212083229446e-05
	separation:	2.8499965937953676e-05
	avg separation:	0.05437048114423669
	accu: 		53.900000000000006%
	l1: 		29.466684341430664
	p dist pair: 	0.09801581501960754
iteration: 	6
	train
	time: 	14.329133033752441
	total loss: 	0.8675077596520934
	cross ent: 	0.8674232627036982
	cluster: 	4.0281178156874374e-05
	separation:	4.421577023822465e-05
	avg separation:	0.054549934496259084
	accu: 		52.800000000000004%
	l1: 		29.454814910888672
	p dist pair: 	0.09801581501960754
	test
	time: 	12.707353115081787
	total loss: 	0.9084035332585626
	cross ent: 	0.9083414590253378
	cluster: 	3.218227811521501e-05
	separation:	2.989195510963327e-05
	avg separation:	0.05432246386636871
	accu: 		52.300000000000004%
	l1: 		29.454814910888672
	p dist pair: 	0.09801581501960754
iteration: 	7
	train
	time: 	12.223323345184326
	total loss: 	0.8678722178256068
	cross ent: 	0.8677877208772116
	cluster: 	4.0281178156874374e-05
	separation:	4.421577023822465e-05
	avg separation:	0.054549934496259084
	accu: 		52.5%
	l1: 		29.443012237548828
	p dist pair: 	0.09801581501960754
	test
	time: 	9.83007001876831
	total loss: 	0.8823947068023772
	cross ent: 	0.8823403409644961
	cluster: 	2.6633664110704557e-05
	separation:	2.773217377034598e-05
	avg separation:	0.05420182285064038
	accu: 		54.2%
	l1: 		29.443012237548828
	p dist pair: 	0.09801581501960754
iteration: 	8
	train
	time: 	14.278461694717407
	total loss: 	0.8669853223981264
	cross ent: 	0.8669008254497312
	cluster: 	4.0281178156874374e-05
	separation:	4.421577023822465e-05
	avg separation:	0.054549934496259084
	accu: 		52.400000000000006%
	l1: 		29.430845260620117
	p dist pair: 	0.09801581501960754
	test
	time: 	9.539068460464478
	total loss: 	0.9482401495985432
	cross ent: 	0.9481913779809256
	cluster: 	2.477780773915583e-05
	separation:	2.3993809878447792e-05
	avg separation:	0.05449441691077118
	accu: 		51.7%
	l1: 		29.430845260620117
	p dist pair: 	0.09801581501960754
iteration: 	9
	train
	time: 	14.641412258148193
	total loss: 	0.8651222065840776
	cross ent: 	0.8650377096356824
	cluster: 	4.0281178156874374e-05
	separation:	4.421577023822465e-05
	avg separation:	0.054549934496259084
	accu: 		53.900000000000006%
	l1: 		29.419097900390625
	p dist pair: 	0.09801581501960754
	test
	time: 	9.62019968032837
	total loss: 	0.857864911844852
	cross ent: 	0.8578044670056552
	cluster: 	3.045068323262967e-05
	separation:	2.999415596423205e-05
	avg separation:	0.054110256901789396
	accu: 		55.900000000000006%
	l1: 		29.419097900390625
	p dist pair: 	0.09801581501960754
epoch: 	16
	joint
	train
	time: 	33.98960757255554
	total loss: 	1.4673206940698655
	cross ent: 	1.4382506823195327
	cluster: 	0.014275321324304969
	separation:	0.014794690426027955
	avg separation:	0.09103504549110221
	accu: 		49.4%
	l1: 		29.419097900390625
	p dist pair: 	0.12409230321645737
	test
	time: 	13.92351770401001
	total loss: 	0.7406503435149789
	cross ent: 	0.7041164831221104
	cluster: 	0.018241756990551947
	separation:	0.01829210340231657
	avg separation:	0.10091041344404221
	accu: 		50.0%
	l1: 		29.419097900390625
	p dist pair: 	0.12409230321645737
epoch: 	17
	joint
	train
	time: 	36.966511726379395
	total loss: 	0.8687083226389586
	cross ent: 	0.8212613536955323
	cluster: 	0.023814702121268055
	separation:	0.02363226682215827
	avg separation:	0.11500190592557191
	accu: 		47.8%
	l1: 		29.419097900390625
	p dist pair: 	0.1301802545785904
	test
	time: 	10.648609638214111
	total loss: 	0.7657239349697884
	cross ent: 	0.7145893567800522
	cluster: 	0.025607308892027503
	separation:	0.0255272692977087
	avg separation:	0.12086866107583046
	accu: 		50.2%
	l1: 		29.419097900390625
	p dist pair: 	0.1301802545785904
epoch: 	18
	joint
	train
	time: 	42.86805701255798
	total loss: 	0.752332656444174
	cross ent: 	0.7018892634510994
	cluster: 	0.02522442080158362
	separation:	0.025218972191491048
	avg separation:	0.12365478757768869
	accu: 		50.1%
	l1: 		29.419097900390625
	p dist pair: 	0.13018974661827087
	test
	time: 	9.38388991355896
	total loss: 	0.7466072788126766
	cross ent: 	0.6951695119142532
	cluster: 	0.025705727588385345
	separation:	0.02573203931003809
	avg separation:	0.1256210605353117
	accu: 		49.0%
	l1: 		29.419097900390625
	p dist pair: 	0.13018974661827087
epoch: 	19
	joint
	train
	time: 	42.02020072937012
	total loss: 	0.7473610821190232
	cross ent: 	0.7003277845084667
	cluster: 	0.023506280705332755
	separation:	0.023527016905223717
	avg separation:	0.12316129250079394
	accu: 		50.2%
	l1: 		29.419097900390625
	p dist pair: 	0.13029596209526062
	test
	time: 	9.493487358093262
	total loss: 	0.7458723954396991
	cross ent: 	0.7052600576579571
	cluster: 	0.020310896452516318
	separation:	0.020301441329225782
	avg separation:	0.12082795357331634
	accu: 		50.0%
	l1: 		29.419097900390625
	p dist pair: 	0.13029596209526062
epoch: 	20
	joint
	train
	time: 	33.21559405326843
	total loss: 	0.7433886153643762
	cross ent: 	0.7026741490960121
	cluster: 	0.020409972016503162
	separation:	0.02030449425186089
	avg separation:	0.11852325261384249
	accu: 		49.0%
	l1: 		29.419097900390625
	p dist pair: 	0.13054877519607544
	test
	time: 	12.61751675605774
	total loss: 	0.7412963947005592
	cross ent: 	0.6973750547468662
	cluster: 	0.02195588183723521
	separation:	0.02196545811645774
	avg separation:	0.11772906798496842
	accu: 		51.7%
	l1: 		29.419097900390625
	p dist pair: 	0.13054877519607544
	push
	Executing push ...
	push time: 	16.325604677200317
	test
	time: 	12.225309610366821
	total loss: 	5.3252138569488165
	cross ent: 	5.325106251034154
	cluster: 	5.8996466523240085e-05
	separation:	4.8609448138449806e-05
	avg separation:	0.07577379752788693
	accu: 		50.0%
	l1: 		29.419097900390625
	p dist pair: 	0.12620000541210175
	last layer
iteration: 	0
	train
	time: 	15.23431658744812
	total loss: 	1.8934988979640965
	cross ent: 	1.8934308023337272
	cluster: 	3.3527113915624796e-05
	separation:	3.4568516453873596e-05
	avg separation:	0.0758927317877533
	accu: 		51.2%
	l1: 		29.346389770507812
	p dist pair: 	0.12620000541210175
	test
	time: 	11.412827968597412
	total loss: 	0.9110562698461617
	cross ent: 	0.9109484278447926
	cluster: 	5.972310683137039e-05
	separation:	4.81188945377653e-05
	avg separation:	0.07574703156010947
	accu: 		52.300000000000004%
	l1: 		29.346389770507812
	p dist pair: 	0.12620000541210175
iteration: 	1
	train
	time: 	13.25011682510376
	total loss: 	0.9035364832234191
	cross ent: 	0.9034683875930496
	cluster: 	3.3527113915624796e-05
	separation:	3.4568516453873596e-05
	avg separation:	0.0758927317877533
	accu: 		53.900000000000006%
	l1: 		29.338058471679688
	p dist pair: 	0.12620000541210175
	test
	time: 	9.925098896026611
	total loss: 	0.9545404929104042
	cross ent: 	0.9544451585365459
	cluster: 	4.9424241955421166e-05
	separation:	4.5910131902928696e-05
	avg separation:	0.07570490040502045
	accu: 		50.8%
	l1: 		29.338058471679688
	p dist pair: 	0.12620000541210175
iteration: 	2
	train
	time: 	11.900507926940918
	total loss: 	0.9041604364038066
	cross ent: 	0.9040923407734371
	cluster: 	3.3527113915624796e-05
	separation:	3.4568516453873596e-05
	avg separation:	0.0758927317877533
	accu: 		53.2%
	l1: 		29.328954696655273
	p dist pair: 	0.12620000541210175
	test
	time: 	9.766200065612793
	total loss: 	0.9563172446386089
	cross ent: 	0.9562255427176133
	cluster: 	4.8787579515192194e-05
	separation:	4.291434148035478e-05
	avg separation:	0.07571134377003182
	accu: 		50.1%
	l1: 		29.328954696655273
	p dist pair: 	0.12620000541210175
iteration: 	3
	train
	time: 	12.244620561599731
	total loss: 	0.9002133274472871
	cross ent: 	0.9001452318169176
	cluster: 	3.3527113915624796e-05
	separation:	3.4568516453873596e-05
	avg separation:	0.0758927317877533
	accu: 		53.2%
	l1: 		29.32000160217285
	p dist pair: 	0.12620000541210175
	test
	time: 	11.16356873512268
	total loss: 	0.894057976783617
	cross ent: 	0.8939590792031958
	cluster: 	5.3340342703450003e-05
	separation:	4.555723771773046e-05
	avg separation:	0.07574475078197429
	accu: 		52.6%
	l1: 		29.32000160217285
	p dist pair: 	0.12620000541210175
iteration: 	4
	train
	time: 	12.680983304977417
	total loss: 	0.9035343127379747
	cross ent: 	0.9034662171076052
	cluster: 	3.3527113915624796e-05
	separation:	3.4568516453873596e-05
	avg separation:	0.0758927317877533
	accu: 		53.6%
	l1: 		29.310806274414062
	p dist pair: 	0.12620000541210175
	test
	time: 	9.694206714630127
	total loss: 	0.938833798041629
	cross ent: 	0.938743538076058
	cluster: 	4.5978248195751805e-05
	separation:	4.428171737527009e-05
	avg separation:	0.07570027306542033
	accu: 		50.9%
	l1: 		29.310806274414062
	p dist pair: 	0.12620000541210175
iteration: 	5
	train
	time: 	15.568912506103516
	total loss: 	0.9021665433196904
	cross ent: 	0.9020984476893209
	cluster: 	3.3527113915624796e-05
	separation:	3.4568516453873596e-05
	avg separation:	0.0758927317877533
	accu: 		53.400000000000006%
	l1: 		29.30160903930664
	p dist pair: 	0.12620000541210175
	test
	time: 	12.02692174911499
	total loss: 	0.8900633435969976
	cross ent: 	0.8899694400988519
	cluster: 	5.031925355433487e-05
	separation:	4.358424459132948e-05
	avg separation:	0.07575428316014586
	accu: 		52.1%
	l1: 		29.30160903930664
	p dist pair: 	0.12620000541210175
iteration: 	6
	train
	time: 	12.809211730957031
	total loss: 	0.9014808393138082
	cross ent: 	0.9014127436834387
	cluster: 	3.3527113915624796e-05
	separation:	3.4568516453873596e-05
	avg separation:	0.0758927317877533
	accu: 		52.6%
	l1: 		29.292469024658203
	p dist pair: 	0.12620000541210175
	test
	time: 	9.89488959312439
	total loss: 	0.9209889496115538
	cross ent: 	0.9209001301652752
	cluster: 	4.796376532613067e-05
	separation:	4.0855680952518014e-05
	avg separation:	0.07569482286268613
	accu: 		52.400000000000006%
	l1: 		29.292469024658203
	p dist pair: 	0.12620000541210175
iteration: 	7
	train
	time: 	12.64785385131836
	total loss: 	0.8978635924047412
	cross ent: 	0.8977954967743718
	cluster: 	3.3527113915624796e-05
	separation:	3.4568516453873596e-05
	avg separation:	0.0758927317877533
	accu: 		52.900000000000006%
	l1: 		29.28318977355957
	p dist pair: 	0.12620000541210175
	test
	time: 	9.645213842391968
	total loss: 	0.8993932205056553
	cross ent: 	0.8992869216986
	cluster: 	5.820520182896871e-05
	separation:	4.809360522631323e-05
	avg separation:	0.07573637274920475
	accu: 		51.7%
	l1: 		29.28318977355957
	p dist pair: 	0.12620000541210175
iteration: 	8
	train
	time: 	12.34696364402771
	total loss: 	0.9007964465691329
	cross ent: 	0.9007283509387635
	cluster: 	3.3527113915624796e-05
	separation:	3.4568516453873596e-05
	avg separation:	0.0758927317877533
	accu: 		53.2%
	l1: 		29.273902893066406
	p dist pair: 	0.12620000541210175
	test
	time: 	13.05194902420044
	total loss: 	0.9165146617207938
	cross ent: 	0.9164057904779911
	cluster: 	5.823880950629246e-05
	separation:	5.0632433296414095e-05
	avg separation:	0.07575340432289522
	accu: 		49.6%
	l1: 		29.273902893066406
	p dist pair: 	0.12620000541210175
iteration: 	9
	train
	time: 	15.361577987670898
	total loss: 	0.8992496655046561
	cross ent: 	0.8991815698742867
	cluster: 	3.3527113915624796e-05
	separation:	3.4568516453873596e-05
	avg separation:	0.0758927317877533
	accu: 		54.0%
	l1: 		29.264724731445312
	p dist pair: 	0.12620000541210175
	test
	time: 	9.255472898483276
	total loss: 	0.904483091534039
	cross ent: 	0.9043762186984532
	cluster: 	5.738213848235318e-05
	separation:	4.9490697103465205e-05
	avg separation:	0.07573768644197844
	accu: 		53.0%
	l1: 		29.264724731445312
	p dist pair: 	0.12620000541210175
epoch: 	21
	joint
	train
	time: 	35.29336166381836
	total loss: 	4.042532638197586
	cross ent: 	4.042460293252461
	cluster: 	3.6968422238714996e-05
	separation:	3.537652288650861e-05
	avg separation:	0.08582543637211075
	accu: 		48.699999999999996%
	l1: 		29.264724731445312
	p dist pair: 	0.15669655799865723
	test
	time: 	9.513466835021973
	total loss: 	2.486366335750092
	cross ent: 	2.486366335750092
	cluster: 	0.0
	separation:	0.0
	avg separation:	0.09466602240705947
	accu: 		50.0%
	l1: 		29.264724731445312
	p dist pair: 	0.15669655799865723
epoch: 	22
	joint
	train
	time: 	41.463261127471924
	total loss: 	2.2301683297731714
	cross ent: 	2.2286141756293065
	cluster: 	0.0008483343593652534
	separation:	0.0007058197844999086
	avg separation:	0.09603433718096813
	accu: 		47.9%
	l1: 		29.264724731445312
	p dist pair: 	0.1553632766008377
	test
	time: 	11.166404724121094
	total loss: 	1.0385803577061743
	cross ent: 	1.0385803577061743
	cluster: 	0.0
	separation:	0.0
	avg separation:	0.09200976349875646
	accu: 		50.6%
	l1: 		29.264724731445312
	p dist pair: 	0.1553632766008377
epoch: 	23
	joint
	train
	time: 	44.18253183364868
	total loss: 	0.8644050823170691
	cross ent: 	0.8644050823170691
	cluster: 	0.0
	separation:	0.0
	avg separation:	0.0919735769473507
	accu: 		50.7%
	l1: 		29.264724731445312
	p dist pair: 	0.15531928837299347
	test
	time: 	12.495201110839844
	total loss: 	0.9520439767986536
	cross ent: 	0.9520439767986536
	cluster: 	0.0
	separation:	0.0
	avg separation:	0.09188602509731526
	accu: 		46.7%
	l1: 		29.264724731445312
	p dist pair: 	0.15531928837299347
epoch: 	24
	joint
	train
	time: 	30.703633546829224
	total loss: 	1.0413176109108608
	cross ent: 	1.0413176109108608
	cluster: 	0.0
	separation:	0.0
	avg separation:	0.0925438763880959
	accu: 		49.8%
	l1: 		29.264724731445312
	p dist pair: 	0.15650859475135803
	test
	time: 	9.221126079559326
	total loss: 	2.38244354712381
	cross ent: 	2.38244354712381
	cluster: 	0.0
	separation:	0.0
	avg separation:	0.09339378839076835
	accu: 		49.9%
	l1: 		29.264724731445312
	p dist pair: 	0.15650859475135803
epoch: 	25
	joint
	train
	time: 	42.79959797859192
	total loss: 	1.7906747922361101
	cross ent: 	1.7906747922361101
	cluster: 	0.0
	separation:	0.0
	avg separation:	0.09410376622914578
	accu: 		51.4%
	l1: 		29.264724731445312
	p dist pair: 	0.15869006514549255
	test
	time: 	11.508843898773193
	total loss: 	1.7085047769136728
	cross ent: 	1.7085047769136728
	cluster: 	0.0
	separation:	0.0
	avg separation:	0.09536574859223038
	accu: 		50.0%
	l1: 		29.264724731445312
	p dist pair: 	0.15869006514549255
	push
	Executing push ...
	push time: 	14.683561563491821
	test
	time: 	9.734479665756226
	total loss: 	3.349242262311265
	cross ent: 	3.3492373202602392
	cluster: 	2.4127294527716003e-06
	separation:	2.529321573092602e-06
	avg separation:	0.10576078645833809
	accu: 		50.0%
	l1: 		29.264724731445312
	p dist pair: 	0.18517911434173584
	last layer
iteration: 	0
	train
	time: 	13.494373559951782
	total loss: 	1.175586839827627
	cross ent: 	1.175584853234539
	cluster: 	8.570815734856296e-07
	separation:	1.129511514591286e-06
	avg separation:	0.1065976136534216
	accu: 		49.2%
	l1: 		29.282207489013672
	p dist pair: 	0.18517911434173584
	test
	time: 	9.66110897064209
	total loss: 	0.9955689676935436
	cross ent: 	0.9955666128462181
	cluster: 	1.1230468880967237e-06
	separation:	1.2318004373810255e-06
	avg separation:	0.10589301969716416
	accu: 		51.0%
	l1: 		29.282207489013672
	p dist pair: 	0.18517911434173584
iteration: 	1
	train
	time: 	13.116555213928223
	total loss: 	0.9466843840248402
	cross ent: 	0.9466823974317522
	cluster: 	8.570815734856296e-07
	separation:	1.129511514591286e-06
	avg separation:	0.1065976136534216
	accu: 		49.4%
	l1: 		29.26873207092285
	p dist pair: 	0.18517911434173584
	test
	time: 	11.467132091522217
	total loss: 	1.036689251271433
	cross ent: 	1.0366860397476703
	cluster: 	1.570479515066836e-06
	separation:	1.6410442476626486e-06
	avg separation:	0.10559717429362832
	accu: 		49.3%
	l1: 		29.26873207092285
	p dist pair: 	0.18517911434173584
iteration: 	2
	train
	time: 	15.361421823501587
	total loss: 	0.9479344666512551
	cross ent: 	0.9479324800581671
	cluster: 	8.570815734856296e-07
	separation:	1.129511514591286e-06
	avg separation:	0.1065976136534216
	accu: 		49.9%
	l1: 		29.255094528198242
	p dist pair: 	0.18517911434173584
	test
	time: 	11.337424039840698
	total loss: 	1.0162310431023434
	cross ent: 	1.0162266994953097
	cluster: 	1.8115727871190757e-06
	separation:	2.5320342465420253e-06
	avg separation:	0.10553818906850393
	accu: 		50.1%
	l1: 		29.255094528198242
	p dist pair: 	0.18517911434173584
iteration: 	3
	train
	time: 	12.359487771987915
	total loss: 	0.9479829128533237
	cross ent: 	0.9479809262602357
	cluster: 	8.570815734856296e-07
	separation:	1.129511514591286e-06
	avg separation:	0.1065976136534216
	accu: 		49.5%
	l1: 		29.240970611572266
	p dist pair: 	0.18517911434173584
	test
	time: 	10.609007120132446
	total loss: 	1.0413863471575862
	cross ent: 	1.0413824797548588
	cluster: 	1.6799728873593266e-06
	separation:	2.1874298399779948e-06
	avg separation:	0.10569417065834841
	accu: 		49.3%
	l1: 		29.240970611572266
	p dist pair: 	0.18517911434173584
iteration: 	4
	train
	time: 	14.862478494644165
	total loss: 	0.9442566755251828
	cross ent: 	0.9442546889320947
	cluster: 	8.570815734856296e-07
	separation:	1.129511514591286e-06
	avg separation:	0.1065976136534216
	accu: 		50.4%
	l1: 		29.227357864379883
	p dist pair: 	0.18517911434173584
	test
	time: 	11.439998626708984
	total loss: 	0.9625352694260219
	cross ent: 	0.9625317623089068
	cluster: 	1.6335227483068593e-06
	separation:	1.8735943667707033e-06
	avg separation:	0.10586898863002898
	accu: 		50.8%
	l1: 		29.227357864379883
	p dist pair: 	0.18517911434173584
iteration: 	5
	train
	time: 	11.971970558166504
	total loss: 	0.9471063201665747
	cross ent: 	0.9471043335734867
	cluster: 	8.570815734856296e-07
	separation:	1.129511514591286e-06
	avg separation:	0.1065976136534216
	accu: 		49.7%
	l1: 		29.213594436645508
	p dist pair: 	0.18517911434173584
	test
	time: 	9.631818771362305
	total loss: 	0.9980173424878812
	cross ent: 	0.9980138651221059
	cluster: 	1.925469849084038e-06
	separation:	1.5518959262408315e-06
	avg separation:	0.10532874673802803
	accu: 		51.4%
	l1: 		29.213594436645508
	p dist pair: 	0.18517911434173584
iteration: 	6
	train
	time: 	15.93751335144043
	total loss: 	0.940480547923209
	cross ent: 	0.940478561330121
	cluster: 	8.570815734856296e-07
	separation:	1.129511514591286e-06
	avg separation:	0.1065976136534216
	accu: 		51.800000000000004%
	l1: 		29.19986343383789
	p dist pair: 	0.18517911434173584
	test
	time: 	9.929840803146362
	total loss: 	0.9243809100710824
	cross ent: 	0.9243785210158676
	cluster: 	9.770557298907078e-07
	separation:	1.411999484844273e-06
	avg separation:	0.10575301076740516
	accu: 		51.300000000000004%
	l1: 		29.19986343383789
	p dist pair: 	0.18517911434173584
iteration: 	7
	train
	time: 	12.223839282989502
	total loss: 	0.9419021735153728
	cross ent: 	0.9419001869222847
	cluster: 	8.570815734856296e-07
	separation:	1.129511514591286e-06
	avg separation:	0.1065976136534216
	accu: 		49.8%
	l1: 		29.186107635498047
	p dist pair: 	0.18517911434173584
	test
	time: 	9.787926435470581
	total loss: 	0.9914821670383644
	cross ent: 	0.9914791409276077
	cluster: 	1.258187367056962e-06
	separation:	1.7679233897069935e-06
	avg separation:	0.10582676003971482
	accu: 		51.6%
	l1: 		29.186107635498047
	p dist pair: 	0.18517911434173584
iteration: 	8
	train
	time: 	11.890389680862427
	total loss: 	0.9451728832785956
	cross ent: 	0.9451708966855076
	cluster: 	8.570815734856296e-07
	separation:	1.129511514591286e-06
	avg separation:	0.1065976136534216
	accu: 		50.2%
	l1: 		29.17237091064453
	p dist pair: 	0.18517911434173584
	test
	time: 	9.834995746612549
	total loss: 	0.9989294905363749
	cross ent: 	0.99892521967832
	cluster: 	1.779390611773124e-06
	separation:	2.491467443178408e-06
	avg separation:	0.10575496262045908
	accu: 		51.4%
	l1: 		29.17237091064453
	p dist pair: 	0.18517911434173584
iteration: 	9
	train
	time: 	11.821584463119507
	total loss: 	0.945094511023628
	cross ent: 	0.9450925244305399
	cluster: 	8.570815734856296e-07
	separation:	1.129511514591286e-06
	avg separation:	0.1065976136534216
	accu: 		49.7%
	l1: 		29.15873146057129
	p dist pair: 	0.18517911434173584
	test
	time: 	11.062633037567139
	total loss: 	0.9547094960856667
	cross ent: 	0.9547064989511855
	cluster: 	1.1591747752390803e-06
	separation:	1.837959705881076e-06
	avg separation:	0.10573391506234975
	accu: 		52.1%
	l1: 		29.15873146057129
	p dist pair: 	0.18517911434173584
epoch: 	26
	joint
	train
	time: 	43.374608755111694
	total loss: 	1.0080625662664389
	cross ent: 	1.0080622380329296
	cluster: 	1.0850694525288418e-07
	separation:	2.1972656395519153e-07
	avg separation:	0.1032793681987696
	accu: 		50.3%
	l1: 		29.15873146057129
	p dist pair: 	0.18555662035942078
	test
	time: 	10.696382999420166
	total loss: 	0.880176811221987
	cross ent: 	0.880176811221987
	cluster: 	0.0
	separation:	0.0
	avg separation:	0.09024310304848768
	accu: 		48.5%
	l1: 		29.15873146057129
	p dist pair: 	0.18555662035942078
epoch: 	27
	joint
	train
	time: 	30.950412273406982
	total loss: 	0.7798609169013798
	cross ent: 	0.7798609169013798
	cluster: 	0.0
	separation:	0.0
	avg separation:	0.09015502353233387
	accu: 		49.6%
	l1: 		29.15873146057129
	p dist pair: 	0.1856379508972168
	test
	time: 	9.428593873977661
	total loss: 	0.9375177514986135
	cross ent: 	0.9375177514986135
	cluster: 	0.0
	separation:	0.0
	avg separation:	0.0865322582515837
	accu: 		49.7%
	l1: 		29.15873146057129
	p dist pair: 	0.1856379508972168
epoch: 	28
	joint
	train
	time: 	41.987460136413574
	total loss: 	0.8167489113099873
	cross ent: 	0.8167489113099873
	cluster: 	0.0
	separation:	0.0
	avg separation:	0.0913781596590079
	accu: 		50.3%
	l1: 		29.15873146057129
	p dist pair: 	0.18560872972011566
	test
	time: 	9.548084497451782
	total loss: 	0.9128764177076518
	cross ent: 	0.9128764177076518
	cluster: 	0.0
	separation:	0.0
	avg separation:	0.08918248172096674
	accu: 		49.1%
	l1: 		29.15873146057129
	p dist pair: 	0.18560872972011566
epoch: 	29
	joint
	train
	time: 	36.10332226753235
	total loss: 	0.8425416909532832
	cross ent: 	0.8425416366998106
	cluster: 	0.0
	separation:	5.425347262644209e-08
	avg separation:	0.09265899606444122
	accu: 		50.5%
	l1: 		29.15873146057129
	p dist pair: 	0.18557196855545044
	test
	time: 	9.763762950897217
	total loss: 	0.9949355701580643
	cross ent: 	0.9949355701580643
	cluster: 	0.0
	separation:	0.0
	avg separation:	0.09094863654458095
	accu: 		50.4%
	l1: 		29.15873146057129
	p dist pair: 	0.18557196855545044
epoch: 	30
	joint
	train
	time: 	32.96981167793274
	total loss: 	1.0004424840323627
	cross ent: 	1.0004424840323627
	cluster: 	0.0
	separation:	0.0
	avg separation:	0.094565091859537
	accu: 		50.4%
	l1: 		29.15873146057129
	p dist pair: 	0.18549329042434692
	test
	time: 	10.993171453475952
	total loss: 	1.1818506550599122
	cross ent: 	1.1818506550599122
	cluster: 	0.0
	separation:	0.0
	avg separation:	0.09260843754590133
	accu: 		50.1%
	l1: 		29.15873146057129
	p dist pair: 	0.18549329042434692
	push
	Executing push ...
	push time: 	10.837799549102783
	test
	time: 	10.479535579681396
	total loss: 	0.7982116777150513
	cross ent: 	0.7981940054565202
	cluster: 	7.44887851033127e-06
	separation:	1.0223380020761397e-05
	avg separation:	0.09446142972168445
	accu: 		51.6%
	l1: 		29.15873146057129
	p dist pair: 	0.16159427165985107
	last layer
iteration: 	0
	train
	time: 	12.081995010375977
	total loss: 	0.8361586116875733
	cross ent: 	0.8361394218290225
	cluster: 	1.0159755478525767e-05
	separation:	9.03010307229124e-06
	avg separation:	0.09528550570424159
	accu: 		50.5%
	l1: 		29.15334701538086
	p dist pair: 	0.16159427165985107
	test
	time: 	9.542067766189575
	total loss: 	0.8408558349913765
	cross ent: 	0.8408331957040355
	cluster: 	1.1421571471146308e-05
	separation:	1.1217715869861422e-05
	avg separation:	0.09456233355932067
	accu: 		51.300000000000004%
	l1: 		29.15334701538086
	p dist pair: 	0.16159427165985107
iteration: 	1
	train
	time: 	12.45434308052063
	total loss: 	0.8340789996718269
	cross ent: 	0.834059809813276
	cluster: 	1.0159755478525767e-05
	separation:	9.03010307229124e-06
	avg separation:	0.09528550570424159
	accu: 		51.7%
	l1: 		29.14760971069336
	p dist pair: 	0.16159427165985107
	test
	time: 	9.106427669525146
	total loss: 	0.8349801347432914
	cross ent: 	0.8349597701560706
	cluster: 	1.0427464694657828e-05
	separation:	9.937122526025633e-06
	avg separation:	0.09476606327693958
	accu: 		51.4%
	l1: 		29.14760971069336
	p dist pair: 	0.16159427165985107
iteration: 	2
	train
	time: 	11.188048362731934
	total loss: 	0.8344679980508264
	cross ent: 	0.8344488081922755
	cluster: 	1.0159755478525767e-05
	separation:	9.03010307229124e-06
	avg separation:	0.09528550570424159
	accu: 		48.699999999999996%
	l1: 		29.14181900024414
	p dist pair: 	0.16159427165985107
	test
	time: 	9.116462230682373
	total loss: 	0.7978531087431148
	cross ent: 	0.7978319170018658
	cluster: 	8.65480289212428e-06
	separation:	1.2536938356788596e-05
	avg separation:	0.09442562094740106
	accu: 		52.7%
	l1: 		29.14181900024414
	p dist pair: 	0.16159427165985107
iteration: 	3
	train
	time: 	11.597382068634033
	total loss: 	0.8336079613787334
	cross ent: 	0.8335887715201825
	cluster: 	1.0159755478525767e-05
	separation:	9.03010307229124e-06
	avg separation:	0.09528550570424159
	accu: 		49.0%
	l1: 		29.135974884033203
	p dist pair: 	0.16159427165985107
	test
	time: 	9.696318626403809
	total loss: 	0.8465102856992962
	cross ent: 	0.8464876495474019
	cluster: 	1.1336809224303578e-05
	separation:	1.1299342670099578e-05
	avg separation:	0.09451108398428937
	accu: 		50.8%
	l1: 		29.135974884033203
	p dist pair: 	0.16159427165985107
iteration: 	4
	train
	time: 	12.063597440719604
	total loss: 	0.831473116952202
	cross ent: 	0.8314539270936512
	cluster: 	1.0159755478525767e-05
	separation:	9.03010307229124e-06
	avg separation:	0.09528550570424159
	accu: 		50.0%
	l1: 		29.130130767822266
	p dist pair: 	0.16159427165985107
	test
	time: 	9.115747213363647
	total loss: 	0.8149365737234803
	cross ent: 	0.8149140724653844
	cluster: 	1.050731241775793e-05
	separation:	1.199394567811396e-05
	avg separation:	0.09489273854278349
	accu: 		52.7%
	l1: 		29.130130767822266
	p dist pair: 	0.16159427165985107
iteration: 	5
	train
	time: 	11.663200616836548
	total loss: 	0.8321393975910942
	cross ent: 	0.8321202077325434
	cluster: 	1.0159755478525767e-05
	separation:	9.03010307229124e-06
	avg separation:	0.09528550570424159
	accu: 		49.5%
	l1: 		29.124292373657227
	p dist pair: 	0.16159427165985107
	test
	time: 	9.808606386184692
	total loss: 	0.8386762129253729
	cross ent: 	0.8386557608984876
	cluster: 	1.008938450468122e-05
	separation:	1.0362642380641773e-05
	avg separation:	0.09444723897378367
	accu: 		51.7%
	l1: 		29.124292373657227
	p dist pair: 	0.16159427165985107
iteration: 	6
	train
	time: 	14.911327838897705
	total loss: 	0.834060042408968
	cross ent: 	0.8340408525504172
	cluster: 	1.0159755478525767e-05
	separation:	9.03010307229124e-06
	avg separation:	0.09528550570424159
	accu: 		48.9%
	l1: 		29.118450164794922
	p dist pair: 	0.16159427165985107
	test
	time: 	9.44590950012207
	total loss: 	0.8019559179092285
	cross ent: 	0.8019379892149009
	cluster: 	8.69225188944256e-06
	separation:	9.236442438123049e-06
	avg separation:	0.09459536562733364
	accu: 		52.0%
	l1: 		29.118450164794922
	p dist pair: 	0.16159427165985107
iteration: 	7
	train
	time: 	15.597640991210938
	total loss: 	0.8324814574310767
	cross ent: 	0.8324622675725258
	cluster: 	1.0159755478525767e-05
	separation:	9.03010307229124e-06
	avg separation:	0.09528550570424159
	accu: 		50.3%
	l1: 		29.11266326904297
	p dist pair: 	0.16159427165985107
	test
	time: 	9.497780799865723
	total loss: 	0.8193073039041774
	cross ent: 	0.819286811962258
	cluster: 	1.0100710791448364e-05
	separation:	1.0391231127869105e-05
	avg separation:	0.09475959989159127
	accu: 		51.1%
	l1: 		29.11266326904297
	p dist pair: 	0.16159427165985107
iteration: 	8
	train
	time: 	12.261325120925903
	total loss: 	0.8338819777287755
	cross ent: 	0.8338627878702246
	cluster: 	1.0159755478525767e-05
	separation:	9.03010307229124e-06
	avg separation:	0.09528550570424159
	accu: 		49.2%
	l1: 		29.106708526611328
	p dist pair: 	0.16159427165985107
	test
	time: 	10.315586566925049
	total loss: 	0.8175608203280682
	cross ent: 	0.8175417880511378
	cluster: 	8.989412959635956e-06
	separation:	1.0042863970738835e-05
	avg separation:	0.09454793178650402
	accu: 		50.8%
	l1: 		29.106708526611328
	p dist pair: 	0.16159427165985107
iteration: 	9
	train
	time: 	11.548513889312744
	total loss: 	0.8330147664115976
	cross ent: 	0.8329955765530467
	cluster: 	1.0159755478525767e-05
	separation:	9.03010307229124e-06
	avg separation:	0.09528550570424159
	accu: 		50.0%
	l1: 		29.10082244873047
	p dist pair: 	0.16159427165985107
	test
	time: 	9.677966356277466
	total loss: 	0.8217147206906084
	cross ent: 	0.8216911215924192
	cluster: 	1.1165259049448651e-05
	separation:	1.2433839139703195e-05
	avg separation:	0.09427030043374635
	accu: 		52.0%
	l1: 		29.10082244873047
	p dist pair: 	0.16159427165985107
epoch: 	31
	joint
	train
	time: 	32.61398959159851
	total loss: 	0.8899508195035305
	cross ent: 	0.8899397817049175
	cluster: 	6.099076788814273e-06
	separation:	4.938721824146341e-06
	avg separation:	0.09533913003311068
	accu: 		52.5%
	l1: 		29.10082244873047
	p dist pair: 	0.16157908737659454
	test
	time: 	10.576303243637085
	total loss: 	0.8322533138782964
	cross ent: 	0.832247159561608
	cluster: 	2.120447672496084e-06
	separation:	4.0338690159842374e-06
	avg separation:	0.09458281475214676
	accu: 		52.0%
	l1: 		29.10082244873047
	p dist pair: 	0.16157908737659454
epoch: 	32
	joint
	train
	time: 	34.26710557937622
	total loss: 	0.8961071496738768
	cross ent: 	0.8961017038582358
	cluster: 	1.972730246052379e-06
	separation:	3.4730853949440644e-06
	avg separation:	0.09529271278522629
	accu: 		48.699999999999996%
	l1: 		29.10082244873047
	p dist pair: 	0.16156373918056488
	test
	time: 	12.423076152801514
	total loss: 	0.8389924900042425
	cross ent: 	0.8389849410033785
	cluster: 	3.5479305370245128e-06
	separation:	4.001070326921763e-06
	avg separation:	0.09425674009993781
	accu: 		53.6%
	l1: 		29.10082244873047
	p dist pair: 	0.16156373918056488
epoch: 	33
	joint
	train
	time: 	32.05647563934326
	total loss: 	1.0316071631047818
	cross ent: 	1.0315957419031803
	cluster: 	5.732760178943863e-06
	separation:	5.6884414225351064e-06
	avg separation:	0.09524236122307365
	accu: 		50.3%
	l1: 		29.10082244873047
	p dist pair: 	0.16156373918056488
	test
	time: 	9.34158444404602
	total loss: 	0.8732158188985268
	cross ent: 	0.8732083292065654
	cluster: 	3.348672318679746e-06
	separation:	4.1410196427023035e-06
	avg separation:	0.09426951476326621
	accu: 		53.800000000000004%
	l1: 		29.10082244873047
	p dist pair: 	0.16156373918056488
epoch: 	34
	joint
	train
	time: 	33.92193245887756
	total loss: 	1.0780528421521594
	cross ent: 	1.0780379253711143
	cluster: 	6.92547345533967e-06
	separation:	7.991307589691133e-06
	avg separation:	0.09522817569798303
	accu: 		51.4%
	l1: 		29.10082244873047
	p dist pair: 	0.16156373918056488
	test
	time: 	9.8877592086792
	total loss: 	0.8875032144411635
	cross ent: 	0.8874929113367107
	cluster: 	3.6459566945268305e-06
	separation:	6.657147758232895e-06
	avg separation:	0.0939269088913993
	accu: 		52.7%
	l1: 		29.10082244873047
	p dist pair: 	0.16156373918056488
epoch: 	35
	joint
	train
	time: 	32.48532032966614
	total loss: 	1.128503024569276
	cross ent: 	1.128486966069686
	cluster: 	6.8851180149067656e-06
	separation:	9.173381575237727e-06
	avg separation:	0.0952014180045337
	accu: 		50.0%
	l1: 		29.10082244873047
	p dist pair: 	0.16156373918056488
	test
	time: 	9.411113739013672
	total loss: 	0.9579177906446021
	cross ent: 	0.9579035549031687
	cluster: 	5.032996032241499e-06
	separation:	9.202745401125866e-06
	avg separation:	0.09410414736015696
	accu: 		52.6%
	l1: 		29.10082244873047
	p dist pair: 	0.16156373918056488
	push
	Executing push ...
	push time: 	10.359838247299194
	test
	time: 	9.877327680587769
	total loss: 	0.7252476245971193
	cross ent: 	0.7252416560105048
	cluster: 	2.333392541913781e-06
	separation:	3.6351940725580787e-06
	avg separation:	0.09753577376960698
	accu: 		53.1%
	l1: 		29.10082244873047
	p dist pair: 	0.17472881078720093
	last layer
iteration: 	0
	train
	time: 	12.131237030029297
	total loss: 	0.7541836721497821
	cross ent: 	0.754176641269587
	cluster: 	2.7068783892900683e-06
	separation:	4.324001805798617e-06
	avg separation:	0.09973739265380982
	accu: 		52.6%
	l1: 		29.097461700439453
	p dist pair: 	0.17472881078720093
	test
	time: 	9.235137224197388
	total loss: 	0.743076495515612
	cross ent: 	0.7430709767043591
	cluster: 	2.4670533821335993e-06
	separation:	3.051757870707661e-06
	avg separation:	0.09757518229825292
	accu: 		52.900000000000006%
	l1: 		29.097461700439453
	p dist pair: 	0.17472881078720093
iteration: 	1
	train
	time: 	13.400388240814209
	total loss: 	0.7544557416347089
	cross ent: 	0.7544487107545137
	cluster: 	2.7068783892900683e-06
	separation:	4.324001805798617e-06
	avg separation:	0.09973739265380982
	accu: 		52.5%
	l1: 		29.09412384033203
	p dist pair: 	0.17472881078720093
	test
	time: 	9.593730449676514
	total loss: 	0.731838684671482
	cross ent: 	0.7318338212175295
	cluster: 	2.425993367069168e-06
	separation:	2.4374605854973197e-06
	avg separation:	0.09813054349871778
	accu: 		52.1%
	l1: 		29.09412384033203
	p dist pair: 	0.17472881078720093
iteration: 	2
	train
	time: 	11.651399612426758
	total loss: 	0.7560414783541347
	cross ent: 	0.7560344474739396
	cluster: 	2.7068783892900683e-06
	separation:	4.324001805798617e-06
	avg separation:	0.09973739265380982
	accu: 		50.6%
	l1: 		29.09096336364746
	p dist pair: 	0.17472881078720093
	test
	time: 	9.368762016296387
	total loss: 	0.7434644116641392
	cross ent: 	0.7434588802759535
	cluster: 	2.7586658106883987e-06
	separation:	2.7727223750844133e-06
	avg separation:	0.09889862632044241
	accu: 		52.5%
	l1: 		29.09096336364746
	p dist pair: 	0.17472881078720093
iteration: 	3
	train
	time: 	11.81219482421875
	total loss: 	0.7548279589047889
	cross ent: 	0.7548209280245938
	cluster: 	2.7068783892900683e-06
	separation:	4.324001805798617e-06
	avg separation:	0.09973739265380982
	accu: 		51.6%
	l1: 		29.087568283081055
	p dist pair: 	0.17472881078720093
	test
	time: 	9.096846342086792
	total loss: 	0.7417771376091661
	cross ent: 	0.7417705100541935
	cluster: 	2.948183064290788e-06
	separation:	3.679371908219764e-06
	avg separation:	0.09838168541993628
	accu: 		52.5%
	l1: 		29.087568283081055
	p dist pair: 	0.17472881078720093
iteration: 	4
	train
	time: 	11.991705894470215
	total loss: 	0.7558035016070354
	cross ent: 	0.7557964707268402
	cluster: 	2.7068783892900683e-06
	separation:	4.324001805798617e-06
	avg separation:	0.09973739265380982
	accu: 		50.0%
	l1: 		29.084247589111328
	p dist pair: 	0.17472881078720093
	test
	time: 	9.360713720321655
	total loss: 	0.7444414842965744
	cross ent: 	0.7444349064328708
	cluster: 	2.883572098653531e-06
	separation:	3.6942916049156337e-06
	avg separation:	0.09813199368797564
	accu: 		52.6%
	l1: 		29.084247589111328
	p dist pair: 	0.17472881078720093
iteration: 	5
	train
	time: 	15.66237497329712
	total loss: 	0.7564661674929085
	cross ent: 	0.7564591366127134
	cluster: 	2.7068783892900683e-06
	separation:	4.324001805798617e-06
	avg separation:	0.09973739265380982
	accu: 		50.8%
	l1: 		29.08089256286621
	p dist pair: 	0.17472881078720093
	test
	time: 	9.18966269493103
	total loss: 	0.7357578686312846
	cross ent: 	0.7357525492720306
	cluster: 	2.28511047680513e-06
	separation:	3.034248777112225e-06
	avg separation:	0.09837374627651911
	accu: 		55.300000000000004%
	l1: 		29.08089256286621
	p dist pair: 	0.17472881078720093
iteration: 	6
	train
	time: 	11.155210256576538
	total loss: 	0.7551481876062462
	cross ent: 	0.7551411567260511
	cluster: 	2.7068783892900683e-06
	separation:	4.324001805798617e-06
	avg separation:	0.09973739265380982
	accu: 		51.4%
	l1: 		29.077552795410156
	p dist pair: 	0.17472881078720093
	test
	time: 	9.26376461982727
	total loss: 	0.7681448291809938
	cross ent: 	0.7681363962888718
	cluster: 	4.386076234368375e-06
	separation:	4.046815887704724e-06
	avg separation:	0.09810437640716986
	accu: 		53.300000000000004%
	l1: 		29.077552795410156
	p dist pair: 	0.17472881078720093
iteration: 	7
	train
	time: 	11.734352827072144
	total loss: 	0.7544250363592292
	cross ent: 	0.754418005479034
	cluster: 	2.7068783892900683e-06
	separation:	4.324001805798617e-06
	avg separation:	0.09973739265380982
	accu: 		52.300000000000004%
	l1: 		29.07440757751465
	p dist pair: 	0.17472881078720093
	test
	time: 	11.688071012496948
	total loss: 	0.7515735523630356
	cross ent: 	0.7515669870004058
	cluster: 	3.1568881895509547e-06
	separation:	3.4084744402207432e-06
	avg separation:	0.09844621081333026
	accu: 		53.2%
	l1: 		29.07440757751465
	p dist pair: 	0.17472881078720093
iteration: 	8
	train
	time: 	12.12561321258545
	total loss: 	0.7548495381117101
	cross ent: 	0.7548425072315149
	cluster: 	2.7068783892900683e-06
	separation:	4.324001805798617e-06
	avg separation:	0.09973739265380982
	accu: 		51.5%
	l1: 		29.07103729248047
	p dist pair: 	0.17472881078720093
	test
	time: 	9.391911268234253
	total loss: 	0.7660689271185547
	cross ent: 	0.7660595355252735
	cluster: 	4.719083372037858e-06
	separation:	4.6725099091418086e-06
	avg separation:	0.09795661317548002
	accu: 		53.0%
	l1: 		29.07103729248047
	p dist pair: 	0.17472881078720093
iteration: 	9
	train
	time: 	11.96244478225708
	total loss: 	0.7549264296108159
	cross ent: 	0.7549193987306207
	cluster: 	2.7068783892900683e-06
	separation:	4.324001805798617e-06
	avg separation:	0.09973739265380982
	accu: 		52.1%
	l1: 		29.067678451538086
	p dist pair: 	0.17472881078720093
	test
	time: 	9.215570449829102
	total loss: 	0.7551751500031205
	cross ent: 	0.7551682615382597
	cluster: 	3.204284112143796e-06
	separation:	3.6841807486780455e-06
	avg separation:	0.09807704441586247
	accu: 		51.0%
	l1: 		29.067678451538086
	p dist pair: 	0.17472881078720093
