training set size: 140
push set size: 140
test set size: 30
batch size: 1
start training
training set size: 140
push set size: 140
test set size: 30
batch size: 1
start training
epoch: 	0
	warm
	train
	time: 	39.081502199172974
	total loss: 	102.70356402034393
	cross ent: 	1.3968739745784595
	cluster: 	50.278136074543
	separation:	51.02855397122247
	avg separation:	140.719994190761
	accu: 		52.142857142857146%
	l1: 		30.0
	p dist pair: 	237.20677185058594
	test
	time: 	14.254388809204102
	total loss: 	4.687710482999682
	cross ent: 	0.36364531827469665
	cluster: 	1.9839474360148113
	separation:	2.3401177287101746
	avg separation:	121.88207295735677
	accu: 		63.33333333333333%
	l1: 		30.0
	p dist pair: 	237.20677185058594
epoch: 	1
	warm
	train
	time: 	40.212698459625244
	total loss: 	nan
	cross ent: 	nan
	cluster: 	nan
	separation:	nan
	avg separation:	nan
	accu: 		42.857142857142854%
	l1: 		30.0
	p dist pair: 	nan
	test
training set size: 140
push set size: 140
test set size: 30
batch size: 1
start training
epoch: 	0
	warm
	train
	time: 	31.992331981658936
	total loss: 	89.76736338468535
	cross ent: 	0.08735252608145987
	cluster: 	44.61417469637735
	separation:	45.06583616222654
	avg separation:	171.17113146100726
	accu: 		48.57142857142857%
	l1: 		30.0
	p dist pair: 	311.8481750488281
	test
	time: 	12.757312774658203
	total loss: 	8.266947321345409
	cross ent: 	0.08551488344868025
	cluster: 	4.008335590362549
	separation:	4.17309684753418
	avg separation:	166.91164805094402
	accu: 		46.666666666666664%
	l1: 		30.0
	p dist pair: 	311.8481750488281
epoch: 	1
	warm
	train
	time: 	35.21378803253174
	total loss: 	5.401976145484618
	cross ent: 	0.08035196268132755
	cluster: 	2.5207406980650764
	separation:	2.800883484738214
	avg separation:	180.78032422746932
	accu: 		70.0%
	l1: 		30.0
	p dist pair: 	335.10491943359375
	test
	time: 	12.555344820022583
	total loss: 	4.143459028750659
	cross ent: 	0.08721204474568367
	cluster: 	2.0191479166348776
	separation:	2.037099067370097
	avg separation:	175.85555826822917
	accu: 		46.666666666666664%
	l1: 		30.0
	p dist pair: 	335.10491943359375
epoch: 	2
	warm
	train
	time: 	34.94072508811951
	total loss: 	3.7174790634374535
	cross ent: 	0.07707781459071807
	cluster: 	1.7033880944762911
	separation:	1.937013154370444
	avg separation:	187.0830023629325
	accu: 		72.85714285714285%
	l1: 		30.0
	p dist pair: 	351.6386413574219
	test
	time: 	12.872560024261475
	total loss: 	3.5054632660001515
	cross ent: 	0.09447132709125677
	cluster: 	1.7330013593037923
	separation:	1.6779905796051025
	avg separation:	179.1483932495117
	accu: 		36.666666666666664%
	l1: 		30.0
	p dist pair: 	351.6386413574219
epoch: 	3
	joint
	train
	time: 	37.35056805610657
	total loss: 	19.97861007678449
	cross ent: 	0.12516354218917383
	cluster: 	10.0062322492046
	separation:	9.847214285390718
	avg separation:	191.65999080113002
	accu: 		56.42857142857143%
	l1: 		30.0
	p dist pair: 	349.9794006347656
	test
	time: 	12.798469305038452
	total loss: 	1.733941439197709
	cross ent: 	0.2785260621768733
	cluster: 	0.8142348051071167
	separation:	0.6411805719137191
	avg separation:	176.6086222330729
	accu: 		36.666666666666664%
	l1: 		30.0
	p dist pair: 	349.9794006347656
epoch: 	4
	joint
	train
	time: 	38.409300565719604
	total loss: 	2.5244770320514744
	cross ent: 	0.16708801908783033
	cluster: 	1.0972306847838418
	separation:	1.2601583281798021
	avg separation:	197.35507120404924
	accu: 		54.285714285714285%
	l1: 		30.0
	p dist pair: 	360.46563720703125
	test
	time: 	13.577945470809937
	total loss: 	1.9426488413165013
	cross ent: 	0.07920974629620711
	cluster: 	0.8652202546596527
	separation:	0.9982188403606415
	avg separation:	175.62674891153972
	accu: 		63.33333333333333%
	l1: 		30.0
	p dist pair: 	360.46563720703125
epoch: 	5
	joint
	train
	time: 	39.52747201919556
	total loss: 	1.8097148581748375
	cross ent: 	0.18909738672576037
	cluster: 	0.8125927252694964
	separation:	0.8080247461795806
	avg separation:	208.50522842407227
	accu: 		53.57142857142857%
	l1: 		30.0
	p dist pair: 	371.32977294921875
	test
	time: 	13.50714373588562
	total loss: 	0.5382757633924484
	cross ent: 	0.11199860672156016
	cluster: 	0.21497449378172556
	separation:	0.2113026628891627
	avg separation:	165.41747487386067
	accu: 		36.666666666666664%
	l1: 		30.0
	p dist pair: 	371.32977294921875
epoch: 	6
	joint
	train
training set size: 140
push set size: 140
test set size: 30
batch size: 1
start training
epoch: 	0
	warm
	train
	time: 	44.43931722640991
	total loss: 	111.73395805007645
	cross ent: 	0.0867616345839841
	cluster: 	55.9008615391595
	separation:	55.746334876332966
	avg separation:	169.56654194423132
	accu: 		55.00000000000001%
	l1: 		30.0
	p dist pair: 	302.24749755859375
	test
	time: 	14.988430261611938
	total loss: 	23.167077538122733
	cross ent: 	0.09399242078264554
	cluster: 	12.859978246688843
	separation:	10.213106870651245
	avg separation:	166.81434478759766
	accu: 		36.666666666666664%
	l1: 		30.0
	p dist pair: 	302.24749755859375
epoch: 	1
	warm
	train
	time: 	37.775596141815186
	total loss: 	10.617440580110998
	cross ent: 	0.09228653360956482
	cluster: 	4.841966760158539
	separation:	5.683187286342894
	avg separation:	166.04672535487583
	accu: 		53.57142857142857%
	l1: 		30.0
	p dist pair: 	292.5942687988281
	test
	time: 	15.525347709655762
	total loss: 	3.65092294216156
	cross ent: 	0.08947941064834594
	cluster: 	1.8039456645647685
	separation:	1.7574978669484456
	avg separation:	162.6629430135091
	accu: 		36.666666666666664%
	l1: 		30.0
	p dist pair: 	292.5942687988281
epoch: 	2
	warm
	train
	time: 	41.479198932647705
	total loss: 	2.3307787036789316
	cross ent: 	0.09018312389297145
	cluster: 	1.1120586740119116
	separation:	1.1285369057740484
	avg separation:	156.58179125104633
	accu: 		55.714285714285715%
	l1: 		30.0
	p dist pair: 	289.2261047363281
	test
	time: 	14.935329675674438
	total loss: 	1.7996339788039526
	cross ent: 	0.08618358274300893
	cluster: 	0.8543140908082326
	separation:	0.859136305252711
	avg separation:	163.2346445719401
	accu: 		53.333333333333336%
	l1: 		30.0
	p dist pair: 	289.2261047363281
epoch: 	3
	joint
	train
	time: 	44.48464822769165
	total loss: 	3.7820362569115655
	cross ent: 	0.13355394534134704
	cluster: 	1.8354725684704525
	separation:	1.813009743099766
	avg separation:	162.52800794328962
	accu: 		51.42857142857142%
	l1: 		30.0
	p dist pair: 	289.0509948730469
	test
	time: 	14.831891298294067
	total loss: 	0.22011568645636242
	cross ent: 	0.08529230865339438
	cluster: 	0.06705152230958143
	separation:	0.06777185549338659
	avg separation:	160.95226287841797
	accu: 		63.33333333333333%
	l1: 		30.0
	p dist pair: 	289.0509948730469
epoch: 	4
	joint
	train
	time: 	43.176987171173096
	total loss: 	0.7130713200055263
	cross ent: 	0.14351549894864937
	cluster: 	0.2805094965866634
	separation:	0.2890463244702135
	avg separation:	160.8363021850586
	accu: 		49.28571428571429%
	l1: 		30.0
	p dist pair: 	292.6115417480469
	test
	time: 	14.329893112182617
	total loss: 	1.4583047329758605
	cross ent: 	0.21762345526367427
	cluster: 	0.6980688552061717
	separation:	0.5426124225060145
	avg separation:	158.8809616088867
	accu: 		36.666666666666664%
	l1: 		30.0
	p dist pair: 	292.6115417480469
epoch: 	5
	joint
	train
	time: 	44.39472723007202
	total loss: 	1.0445982140372507
	cross ent: 	0.153594759061733
	cluster: 	0.4614987258134144
	separation:	0.42950472916210336
	avg separation:	160.04191207885742
	accu: 		48.57142857142857%
	l1: 		30.0
	p dist pair: 	295.4961242675781
	test
	time: 	15.121205806732178
	total loss: 	0.7590571250145635
	cross ent: 	0.13561324334392946
	cluster: 	0.32709372888008753
	separation:	0.29635015279054644
	avg separation:	156.26084950764974
	accu: 		36.666666666666664%
	l1: 		30.0
	p dist pair: 	295.4961242675781
training set size: 140
push set size: 140
test set size: 30
batch size: 1
start training
epoch: 	0
	warm
	train
	time: 	35.86274552345276
	total loss: 	106.87826896762209
	cross ent: 	0.0865143880780254
	cluster: 	51.838888447625294
	separation:	54.95286613191877
	avg separation:	178.52925556727817
	accu: 		54.285714285714285%
	l1: 		30.0
	p dist pair: 	316.8503723144531
	test
	time: 	13.999039888381958
	total loss: 	20.694493971019984
	cross ent: 	0.08921813343962033
	cluster: 	10.838628355662028
	separation:	9.766647481918335
	avg separation:	177.16500701904297
	accu: 		36.666666666666664%
	l1: 		30.0
	p dist pair: 	316.8503723144531
epoch: 	1
	warm
	train
	time: 	33.9491708278656
	total loss: 	9.065950941906443
	cross ent: 	0.09044927856219666
	cluster: 	4.357001663105828
	separation:	4.618500000238418
	avg separation:	174.46378958565847
	accu: 		54.285714285714285%
	l1: 		30.0
	p dist pair: 	307.280517578125
	test
	time: 	13.826762676239014
	total loss: 	3.44320570739607
	cross ent: 	0.11406177394092083
	cluster: 	1.773032808303833
	separation:	1.5561111251513162
	avg separation:	174.11763865152994
	accu: 		36.666666666666664%
	l1: 		30.0
	p dist pair: 	307.280517578125
epoch: 	2
	warm
	train
	time: 	35.91386032104492
	total loss: 	2.2549259423145225
	cross ent: 	0.08922656465853963
	cluster: 	1.0603489880050931
	separation:	1.1053503896508898
	avg separation:	164.18522317068917
	accu: 		56.42857142857143%
	l1: 		30.0
	p dist pair: 	297.4102783203125
	test
	time: 	12.602903127670288
	total loss: 	1.7152245079477628
	cross ent: 	0.09127409209807714
	cluster: 	0.8191573182741801
	separation:	0.8047930975755055
	avg separation:	168.74898478190104
	accu: 		36.666666666666664%
	l1: 		30.0
	p dist pair: 	297.4102783203125
training set size: 140
push set size: 140
test set size: 30
batch size: 1
start training
epoch: 	0
	warm
	train
	time: 	37.414621353149414
	total loss: 	116.10913205567215
	cross ent: 	0.0861058209091425
	cluster: 	57.845928645133974
	separation:	58.177097589629035
	avg separation:	174.00634602137976
	accu: 		55.714285714285715%
	l1: 		30.0
	p dist pair: 	310.4378662109375
	test
	time: 	13.471206426620483
	total loss: 	25.416989509637155
	cross ent: 	0.09786212481558323
	cluster: 	14.65583979288737
	separation:	10.663287591934203
	avg separation:	172.7102813720703
	accu: 		36.666666666666664%
	l1: 		30.0
	p dist pair: 	310.4378662109375
epoch: 	1
	warm
	train
	time: 	40.34111404418945
	total loss: 	10.89345523145582
	cross ent: 	0.09050766085939747
	cluster: 	5.245406349216188
	separation:	5.557541221380234
	avg separation:	168.68295669555664
	accu: 		48.57142857142857%
	l1: 		30.0
	p dist pair: 	291.6145324707031
	test
	time: 	12.816702604293823
	total loss: 	4.106773759797215
	cross ent: 	0.0971131303658088
	cluster: 	2.095738613605499
	separation:	1.9139220158259074
	avg separation:	164.969357808431
	accu: 		36.666666666666664%
	l1: 		30.0
	p dist pair: 	291.6145324707031
epoch: 	2
	warm
	train
	time: 	35.607954025268555
	total loss: 	2.482240711471864
	cross ent: 	0.08959634314690318
	cluster: 	1.1902841878788812
	separation:	1.2023601804460797
	avg separation:	156.49144995553152
	accu: 		54.285714285714285%
	l1: 		30.0
	p dist pair: 	282.0552978515625
	test
	time: 	13.669065475463867
	total loss: 	1.8468370206654072
	cross ent: 	0.08976594482858975
	cluster: 	0.8877191483974457
	separation:	0.8693519274393717
	avg separation:	158.7824498494466
	accu: 		36.666666666666664%
	l1: 		30.0
	p dist pair: 	282.0552978515625
epoch: 	3
	warm
	train
	time: 	36.79561114311218
	total loss: 	1.5506786933967045
	cross ent: 	0.08540297406060356
	cluster: 	0.7289773866534233
	separation:	0.7362983326826776
	avg separation:	159.2585442679269
	accu: 		61.42857142857143%
	l1: 		30.0
	p dist pair: 	299.2874450683594
	test
	time: 	13.28403615951538
	total loss: 	1.4993394831816356
	cross ent: 	0.08591211636861165
	cluster: 	0.7054095526536306
	separation:	0.7080178141593934
	avg separation:	165.5587422688802
	accu: 		50.0%
	l1: 		30.0
	p dist pair: 	299.2874450683594
epoch: 	4
	warm
	train
	time: 	35.8873872756958
	total loss: 	1.302641954964825
	cross ent: 	0.08512492153261389
	cluster: 	0.606606056860515
	separation:	0.6109109765716961
	avg separation:	168.91093564714706
	accu: 		64.28571428571429%
	l1: 		30.0
	p dist pair: 	315.9366149902344
	test
	time: 	14.082677602767944
	total loss: 	1.3932858956356844
	cross ent: 	0.0886564147969087
	cluster: 	0.6564650714397431
	separation:	0.6481644093990326
	avg separation:	171.0803700764974
	accu: 		40.0%
	l1: 		30.0
	p dist pair: 	315.9366149902344
epoch: 	5
	warm
	train
	time: 	36.38237738609314
	total loss: 	1.1649444903114012
	cross ent: 	0.08512906607772623
	cluster: 	0.5373713160199779
	separation:	0.5424441082136972
	avg separation:	180.88505161830358
	accu: 		64.28571428571429%
	l1: 		30.0
	p dist pair: 	332.5464782714844
	test
	time: 	13.469533205032349
	total loss: 	1.2700246192514897
	cross ent: 	0.09017630691329638
	cluster: 	0.5953551898399989
	separation:	0.5844931224981944
	avg separation:	178.117165629069
	accu: 		33.33333333333333%
	l1: 		30.0
	p dist pair: 	332.5464782714844
epoch: 	6
	warm
	train
	time: 	35.42481303215027
	total loss: 	1.0655989198812417
	cross ent: 	0.08616025756512369
	cluster: 	0.48943483935935156
	separation:	0.4900038229567664
	avg separation:	191.21844122750417
	accu: 		60.0%
	l1: 		30.0
	p dist pair: 	349.5039367675781
	test
	time: 	12.957415342330933
	total loss: 	1.1616728213926157
	cross ent: 	0.0921151784559091
	cluster: 	0.5443993091583252
	separation:	0.5251583337783814
	avg separation:	185.21910756429037
	accu: 		36.666666666666664%
	l1: 		30.0
	p dist pair: 	349.5039367675781
epoch: 	7
	warm
	train
	time: 	35.03005647659302
	total loss: 	0.9669733854276793
	cross ent: 	0.08569315118449075
	cluster: 	0.440056461840868
	separation:	0.4412237724023206
	avg separation:	200.9170095171247
	accu: 		55.714285714285715%
	l1: 		30.0
	p dist pair: 	361.6650390625
	test
	time: 	13.563741683959961
	total loss: 	1.0315093368291854
	cross ent: 	0.08902516464392345
	cluster: 	0.4739870250225067
	separation:	0.4684971471627553
	avg separation:	187.360031636556
	accu: 		36.666666666666664%
	l1: 		30.0
	p dist pair: 	361.6650390625
epoch: 	8
	warm
	train
	time: 	37.60108494758606
	total loss: 	0.905427011102438
	cross ent: 	0.08563429149133818
	cluster: 	0.4087323881685734
	separation:	0.4110603314425264
	avg separation:	209.94818998064315
	accu: 		59.285714285714285%
	l1: 		30.0
	p dist pair: 	377.32867431640625
	test
	time: 	13.337815046310425
	total loss: 	0.9843359731137753
	cross ent: 	0.096815870453914
	cluster: 	0.4549848516782125
	separation:	0.43253525098164874
	avg separation:	194.55728505452473
	accu: 		36.666666666666664%
	l1: 		30.0
	p dist pair: 	377.32867431640625
epoch: 	9
	warm
	train
	time: 	35.06091928482056
	total loss: 	0.8446224039686577
	cross ent: 	0.08402052697326456
	cluster: 	0.37573838819350514
	separation:	0.38486348880188803
	avg separation:	219.52979779924667
	accu: 		62.142857142857146%
	l1: 		30.0
	p dist pair: 	394.3758544921875
	test
	time: 	14.074639797210693
	total loss: 	0.8833615134159725
	cross ent: 	0.09871689875920614
	cluster: 	0.4036425312360128
	separation:	0.3810020834207535
	avg separation:	200.4804458618164
	accu: 		33.33333333333333%
	l1: 		30.0
	p dist pair: 	394.3758544921875
epoch: 	10
	joint
	train
	time: 	39.349169969558716
	total loss: 	2.4619738494944094
	cross ent: 	0.12687769742083868
	cluster: 	1.1685103891151292
	separation:	1.1665857629584415
	avg separation:	228.4635638645717
	accu: 		53.57142857142857%
	l1: 		30.0
	p dist pair: 	401.9457092285156
	test
	time: 	14.596483945846558
	total loss: 	1.873929406578342
	cross ent: 	0.09755202395220598
	cluster: 	0.8782001808285713
	separation:	0.8981772017975648
	avg separation:	198.53983052571616
	accu: 		40.0%
	l1: 		30.0
	p dist pair: 	401.9457092285156
	push
	Executing push ...
	push time: 	106.48095870018005
	test
	time: 	14.356647968292236
	total loss: 	1.4464691793216238
	cross ent: 	0.727662893817372
	cluster: 	0.34038351830095054
	separation:	0.3784227672033012
	avg separation:	5.1478520154953005
	accu: 		40.0%
	l1: 		30.0
	p dist pair: 	6.649372100830078
	last layer
iteration: 	0
	train
	time: 	37.20463275909424
	total loss: 	0.3147130649603371
	cross ent: 	0.13697667260920363
	cluster: 	0.0857768391924245
	separation:	0.09195955315870898
	avg separation:	6.597863183702741
	accu: 		55.714285714285715%
	l1: 		29.941097259521484
	p dist pair: 	6.649372100830078
	test
	time: 	14.36188817024231
	total loss: 	0.8272981291636825
	cross ent: 	0.13083452216039101
	cluster: 	0.3289368181178967
	separation:	0.36752678888539475
	avg separation:	6.451834074656168
	accu: 		50.0%
	l1: 		29.941097259521484
	p dist pair: 	6.649372100830078
iteration: 	1
	train
	time: 	36.93616056442261
	total loss: 	0.31293293117861526
	cross ent: 	0.1351965388274818
	cluster: 	0.0857768391924245
	separation:	0.09195955315870898
	avg separation:	6.597863183702741
	accu: 		57.14285714285714%
	l1: 		29.8678035736084
	p dist pair: 	6.649372100830078
	test
	time: 	13.568329095840454
	total loss: 	0.8570004490514597
	cross ent: 	0.1748815948764483
	cluster: 	0.30816619532803696
	separation:	0.3739526588469744
	avg separation:	6.096044810612996
	accu: 		36.666666666666664%
	l1: 		29.8678035736084
	p dist pair: 	6.649372100830078
iteration: 	2
	train
	time: 	37.21427130699158
	total loss: 	0.31128437946400866
	cross ent: 	0.13354798711287522
	cluster: 	0.0857768391924245
	separation:	0.09195955315870898
	avg separation:	6.597863183702741
	accu: 		57.14285714285714%
	l1: 		29.792863845825195
	p dist pair: 	6.649372100830078
	test
	time: 	14.394989490509033
	total loss: 	0.9212792340045175
	cross ent: 	0.18733258601278066
	cluster: 	0.32853060935934386
	separation:	0.4054160386323929
	avg separation:	6.270158267021179
	accu: 		40.0%
	l1: 		29.792863845825195
	p dist pair: 	6.649372100830078
iteration: 	3
	train
	time: 	37.75391364097595
	total loss: 	0.311532432560177
	cross ent: 	0.1337960402090435
	cluster: 	0.0857768391924245
	separation:	0.09195955315870898
	avg separation:	6.597863183702741
	accu: 		57.14285714285714%
	l1: 		29.715713500976562
	p dist pair: 	6.649372100830078
	test
	time: 	14.192121744155884
	total loss: 	0.8911012894784411
	cross ent: 	0.14335700639834006
	cluster: 	0.3436763372272253
	separation:	0.4040679458528757
	avg separation:	6.020564556121826
	accu: 		50.0%
	l1: 		29.715713500976562
	p dist pair: 	6.649372100830078
iteration: 	4
	train
	time: 	40.69110417366028
	total loss: 	0.3094409862674573
	cross ent: 	0.13170459391632383
	cluster: 	0.0857768391924245
	separation:	0.09195955315870898
	avg separation:	6.597863183702741
	accu: 		57.14285714285714%
	l1: 		29.637754440307617
	p dist pair: 	6.649372100830078
	test
	time: 	14.661219120025635
	total loss: 	0.8396607061227163
	cross ent: 	0.12789730168879032
	cluster: 	0.3260176796466112
	separation:	0.3857457247873147
	avg separation:	6.45061419804891
	accu: 		50.0%
	l1: 		29.637754440307617
	p dist pair: 	6.649372100830078
iteration: 	5
	train
	time: 	39.84915900230408
	total loss: 	0.3088269801361353
	cross ent: 	0.13109058778500185
	cluster: 	0.0857768391924245
	separation:	0.09195955315870898
	avg separation:	6.597863183702741
	accu: 		55.714285714285715%
	l1: 		29.56293487548828
	p dist pair: 	6.649372100830078
	test
	time: 	15.576632022857666
	total loss: 	0.9254827434817949
	cross ent: 	0.18380645501116913
	cluster: 	0.33269212519129115
	separation:	0.4089841632793347
	avg separation:	6.318156186739603
	accu: 		40.0%
	l1: 		29.56293487548828
	p dist pair: 	6.649372100830078
iteration: 	6
	train
	time: 	36.53014922142029
	total loss: 	0.30829842637509236
	cross ent: 	0.1305620340239589
	cluster: 	0.0857768391924245
	separation:	0.09195955315870898
	avg separation:	6.597863183702741
	accu: 		57.14285714285714%
	l1: 		29.493967056274414
	p dist pair: 	6.649372100830078
	test
	time: 	13.657915115356445
	total loss: 	0.8029532874623935
	cross ent: 	0.1698463545491298
	cluster: 	0.2919944057861964
	separation:	0.34111252712706724
	avg separation:	5.910993631680807
	accu: 		43.333333333333336%
	l1: 		29.493967056274414
	p dist pair: 	6.649372100830078
iteration: 	7
	train
	time: 	36.67050909996033
	total loss: 	0.30690903766662814
	cross ent: 	0.12917264531549466
	cluster: 	0.0857768391924245
	separation:	0.09195955315870898
	avg separation:	6.597863183702741
	accu: 		57.14285714285714%
	l1: 		29.41648292541504
	p dist pair: 	6.649372100830078
	test
	time: 	14.273132085800171
	total loss: 	0.9062619857490062
	cross ent: 	0.15957264366249244
	cluster: 	0.33150376888612904
	separation:	0.4151855732003848
	avg separation:	6.356271767616272
	accu: 		40.0%
	l1: 		29.41648292541504
	p dist pair: 	6.649372100830078
iteration: 	8
	train
	time: 	37.193870306015015
	total loss: 	0.3058918139905602
	cross ent: 	0.12815542163942675
	cluster: 	0.0857768391924245
	separation:	0.09195955315870898
	avg separation:	6.597863183702741
	accu: 		57.14285714285714%
	l1: 		29.33911895751953
	p dist pair: 	6.649372100830078
	test
	time: 	15.228626012802124
	total loss: 	0.8514800822983186
	cross ent: 	0.14305389486253262
	cluster: 	0.32382065504789354
	separation:	0.3846055323878924
	avg separation:	5.987773740291596
	accu: 		56.666666666666664%
	l1: 		29.33911895751953
	p dist pair: 	6.649372100830078
iteration: 	9
	train
	time: 	36.23603296279907
	total loss: 	0.3049575147127533
	cross ent: 	0.12722112236161984
	cluster: 	0.0857768391924245
	separation:	0.09195955315870898
	avg separation:	6.597863183702741
	accu: 		57.14285714285714%
	l1: 		29.2654972076416
	p dist pair: 	6.649372100830078
	test
	time: 	13.716238975524902
	total loss: 	0.8221042275428772
	cross ent: 	0.13919637240469457
	cluster: 	0.31197815338770546
	separation:	0.3709297017504772
	avg separation:	5.856372515360515
	accu: 		46.666666666666664%
	l1: 		29.2654972076416
	p dist pair: 	6.649372100830078
epoch: 	11
	joint
	train
	time: 	43.97282648086548
	total loss: 	0.7170516309307589
	cross ent: 	0.13619501155460187
	cluster: 	0.28800446878054314
	separation:	0.29285215059561387
	avg separation:	8.824304553440639
	accu: 		53.57142857142857%
	l1: 		29.2654972076416
	p dist pair: 	8.090312957763672
	test
	time: 	13.32842755317688
	total loss: 	0.3587443465987841
	cross ent: 	0.0922280102968216
	cluster: 	0.13254660094777743
	separation:	0.1339697353541851
	avg separation:	10.549357954661051
	accu: 		70.0%
	l1: 		29.2654972076416
	p dist pair: 	8.090312957763672
epoch: 	12
	joint
	train
	time: 	43.39044666290283
	total loss: 	0.9162410725517215
	cross ent: 	0.1480388730309122
	cluster: 	0.37314919043066247
	separation:	0.39505300909014684
	avg separation:	11.225198309762137
	accu: 		52.142857142857146%
	l1: 		29.2654972076416
	p dist pair: 	9.568041801452637
	test
	time: 	13.875357151031494
	total loss: 	0.6244242160270612
	cross ent: 	0.09724216920634111
	cluster: 	0.2650949783623219
	separation:	0.2620870684583982
	avg separation:	10.383357175191243
	accu: 		40.0%
	l1: 		29.2654972076416
	p dist pair: 	9.568041801452637
epoch: 	13
	joint
	train
	time: 	36.70116138458252
	total loss: 	0.6756645676081202
	cross ent: 	0.15747938227307584
	cluster: 	0.2700727988300579
	separation:	0.24811238650498646
	avg separation:	10.974870698792595
	accu: 		51.42857142857142%
	l1: 		29.2654972076416
	p dist pair: 	10.536667823791504
	test
	time: 	14.317316055297852
	total loss: 	0.8301030220774313
	cross ent: 	0.15386473359540104
	cluster: 	0.2931750307480494
	separation:	0.3830632577339808
	avg separation:	11.97410182952881
	accu: 		63.33333333333333%
	l1: 		29.2654972076416
	p dist pair: 	10.536667823791504
epoch: 	14
	joint
	train
	time: 	40.82058095932007
	total loss: 	0.8363162798713477
	cross ent: 	0.15276658927219355
	cluster: 	0.33373630357507084
	separation:	0.3498133870240833
	avg separation:	10.388587812014988
	accu: 		50.71428571428571%
	l1: 		29.2654972076416
	p dist pair: 	11.029645919799805
	test
	time: 	14.62532639503479
	total loss: 	0.650220372279485
	cross ent: 	0.17901275257269542
	cluster: 	0.26174671997626625
	separation:	0.20946089973052343
	avg separation:	11.778689988454182
	accu: 		36.666666666666664%
	l1: 		29.2654972076416
	p dist pair: 	11.029645919799805
epoch: 	15
	joint
	train
	time: 	41.51199698448181
	total loss: 	0.2688312210475228
	cross ent: 	0.11955974199809134
	cluster: 	0.0778764677100948
	separation:	0.07139501133933664
	avg separation:	11.489799751554216
	accu: 		47.85714285714286%
	l1: 		29.2654972076416
	p dist pair: 	11.0587158203125
	test
	time: 	14.568967580795288
	total loss: 	0.17825567095230022
	cross ent: 	0.1364829891671737
	cluster: 	0.022428810006628434
	separation:	0.019343871778498094
	avg separation:	11.641082509358723
	accu: 		36.666666666666664%
	l1: 		29.2654972076416
	p dist pair: 	11.0587158203125
	push
	Executing push ...
	push time: 	89.43247270584106
	test
	time: 	16.158315420150757
	total loss: 	0.24394946739454706
	cross ent: 	0.24040983415197842
	cluster: 	0.0019529508310370148
	separation:	0.0015866824115316073
	avg separation:	2.2124345819155375
	accu: 		46.666666666666664%
	l1: 		29.2654972076416
	p dist pair: 	8.168476104736328
	last layer
iteration: 	0
	train
	time: 	38.36453294754028
	total loss: 	0.07700903915449869
	cross ent: 	0.06693103918655002
	cluster: 	0.005018014331082148
	separation:	0.005059985636866518
	avg separation:	2.3458104712622507
	accu: 		75.71428571428571%
	l1: 		29.111671447753906
	p dist pair: 	8.168476104736328
	test
	time: 	14.009205341339111
	total loss: 	0.06262096918532431
	cross ent: 	0.05911847318905832
	cluster: 	0.0019008687833168855
	separation:	0.0016016272129490972
	avg separation:	2.2138962109883624
	accu: 		80.0%
	l1: 		29.111671447753906
	p dist pair: 	8.168476104736328
iteration: 	1
	train
	time: 	38.207380294799805
	total loss: 	0.06908201702047206
	cross ent: 	0.059004017052523394
	cluster: 	0.005018014331082148
	separation:	0.005059985636866518
	avg separation:	2.3458104712622507
	accu: 		81.42857142857143%
	l1: 		29.026832580566406
	p dist pair: 	8.168476104736328
	test
	time: 	14.17301607131958
	total loss: 	0.04598120012172634
	cross ent: 	0.04241079923704092
	cluster: 	0.0019588390559268495
	separation:	0.0016115618287585675
	avg separation:	2.2235578378041585
	accu: 		83.33333333333334%
	l1: 		29.026832580566406
	p dist pair: 	8.168476104736328
iteration: 	2
	train
	time: 	39.731080532073975
	total loss: 	0.0697763640364948
	cross ent: 	0.05969836406854613
	cluster: 	0.005018014331082148
	separation:	0.005059985636866518
	avg separation:	2.3458104712622507
	accu: 		80.0%
	l1: 		29.00398826599121
	p dist pair: 	8.168476104736328
	test
	time: 	14.737432479858398
	total loss: 	0.048919988119450857
	cross ent: 	0.044384522730736835
	cluster: 	0.0024057067736672857
	separation:	0.0021297586150467395
	avg separation:	2.187340493996938
	accu: 		86.66666666666667%
	l1: 		29.00398826599121
	p dist pair: 	8.168476104736328
iteration: 	3
	train
	time: 	36.22268557548523
	total loss: 	0.0698614342516521
	cross ent: 	0.05978343428370343
	cluster: 	0.005018014331082148
	separation:	0.005059985636866518
	avg separation:	2.3458104712622507
	accu: 		82.85714285714286%
	l1: 		28.973678588867188
	p dist pair: 	8.168476104736328
	test
	time: 	14.597161054611206
	total loss: 	0.04886961719579025
	cross ent: 	0.04495402263491997
	cluster: 	0.0021263429196551444
	separation:	0.0017892516412151356
	avg separation:	2.2015233556429545
	accu: 		90.0%
	l1: 		28.973678588867188
	p dist pair: 	8.168476104736328
	above 90.00%
iteration: 	4
	train
	time: 	38.2231183052063
	total loss: 	0.07251100729148935
	cross ent: 	0.06243300732354068
	cluster: 	0.005018014331082148
	separation:	0.005059985636866518
	avg separation:	2.3458104712622507
	accu: 		77.85714285714286%
	l1: 		28.93524169921875
	p dist pair: 	8.168476104736328
	test
	time: 	14.348753213882446
	total loss: 	0.05811417540802116
	cross ent: 	0.0543466244424053
	cluster: 	0.0021080186396526795
	separation:	0.0016595323259631792
	avg separation:	2.1692503611246745
	accu: 		86.66666666666667%
	l1: 		28.93524169921875
	p dist pair: 	8.168476104736328
iteration: 	5
	train
	time: 	37.13895106315613
	total loss: 	0.07032121907977854
	cross ent: 	0.060243219111829865
	cluster: 	0.005018014331082148
	separation:	0.005059985636866518
	avg separation:	2.3458104712622507
	accu: 		83.57142857142857%
	l1: 		28.905426025390625
	p dist pair: 	8.168476104736328
	test
	time: 	13.162495613098145
	total loss: 	0.05077153516055356
	cross ent: 	0.04645981253876622
	cluster: 	0.002328535910540571
	separation:	0.0019831867112467686
	avg separation:	2.172124727567037
	accu: 		90.0%
	l1: 		28.905426025390625
	p dist pair: 	8.168476104736328
	above 90.00%
iteration: 	6
	train
	time: 	33.76845717430115
	total loss: 	0.07057967827921467
	cross ent: 	0.060501678311266
	cluster: 	0.005018014331082148
	separation:	0.005059985636866518
	avg separation:	2.3458104712622507
	accu: 		82.85714285714286%
	l1: 		28.878013610839844
	p dist pair: 	8.168476104736328
	test
	time: 	12.887867450714111
	total loss: 	0.05551697488699574
	cross ent: 	0.052216286296607
	cluster: 	0.0017761179362423718
	separation:	0.0015245706541463732
	avg separation:	2.24600955247879
	accu: 		83.33333333333334%
	l1: 		28.878013610839844
	p dist pair: 	8.168476104736328
iteration: 	7
	train
	time: 	34.24156379699707
	total loss: 	0.06985398338999532
	cross ent: 	0.05977598342204666
	cluster: 	0.005018014331082148
	separation:	0.005059985636866518
	avg separation:	2.3458104712622507
	accu: 		83.57142857142857%
	l1: 		28.845319747924805
	p dist pair: 	8.168476104736328
	test
	time: 	14.053077936172485
	total loss: 	0.05054043270853678
	cross ent: 	0.0441770278908128
	cluster: 	0.003354735850977401
	separation:	0.0030086689667465786
	avg separation:	2.1471675117810567
	accu: 		86.66666666666667%
	l1: 		28.845319747924805
	p dist pair: 	8.168476104736328
iteration: 	8
	train
	time: 	33.3286075592041
	total loss: 	0.0715797788301383
	cross ent: 	0.06150177886218963
	cluster: 	0.005018014331082148
	separation:	0.005059985636866518
	avg separation:	2.3458104712622507
	accu: 		77.85714285714286%
	l1: 		28.828760147094727
	p dist pair: 	8.168476104736328
	test
	time: 	12.758850812911987
	total loss: 	0.04542766362574185
	cross ent: 	0.03942278924466033
	cluster: 	0.0031374597223475576
	separation:	0.002867414658733954
	avg separation:	2.153699298699697
	accu: 		90.0%
	l1: 		28.828760147094727
	p dist pair: 	8.168476104736328
	above 90.00%
iteration: 	9
	train
	time: 	34.20399713516235
	total loss: 	0.06937081284995657
	cross ent: 	0.0592928128820079
	cluster: 	0.005018014331082148
	separation:	0.005059985636866518
	avg separation:	2.3458104712622507
	accu: 		83.57142857142857%
	l1: 		28.798919677734375
	p dist pair: 	8.168476104736328
	test
	time: 	12.757855653762817
	total loss: 	0.07451353275876803
	cross ent: 	0.07046158871186586
	cluster: 	0.0022265760499673585
	separation:	0.0018253679969348013
	avg separation:	2.1557965437571207
	accu: 		83.33333333333334%
	l1: 		28.798919677734375
	p dist pair: 	8.168476104736328
epoch: 	16
	joint
	train
	time: 	36.5404372215271
	total loss: 	0.15206137258953406
	cross ent: 	0.08905417654392035
	cluster: 	0.03050425325719906
	separation:	0.03250294278841466
	avg separation:	3.0219587215355466
	accu: 		70.71428571428572%
	l1: 		28.798919677734375
	p dist pair: 	8.29614543914795
	test
	time: 	13.068856477737427
	total loss: 	0.14217741906177253
	cross ent: 	0.07328013499112179
	cluster: 	0.03576570289830367
	separation:	0.03313158117234707
	avg separation:	3.157333771387736
	accu: 		73.33333333333333%
	l1: 		28.798919677734375
	p dist pair: 	8.29614543914795
epoch: 	17
	joint
	train
	time: 	37.38358998298645
	total loss: 	0.12160574798739879
	cross ent: 	0.054230183229265094
	cluster: 	0.033062126677084185
	separation:	0.034313438081049495
	avg separation:	3.3395004374640327
	accu: 		78.57142857142857%
	l1: 		28.798919677734375
	p dist pair: 	8.314815521240234
	test
	time: 	12.266627311706543
	total loss: 	0.07629663141112057
	cross ent: 	0.060274078426664345
	cluster: 	0.008386222971603274
	separation:	0.007636330012852947
	avg separation:	3.324967288970947
	accu: 		83.33333333333334%
	l1: 		28.798919677734375
	p dist pair: 	8.314815521240234
epoch: 	18
	joint
	train
	time: 	35.85621929168701
	total loss: 	0.08867703171241113
	cross ent: 	0.047057969079157505
	cluster: 	0.02049472997563758
	separation:	0.021124332657616054
	avg separation:	3.272881146839687
	accu: 		82.85714285714286%
	l1: 		28.798919677734375
	p dist pair: 	8.278042793273926
	test
	time: 	13.90666675567627
	total loss: 	0.13631680362421622
	cross ent: 	0.09003029934315236
	cluster: 	0.024909856108327705
	separation:	0.021376648172736167
	avg separation:	3.0889686743418374
	accu: 		56.666666666666664%
	l1: 		28.798919677734375
	p dist pair: 	8.278042793273926
epoch: 	19
	joint
	train
	time: 	39.242045640945435
	total loss: 	0.08738966211206756
	cross ent: 	0.048230102658562604
	cluster: 	0.019464262149163653
	separation:	0.019695297304341303
	avg separation:	3.3218642958572935
	accu: 		81.42857142857143%
	l1: 		28.798919677734375
	p dist pair: 	8.336373329162598
	test
	time: 	13.128304958343506
	total loss: 	0.07234735875608748
	cross ent: 	0.03830705128517972
	cluster: 	0.01655380685503284
	separation:	0.017486500615874926
	avg separation:	3.4337639172871905
	accu: 		86.66666666666667%
	l1: 		28.798919677734375
	p dist pair: 	8.336373329162598
epoch: 	20
	joint
	train
	time: 	35.629180908203125
	total loss: 	0.04808602641512282
	cross ent: 	0.023321075342755647
	cluster: 	0.01243774892230119
	separation:	0.012327202150065985
	avg separation:	3.322725009918213
	accu: 		95.71428571428572%
	l1: 		28.798919677734375
	p dist pair: 	8.33932113647461
	test
	time: 	13.078390121459961
	total loss: 	0.06874658436886422
	cross ent: 	0.0578887787436391
	cluster: 	0.005583244500060877
	separation:	0.005274561125164231
	avg separation:	3.2482745885849
	accu: 		86.66666666666667%
	l1: 		28.798919677734375
	p dist pair: 	8.33932113647461
	push
	Executing push ...
	push time: 	68.69833445549011
	test
	time: 	12.381117820739746
	total loss: 	0.05328307887458929
	cross ent: 	0.0481236591616683
	cluster: 	0.002814350948513796
	separation:	0.002345068764407188
	avg separation:	3.0618224223454793
	accu: 		86.66666666666667%
	l1: 		28.798919677734375
	p dist pair: 	8.293811798095703
	last layer
iteration: 	0
	train
	time: 	31.377362489700317
	total loss: 	0.04297682259562602
	cross ent: 	0.03412057793431294
	cluster: 	0.004500511749314942
	separation:	0.00435573291199814
	avg separation:	2.845825059073312
	accu: 		89.28571428571429%
	l1: 		28.78314208984375
	p dist pair: 	8.293811798095703
	test
	time: 	12.388396739959717
	total loss: 	0.09326069118454446
	cross ent: 	0.08860927500218167
	cluster: 	0.0025324207342540222
	separation:	0.0021189954481087626
	avg separation:	3.025876259803772
	accu: 		80.0%
	l1: 		28.78314208984375
	p dist pair: 	8.293811798095703
iteration: 	1
	train
	time: 	32.49505281448364
	total loss: 	0.03802593125754875
	cross ent: 	0.029169686596235676
	cluster: 	0.004500511749314942
	separation:	0.00435573291199814
	avg separation:	2.845825059073312
	accu: 		88.57142857142857%
	l1: 		28.84173011779785
	p dist pair: 	8.293811798095703
	test
	time: 	13.635761499404907
	total loss: 	0.11747989170291172
	cross ent: 	0.11227531071479764
	cluster: 	0.0028225526912137866
	separation:	0.002382028296900292
	avg separation:	3.068704374631246
	accu: 		63.33333333333333%
	l1: 		28.84173011779785
	p dist pair: 	8.293811798095703
iteration: 	2
	train
	time: 	33.37342953681946
	total loss: 	0.037325681079060556
	cross ent: 	0.028469436417747473
	cluster: 	0.004500511749314942
	separation:	0.00435573291199814
	avg separation:	2.845825059073312
	accu: 		90.71428571428571%
	l1: 		28.888912200927734
	p dist pair: 	8.293811798095703
	test
	time: 	12.2057523727417
	total loss: 	0.1249688685861353
	cross ent: 	0.11942153847285226
	cluster: 	0.003020987776108086
	separation:	0.002526342337174962
	avg separation:	3.0640480756759643
	accu: 		60.0%
	l1: 		28.888912200927734
	p dist pair: 	8.293811798095703
iteration: 	3
	train
	time: 	33.716036796569824
	total loss: 	0.0374672170210033
	cross ent: 	0.028610972359690224
	cluster: 	0.004500511749314942
	separation:	0.00435573291199814
	avg separation:	2.845825059073312
	accu: 		91.42857142857143%
	l1: 		28.9559326171875
	p dist pair: 	8.293811798095703
	test
	time: 	13.080664873123169
	total loss: 	0.10248385120343073
	cross ent: 	0.09708063484174166
	cluster: 	0.0029022036391931276
	separation:	0.0025010127224959432
	avg separation:	3.0679494460423786
	accu: 		76.66666666666667%
	l1: 		28.9559326171875
	p dist pair: 	8.293811798095703
iteration: 	4
	train
	time: 	32.4111168384552
	total loss: 	0.036754990527905256
	cross ent: 	0.027898745866592176
	cluster: 	0.004500511749314942
	separation:	0.00435573291199814
	avg separation:	2.845825059073312
	accu: 		89.28571428571429%
	l1: 		29.02167320251465
	p dist pair: 	8.293811798095703
	test
	time: 	12.035077095031738
	total loss: 	0.10023270030668148
	cross ent: 	0.0949841331629159
	cluster: 	0.00285941088028873
	separation:	0.0023891562634768587
	avg separation:	3.0745184580485025
	accu: 		66.66666666666666%
	l1: 		29.02167320251465
	p dist pair: 	8.293811798095703
iteration: 	5
	train
	time: 	32.91112446784973
	total loss: 	0.03688851297478582
	cross ent: 	0.02803226831347274
	cluster: 	0.004500511749314942
	separation:	0.00435573291199814
	avg separation:	2.845825059073312
	accu: 		92.85714285714286%
	l1: 		29.090991973876953
	p dist pair: 	8.293811798095703
	test
	time: 	12.591405630111694
	total loss: 	0.06870470586336523
	cross ent: 	0.06390391223391513
	cluster: 	0.0025660686932193737
	separation:	0.0022347249362307292
	avg separation:	3.0487088362375894
	accu: 		83.33333333333334%
	l1: 		29.090991973876953
	p dist pair: 	8.293811798095703
iteration: 	6
	train
	time: 	31.652602672576904
	total loss: 	0.036459900568921254
	cross ent: 	0.02760365590760817
	cluster: 	0.004500511749314942
	separation:	0.00435573291199814
	avg separation:	2.845825059073312
	accu: 		89.28571428571429%
	l1: 		29.1536922454834
	p dist pair: 	8.293811798095703
	test
	time: 	12.240152597427368
	total loss: 	0.10134241110972654
	cross ent: 	0.09673444546000004
	cluster: 	0.002499315022335698
	separation:	0.0021086506273907918
	avg separation:	3.0320401986440024
	accu: 		83.33333333333334%
	l1: 		29.1536922454834
	p dist pair: 	8.293811798095703
iteration: 	7
	train
	time: 	33.62227511405945
	total loss: 	0.03630657507736552
	cross ent: 	0.027450330416052438
	cluster: 	0.004500511749314942
	separation:	0.00435573291199814
	avg separation:	2.845825059073312
	accu: 		90.71428571428571%
	l1: 		29.227306365966797
	p dist pair: 	8.293811798095703
	test
	time: 	12.462245464324951
	total loss: 	0.06974141933314969
	cross ent: 	0.06483767734122618
	cluster: 	0.0026787205948494374
	separation:	0.0022250213970740635
	avg separation:	2.9983604113260904
	accu: 		86.66666666666667%
	l1: 		29.227306365966797
	p dist pair: 	8.293811798095703
iteration: 	8
	train
	time: 	32.03271508216858
	total loss: 	0.03587588166782162
	cross ent: 	0.027019637006508543
	cluster: 	0.004500511749314942
	separation:	0.00435573291199814
	avg separation:	2.845825059073312
	accu: 		92.14285714285714%
	l1: 		29.30086898803711
	p dist pair: 	8.293811798095703
	test
	time: 	12.730780601501465
	total loss: 	0.06267870265643675
	cross ent: 	0.058025933029542405
	cluster: 	0.002498406641340504
	separation:	0.0021543629855538407
	avg separation:	3.027425440152486
	accu: 		86.66666666666667%
	l1: 		29.30086898803711
	p dist pair: 	8.293811798095703
iteration: 	9
	train
	time: 	32.40426802635193
	total loss: 	0.03566569677568623
	cross ent: 	0.026809452114373147
	cluster: 	0.004500511749314942
	separation:	0.00435573291199814
	avg separation:	2.845825059073312
	accu: 		91.42857142857143%
	l1: 		29.383350372314453
	p dist pair: 	8.293811798095703
	test
	time: 	12.522314071655273
	total loss: 	0.09445223500455693
	cross ent: 	0.08966393613846625
	cluster: 	0.002606860928547879
	separation:	0.002181437937542796
	avg separation:	3.054741938908895
	accu: 		86.66666666666667%
	l1: 		29.383350372314453
	p dist pair: 	8.293811798095703
epoch: 	21
	joint
	train
	time: 	33.053064823150635
	total loss: 	0.03332866595244143
	cross ent: 	0.022757646600959042
	cluster: 	0.005306447416244607
	separation:	0.005264571935237785
	avg separation:	2.819256842136383
	accu: 		94.28571428571428%
	l1: 		29.383350372314453
	p dist pair: 	8.290515899658203
	test
	time: 	12.66510796546936
	total loss: 	0.06257466100826908
	cross ent: 	0.05786561998277951
	cluster: 	0.0024086421937681733
	separation:	0.0023003988317213953
	avg separation:	2.916538206736247
	accu: 		86.66666666666667%
	l1: 		29.383350372314453
	p dist pair: 	8.290515899658203
epoch: 	22
	joint
	train
	time: 	36.676780700683594
	total loss: 	0.025451180959099214
	cross ent: 	0.01732044898746413
	cluster: 	0.0040760757301801015
	separation:	0.004054656241454982
	avg separation:	2.7411732026508875
	accu: 		96.42857142857143%
	l1: 		29.383350372314453
	p dist pair: 	8.285333633422852
	test
	time: 	12.83775520324707
	total loss: 	0.05592775173342849
	cross ent: 	0.05213545662907014
	cluster: 	0.0019004844788772365
	separation:	0.0018918106254811088
	avg separation:	2.9043564478556316
	accu: 		83.33333333333334%
	l1: 		29.383350372314453
	p dist pair: 	8.285333633422852
epoch: 	23
	joint
	train
	time: 	35.18638038635254
	total loss: 	0.02321011713907605
	cross ent: 	0.015667498686837332
	cluster: 	0.0037948871189395763
	separation:	0.0037477313332991407
	avg separation:	2.7199095811162675
	accu: 		97.85714285714285%
	l1: 		29.383350372314453
	p dist pair: 	8.280781745910645
	test
	time: 	12.710273265838623
	total loss: 	0.04273597539340699
	cross ent: 	0.03929883285751809
	cluster: 	0.0016757234504135947
	separation:	0.0017614190854753056
	avg separation:	2.814165131251017
	accu: 		86.66666666666667%
	l1: 		29.383350372314453
	p dist pair: 	8.280781745910645
epoch: 	24
	joint
	train
	time: 	34.88608741760254
	total loss: 	0.021583801670140342
	cross ent: 	0.01438107054900846
	cluster: 	0.0036357389538482364
	separation:	0.003566992167283648
	avg separation:	2.6685956767627173
	accu: 		97.14285714285714%
	l1: 		29.383350372314453
	p dist pair: 	8.276288986206055
	test
	time: 	12.21910548210144
	total loss: 	0.04560322087033531
	cross ent: 	0.042072049131854784
	cluster: 	0.0017619052475007873
	separation:	0.001769266490979741
	avg separation:	2.8158552726109822
	accu: 		86.66666666666667%
	l1: 		29.383350372314453
	p dist pair: 	8.276288986206055
epoch: 	25
	joint
	train
	time: 	34.510720014572144
	total loss: 	0.018524706470582582
	cross ent: 	0.011255836592889474
	cluster: 	0.0036476952697349976
	separation:	0.0036211746079581122
	avg separation:	2.672346695831844
	accu: 		97.85714285714285%
	l1: 		29.383350372314453
	p dist pair: 	8.276093482971191
	test
	time: 	12.473628520965576
	total loss: 	0.04963408441816644
	cross ent: 	0.045996993852219246
	cluster: 	0.0018153720729363462
	separation:	0.0018217184930108487
	avg separation:	2.8311689694722495
	accu: 		83.33333333333334%
	l1: 		29.383350372314453
	p dist pair: 	8.276093482971191
	push
	Executing push ...
	push time: 	68.94860291481018
	test
	time: 	12.915415048599243
	total loss: 	0.09623897843231183
	cross ent: 	0.09131344375601706
	cluster: 	0.002361068754301717
	separation:	0.002564465921993057
	avg separation:	3.266988674799601
	accu: 		73.33333333333333%
	l1: 		29.383350372314453
	p dist pair: 	8.009652137756348
	last layer
iteration: 	0
	train
	time: 	32.22418808937073
	total loss: 	0.026822400809468103
	cross ent: 	0.018533304920356385
	cluster: 	0.004169670538976789
	separation:	0.004119425350134927
	avg separation:	3.175903252192906
	accu: 		97.14285714285714%
	l1: 		29.436521530151367
	p dist pair: 	8.009652137756348
	test
	time: 	12.208706617355347
	total loss: 	0.03859639450015682
	cross ent: 	0.03388931678802578
	cluster: 	0.002281199546996504
	separation:	0.002425878165134539
	avg separation:	3.2445360819498696
	accu: 		86.66666666666667%
	l1: 		29.436521530151367
	p dist pair: 	8.009652137756348
iteration: 	1
	train
	time: 	33.70966410636902
	total loss: 	0.024788772195201352
	cross ent: 	0.016499676306089634
	cluster: 	0.004169670538976789
	separation:	0.004119425350134927
	avg separation:	3.175903252192906
	accu: 		97.14285714285714%
	l1: 		29.47882080078125
	p dist pair: 	8.009652137756348
	test
	time: 	12.20784878730774
	total loss: 	0.03955555888439335
	cross ent: 	0.03462527042335637
	cluster: 	0.00239715736048917
	separation:	0.00253313110054781
	avg separation:	3.2713664293289186
	accu: 		86.66666666666667%
	l1: 		29.47882080078125
	p dist pair: 	8.009652137756348
iteration: 	2
	train
	time: 	32.70923447608948
	total loss: 	0.02484603298003744
	cross ent: 	0.016556937090925723
	cluster: 	0.004169670538976789
	separation:	0.004119425350134927
	avg separation:	3.175903252192906
	accu: 		97.85714285714285%
	l1: 		29.523164749145508
	p dist pair: 	8.009652137756348
	test
	time: 	12.172440528869629
	total loss: 	0.0437198424669532
	cross ent: 	0.03898666871793163
	cluster: 	0.002276372992976879
	separation:	0.002456800756044686
	avg separation:	3.260517223676046
	accu: 		86.66666666666667%
	l1: 		29.523164749145508
	p dist pair: 	8.009652137756348
iteration: 	3
	train
	time: 	32.97744154930115
	total loss: 	0.02480904899286673
	cross ent: 	0.016519953103755012
	cluster: 	0.004169670538976789
	separation:	0.004119425350134927
	avg separation:	3.175903252192906
	accu: 		97.14285714285714%
	l1: 		29.56954002380371
	p dist pair: 	8.009652137756348
	test
	time: 	12.322826862335205
	total loss: 	0.047035785502662485
	cross ent: 	0.04219527137673917
	cluster: 	0.0023616695194505154
	separation:	0.0024788446064728004
	avg separation:	3.2728968302408856
	accu: 		86.66666666666667%
	l1: 		29.56954002380371
	p dist pair: 	8.009652137756348
iteration: 	4
	train
	time: 	31.98924469947815
	total loss: 	0.024480157830859234
	cross ent: 	0.01619106194174752
	cluster: 	0.004169670538976789
	separation:	0.004119425350134927
	avg separation:	3.175903252192906
	accu: 		97.14285714285714%
	l1: 		29.616344451904297
	p dist pair: 	8.009652137756348
	test
	time: 	12.139094114303589
	total loss: 	0.04188549101998357
	cross ent: 	0.03698174486039155
	cluster: 	0.002325372176710516
	separation:	0.0025783739828815063
	avg separation:	3.2569772322972614
	accu: 		86.66666666666667%
	l1: 		29.616344451904297
	p dist pair: 	8.009652137756348
iteration: 	5
	train
	time: 	33.09324884414673
	total loss: 	0.024534269365286885
	cross ent: 	0.016245173476175167
	cluster: 	0.004169670538976789
	separation:	0.004119425350134927
	avg separation:	3.175903252192906
	accu: 		97.85714285714285%
	l1: 		29.666336059570312
	p dist pair: 	8.009652137756348
	test
	time: 	12.456198930740356
	total loss: 	0.04736432604023744
	cross ent: 	0.04284885927101154
	cluster: 	0.002173107226068775
	separation:	0.0023423595431571204
	avg separation:	3.193336264292399
	accu: 		86.66666666666667%
	l1: 		29.666336059570312
	p dist pair: 	8.009652137756348
iteration: 	6
	train
	time: 	32.19301891326904
	total loss: 	0.024491918133799122
	cross ent: 	0.016202822244687404
	cluster: 	0.004169670538976789
	separation:	0.004119425350134927
	avg separation:	3.175903252192906
	accu: 		97.14285714285714%
	l1: 		29.71961212158203
	p dist pair: 	8.009652137756348
	test
	time: 	12.005985975265503
	total loss: 	0.033999858033970064
	cross ent: 	0.0293271577799563
	cluster: 	0.0022450251562986523
	separation:	0.0024276750977151097
	avg separation:	3.2568249464035035
	accu: 		86.66666666666667%
	l1: 		29.71961212158203
	p dist pair: 	8.009652137756348
iteration: 	7
	train
	time: 	33.35025358200073
	total loss: 	0.024166808308206913
	cross ent: 	0.015877712419095198
	cluster: 	0.004169670538976789
	separation:	0.004119425350134927
	avg separation:	3.175903252192906
	accu: 		98.57142857142858%
	l1: 		29.771867752075195
	p dist pair: 	8.009652137756348
	test
	time: 	12.809128284454346
	total loss: 	0.05691335328190045
	cross ent: 	0.05217970180514347
	cluster: 	0.0022837187124726674
	separation:	0.0024499327642843126
	avg separation:	3.269915064175924
	accu: 		80.0%
	l1: 		29.771867752075195
	p dist pair: 	8.009652137756348
iteration: 	8
	train
	time: 	34.075369358062744
	total loss: 	0.02407045494166726
	cross ent: 	0.01578135905255554
	cluster: 	0.004169670538976789
	separation:	0.004119425350134927
	avg separation:	3.175903252192906
	accu: 		97.85714285714285%
	l1: 		29.828655242919922
	p dist pair: 	8.009652137756348
	test
	time: 	12.356818199157715
	total loss: 	0.04510542423355375
	cross ent: 	0.039677436751931104
	cluster: 	0.0026555118965916336
	separation:	0.0027724755850310127
	avg separation:	3.3205477476119993
	accu: 		83.33333333333334%
	l1: 		29.828655242919922
	p dist pair: 	8.009652137756348
iteration: 	9
	train
	time: 	29.684249877929688
	total loss: 	0.02402343580493575
	cross ent: 	0.01573433991582403
	cluster: 	0.004169670538976789
	separation:	0.004119425350134927
	avg separation:	3.175903252192906
	accu: 		97.85714285714285%
	l1: 		29.885066986083984
	p dist pair: 	8.009652137756348
	test
	time: 	12.664743661880493
	total loss: 	0.05260486519391066
	cross ent: 	0.047924628753293064
	cluster: 	0.002323822626688828
	separation:	0.0023564138139287633
	avg separation:	3.2832373857498167
	accu: 		80.0%
	l1: 		29.885066986083984
	p dist pair: 	8.009652137756348
epoch: 	26
	joint
	train
	time: 	33.87879419326782
	total loss: 	0.024011635105365973
	cross ent: 	0.015931361953003684
	cluster: 	0.004083897247411577
	separation:	0.003996375904950712
	avg separation:	3.162914802346911
	accu: 		98.57142857142858%
	l1: 		29.885066986083984
	p dist pair: 	8.010058403015137
	test
	time: 	12.779600143432617
	total loss: 	0.04287819125419503
	cross ent: 	0.03846584558449706
	cluster: 	0.002138558002964904
	separation:	0.002273787666733066
	avg separation:	3.2114720265070598
	accu: 		86.66666666666667%
	l1: 		29.885066986083984
	p dist pair: 	8.010058403015137
epoch: 	27
	joint
	train
	time: 	36.54565453529358
	total loss: 	0.02223874698448266
	cross ent: 	0.01444808653877122
	cluster: 	0.003966467996360734
	separation:	0.0038241924493507082
	avg separation:	3.1391762631280082
	accu: 		98.57142857142858%
	l1: 		29.885066986083984
	p dist pair: 	8.010375022888184
	test
	time: 	12.52250051498413
	total loss: 	0.03737926889647838
	cross ent: 	0.03325113257364478
	cluster: 	0.0019682231087548036
	separation:	0.002159913214078794
	avg separation:	3.181167229016622
	accu: 		83.33333333333334%
	l1: 		29.885066986083984
	p dist pair: 	8.010375022888184
epoch: 	28
	joint
	train
	time: 	37.404128551483154
	total loss: 	0.021764983714771396
	cross ent: 	0.014137737526006536
	cluster: 	0.0038875777365839376
	separation:	0.003739668452180922
	avg separation:	3.122106143406459
	accu: 		97.85714285714285%
	l1: 		29.885066986083984
	p dist pair: 	8.010130882263184
	test
	time: 	13.251009464263916
	total loss: 	0.020948320831753027
	cross ent: 	0.01703637755790138
	cluster: 	0.0017494962414881835
	separation:	0.0021624470323634644
	avg separation:	3.181215596199036
	accu: 		93.33333333333333%
	l1: 		29.885066986083984
	p dist pair: 	8.010130882263184
	above 90.00%
epoch: 	29
	joint
	train
	time: 	36.46746230125427
	total loss: 	0.02019418825705413
	cross ent: 	0.01271723335902217
	cluster: 	0.003816222264764032
	separation:	0.0036607326332679284
	avg separation:	3.1068634373801096
	accu: 		98.57142857142858%
	l1: 		29.885066986083984
	p dist pair: 	8.010400772094727
	test
	time: 	13.145026445388794
	total loss: 	0.04869677482288518
	cross ent: 	0.0447381544357557
	cluster: 	0.0018561953795142472
	separation:	0.0021024250076152385
	avg separation:	3.167772420247396
	accu: 		83.33333333333334%
	l1: 		29.885066986083984
	p dist pair: 	8.010400772094727
epoch: 	30
	joint
	train
	time: 	38.51646184921265
	total loss: 	0.01934846880086038
	cross ent: 	0.011926381621463276
	cluster: 	0.003784318931034899
	separation:	0.0036377682483622006
	avg separation:	3.0972037264278955
	accu: 		98.57142857142858%
	l1: 		29.885066986083984
	p dist pair: 	8.010324478149414
	test
	time: 	14.609121799468994
	total loss: 	0.03445488629539542
	cross ent: 	0.030587717539814433
	cluster: 	0.001782344727932165
	separation:	0.0020848240276488167
	avg separation:	3.185310959815979
	accu: 		86.66666666666667%
	l1: 		29.885066986083984
	p dist pair: 	8.010324478149414
	push
	Executing push ...
	push time: 	77.87518501281738
	test
	time: 	13.301093816757202
	total loss: 	0.042668923763055006
	cross ent: 	0.03773455232952377
	cluster: 	0.0024046068972287077
	separation:	0.0025297645363025366
	avg separation:	3.2995096604029337
	accu: 		86.66666666666667%
	l1: 		29.885066986083984
	p dist pair: 	7.821486949920654
	last layer
iteration: 	0
	train
	time: 	34.75491213798523
	total loss: 	0.025085003633778667
	cross ent: 	0.016835369625057085
	cluster: 	0.004143156187741884
	separation:	0.004106477820979697
	avg separation:	3.21377705846514
	accu: 		96.42857142857143%
	l1: 		29.947751998901367
	p dist pair: 	7.821486949920654
	test
	time: 	13.907131433486938
	total loss: 	0.03525013237757169
	cross ent: 	0.029738246042127988
	cluster: 	0.002682397588311384
	separation:	0.002829488747132321
	avg separation:	3.3136614561080933
	accu: 		90.0%
	l1: 		29.947751998901367
	p dist pair: 	7.821486949920654
	above 90.00%
iteration: 	1
	train
	time: 	35.20368766784668
	total loss: 	0.024960579371236236
	cross ent: 	0.016710945362514655
	cluster: 	0.004143156187741884
	separation:	0.004106477820979697
	avg separation:	3.21377705846514
	accu: 		97.85714285714285%
	l1: 		30.01361656188965
	p dist pair: 	7.821486949920654
	test
	time: 	12.815931558609009
	total loss: 	0.038231005456445165
	cross ent: 	0.03270995195379858
	cluster: 	0.002683317296517392
	separation:	0.002837736206129193
	avg separation:	3.3443888346354167
	accu: 		86.66666666666667%
	l1: 		30.01361656188965
	p dist pair: 	7.821486949920654
iteration: 	2
	train
	time: 	36.27953839302063
	total loss: 	0.024598127461695186
	cross ent: 	0.016348493452973605
	cluster: 	0.004143156187741884
	separation:	0.004106477820979697
	avg separation:	3.21377705846514
	accu: 		97.85714285714285%
	l1: 		30.078935623168945
	p dist pair: 	7.821486949920654
	test
	time: 	14.557291746139526
	total loss: 	0.04953744681005692
	cross ent: 	0.04485990684321166
	cluster: 	0.0022547896408165497
	separation:	0.0024227503260287144
	avg separation:	3.296667702992757
	accu: 		83.33333333333334%
	l1: 		30.078935623168945
	p dist pair: 	7.821486949920654
iteration: 	3
	train
	time: 	36.365883350372314
	total loss: 	0.02444828502276063
	cross ent: 	0.01619865101403905
	cluster: 	0.004143156187741884
	separation:	0.004106477820979697
	avg separation:	3.21377705846514
	accu: 		97.14285714285714%
	l1: 		30.14327621459961
	p dist pair: 	7.821486949920654
	test
	time: 	12.986874103546143
	total loss: 	0.048882718365280194
	cross ent: 	0.043036044645540034
	cluster: 	0.0028191478573717176
	separation:	0.0030275258623684445
	avg separation:	3.3480408668518065
	accu: 		83.33333333333334%
	l1: 		30.14327621459961
	p dist pair: 	7.821486949920654
iteration: 	4
	train
	time: 	35.76359510421753
	total loss: 	0.02442175433589
	cross ent: 	0.01617212032716842
	cluster: 	0.004143156187741884
	separation:	0.004106477820979697
	avg separation:	3.21377705846514
	accu: 		98.57142857142858%
	l1: 		30.214256286621094
	p dist pair: 	7.821486949920654
	test
	time: 	12.779230117797852
	total loss: 	0.035971966735385524
	cross ent: 	0.031648515749167196
	cluster: 	0.002106514121017729
	separation:	0.002216936865200599
	avg separation:	3.3131740649541217
	accu: 		86.66666666666667%
	l1: 		30.214256286621094
	p dist pair: 	7.821486949920654
iteration: 	5
	train
	time: 	35.723185300827026
	total loss: 	0.02410242690591206
	cross ent: 	0.01585279289719048
	cluster: 	0.004143156187741884
	separation:	0.004106477820979697
	avg separation:	3.21377705846514
	accu: 		98.57142857142858%
	l1: 		30.282398223876953
	p dist pair: 	7.821486949920654
	test
	time: 	13.609236240386963
	total loss: 	0.04379620952300248
	cross ent: 	0.039148379652386704
	cluster: 	0.002293737308355048
	separation:	0.002354092562260727
	avg separation:	3.304279891649882
	accu: 		83.33333333333334%
	l1: 		30.282398223876953
	p dist pair: 	7.821486949920654
iteration: 	6
	train
	time: 	32.383607149124146
	total loss: 	0.024117244197168475
	cross ent: 	0.015867610188446894
	cluster: 	0.004143156187741884
	separation:	0.004106477820979697
	avg separation:	3.21377705846514
	accu: 		98.57142857142858%
	l1: 		30.349895477294922
	p dist pair: 	7.821486949920654
	test
	time: 	12.77261996269226
	total loss: 	0.032938321238923624
	cross ent: 	0.028442201072191628
	cluster: 	0.0021612013476745534
	separation:	0.0023349188190574448
	avg separation:	3.2493598222732545
	accu: 		86.66666666666667%
	l1: 		30.349895477294922
	p dist pair: 	7.821486949920654
iteration: 	7
	train
	time: 	34.685041427612305
	total loss: 	0.02380194182757935
	cross ent: 	0.015552307818857766
	cluster: 	0.004143156187741884
	separation:	0.004106477820979697
	avg separation:	3.21377705846514
	accu: 		97.85714285714285%
	l1: 		30.419126510620117
	p dist pair: 	7.821486949920654
	test
	time: 	12.694211959838867
	total loss: 	0.03846045116365152
	cross ent: 	0.03382421666460308
	cluster: 	0.0022892863489687443
	separation:	0.0023469481500796975
	avg separation:	3.2768696626027425
	accu: 		86.66666666666667%
	l1: 		30.419126510620117
	p dist pair: 	7.821486949920654
iteration: 	8
	train
	time: 	33.23950123786926
	total loss: 	0.02368608843860654
	cross ent: 	0.015436454429884958
	cluster: 	0.004143156187741884
	separation:	0.004106477820979697
	avg separation:	3.21377705846514
	accu: 		98.57142857142858%
	l1: 		30.491661071777344
	p dist pair: 	7.821486949920654
	test
	time: 	12.954036712646484
	total loss: 	0.03495687549779708
	cross ent: 	0.030363897358389142
	cluster: 	0.0022426456795074045
	separation:	0.0023503324599005284
	avg separation:	3.2557677110036214
	accu: 		90.0%
	l1: 		30.491661071777344
	p dist pair: 	7.821486949920654
	above 90.00%
iteration: 	9
	train
	time: 	34.72859859466553
	total loss: 	0.023167863100161414
	cross ent: 	0.014918229091439831
	cluster: 	0.004143156187741884
	separation:	0.004106477820979697
	avg separation:	3.21377705846514
	accu: 		98.57142857142858%
	l1: 		30.5646915435791
	p dist pair: 	7.821486949920654
	test
	time: 	12.394785642623901
	total loss: 	0.046745419234921926
	cross ent: 	0.04196360054623002
	cluster: 	0.0023416498171476025
	separation:	0.0024401688715443015
	avg separation:	3.3088791211446127
	accu: 		86.66666666666667%
	l1: 		30.5646915435791
	p dist pair: 	7.821486949920654
epoch: 	31
	joint
	train
	time: 	37.9814076423645
	total loss: 	0.022209367912991444
	cross ent: 	0.014008276669538385
	cluster: 	0.0041303677118516395
	separation:	0.004070723531601418
	avg separation:	3.2131119847297667
	accu: 		98.57142857142858%
	l1: 		30.5646915435791
	p dist pair: 	7.821474552154541
	test
	time: 	12.33112096786499
	total loss: 	0.030118174492588422
	cross ent: 	0.024852108321514757
	cluster: 	0.002505707791230331
	separation:	0.0027603583798433344
	avg separation:	3.297391684850057
	accu: 		93.33333333333333%
	l1: 		30.5646915435791
	p dist pair: 	7.821474552154541
	above 90.00%
epoch: 	32
	joint
	train
	time: 	34.39356207847595
	total loss: 	0.022410950097238518
	cross ent: 	0.014258956275697138
	cluster: 	0.004111990232818893
	separation:	0.004040003588722487
	avg separation:	3.2105280552591595
	accu: 		98.57142857142858%
	l1: 		30.5646915435791
	p dist pair: 	7.821560859680176
	test
	time: 	12.07841444015503
	total loss: 	0.04847551184209796
	cross ent: 	0.04377822816845451
	cluster: 	0.0022506933795132986
	separation:	0.0024465902941301467
	avg separation:	3.2681042989095053
	accu: 		86.66666666666667%
	l1: 		30.5646915435791
	p dist pair: 	7.821560859680176
epoch: 	33
	joint
	train
	time: 	34.19896626472473
	total loss: 	0.02173412208219036
	cross ent: 	0.013627516117477562
	cluster: 	0.004081815787191902
	separation:	0.004024790177520897
	avg separation:	3.206368427617209
	accu: 		98.57142857142858%
	l1: 		30.5646915435791
	p dist pair: 	7.821584701538086
	test
	time: 	12.58311152458191
	total loss: 	0.03874044701758769
	cross ent: 	0.034099486461986454
	cluster: 	0.0022404543376372504
	separation:	0.0024005062179639934
	avg separation:	3.283410104115804
	accu: 		86.66666666666667%
	l1: 		30.5646915435791
	p dist pair: 	7.821584701538086
epoch: 	34
	joint
	train
	time: 	33.99016499519348
	total loss: 	0.02198844955504293
	cross ent: 	0.013975640546849327
	cluster: 	0.004043894930509851
	separation:	0.003968914077683751
	avg separation:	3.203910642010825
	accu: 		98.57142857142858%
	l1: 		30.5646915435791
	p dist pair: 	7.821638107299805
	test
	time: 	12.17348051071167
	total loss: 	0.03186970770983446
	cross ent: 	0.027340390873952933
	cluster: 	0.0021475440938957036
	separation:	0.0023817727419858177
	avg separation:	3.2425711949666343
	accu: 		86.66666666666667%
	l1: 		30.5646915435791
	p dist pair: 	7.821638107299805
epoch: 	35
	joint
	train
	time: 	36.30331540107727
	total loss: 	0.022049401275093517
	cross ent: 	0.014106375519863183
	cluster: 	0.0040118953928218355
	separation:	0.003931130362408501
	avg separation:	3.2016768762043544
	accu: 		98.57142857142858%
	l1: 		30.5646915435791
	p dist pair: 	7.8216376304626465
	test
	time: 	12.282706260681152
	total loss: 	0.03694579107054352
	cross ent: 	0.03265563913298924
	cluster: 	0.0020540359662845733
	separation:	0.002236115971269707
	avg separation:	3.2579713662465415
	accu: 		86.66666666666667%
	l1: 		30.5646915435791
	p dist pair: 	7.8216376304626465
	push
	Executing push ...
	push time: 	67.54581618309021
	test
	time: 	12.364314556121826
	total loss: 	0.02262245625912177
	cross ent: 	0.017351227790300072
	cluster: 	0.002493150574931254
	separation:	0.0027780778938904403
	avg separation:	3.25813471476237
	accu: 		93.33333333333333%
	l1: 		30.5646915435791
	p dist pair: 	7.784939765930176
	above 90.00%
	last layer
iteration: 	0
	train
	time: 	31.61026668548584
	total loss: 	0.0319602522162575
	cross ent: 	0.022708155688269675
	cluster: 	0.004585398572297501
	separation:	0.004666697955690325
	avg separation:	3.1930724450520107
	accu: 		92.14285714285714%
	l1: 		30.64116668701172
	p dist pair: 	7.784939765930176
	test
	time: 	12.172014951705933
	total loss: 	0.025380672901538524
	cross ent: 	0.01810465641612685
	cluster: 	0.003407657010635982
	separation:	0.003868359474775692
	avg separation:	3.343452787399292
	accu: 		93.33333333333333%
	l1: 		30.64116668701172
	p dist pair: 	7.784939765930176
	above 90.00%
iteration: 	1
	train
	time: 	34.51231789588928
	total loss: 	0.030789361807210626
	cross ent: 	0.021537265279222798
	cluster: 	0.004585398572297501
	separation:	0.004666697955690325
	avg separation:	3.1930724450520107
	accu: 		93.57142857142857%
	l1: 		30.720746994018555
	p dist pair: 	7.784939765930176
	test
	time: 	12.332508325576782
	total loss: 	0.022013137349717722
	cross ent: 	0.01594564584069739
	cluster: 	0.0028585776841888824
	separation:	0.003208913824831446
	avg separation:	3.294679880142212
	accu: 		96.66666666666667%
	l1: 		30.720746994018555
	p dist pair: 	7.784939765930176
	above 90.00%
iteration: 	2
	train
	time: 	32.719111919403076
	total loss: 	0.03098206853540516
	cross ent: 	0.02172997200741733
	cluster: 	0.004585398572297501
	separation:	0.004666697955690325
	avg separation:	3.1930724450520107
	accu: 		93.57142857142857%
	l1: 		30.796140670776367
	p dist pair: 	7.784939765930176
	test
	time: 	12.384099960327148
	total loss: 	0.030663790116385786
	cross ent: 	0.025066033270664433
	cluster: 	0.0026469548504489166
	separation:	0.0029508019952724377
	avg separation:	3.265630674362183
	accu: 		93.33333333333333%
	l1: 		30.796140670776367
	p dist pair: 	7.784939765930176
	above 90.00%
iteration: 	3
	train
	time: 	32.169495582580566
	total loss: 	0.029482658863249106
	cross ent: 	0.020230562335261278
	cluster: 	0.004585398572297501
	separation:	0.004666697955690325
	avg separation:	3.1930724450520107
	accu: 		95.0%
	l1: 		30.878780364990234
	p dist pair: 	7.784939765930176
	test
	time: 	12.434094905853271
	total loss: 	0.03958831769686787
	cross ent: 	0.0311495613023574
	cluster: 	0.003986970265395939
	separation:	0.004451786129114528
	avg separation:	3.296422592798869
	accu: 		90.0%
	l1: 		30.878780364990234
	p dist pair: 	7.784939765930176
	above 90.00%
iteration: 	4
	train
	time: 	33.131428241729736
	total loss: 	0.029008430553140535
	cross ent: 	0.01975633402515271
	cluster: 	0.004585398572297501
	separation:	0.004666697955690325
	avg separation:	3.1930724450520107
	accu: 		95.0%
	l1: 		30.943859100341797
	p dist pair: 	7.784939765930176
	test
	time: 	11.764710187911987
	total loss: 	0.021554979168567457
	cross ent: 	0.016222705170890587
	cluster: 	0.0025603699032217264
	separation:	0.002771904094455143
	avg separation:	3.2951285600662232
	accu: 		96.66666666666667%
	l1: 		30.943859100341797
	p dist pair: 	7.784939765930176
	above 90.00%
iteration: 	5
	train
	time: 	30.57854175567627
	total loss: 	0.031014861776287414
	cross ent: 	0.021762765248299586
	cluster: 	0.004585398572297501
	separation:	0.004666697955690325
	avg separation:	3.1930724450520107
	accu: 		92.14285714285714%
	l1: 		31.010446548461914
	p dist pair: 	7.784939765930176
	test
	time: 	12.013779163360596
	total loss: 	0.031216503030521044
	cross ent: 	0.025953047670945396
	cluster: 	0.0025381506537087263
	separation:	0.002725304705866923
	avg separation:	3.249530378977458
	accu: 		93.33333333333333%
	l1: 		31.010446548461914
	p dist pair: 	7.784939765930176
	above 90.00%
iteration: 	6
	train
	time: 	31.91677713394165
	total loss: 	0.02921458865840612
	cross ent: 	0.019962492130418293
	cluster: 	0.004585398572297501
	separation:	0.004666697955690325
	avg separation:	3.1930724450520107
	accu: 		94.28571428571428%
	l1: 		31.075115203857422
	p dist pair: 	7.784939765930176
	test
	time: 	12.384995222091675
	total loss: 	0.03952833064230309
	cross ent: 	0.03205545537037925
	cluster: 	0.0036301348125562074
	separation:	0.0038427404593676328
	avg separation:	3.2983328978220623
	accu: 		90.0%
	l1: 		31.075115203857422
	p dist pair: 	7.784939765930176
	above 90.00%
iteration: 	7
	train
	time: 	33.168925046920776
	total loss: 	0.029267938274039347
	cross ent: 	0.020015841746051522
	cluster: 	0.004585398572297501
	separation:	0.004666697955690325
	avg separation:	3.1930724450520107
	accu: 		95.71428571428572%
	l1: 		31.134265899658203
	p dist pair: 	7.784939765930176
	test
	time: 	12.25252914428711
	total loss: 	0.023273012814451495
	cross ent: 	0.01669989889894102
	cluster: 	0.003085736969175438
	separation:	0.0034873769463350376
	avg separation:	3.278510046005249
	accu: 		93.33333333333333%
	l1: 		31.134265899658203
	p dist pair: 	7.784939765930176
	above 90.00%
iteration: 	8
	train
	time: 	32.70113444328308
	total loss: 	0.02894004034625084
	cross ent: 	0.019687943818263016
	cluster: 	0.004585398572297501
	separation:	0.004666697955690325
	avg separation:	3.1930724450520107
	accu: 		92.85714285714286%
	l1: 		31.19449806213379
	p dist pair: 	7.784939765930176
	test
	time: 	12.150862693786621
	total loss: 	0.03432591806810367
	cross ent: 	0.028641949440588732
	cluster: 	0.0027276582783088087
	separation:	0.00295631034920613
	avg separation:	3.2809110085169473
	accu: 		86.66666666666667%
	l1: 		31.19449806213379
	p dist pair: 	7.784939765930176
iteration: 	9
	train
	time: 	31.524059295654297
	total loss: 	0.028767244497535517
	cross ent: 	0.019515147969547692
	cluster: 	0.004585398572297501
	separation:	0.004666697955690325
	avg separation:	3.1930724450520107
	accu: 		93.57142857142857%
	l1: 		31.2551326751709
	p dist pair: 	7.784939765930176
	test
	time: 	12.382211685180664
	total loss: 	0.03349008415974595
	cross ent: 	0.028242142282673893
	cluster: 	0.002489508672927817
	separation:	0.0027584332041442395
	avg separation:	3.260225796699524
	accu: 		90.0%
	l1: 		31.2551326751709
	p dist pair: 	7.784939765930176
	above 90.00%
