seed: 323872600515000
training set size: 1000
push set size: 1000
test set size: 1000
batch size: 1
start training
epoch: 	0
	warm
	train
seed: 324021009863400
training set size: 1000
push set size: 1000
test set size: 1000
batch size: 1
start training
epoch: 	0
	warm
	train
	time: 	32.71803259849548
	total loss: 	12.884123304815033
	cross ent: 	0.09876658997032792
	cluster: 	6.396000554889441
	separation:	6.3893561599552635
	avg separation:	166.3464423751831
	accu: 		47.3%
	l1: 		30.0
	p dist pair: 	343.34649658203125
	test
	time: 	25.804263830184937
	total loss: 	1.6093406082354487
	cross ent: 	0.09599425473436714
	cluster: 	0.7588785583674907
	separation:	0.7544677951335907
	avg separation:	180.91566766357423
	accu: 		46.6%
	l1: 		30.0
	p dist pair: 	343.34649658203125
epoch: 	1
	warm
	train
	time: 	30.98874592781067
	total loss: 	2.4511801353001506
	cross ent: 	0.11945797528862022
	cluster: 	1.1631013965010644
	separation:	1.1686207635104657
	avg separation:	197.90407075500488
	accu: 		51.300000000000004%
	l1: 		30.0
	p dist pair: 	382.6285095214844
	test
	time: 	25.252301931381226
	total loss: 	1.5202776870121015
	cross ent: 	0.19635494042828214
	cluster: 	0.6603462603986263
	separation:	0.663576486185193
	avg separation:	199.87192485046387
	accu: 		50.0%
	l1: 		30.0
	p dist pair: 	382.6285095214844
epoch: 	2
	warm
	train
	time: 	30.499819040298462
	total loss: 	1.2363084812029848
	cross ent: 	0.13198103994276608
	cluster: 	0.5389552839696408
	separation:	0.5653721572905779
	avg separation:	206.6836474304199
	accu: 		52.300000000000004%
	l1: 		30.0
	p dist pair: 	360.662109375
	test
	time: 	25.27031707763672
	total loss: 	0.6505218104724773
	cross ent: 	0.12670635530399157
	cluster: 	0.2599576090425253
	separation:	0.26385784612596036
	avg separation:	188.95372290039063
	accu: 		49.0%
	l1: 		30.0
	p dist pair: 	360.662109375
epoch: 	3
	warm
	train
	time: 	30.818968296051025
	total loss: 	1.2472864943486348
	cross ent: 	0.1491097137448087
	cluster: 	0.5307373279705644
	separation:	0.5674394526332617
	avg separation:	198.77064936828614
	accu: 		51.800000000000004%
	l1: 		30.0
	p dist pair: 	337.9086608886719
	test
	time: 	25.427648067474365
	total loss: 	1.0331420993208886
	cross ent: 	0.1379190003722906
	cluster: 	0.43765730382502077
	separation:	0.4575657951235771
	avg separation:	176.07687437438966
	accu: 		50.0%
	l1: 		30.0
	p dist pair: 	337.9086608886719
epoch: 	4
	warm
	train
	time: 	30.861929178237915
	total loss: 	1.115382504858465
	cross ent: 	0.1670550741184661
	cluster: 	0.45389939814060926
	separation:	0.49442803259938956
	avg separation:	188.05244702911378
	accu: 		52.6%
	l1: 		30.0
	p dist pair: 	276.2406311035156
	test
	time: 	25.336180448532104
	total loss: 	1.7714782635539303
	cross ent: 	0.205003058251692
	cluster: 	0.7827648249864578
	separation:	0.7837103803157807
	avg separation:	140.00431108856202
	accu: 		50.0%
	l1: 		30.0
	p dist pair: 	276.2406311035156
epoch: 	5
	warm
	train
	time: 	31.937591791152954
	total loss: 	0.8612934267449528
	cross ent: 	0.1596843644830733
	cluster: 	0.3239719553142786
	separation:	0.37763710694760083
	avg separation:	145.10535915756225
	accu: 		55.50000000000001%
	l1: 		30.0
	p dist pair: 	281.49591064453125
	test
	time: 	25.847725868225098
	total loss: 	0.7303332878814399
	cross ent: 	0.3133698846788466
	cluster: 	0.2072151911072433
	separation:	0.20974821209535002
	avg separation:	144.72584144973754
	accu: 		50.0%
	l1: 		30.0
	p dist pair: 	281.49591064453125
epoch: 	6
	warm
	train
	time: 	31.595548391342163
	total loss: 	1.020917244300981
	cross ent: 	0.16179864864869886
	cluster: 	0.39233358682319525
	separation:	0.466785008829087
	avg separation:	148.1040618057251
	accu: 		55.50000000000001%
	l1: 		30.0
	p dist pair: 	296.2737121582031
	test
	time: 	25.12796664237976
	total loss: 	0.7681466803074581
	cross ent: 	0.17144558097131085
	cluster: 	0.2972960524260998
	separation:	0.29940504691004755
	avg separation:	155.91618950653077
	accu: 		50.0%
	l1: 		30.0
	p dist pair: 	296.2737121582031
epoch: 	7
	warm
	train
	time: 	30.929829120635986
	total loss: 	0.7711557376549317
	cross ent: 	0.14810877313993115
	cluster: 	0.27323881127685307
	separation:	0.3498081532381475
	avg separation:	157.92660639953613
	accu: 		56.8%
	l1: 		30.0
	p dist pair: 	305.01348876953125
	test
	time: 	25.319873571395874
	total loss: 	0.5764644505740143
	cross ent: 	0.1986185573027469
	cluster: 	0.1900758030936122
	separation:	0.18777009017765522
	avg separation:	160.17295149230958
	accu: 		50.0%
	l1: 		30.0
	p dist pair: 	305.01348876953125
epoch: 	8
	warm
	train
	time: 	30.74468159675598
	total loss: 	0.894342530548196
	cross ent: 	0.15379684504456417
	cluster: 	0.31585564620047807
	separation:	0.42469003930315374
	avg separation:	163.65191786193847
	accu: 		58.699999999999996%
	l1: 		30.0
	p dist pair: 	318.4414367675781
	test
	time: 	25.380053520202637
	total loss: 	0.9602832157406956
	cross ent: 	0.10322574944235384
	cluster: 	0.4299554502218962
	separation:	0.4271020160764456
	avg separation:	162.6621890182495
	accu: 		51.0%
	l1: 		30.0
	p dist pair: 	318.4414367675781
epoch: 	9
	warm
	train
	time: 	31.392070293426514
	total loss: 	1.300993155703487
	cross ent: 	0.15289005109907886
	cluster: 	0.5190101576894521
	separation:	0.629092946914956
	avg separation:	174.35469229888915
	accu: 		58.3%
	l1: 		30.0
	p dist pair: 	294.3263854980469
	test
	time: 	25.32634925842285
	total loss: 	0.9260026793405414
	cross ent: 	0.08960799538344145
	cluster: 	0.4167141209244728
	separation:	0.41968056303262713
	avg separation:	168.63971887207032
	accu: 		51.0%
	l1: 		30.0
	p dist pair: 	294.3263854980469
epoch: 	10
	joint
	train
	time: 	81.23580598831177
	total loss: 	7.352872094957537
	cross ent: 	0.1611170384850411
	cluster: 	3.3445412979181857
	separation:	3.8472137585543096
	avg separation:	135.30009079933166
	accu: 		53.5%
	l1: 		30.0
	p dist pair: 	180.58656311035156
	test
	time: 	25.57471513748169
	total loss: 	0.28937717563286425
	cross ent: 	0.08893719477578997
	cluster: 	0.10030937393009663
	separation:	0.10013060692697763
	avg separation:	99.3585337638855
	accu: 		50.0%
	l1: 		30.0
	p dist pair: 	180.58656311035156
epoch: 	11
	joint
	train
	time: 	81.50590014457703
	total loss: 	0.3089291286545486
	cross ent: 	0.14451480026567878
	cluster: 	0.08337205063551664
	separation:	0.08104227775335313
	avg separation:	99.9443121509552
	accu: 		50.9%
	l1: 		30.0
	p dist pair: 	177.5625457763672
	test
	time: 	25.582326889038086
	total loss: 	0.1763820624500513
	cross ent: 	0.10243414586037397
	cluster: 	0.03697425151988864
	separation:	0.03697366506978869
	avg separation:	96.48956260681152
	accu: 		50.0%
	l1: 		30.0
	p dist pair: 	177.5625457763672
epoch: 	12
	joint
	train
	time: 	81.32281851768494
	total loss: 	0.23121767041267594
	cross ent: 	0.12744049234123667
	cluster: 	0.052658781172707676
	separation:	0.05111839689873159
	avg separation:	94.79316872406005
	accu: 		49.3%
