training set size: 140
push set size: 140
test set size: 30
batch size: 1
start training
epoch: 	0
	warm
	train
	time: 	24.338390350341797
	cross ent: 	0.7019777428890978
	cluster: 	5.114786270686558
	separation:	4.396997381533895
	avg separation:	40.16402506147112
	accu: 		50.71428571428571%
	l1: 		15.0
	p dist pair: 	72.55821228027344
	test
	time: 	8.328046560287476
	cross ent: 	0.9758850807944933
	cluster: 	2.532288725177447
	separation:	1.5855112592379252
	avg separation:	44.9726203918457
	accu: 		36.666666666666664%
	l1: 		15.0
	p dist pair: 	72.55821228027344
epoch: 	1
	warm
	train
	time: 	22.003470420837402
	cross ent: 	0.7269152193729367
	cluster: 	0.8336315574390548
	separation:	1.029444045573473
	avg separation:	37.160386603219166
	accu: 		52.85714285714286%
	l1: 		15.0
	p dist pair: 	72.30239868164062
	test
	time: 	8.37916111946106
	cross ent: 	0.9582791775465012
	cluster: 	0.5930583084623019
	separation:	0.45656519184509914
	avg separation:	35.700492731730144
	accu: 		36.666666666666664%
	l1: 		15.0
	p dist pair: 	72.30239868164062
epoch: 	2
	warm
	train
	time: 	22.505133390426636
	cross ent: 	0.7346640348434448
	cluster: 	0.7774223311671189
	separation:	1.0296670032399042
	avg separation:	37.783717836652485
	accu: 		57.85714285714286%
	l1: 		15.0
	p dist pair: 	71.42982482910156
	test
	time: 	8.335829496383667
	cross ent: 	0.7177470842997233
	cluster: 	1.1927671571572622
	separation:	1.0658870061238608
	avg separation:	46.7223695119222
	accu: 		53.333333333333336%
	l1: 		15.0
	p dist pair: 	71.42982482910156
epoch: 	3
	warm
	train
	time: 	22.0621976852417
	cross ent: 	0.7705370754003524
	cluster: 	0.667544032313994
	separation:	0.7481219009097133
	avg separation:	38.35923598153251
	accu: 		57.85714285714286%
	l1: 		15.0
	p dist pair: 	71.85615539550781
	test
	time: 	8.768567323684692
	cross ent: 	0.6975670695304871
	cluster: 	0.5257445921500524
	separation:	0.6480210433403651
	avg separation:	34.440273412068684
	accu: 		63.33333333333333%
	l1: 		15.0
	p dist pair: 	71.85615539550781
epoch: 	4
	warm
	train
	time: 	23.148412704467773
	cross ent: 	0.812808986833053
	cluster: 	0.6761779554188252
	separation:	0.6879523169781481
	avg separation:	37.96029761178153
	accu: 		51.42857142857142%
	l1: 		15.0
	p dist pair: 	72.60163116455078
	test
	time: 	8.481878280639648
	cross ent: 	0.7769623264670372
	cluster: 	0.8025673588116964
	separation:	1.2475448489189147
	avg separation:	39.20994656880696
	accu: 		63.33333333333333%
	l1: 		15.0
	p dist pair: 	72.60163116455078
epoch: 	5
	joint
	train
	time: 	23.082034826278687
	cross ent: 	0.7996797875634262
	cluster: 	0.9039755880832672
	separation:	0.8909410741712366
	avg separation:	36.14315121514456
	accu: 		53.57142857142857%
	l1: 		15.0
	p dist pair: 	73.68656921386719
	test
	time: 	8.572514772415161
	cross ent: 	0.6026138534148534
	cluster: 	0.45388179272413254
	separation:	0.7183415899674098
	avg separation:	34.94588050842285
	accu: 		63.33333333333333%
	l1: 		15.0
	p dist pair: 	73.68656921386719
epoch: 	6
	joint
	train
	time: 	22.199830293655396
	cross ent: 	0.7591034363423075
	cluster: 	0.5897397618208613
	separation:	0.6766196092324598
	avg separation:	35.876903479439875
	accu: 		55.714285714285715%
	l1: 		15.0
	p dist pair: 	73.8022232055664
	test
	time: 	9.069257497787476
	cross ent: 	0.6893969227870306
	cluster: 	0.34965234299500786
	separation:	0.34851952493190763
	avg separation:	36.41797002156576
	accu: 		43.333333333333336%
	l1: 		15.0
	p dist pair: 	73.8022232055664
epoch: 	7
	joint
	train
	time: 	22.048760652542114
	cross ent: 	0.8175494230485388
	cluster: 	0.6558074812271766
	separation:	0.6690459252468177
	avg separation:	36.54892572675433
	accu: 		50.71428571428571%
	l1: 		15.0
	p dist pair: 	74.77616882324219
	test
	time: 	8.648468255996704
	cross ent: 	1.3427403745551905
	cluster: 	0.662700745711724
	separation:	0.26775636449456214
	avg separation:	36.267136891682945
	accu: 		36.666666666666664%
	l1: 		15.0
	p dist pair: 	74.77616882324219
epoch: 	8
	joint
	train
	time: 	24.576932668685913
	cross ent: 	0.7832029566168786
	cluster: 	0.38587793707847595
	separation:	0.38119584279400964
	avg separation:	37.25245662416731
	accu: 		50.71428571428571%
	l1: 		15.0
	p dist pair: 	75.45364379882812
	test
	time: 	8.467437982559204
	cross ent: 	0.7325775533914566
	cluster: 	0.31514562517404554
	separation:	0.4193292587995529
	avg separation:	35.61895179748535
	accu: 		40.0%
	l1: 		15.0
	p dist pair: 	75.45364379882812
epoch: 	9
	joint
	train
	time: 	23.957860946655273
	cross ent: 	0.661834158216204
	cluster: 	0.28064399159380365
	separation:	0.30321800751345496
	avg separation:	37.73867842810495
	accu: 		60.0%
	l1: 		15.0
	p dist pair: 	75.48662567138672
	test
	time: 	8.16898775100708
	cross ent: 	0.8722050309181213
	cluster: 	0.22757825156052908
	separation:	0.2753152047594388
	avg separation:	35.75096054077149
	accu: 		36.666666666666664%
	l1: 		15.0
	p dist pair: 	75.48662567138672
epoch: 	10
	joint
	train
	time: 	24.586827039718628
	cross ent: 	0.6151817423956735
	cluster: 	0.21476557648607664
	separation:	0.26339599043130874
	avg separation:	37.70617242540632
	accu: 		62.857142857142854%
	l1: 		15.0
	p dist pair: 	75.44170379638672
	test
	time: 	8.338948249816895
	cross ent: 	0.6590834359327952
	cluster: 	0.19060545961062114
	separation:	0.25381236573060356
	avg separation:	36.02124913533529
	accu: 		50.0%
	l1: 		15.0
	p dist pair: 	75.44170379638672
	push
	Executing push ...
	push time: 	39.43633055686951
	test
	time: 	10.073866367340088
	cross ent: 	3.1043076018238214
	cluster: 	0.21393100762118897
	separation:	0.33021062339345614
	avg separation:	0.6441047469774882
	accu: 		63.33333333333333%
	l1: 		15.0
	p dist pair: 	7.552590370178223
	last layer
iteration: 	0
	train
	time: 	22.583048343658447
	cross ent: 	4.65741362025388
	cluster: 	0.2931086963308709
	separation:	0.2617829681507179
	avg separation:	0.5701497269528253
	accu: 		42.857142857142854%
	l1: 		15.000158309936523
	p dist pair: 	7.552590370178223
	test
	time: 	8.34380555152893
	cross ent: 	2.958436150340276
	cluster: 	0.21724587803085646
	separation:	0.33626734763383864
	avg separation:	0.6546171387036641
	accu: 		63.33333333333333%
	l1: 		15.000158309936523
	p dist pair: 	7.552590370178223
iteration: 	1
	train
	time: 	22.172545671463013
	cross ent: 	4.491532322158985
	cluster: 	0.2931086963308709
	separation:	0.2617829681507179
	avg separation:	0.5701497269528253
	accu: 		42.857142857142854%
	l1: 		15.00020694732666
	p dist pair: 	7.552590370178223
	test
	time: 	8.337482452392578
	cross ent: 	2.8170471431485566
	cluster: 	0.21241815419246754
	separation:	0.3330734625458717
	avg separation:	0.6472875595092773
	accu: 		63.33333333333333%
	l1: 		15.00020694732666
	p dist pair: 	7.552590370178223
iteration: 	2
	train
	time: 	22.658016443252563
	cross ent: 	4.322379159180335
	cluster: 	0.2931086963308709
	separation:	0.2617829681507179
	avg separation:	0.5701497269528253
	accu: 		42.857142857142854%
	l1: 		15.000245094299316
	p dist pair: 	7.552590370178223
	test
	time: 	8.37736201286316
	cross ent: 	2.791911755903614
	cluster: 	0.2114653858045737
	separation:	0.3149808826545874
	avg separation:	0.6496675004561742
	accu: 		63.33333333333333%
	l1: 		15.000245094299316
	p dist pair: 	7.552590370178223
iteration: 	3
	train
	time: 	22.847615242004395
	cross ent: 	4.15441505252103
	cluster: 	0.2931086963308709
	separation:	0.2617829681507179
	avg separation:	0.5701497269528253
	accu: 		42.857142857142854%
	l1: 		15.000316619873047
	p dist pair: 	7.552590370178223
	test
	time: 	8.222416877746582
	cross ent: 	2.6178751893650163
	cluster: 	0.2135615116606156
	separation:	0.3356631472706795
	avg separation:	0.6404324213663737
	accu: 		63.33333333333333%
	l1: 		15.000316619873047
	p dist pair: 	7.552590370178223
iteration: 	4
	train
	time: 	22.28847599029541
	cross ent: 	3.985605226978805
	cluster: 	0.2931086963308709
	separation:	0.2617829681507179
	avg separation:	0.5701497269528253
	accu: 		42.857142857142854%
	l1: 		15.000350952148438
	p dist pair: 	7.552590370178223
	test
	time: 	8.3919095993042
	cross ent: 	2.5417696743177656
	cluster: 	0.2123107925057411
	separation:	0.32728530988097193
	avg separation:	0.6405888587236405
	accu: 		63.33333333333333%
	l1: 		15.000350952148438
	p dist pair: 	7.552590370178223
iteration: 	5
	train
	time: 	24.579299926757812
	cross ent: 	3.8174827445021946
	cluster: 	0.2931086963308709
	separation:	0.2617829681507179
	avg separation:	0.5701497269528253
	accu: 		42.857142857142854%
	l1: 		15.000385284423828
	p dist pair: 	7.552590370178223
	test
	time: 	8.5985586643219
	cross ent: 	2.391198906901385
	cluster: 	0.2158302627503872
	separation:	0.3275239109992981
	avg separation:	0.6582999378442764
	accu: 		63.33333333333333%
	l1: 		15.000385284423828
	p dist pair: 	7.552590370178223
iteration: 	6
	train
	time: 	22.73779797554016
	cross ent: 	3.6495488039945485
	cluster: 	0.2931086963308709
	separation:	0.2617829681507179
	avg separation:	0.5701497269528253
	accu: 		42.857142857142854%
	l1: 		15.000457763671875
	p dist pair: 	7.552590370178223
	test
	time: 	8.982504606246948
	cross ent: 	2.3696136415417035
	cluster: 	0.21209724694490434
	separation:	0.32796035408973695
	avg separation:	0.6448920706907908
	accu: 		63.33333333333333%
	l1: 		15.000457763671875
	p dist pair: 	7.552590370178223
iteration: 	7
	train
	time: 	22.62232494354248
	cross ent: 	3.4814224854198983
	cluster: 	0.2931086963308709
	separation:	0.2617829681507179
	avg separation:	0.5701497269528253
	accu: 		42.857142857142854%
	l1: 		15.00046443939209
	p dist pair: 	7.552590370178223
	test
	time: 	8.461164474487305
	cross ent: 	2.1739377896262644
	cluster: 	0.21680651555458705
	separation:	0.3418604883054892
	avg separation:	0.6617386788129807
	accu: 		63.33333333333333%
	l1: 		15.00046443939209
	p dist pair: 	7.552590370178223
iteration: 	8
	train
	time: 	22.830846309661865
	cross ent: 	3.313715400867347
	cluster: 	0.2931086963308709
	separation:	0.2617829681507179
	avg separation:	0.5701497269528253
	accu: 		42.857142857142854%
	l1: 		15.000443458557129
	p dist pair: 	7.552590370178223
	test
	time: 	8.207388639450073
	cross ent: 	2.1428895600045506
	cluster: 	0.21140371598303317
	separation:	0.3287660392622153
	avg separation:	0.6342439661423366
	accu: 		63.33333333333333%
	l1: 		15.000443458557129
	p dist pair: 	7.552590370178223
iteration: 	9
	train
	time: 	20.71267867088318
	cross ent: 	3.146528664527328
	cluster: 	0.2931086963308709
	separation:	0.2617829681507179
	avg separation:	0.5701497269528253
	accu: 		42.857142857142854%
	l1: 		15.000497817993164
	p dist pair: 	7.552590370178223
	test
	time: 	8.760431289672852
	cross ent: 	2.0098945436732416
	cluster: 	0.21238105048735936
	separation:	0.3298432432115078
	avg separation:	0.645297396183014
	accu: 		60.0%
	l1: 		15.000497817993164
	p dist pair: 	7.552590370178223
iteration: 	10
	train
	time: 	22.179585218429565
	cross ent: 	2.9800399458019196
	cluster: 	0.2931086963308709
	separation:	0.2617829681507179
	avg separation:	0.5701497269528253
	accu: 		42.857142857142854%
	l1: 		15.000530242919922
	p dist pair: 	7.552590370178223
	test
	time: 	8.29228687286377
	cross ent: 	1.9910624005050825
	cluster: 	0.21458604236443837
	separation:	0.32611746738354364
	avg separation:	0.6440913379192352
	accu: 		60.0%
	l1: 		15.000530242919922
	p dist pair: 	7.552590370178223
iteration: 	11
	train
	time: 	21.49026608467102
	cross ent: 	2.814157192049814
	cluster: 	0.2931086963308709
	separation:	0.2617829681507179
	avg separation:	0.5701497269528253
	accu: 		42.857142857142854%
	l1: 		15.00059986114502
	p dist pair: 	7.552590370178223
	test
	time: 	7.989442586898804
	cross ent: 	1.7707716015846624
	cluster: 	0.21545892308155695
	separation:	0.3372430443763733
	avg separation:	0.6455798665682475
	accu: 		63.33333333333333%
	l1: 		15.00059986114502
	p dist pair: 	7.552590370178223
iteration: 	12
	train
	time: 	20.953941583633423
	cross ent: 	2.649063640749747
	cluster: 	0.2931086963308709
	separation:	0.2617829681507179
	avg separation:	0.5701497269528253
	accu: 		42.857142857142854%
	l1: 		15.000685691833496
	p dist pair: 	7.552590370178223
	test
	time: 	8.031593084335327
	cross ent: 	1.7395541831986823
	cluster: 	0.20990180596709251
	separation:	0.32539881989359853
	avg separation:	0.6725779881079992
	accu: 		63.33333333333333%
	l1: 		15.000685691833496
	p dist pair: 	7.552590370178223
iteration: 	13
	train
	time: 	22.96302056312561
	cross ent: 	2.4850486982730216
	cluster: 	0.2931086963308709
	separation:	0.2617829681507179
	avg separation:	0.5701497269528253
	accu: 		42.857142857142854%
	l1: 		15.0006685256958
	p dist pair: 	7.552590370178223
	test
	time: 	7.997098207473755
	cross ent: 	1.6525300986492464
	cluster: 	0.21168171440561612
	separation:	0.33240605145692825
	avg separation:	0.6420647372802099
	accu: 		63.33333333333333%
	l1: 		15.0006685256958
	p dist pair: 	7.552590370178223
iteration: 	14
	train
	time: 	23.077513217926025
	cross ent: 	2.3231695375272206
	cluster: 	0.2931086963308709
	separation:	0.2617829681507179
	avg separation:	0.5701497269528253
	accu: 		42.857142857142854%
	l1: 		15.00074577331543
	p dist pair: 	7.552590370178223
	test
	time: 	8.831401109695435
	cross ent: 	1.4326194783750301
	cluster: 	0.21364173895368974
	separation:	0.3379450393219789
	avg separation:	0.6445638587077459
	accu: 		63.33333333333333%
	l1: 		15.00074577331543
	p dist pair: 	7.552590370178223
iteration: 	15
	train
	time: 	23.46990203857422
	cross ent: 	2.163172449823469
	cluster: 	0.2931086963308709
	separation:	0.2617829681507179
	avg separation:	0.5701497269528253
	accu: 		42.857142857142854%
	l1: 		15.00080680847168
	p dist pair: 	7.552590370178223
	test
	time: 	8.390194177627563
	cross ent: 	1.4031240643894611
	cluster: 	0.21375391433636348
	separation:	0.3336189071337382
	avg separation:	0.6394284029801687
	accu: 		63.33333333333333%
	l1: 		15.00080680847168
	p dist pair: 	7.552590370178223
iteration: 	16
	train
	time: 	21.918490171432495
	cross ent: 	2.0062644551574653
	cluster: 	0.2931086963308709
	separation:	0.2617829681507179
	avg separation:	0.5701497269528253
	accu: 		42.857142857142854%
	l1: 		15.00084114074707
	p dist pair: 	7.552590370178223
	test
	time: 	7.983400821685791
	cross ent: 	1.2664890613717337
	cluster: 	0.21534878052771092
	separation:	0.3390041430791219
	avg separation:	0.6466414550940196
	accu: 		63.33333333333333%
	l1: 		15.00084114074707
	p dist pair: 	7.552590370178223
iteration: 	17
	train
	time: 	20.769473791122437
	cross ent: 	1.8529699017027659
	cluster: 	0.2931086963308709
	separation:	0.2617829681507179
	avg separation:	0.5701497269528253
	accu: 		42.857142857142854%
	l1: 		15.000934600830078
	p dist pair: 	7.552590370178223
	test
	time: 	7.97522497177124
	cross ent: 	1.2519949276310702
	cluster: 	0.21502512209117414
	separation:	0.3266906671226025
	avg separation:	0.6461948136488597
	accu: 		60.0%
	l1: 		15.000934600830078
	p dist pair: 	7.552590370178223
iteration: 	18
	train
	time: 	21.92787480354309
	cross ent: 	1.7042944070883095
	cluster: 	0.2931086963308709
	separation:	0.2617829681507179
	avg separation:	0.5701497269528253
	accu: 		42.857142857142854%
	l1: 		15.000992774963379
	p dist pair: 	7.552590370178223
	test
	time: 	7.930201292037964
	cross ent: 	1.1093934205671152
	cluster: 	0.21220165515939396
	separation:	0.32305656919876735
	avg separation:	0.6336214929819107
	accu: 		63.33333333333333%
	l1: 		15.000992774963379
	p dist pair: 	7.552590370178223
iteration: 	19
	train
	time: 	23.65316104888916
	cross ent: 	1.5614793180088913
	cluster: 	0.2931086963308709
	separation:	0.2617829681507179
	avg separation:	0.5701497269528253
	accu: 		42.857142857142854%
	l1: 		15.001104354858398
	p dist pair: 	7.552590370178223
	test
	time: 	8.301680564880371
	cross ent: 	1.1089629486824075
	cluster: 	0.21493475014964739
	separation:	0.32892307490110395
	avg separation:	0.64492573539416
	accu: 		60.0%
	l1: 		15.001104354858398
	p dist pair: 	7.552590370178223
epoch: 	11
	joint
	train
	time: 	22.154190063476562
	cross ent: 	0.7886027296306566
	cluster: 	0.2826156723179987
	separation:	0.28438740500382015
	avg separation:	1.7463448501058987
	accu: 		57.14285714285714%
	l1: 		15.001104354858398
	p dist pair: 	7.379788875579834
	test
	time: 	8.15846848487854
	cross ent: 	0.7827210317055384
	cluster: 	0.21901247662802537
	separation:	0.28363706842064856
	avg separation:	2.8254746894041696
	accu: 		46.666666666666664%
	l1: 		15.001104354858398
	p dist pair: 	7.379788875579834
epoch: 	12
	joint
	train
	time: 	21.40853190422058
	cross ent: 	0.6835063132856574
	cluster: 	0.20702057345105068
	separation:	0.19109732008406094
	avg separation:	2.211164477893284
	accu: 		59.285714285714285%
	l1: 		15.001104354858398
	p dist pair: 	7.416234970092773
	test
	time: 	7.988892316818237
	cross ent: 	0.6990230818589528
	cluster: 	0.15823726914823055
	separation:	0.17260093813141186
	avg separation:	1.5623991986115773
	accu: 		63.33333333333333%
	l1: 		15.001104354858398
	p dist pair: 	7.416234970092773
epoch: 	13
	joint
	train
	time: 	22.250885009765625
	cross ent: 	0.6725998051996742
	cluster: 	0.16690214664808342
	separation:	0.16966954802295992
	avg separation:	1.3124236434698104
	accu: 		65.0%
	l1: 		15.001104354858398
	p dist pair: 	7.535341739654541
	test
	time: 	8.257670879364014
	cross ent: 	0.6306791002551715
	cluster: 	0.1634634431451559
	separation:	0.22935018340746563
	avg separation:	1.79072957833608
	accu: 		66.66666666666666%
	l1: 		15.001104354858398
	p dist pair: 	7.535341739654541
epoch: 	14
	joint
	train
	time: 	22.068807363510132
	cross ent: 	0.5651965936379774
	cluster: 	0.17945235536566803
	separation:	0.20689115923430237
	avg separation:	1.6557681364672525
	accu: 		76.42857142857142%
	l1: 		15.001104354858398
	p dist pair: 	7.548311710357666
	test
	time: 	8.14267635345459
	cross ent: 	0.5366997500260671
	cluster: 	0.15816983158389727
	separation:	0.24638928820689518
	avg separation:	1.5961778998374938
	accu: 		66.66666666666666%
	l1: 		15.001104354858398
	p dist pair: 	7.548311710357666
epoch: 	15
	joint
	train
	time: 	21.6271333694458
	cross ent: 	0.4744066087262971
	cluster: 	0.1641805806330272
	separation:	0.20685636896107878
	avg separation:	1.6296501278877258
	accu: 		82.85714285714286%
	l1: 		15.001104354858398
	p dist pair: 	7.548344612121582
	test
	time: 	8.009034156799316
	cross ent: 	0.7725896572073301
	cluster: 	0.15073560227950414
	separation:	0.21255506500601767
	avg separation:	1.582460923989614
	accu: 		53.333333333333336%
	l1: 		15.001104354858398
	p dist pair: 	7.548344612121582
epoch: 	16
	joint
	train
	time: 	23.713322162628174
	cross ent: 	0.4018060624067272
	cluster: 	0.1487096336537174
	separation:	0.20253345513982432
	avg separation:	1.64188192657062
	accu: 		88.57142857142857%
	l1: 		15.001104354858398
	p dist pair: 	7.552365779876709
	test
	time: 	8.260012865066528
	cross ent: 	0.7095162257552147
	cluster: 	0.1442105144262314
	separation:	0.20883847773075104
	avg separation:	1.5747381289800009
	accu: 		43.333333333333336%
	l1: 		15.001104354858398
	p dist pair: 	7.552365779876709
epoch: 	17
	joint
	train
	time: 	21.999443769454956
	cross ent: 	0.33393899662686244
	cluster: 	0.13790796007961034
	separation:	0.19846786835363933
	avg separation:	1.6391905077866145
	accu: 		94.28571428571428%
	l1: 		15.001104354858398
	p dist pair: 	7.553728103637695
	test
	time: 	7.941058874130249
	cross ent: 	0.6949473064392805
	cluster: 	0.13190586355825265
	separation:	0.2038196250796318
	avg separation:	1.544274232784907
	accu: 		53.333333333333336%
	l1: 		15.001104354858398
	p dist pair: 	7.553728103637695
epoch: 	18
	joint
	train
	time: 	21.902565002441406
	cross ent: 	0.2713791163372142
	cluster: 	0.12814632200502923
	separation:	0.1942361510757889
	avg separation:	1.645468328680311
	accu: 		97.14285714285714%
	l1: 		15.001104354858398
	p dist pair: 	7.551910877227783
	test
	time: 	8.291465520858765
	cross ent: 	0.7474338504175345
	cluster: 	0.13247904156645138
	separation:	0.19514658004045488
	avg separation:	1.5468505442142486
	accu: 		43.333333333333336%
	l1: 		15.001104354858398
	p dist pair: 	7.551910877227783
epoch: 	19
	joint
	train
	time: 	23.184375286102295
	cross ent: 	0.22248896997688072
	cluster: 	0.12411750871688128
	separation:	0.19579862616956234
	avg separation:	1.6373805386679514
	accu: 		100.0%
	l1: 		15.001104354858398
	p dist pair: 	7.552933216094971
	test
	time: 	8.416511535644531
	cross ent: 	0.8046103597929081
	cluster: 	0.14287119631965955
	separation:	0.21776655266682307
	avg separation:	1.638201496998469
	accu: 		43.333333333333336%
	l1: 		15.001104354858398
	p dist pair: 	7.552933216094971
epoch: 	20
	joint
	train
	time: 	21.990678787231445
	cross ent: 	0.20894104258290358
	cluster: 	0.12290516075279032
	separation:	0.19525322073272297
	avg separation:	1.6359730907848904
	accu: 		100.0%
	l1: 		15.001104354858398
	p dist pair: 	7.552999973297119
	test
	time: 	8.226038932800293
	cross ent: 	0.6647877125690381
	cluster: 	0.14204461810489497
	separation:	0.2245264289279779
	avg separation:	1.6398805022239684
	accu: 		56.666666666666664%
	l1: 		15.001104354858398
	p dist pair: 	7.552999973297119
	push
	Executing push ...
	push time: 	35.79935598373413
	test
	time: 	8.098875999450684
	cross ent: 	4.103046120113382
	cluster: 	0.13028627435366313
	separation:	0.1883031106243531
	avg separation:	1.4072011078397433
	accu: 		36.666666666666664%
	l1: 		15.001104354858398
	p dist pair: 	7.710309982299805
	last layer
iteration: 	0
	train
	time: 	20.331721544265747
	cross ent: 	1.5240948775808127
	cluster: 	0.10006679363016571
	separation:	0.16059227905103138
	avg separation:	1.4897347262927465
	accu: 		57.14285714285714%
	l1: 		14.958845138549805
	p dist pair: 	7.710309982299805
	test
	time: 	7.992033004760742
	cross ent: 	3.920879131462425
	cluster: 	0.12505952914555868
	separation:	0.1830759946256876
	avg separation:	1.3989299630125365
	accu: 		36.666666666666664%
	l1: 		14.958845138549805
	p dist pair: 	7.710309982299805
iteration: 	1
	train
	time: 	21.36436676979065
	cross ent: 	1.4249892727754612
	cluster: 	0.10006679363016571
	separation:	0.16059227905103138
	avg separation:	1.4897347262927465
	accu: 		57.14285714285714%
	l1: 		14.916553497314453
	p dist pair: 	7.710309982299805
	test
	time: 	8.208549737930298
	cross ent: 	4.101710533412795
	cluster: 	0.12607312115530173
	separation:	0.17534741361935932
	avg separation:	1.3976645268499852
	accu: 		36.666666666666664%
	l1: 		14.916553497314453
	p dist pair: 	7.710309982299805
iteration: 	2
	train
	time: 	20.821385145187378
	cross ent: 	1.3289197435852007
	cluster: 	0.10006679363016571
	separation:	0.16059227905103138
	avg separation:	1.4897347262927465
	accu: 		57.14285714285714%
	l1: 		14.880544662475586
	p dist pair: 	7.710309982299805
	test
	time: 	8.319209098815918
	cross ent: 	3.707476629099498
	cluster: 	0.12212806704143683
	separation:	0.16673240140080453
	avg separation:	1.3498933101693789
	accu: 		36.666666666666664%
	l1: 		14.880544662475586
	p dist pair: 	7.710309982299805
iteration: 	3
	train
	time: 	23.245413780212402
	cross ent: 	1.236902144391622
	cluster: 	0.10006679363016571
	separation:	0.16059227905103138
	avg separation:	1.4897347262927465
	accu: 		57.14285714285714%
	l1: 		14.849390983581543
	p dist pair: 	7.710309982299805
	test
	time: 	7.990870714187622
	cross ent: 	3.4882437091941636
	cluster: 	0.12093781568109989
	separation:	0.16739089228212833
	avg separation:	1.3682603331903616
	accu: 		36.666666666666664%
	l1: 		14.849390983581543
	p dist pair: 	7.710309982299805
iteration: 	4
	train
	time: 	23.383189916610718
	cross ent: 	1.1484105194536305
	cluster: 	0.10006679363016571
	separation:	0.16059227905103138
	avg separation:	1.4897347262927465
	accu: 		57.85714285714286%
	l1: 		14.822077751159668
	p dist pair: 	7.710309982299805
	test
	time: 	8.371881246566772
	cross ent: 	3.221723991725594
	cluster: 	0.11876848426957926
	separation:	0.17132803735633692
	avg separation:	1.3697562118371327
	accu: 		36.666666666666664%
	l1: 		14.822077751159668
	p dist pair: 	7.710309982299805
iteration: 	5
	train
	time: 	21.133350133895874
	cross ent: 	1.0639372247337764
	cluster: 	0.10006679363016571
	separation:	0.16059227905103138
	avg separation:	1.4897347262927465
	accu: 		58.57142857142858%
	l1: 		14.79784870147705
	p dist pair: 	7.710309982299805
	test
	time: 	8.050447463989258
	cross ent: 	3.1526588910880187
	cluster: 	0.11286653863886992
	separation:	0.1585405273983876
	avg separation:	1.2804281254609426
	accu: 		36.666666666666664%
	l1: 		14.79784870147705
	p dist pair: 	7.710309982299805
iteration: 	6
	train
	time: 	20.824293613433838
	cross ent: 	0.9830158020901892
	cluster: 	0.10006679363016571
	separation:	0.16059227905103138
	avg separation:	1.4897347262927465
	accu: 		58.57142857142858%
	l1: 		14.776330947875977
	p dist pair: 	7.710309982299805
	test
	time: 	8.022125244140625
	cross ent: 	4.2352023784381645
	cluster: 	0.10444964493314425
	separation:	0.1391409898797671
	avg separation:	1.2182372219860553
	accu: 		36.666666666666664%
	l1: 		14.776330947875977
	p dist pair: 	7.710309982299805
iteration: 	7
	train
	time: 	20.836817502975464
	cross ent: 	0.9059628036139267
	cluster: 	0.10006679363016571
	separation:	0.16059227905103138
	avg separation:	1.4897347262927465
	accu: 		58.57142857142858%
	l1: 		14.757949829101562
	p dist pair: 	7.710309982299805
	test
	time: 	8.089568138122559
	cross ent: 	3.0494366782406965
	cluster: 	0.10613241282602151
	separation:	0.1438582460085551
	avg separation:	1.2363438027600446
	accu: 		36.666666666666664%
	l1: 		14.757949829101562
	p dist pair: 	7.710309982299805
iteration: 	8
	train
	time: 	22.312238693237305
	cross ent: 	0.834074136362012
	cluster: 	0.10006679363016571
	separation:	0.16059227905103138
	avg separation:	1.4897347262927465
	accu: 		62.857142857142854%
	l1: 		14.740293502807617
	p dist pair: 	7.710309982299805
	test
	time: 	8.11022663116455
	cross ent: 	3.4010538451373575
	cluster: 	0.12108383191128572
	separation:	0.16119793765246868
	avg separation:	1.3265266289313635
	accu: 		36.666666666666664%
	l1: 		14.740293502807617
	p dist pair: 	7.710309982299805
iteration: 	9
	train
	time: 	20.91758918762207
	cross ent: 	0.7666741842936192
	cluster: 	0.10006679363016571
	separation:	0.16059227905103138
	avg separation:	1.4897347262927465
	accu: 		62.857142857142854%
	l1: 		14.725271224975586
	p dist pair: 	7.710309982299805
	test
	time: 	7.9193713665008545
	cross ent: 	2.5609751193473738
	cluster: 	0.10461495332419872
	separation:	0.15384568112591904
	avg separation:	1.2582975635925928
	accu: 		36.666666666666664%
	l1: 		14.725271224975586
	p dist pair: 	7.710309982299805
iteration: 	10
	train
	time: 	21.53043556213379
	cross ent: 	0.7045596691779792
	cluster: 	0.10006679363016571
	separation:	0.16059227905103138
	avg separation:	1.4897347262927465
	accu: 		62.857142857142854%
	l1: 		14.711982727050781
	p dist pair: 	7.710309982299805
	test
	time: 	8.082546472549438
	cross ent: 	3.248963236808777
	cluster: 	0.11995193635423979
	separation:	0.16121924308439095
	avg separation:	1.3268792947133383
	accu: 		36.666666666666664%
	l1: 		14.711982727050781
	p dist pair: 	7.710309982299805
iteration: 	11
	train
	time: 	20.228195667266846
	cross ent: 	0.6474109252382602
	cluster: 	0.10006679363016571
	separation:	0.16059227905103138
	avg separation:	1.4897347262927465
	accu: 		64.28571428571429%
	l1: 		14.700701713562012
	p dist pair: 	7.710309982299805
	test
	time: 	8.046521663665771
	cross ent: 	2.4586091907074055
	cluster: 	0.11201886882384618
	separation:	0.15086857775847118
	avg separation:	1.2866898636023203
	accu: 		36.666666666666664%
	l1: 		14.700701713562012
	p dist pair: 	7.710309982299805
iteration: 	12
	train
	time: 	20.353646993637085
	cross ent: 	0.5954217253452433
	cluster: 	0.10006679363016571
	separation:	0.16059227905103138
	avg separation:	1.4897347262927465
	accu: 		65.71428571428571%
	l1: 		14.690692901611328
	p dist pair: 	7.710309982299805
	test
	time: 	7.8192126750946045
	cross ent: 	2.9398783144851524
	cluster: 	0.11953938429554303
	separation:	0.16260492528478304
	avg separation:	1.302894013375044
	accu: 		36.666666666666664%
	l1: 		14.690692901611328
	p dist pair: 	7.710309982299805
iteration: 	13
	train
	time: 	19.575539350509644
	cross ent: 	0.5485833046026528
	cluster: 	0.10006679363016571
	separation:	0.16059227905103138
	avg separation:	1.4897347262927465
	accu: 		65.71428571428571%
	l1: 		14.681816101074219
	p dist pair: 	7.710309982299805
	test
	time: 	7.849229574203491
	cross ent: 	3.0938325349241493
	cluster: 	0.12735057957470416
	separation:	0.18191713814934093
	avg separation:	1.4209799045075973
	accu: 		40.0%
	l1: 		14.681816101074219
	p dist pair: 	7.710309982299805
iteration: 	14
	train
	time: 	21.886282205581665
	cross ent: 	0.5068490239924618
	cluster: 	0.10006679363016571
	separation:	0.16059227905103138
	avg separation:	1.4897347262927465
	accu: 		67.14285714285714%
	l1: 		14.674503326416016
	p dist pair: 	7.710309982299805
	test
	time: 	8.033018589019775
	cross ent: 	1.8972293744484583
	cluster: 	0.12624625898897648
	separation:	0.17815520179768404
	avg separation:	1.382285937666893
	accu: 		40.0%
	l1: 		14.674503326416016
	p dist pair: 	7.710309982299805
iteration: 	15
	train
	time: 	20.041449069976807
	cross ent: 	0.4701690723986498
	cluster: 	0.10006679363016571
	separation:	0.16059227905103138
	avg separation:	1.4897347262927465
	accu: 		69.28571428571428%
	l1: 		14.668649673461914
	p dist pair: 	7.710309982299805
	test
	time: 	8.02165174484253
	cross ent: 	1.9159787888328235
	cluster: 	0.1131526021907727
	separation:	0.1579904343932867
	avg separation:	1.2821052292982738
	accu: 		36.666666666666664%
	l1: 		14.668649673461914
	p dist pair: 	7.710309982299805
iteration: 	16
	train
	time: 	19.535819053649902
	cross ent: 	0.4382472032148923
	cluster: 	0.10006679363016571
	separation:	0.16059227905103138
	avg separation:	1.4897347262927465
	accu: 		70.71428571428572%
	l1: 		14.663787841796875
	p dist pair: 	7.710309982299805
	test
	time: 	7.961024761199951
	cross ent: 	1.781594846645991
	cluster: 	0.1186048522591591
	separation:	0.17120001427829265
	avg separation:	1.3675189693768819
	accu: 		40.0%
	l1: 		14.663787841796875
	p dist pair: 	7.710309982299805
iteration: 	17
	train
	time: 	20.868680000305176
	cross ent: 	0.41098872699907846
	cluster: 	0.10006679363016571
	separation:	0.16059227905103138
	avg separation:	1.4897347262927465
	accu: 		73.57142857142858%
	l1: 		14.65969467163086
	p dist pair: 	7.710309982299805
	test
	time: 	7.96199893951416
	cross ent: 	1.7676939678688843
	cluster: 	0.10847130740682284
	separation:	0.15100621966024239
	avg separation:	1.2908327986796697
	accu: 		36.666666666666664%
	l1: 		14.65969467163086
	p dist pair: 	7.710309982299805
iteration: 	18
	train
	time: 	20.44942283630371
	cross ent: 	0.3876953003395881
	cluster: 	0.10006679363016571
	separation:	0.16059227905103138
	avg separation:	1.4897347262927465
	accu: 		75.71428571428571%
	l1: 		14.656688690185547
	p dist pair: 	7.710309982299805
	test
	time: 	7.93610143661499
	cross ent: 	1.7412889217336973
	cluster: 	0.12170003354549408
	separation:	0.1667151772727569
	avg separation:	1.332461629062891
	accu: 		40.0%
	l1: 		14.656688690185547
	p dist pair: 	7.710309982299805
iteration: 	19
	train
	time: 	20.36097812652588
	cross ent: 	0.3686431307079537
	cluster: 	0.10006679363016571
	separation:	0.16059227905103138
	avg separation:	1.4897347262927465
	accu: 		77.85714285714286%
	l1: 		14.655006408691406
	p dist pair: 	7.710309982299805
	test
	time: 	8.00331711769104
	cross ent: 	1.6640174088378747
	cluster: 	0.10869429738571247
	separation:	0.1529628463089466
	avg separation:	1.2708206047614417
	accu: 		36.666666666666664%
	l1: 		14.655006408691406
	p dist pair: 	7.710309982299805
epoch: 	21
	joint
	train
	time: 	21.122398138046265
	cross ent: 	0.30782506710716656
	cluster: 	0.09974010613347803
	separation:	0.1609635512211493
	avg separation:	1.4996486318962914
	accu: 		83.57142857142857%
	l1: 		14.655006408691406
	p dist pair: 	7.706673622131348
	test
	time: 	8.32434630393982
	cross ent: 	1.4727052400509517
	cluster: 	0.12427870370447636
	separation:	0.18170474991202354
	avg separation:	1.4113090361158054
	accu: 		40.0%
	l1: 		14.655006408691406
	p dist pair: 	7.706673622131348
epoch: 	22
	joint
	train
	time: 	23.289384841918945
	cross ent: 	0.24190544356991137
	cluster: 	0.09955263578199915
	separation:	0.16197494859141962
	avg separation:	1.5029298509870257
	accu: 		95.71428571428572%
	l1: 		14.655006408691406
	p dist pair: 	7.704713344573975
	test
	time: 	7.897883176803589
	cross ent: 	2.161550339559714
	cluster: 	0.11947205600639184
	separation:	0.16233142899970213
	avg separation:	1.3309169149647155
	accu: 		36.666666666666664%
	l1: 		14.655006408691406
	p dist pair: 	7.704713344573975
epoch: 	23
	joint
	train
	time: 	21.785090446472168
	cross ent: 	0.21347452252438026
	cluster: 	0.0987987139262259
	separation:	0.16182726121374538
	avg separation:	1.4977507042033331
	accu: 		99.28571428571429%
	l1: 		14.655006408691406
	p dist pair: 	7.703284740447998
	test
	time: 	7.837721586227417
	cross ent: 	1.2772427290678023
	cluster: 	0.11126713839670023
	separation:	0.1583879799892505
	avg separation:	1.2914482285579045
	accu: 		40.0%
	l1: 		14.655006408691406
	p dist pair: 	7.703284740447998
epoch: 	24
	joint
	train
	time: 	22.012383222579956
	cross ent: 	0.19914118024254485
	cluster: 	0.09819277503660746
	separation:	0.16173545191330568
	avg separation:	1.4933634115116936
	accu: 		100.0%
	l1: 		14.655006408691406
	p dist pair: 	7.703148365020752
	test
	time: 	7.960294723510742
	cross ent: 	1.3590132822593053
	cluster: 	0.11257447078824043
	separation:	0.15976794163386027
	avg separation:	1.287230345606804
	accu: 		40.0%
	l1: 		14.655006408691406
	p dist pair: 	7.703148365020752
epoch: 	25
	joint
	train
	time: 	22.607782125473022
	cross ent: 	0.19692702663929335
	cluster: 	0.09814210741647653
	separation:	0.16184507395539965
	avg separation:	1.493415434871401
	accu: 		100.0%
	l1: 		14.655006408691406
	p dist pair: 	7.702993392944336
	test
	time: 	8.097016334533691
	cross ent: 	1.2769642593959967
	cluster: 	0.12335436679422855
	separation:	0.17687447691957156
	avg separation:	1.3829761226971944
	accu: 		40.0%
	l1: 		14.655006408691406
	p dist pair: 	7.702993392944336
epoch: 	26
	joint
	train
	time: 	21.30194354057312
	cross ent: 	0.19497298366789306
	cluster: 	0.09803244745624917
	separation:	0.16182575752692563
	avg separation:	1.492970910668373
	accu: 		100.0%
	l1: 		14.655006408691406
	p dist pair: 	7.702849864959717
	test
	time: 	8.045869827270508
	cross ent: 	1.330246234188477
	cluster: 	0.12146189287304879
	separation:	0.17177893879512945
	avg separation:	1.3545552045106888
	accu: 		40.0%
	l1: 		14.655006408691406
	p dist pair: 	7.702849864959717
epoch: 	27
	joint
	train
	time: 	21.143316745758057
	cross ent: 	0.19310797657817602
	cluster: 	0.09793639159096139
	separation:	0.16178064245198454
	avg separation:	1.4925803891250065
	accu: 		100.0%
	l1: 		14.655006408691406
	p dist pair: 	7.702702045440674
	test
	time: 	7.836097717285156
	cross ent: 	1.4639608298738798
	cluster: 	0.12238178625702859
	separation:	0.16965914977093538
	avg separation:	1.3549883219103018
	accu: 		40.0%
	l1: 		14.655006408691406
	p dist pair: 	7.702702045440674
epoch: 	28
	joint
	train
	time: 	22.30561590194702
	cross ent: 	0.1913112215498196
	cluster: 	0.09778633935909187
	separation:	0.1617048184786524
	avg separation:	1.4917167220796859
	accu: 		100.0%
	l1: 		14.655006408691406
	p dist pair: 	7.702547073364258
	test
	time: 	7.844760417938232
	cross ent: 	1.284079155822595
	cluster: 	0.12248074375092984
	separation:	0.17248712815344333
	avg separation:	1.3874814346432687
	accu: 		43.333333333333336%
	l1: 		14.655006408691406
	p dist pair: 	7.702547073364258
epoch: 	29
	joint
	train
	time: 	22.70514225959778
	cross ent: 	0.19035291779520255
	cluster: 	0.09775489758966224
	separation:	0.16177610329219272
	avg separation:	1.4919337843145644
	accu: 		100.0%
	l1: 		14.655006408691406
	p dist pair: 	7.702540397644043
	test
	time: 	8.002774477005005
	cross ent: 	1.6915040512879689
	cluster: 	0.12372024537374576
	separation:	0.15989527863760788
	avg separation:	1.2948776816328367
	accu: 		36.666666666666664%
	l1: 		14.655006408691406
	p dist pair: 	7.702540397644043
