training set size: 1000
push set size: 1000
test set size: 1000
batch size: 1
start training
epoch: 	0
	warm
	train
	time: 	20.27718496322632
	total loss: 	15.827483864400534
	cross ent: 	0.09031998777762056
	cluster: 	8.042589848354458
	separation:	7.694574028268456
	avg separation:	182.45784648132323
	accu: 		51.9%
	l1: 		30.0
	p dist pair: 	338.37652587890625
	test
	time: 	11.01449465751648
	total loss: 	0.852342972099781
	cross ent: 	0.09770509779453278
	cluster: 	0.37754449947178365
	separation:	0.3770933748334646
	avg separation:	183.33400050354004
	accu: 		50.0%
	l1: 		30.0
	p dist pair: 	338.37652587890625
epoch: 	1
	warm
	train
	time: 	22.209559440612793
	total loss: 	0.7191317206178792
	cross ent: 	0.10077082519279792
	cluster: 	0.3103201490417123
	separation:	0.308040746383369
	avg separation:	192.09082153320313
	accu: 		49.5%
	l1: 		30.0
	p dist pair: 	358.41143798828125
	test
	time: 	10.036264181137085
	total loss: 	0.6922345577310771
	cross ent: 	0.09804622997157275
	cluster: 	0.2968033846616745
	separation:	0.2973849430978298
	avg separation:	198.27703524780273
	accu: 		49.9%
	l1: 		30.0
	p dist pair: 	358.41143798828125
epoch: 	2
	warm
	train
	time: 	20.439233779907227
	total loss: 	0.652484295407252
	cross ent: 	0.11861558116407832
	cluster: 	0.2658481457903981
	separation:	0.2680205684527755
	avg separation:	200.1830090942383
	accu: 		50.3%
	l1: 		30.0
	p dist pair: 	369.737060546875
	test
	time: 	10.544244289398193
	total loss: 	0.5709121614955366
	cross ent: 	0.1103307774476707
	cluster: 	0.23077367673069238
	separation:	0.22980770731717348
	avg separation:	207.6048083343506
	accu: 		50.0%
	l1: 		30.0
	p dist pair: 	369.737060546875
epoch: 	3
	joint
	train
	time: 	46.078789949417114
	total loss: 	1.1651694615597226
	cross ent: 	0.145533462064559
	cluster: 	0.5108396190684289
	separation:	0.5087963804267347
	avg separation:	199.33202742004394
	accu: 		50.1%
	l1: 		30.0
	p dist pair: 	381.9190673828125
	test
	time: 	11.333399534225464
	total loss: 	0.29980080226063727
	cross ent: 	0.08722092040628195
	cluster: 	0.10631139741092921
	separation:	0.10626848444342613
	avg separation:	201.80225080871583
	accu: 		50.0%
	l1: 		30.0
	p dist pair: 	381.9190673828125
epoch: 	4
	joint
	train
	time: 	46.553075551986694
	total loss: 	0.6271007595634686
	cross ent: 	0.16183379988136165
	cluster: 	0.2378088632710278
	separation:	0.22745809641107917
	avg separation:	209.5342908782959
	accu: 		47.5%
	l1: 		30.0
	p dist pair: 	420.1793212890625
	test
	time: 	10.2369384765625
	total loss: 	0.512954189655371
	cross ent: 	0.18796238764096052
	cluster: 	0.16242546333372593
	separation:	0.16256633868068457
	avg separation:	221.14515675354005
	accu: 		50.0%
	l1: 		30.0
	p dist pair: 	420.1793212890625
epoch: 	5
	joint
	train
	time: 	46.102776288986206
	total loss: 	0.5660044399317958
	cross ent: 	0.16426747843666453
	cluster: 	0.20226522250659765
	separation:	0.19947173898853363
	avg separation:	226.17601207733154
	accu: 		51.300000000000004%
	l1: 		30.0
	p dist pair: 	452.7543640136719
	test
	time: 	10.726906061172485
	total loss: 	0.4728804487381131
	cross ent: 	0.13578279847837985
	cluster: 	0.16844325267523527
	separation:	0.16865439758449793
	avg separation:	238.5734733428955
	accu: 		50.0%
	l1: 		30.0
	p dist pair: 	452.7543640136719
epoch: 	6
	joint
	train
	time: 	44.88247013092041
	total loss: 	0.4071238019479497
	cross ent: 	0.15074860831481054
	cluster: 	0.126620772250928
	separation:	0.12975442138221116
	avg separation:	242.0962772064209
	accu: 		52.800000000000004%
	l1: 		30.0
	p dist pair: 	480.12054443359375
	test
training set size: 1000
push set size: 1000
test set size: 1000
batch size: 1
start training
epoch: 	0
	warm
	train
	time: 	19.91375470161438
	total loss: 	15.587724732579662
	cross ent: 	0.09143832791037858
	cluster: 	7.946621281206608
	separation:	7.549665123462677
	avg separation:	174.45302058410644
	accu: 		47.8%
	l1: 		30.0
	p dist pair: 	323.44000244140625
	test
	time: 	11.894652843475342
	total loss: 	1.0024379712715745
	cross ent: 	0.08906223402172327
	cluster: 	0.4561896289587021
	separation:	0.45718610829114914
	avg separation:	172.52576052856446
	accu: 		50.1%
	l1: 		30.0
	p dist pair: 	323.44000244140625
epoch: 	1
	warm
	train
	time: 	20.53326153755188
	total loss: 	0.7333330585961231
	cross ent: 	0.10683775720046833
	cluster: 	0.313824466817081
	separation:	0.3126708345785737
	avg separation:	174.14798443603516
	accu: 		49.1%
	l1: 		30.0
	p dist pair: 	310.14141845703125
	test
	time: 	10.53630256652832
	total loss: 	0.7731997888218611
	cross ent: 	0.09767450691573322
	cluster: 	0.3375148937255144
	separation:	0.3380103881806135
	avg separation:	167.03171569824218
	accu: 		49.9%
	l1: 		30.0
	p dist pair: 	310.14141845703125
epoch: 	2
	warm
	train
	time: 	19.577462673187256
	total loss: 	0.5969103318654233
	cross ent: 	0.11634690499829595
	cluster: 	0.24097945458441972
	separation:	0.2395839722827077
	avg separation:	176.05184944152833
	accu: 		49.6%
	l1: 		30.0
	p dist pair: 	342.9473571777344
	test
	time: 	11.408579349517822
	total loss: 	0.8251790250372142
	cross ent: 	0.13266453848592938
	cluster: 	0.34599499179422855
	separation:	0.34651949475705623
	avg separation:	189.4373214569092
	accu: 		50.0%
	l1: 		30.0
	p dist pair: 	342.9473571777344
epoch: 	3
	joint
	train
	time: 	45.30716633796692
	total loss: 	1.0340830182144671
	cross ent: 	0.1537108950577931
	cluster: 	0.4441618679016828
	separation:	0.43621025525499135
	avg separation:	185.74252828979493
	accu: 		49.2%
	l1: 		30.0
	p dist pair: 	363.3999938964844
	test
	time: 	10.335460186004639
	total loss: 	0.7125233542658389
	cross ent: 	0.11974426940456033
	cluster: 	0.29606944067776203
	separation:	0.29670964418351653
	avg separation:	192.4415680847168
	accu: 		50.0%
	l1: 		30.0
	p dist pair: 	363.3999938964844
epoch: 	4
	joint
	train
	time: 	45.9157452583313
	total loss: 	0.6460932011368641
	cross ent: 	0.16630613852077658
	cluster: 	0.2386963666798547
	separation:	0.2410906959362328
	avg separation:	198.88271478271486
	accu: 		48.3%
	l1: 		30.0
	p dist pair: 	386.3217468261719
	test
	time: 	10.217694997787476
	total loss: 	0.6209936819269788
	cross ent: 	0.2770307395576965
	cluster: 	0.17185754512250423
	separation:	0.172105397246778
	avg separation:	204.18606788635253
	accu: 		50.0%
	l1: 		30.0
	p dist pair: 	386.3217468261719
epoch: 	5
	joint
	train
	time: 	47.8613965511322
	total loss: 	0.453888477516477
	cross ent: 	0.15257305197708773
	cluster: 	0.15143598862364888
	separation:	0.14987943691574038
	avg separation:	213.1500517425537
	accu: 		49.9%
	l1: 		30.0
	p dist pair: 	415.3627624511719
	test
	time: 	10.12965178489685
	total loss: 	0.44760308554861694
	cross ent: 	0.15791001065913587
	cluster: 	0.14485525543242692
	separation:	0.14483781945705415
	avg separation:	220.8449267578125
	accu: 		50.0%
	l1: 		30.0
	p dist pair: 	415.3627624511719
epoch: 	6
	joint
	train
	time: 	48.51095366477966
	total loss: 	0.43349058727197554
	cross ent: 	0.15223203674726393
	cluster: 	0.14211389959044754
	separation:	0.13914465093426406
	avg separation:	225.96287316894532
	accu: 		47.699999999999996%
	l1: 		30.0
	p dist pair: 	435.41717529296875
	test
	time: 	10.248335123062134
	total loss: 	0.40302857451140883
	cross ent: 	0.10267799369245767
	cluster: 	0.15018220531195403
	separation:	0.1501683755069971
	avg separation:	232.28832278442383
	accu: 		50.0%
	l1: 		30.0
	p dist pair: 	435.41717529296875
epoch: 	7
	joint
	train
	time: 	49.38098692893982
	total loss: 	0.4141044971129959
	cross ent: 	0.14485862618564715
	cluster: 	0.1332909192983061
	separation:	0.13595495162904261
	avg separation:	241.95391889953612
	accu: 		49.9%
	l1: 		30.0
	p dist pair: 	460.710693359375
	test
	time: 	10.066472291946411
	total loss: 	0.41196109859272834
	cross ent: 	0.09029000605270267
	cluster: 	0.16074446173012258
	separation:	0.16092663080990313
	avg separation:	245.04471678161622
	accu: 		50.0%
	l1: 		30.0
	p dist pair: 	460.710693359375
epoch: 	8
	joint
	train
	time: 	51.46723985671997
	total loss: 	0.13038578191865235
	cross ent: 	0.09416017049737274
	cluster: 	0.017926131393760442
	separation:	0.018299480027519167
	avg separation:	245.48081579589845
	accu: 		52.6%
	l1: 		30.0
	p dist pair: 	459.646728515625
	test
	time: 	10.074549913406372
	total loss: 	0.10691573845036327
	cross ent: 	0.08817646349593997
	cluster: 	0.009388972620479762
	separation:	0.009350302333943546
	avg separation:	245.44207640075683
	accu: 		47.599999999999994%
	l1: 		30.0
	p dist pair: 	459.646728515625
epoch: 	9
	joint
	train
	time: 	53.9553906917572
	total loss: 	0.11875999421440064
	cross ent: 	0.09428186882380396
	cluster: 	0.012131429601926357
	separation:	0.012346695788670332
	avg separation:	245.40683502197265
	accu: 		53.400000000000006%
	l1: 		30.0
	p dist pair: 	460.1085510253906
	test
	time: 	10.04327940940857
	total loss: 	0.13421739447303116
	cross ent: 	0.09902471720799803
	cluster: 	0.01753224990796298
	separation:	0.017660427357070147
	avg separation:	245.64829078674316
	accu: 		50.0%
	l1: 		30.0
	p dist pair: 	460.1085510253906
epoch: 	10
	joint
	train
	time: 	53.15456986427307
	total loss: 	0.11919589434051886
	cross ent: 	0.08820352762425318
	cluster: 	0.01473052674345672
	separation:	0.01626183997280896
	avg separation:	245.73198402404785
	accu: 		60.8%
	l1: 		30.0
	p dist pair: 	460.6317138671875
	test
	time: 	10.072540521621704
	total loss: 	0.11137051079701632
	cross ent: 	0.08963733644410968
	cluster: 	0.010801460051909089
	separation:	0.010931714300997555
	avg separation:	245.99517306518555
	accu: 		50.9%
	l1: 		30.0
	p dist pair: 	460.6317138671875
	push
	Executing push ...
	push time: 	14.280339002609253
	test
	time: 	10.020939588546753
	total loss: 	0.6045165010198906
	cross ent: 	0.5753422027367122
	cluster: 	0.01453435272956267
	separation:	0.01463994555361569
	avg separation:	0.5338815238475799
	accu: 		49.9%
	l1: 		30.0
	p dist pair: 	2.895454168319702
	last layer
iteration: 	0
	train
	time: 	13.49446439743042
	total loss: 	0.19370971242678478
	cross ent: 	0.1676419397752279
	cluster: 	0.012732032237574457
	separation:	0.013335740413982422
	avg separation:	0.5346157094240188
	accu: 		52.6%
	l1: 		29.46302032470703
	p dist pair: 	2.895454168319702
	test
	time: 	10.115180730819702
	total loss: 	0.20277337930714565
	cross ent: 	0.18175558336418907
	cluster: 	0.01046229457994923
	separation:	0.010555501363007352
	avg separation:	0.5377659905850888
	accu: 		47.699999999999996%
	l1: 		29.46302032470703
	p dist pair: 	2.895454168319702
iteration: 	1
	train
	time: 	13.589797019958496
	total loss: 	0.17136831617324788
	cross ent: 	0.145300543521691
	cluster: 	0.012732032237574457
	separation:	0.013335740413982422
	avg separation:	0.5346157094240188
	accu: 		53.2%
	l1: 		28.79584312438965
	p dist pair: 	2.895454168319702
	test
	time: 	10.102627515792847
	total loss: 	0.19462787837914583
	cross ent: 	0.17429761266482455
	cluster: 	0.010112979736877605
	separation:	0.01021728597744368
	avg separation:	0.5391724199950695
	accu: 		50.9%
	l1: 		28.79584312438965
	p dist pair: 	2.895454168319702
iteration: 	2
	train
	time: 	13.423393249511719
	total loss: 	0.1650165218319089
	cross ent: 	0.13894874918035202
	cluster: 	0.012732032237574457
	separation:	0.013335740413982422
	avg separation:	0.5346157094240188
	accu: 		53.800000000000004%
	l1: 		28.136123657226562
	p dist pair: 	2.895454168319702
	test
	time: 	10.133325099945068
	total loss: 	0.1970320879277533
	cross ent: 	0.1756075869270826
	cluster: 	0.010667876555584372
	separation:	0.010756624445086346
	avg separation:	0.5319596339464188
	accu: 		48.4%
	l1: 		28.136123657226562
	p dist pair: 	2.895454168319702
iteration: 	3
	train
	time: 	13.288494110107422
	total loss: 	0.1591289165281487
	cross ent: 	0.13306114387659182
	cluster: 	0.012732032237574457
	separation:	0.013335740413982422
	avg separation:	0.5346157094240188
	accu: 		55.1%
	l1: 		27.470285415649414
	p dist pair: 	2.895454168319702
	test
	time: 	10.01240086555481
	total loss: 	0.18308578313735052
	cross ent: 	0.16058153816230333
	cluster: 	0.011201488065999
	separation:	0.011302756909048185
	avg separation:	0.5390062532424926
	accu: 		49.8%
	l1: 		27.470285415649414
	p dist pair: 	2.895454168319702
iteration: 	4
	train
	time: 	13.50227975845337
	total loss: 	0.15467695387784625
	cross ent: 	0.12860918122628937
	cluster: 	0.012732032237574457
	separation:	0.013335740413982422
	avg separation:	0.5346157094240188
	accu: 		57.099999999999994%
	l1: 		26.809614181518555
	p dist pair: 	2.895454168319702
	test
	time: 	10.083748579025269
	total loss: 	0.1799060211347605
	cross ent: 	0.15744302017713926
	cluster: 	0.011180549470707775
	separation:	0.011282451486913488
	avg separation:	0.5385688246786594
	accu: 		50.8%
	l1: 		26.809614181518555
	p dist pair: 	2.895454168319702
iteration: 	5
	train
	time: 	13.633594751358032
	total loss: 	0.14790951519233023
	cross ent: 	0.12184174254077335
	cluster: 	0.012732032237574457
	separation:	0.013335740413982422
	avg separation:	0.5346157094240188
	accu: 		57.699999999999996%
	l1: 		26.184938430786133
	p dist pair: 	2.895454168319702
	test
	time: 	10.427797794342041
	total loss: 	0.19705752881783245
	cross ent: 	0.17763167759570478
	cluster: 	0.009661797329317778
	separation:	0.009764053892809897
	avg separation:	0.5339220423400403
	accu: 		51.2%
	l1: 		26.184938430786133
	p dist pair: 	2.895454168319702
iteration: 	6
	train
	time: 	13.707560300827026
	total loss: 	0.14654377914102223
	cross ent: 	0.12047600648946537
	cluster: 	0.012732032237574457
	separation:	0.013335740413982422
	avg separation:	0.5346157094240188
	accu: 		58.5%
	l1: 		25.556589126586914
	p dist pair: 	2.895454168319702
	test
	time: 	10.234387159347534
	total loss: 	0.17552399457558931
	cross ent: 	0.15288498347262794
	cluster: 	0.011273802476003765
	separation:	0.01136520862695761
	avg separation:	0.5415124489963055
	accu: 		48.699999999999996%
	l1: 		25.556589126586914
	p dist pair: 	2.895454168319702
iteration: 	7
	train
	time: 	13.55273175239563
	total loss: 	0.1427233474374225
	cross ent: 	0.1166555747858656
	cluster: 	0.012732032237574457
	separation:	0.013335740413982422
	avg separation:	0.5346157094240188
	accu: 		58.9%
	l1: 		24.936233520507812
	p dist pair: 	2.895454168319702
	test
	time: 	10.408287525177002
	total loss: 	0.1655405660115939
	cross ent: 	0.14347947244162787
	cluster: 	0.010979350409004838
	separation:	0.011081743160961196
	avg separation:	0.5388481718599796
	accu: 		50.8%
	l1: 		24.936233520507812
	p dist pair: 	2.895454168319702
iteration: 	8
	train
	time: 	13.34670352935791
	total loss: 	0.1393629669197835
	cross ent: 	0.11329519426822662
	cluster: 	0.012732032237574457
	separation:	0.013335740413982422
	avg separation:	0.5346157094240188
	accu: 		58.599999999999994%
	l1: 		24.329530715942383
	p dist pair: 	2.895454168319702
	test
	time: 	10.583008766174316
	total loss: 	0.16516763314892888
	cross ent: 	0.14649705270616686
	cluster: 	0.009285488937748596
	separation:	0.009385091505013406
	avg separation:	0.535099120169878
	accu: 		51.7%
	l1: 		24.329530715942383
	p dist pair: 	2.895454168319702
iteration: 	9
	train
	time: 	13.437148332595825
	total loss: 	0.13689914342298287
	cross ent: 	0.110831370771426
	cluster: 	0.012732032237574457
	separation:	0.013335740413982422
	avg separation:	0.5346157094240188
	accu: 		60.099999999999994%
	l1: 		23.740318298339844
	p dist pair: 	2.895454168319702
	test
	time: 	10.119999408721924
	total loss: 	0.15948328505405518
	cross ent: 	0.1372769080686412
	cluster: 	0.011052987847942859
	separation:	0.011153389137471095
	avg separation:	0.5365730328261852
	accu: 		50.9%
	l1: 		23.740318298339844
	p dist pair: 	2.895454168319702
epoch: 	11
	joint
	train
	time: 	53.40279507637024
	total loss: 	0.13408873762038137
	cross ent: 	0.09147395831659969
	cluster: 	0.020543638679897412
	separation:	0.022071140623884277
	avg separation:	1.2556015306711197
	accu: 		66.10000000000001%
	l1: 		23.740318298339844
	p dist pair: 	3.104996919631958
	test
	time: 	10.10186505317688
	total loss: 	0.1058048669290729
	cross ent: 	0.07797174931271002
	cluster: 	0.013720076065044851
	separation:	0.014113041551318019
	avg separation:	1.2322406595349311
	accu: 		66.5%
	l1: 		23.740318298339844
	p dist pair: 	3.104996919631958
epoch: 	12
	joint
	train
	time: 	55.38131809234619
	total loss: 	0.09933071664913769
	cross ent: 	0.06812117730693171
	cluster: 	0.015075684167910367
	separation:	0.016133855174295605
	avg separation:	1.190227177977562
	accu: 		75.8%
	l1: 		23.740318298339844
	p dist pair: 	3.2141308784484863
	test
	time: 	10.127456188201904
	total loss: 	0.07979321010456214
	cross ent: 	0.05784855821401605
	cluster: 	0.010860540405847132
	separation:	0.011084111484698952
	avg separation:	1.0492289109230042
	accu: 		79.9%
	l1: 		23.740318298339844
	p dist pair: 	3.2141308784484863
epoch: 	13
	joint
	train
	time: 	48.269397020339966
	total loss: 	0.0524448627297805
	cross ent: 	0.0370771570374762
	cluster: 	0.007277925115078688
	separation:	0.00808978057722561
	avg separation:	1.0722797008752822
	accu: 		89.5%
	l1: 		23.740318298339844
	p dist pair: 	3.2090063095092773
	test
	time: 	10.126437664031982
	total loss: 	0.048451381933713455
	cross ent: 	0.036867884398858186
	cluster: 	0.0057146660612197595
	separation:	0.00586883147363551
	avg separation:	1.0873638872504234
	accu: 		90.5%
	l1: 		23.740318298339844
	p dist pair: 	3.2090063095092773
	above 90.00%
epoch: 	14
	joint
	train
	time: 	45.29143214225769
	total loss: 	0.04343404429324223
	cross ent: 	0.033028437792088555
	cluster: 	0.004887057924759574
	separation:	0.005518548576394096
	avg separation:	1.0686775104999542
	accu: 		91.0%
	l1: 		23.740318298339844
	p dist pair: 	3.2098658084869385
	test
	time: 	10.83907699584961
	total loss: 	0.04731009828626588
	cross ent: 	0.038293371696271374
	cluster: 	0.004459211961715482
	separation:	0.004557514628279023
	avg separation:	1.044626874446869
	accu: 		89.7%
	l1: 		23.740318298339844
	p dist pair: 	3.2098658084869385
epoch: 	15
	joint
	train
	time: 	46.231271505355835
	total loss: 	0.04076036276780533
	cross ent: 	0.030205925365053097
	cluster: 	0.004993427429464646
	separation:	0.005561009973287582
	avg separation:	1.0302629421949387
	accu: 		91.0%
	l1: 		23.740318298339844
	p dist pair: 	3.20925235748291
	test
	time: 	10.930040121078491
	total loss: 	0.042290671911359774
	cross ent: 	0.03363527254787181
	cluster: 	0.0042935117847519
	separation:	0.004361887578736059
	avg separation:	1.0211480984687804
	accu: 		91.2%
	l1: 		23.740318298339844
	p dist pair: 	3.20925235748291
	above 90.00%
epoch: 	16
	joint
	train
	time: 	44.32947659492493
	total loss: 	0.035219413788905356
	cross ent: 	0.026656068562096905
	cluster: 	0.004053063408355229
	separation:	0.004510281818453222
	avg separation:	1.0071519644260407
	accu: 		92.9%
	l1: 		23.740318298339844
	p dist pair: 	3.2067880630493164
	test
	time: 	11.01364803314209
	total loss: 	0.04055903877160575
	cross ent: 	0.0335770478421456
	cluster: 	0.003442576046916656
	separation:	0.003539414882543497
	avg separation:	0.9825456513166427
	accu: 		91.0%
	l1: 		23.740318298339844
	p dist pair: 	3.2067880630493164
	above 90.00%
epoch: 	17
	joint
	train
	time: 	45.65143322944641
	total loss: 	0.032736636058013774
	cross ent: 	0.024805001453781388
	cluster: 	0.003783812887268141
	separation:	0.004147821716964245
	avg separation:	0.9863748155236244
	accu: 		93.30000000000001%
	l1: 		23.740318298339844
	p dist pair: 	3.2112860679626465
	test
	time: 	11.80070686340332
	total loss: 	0.0393028130297633
	cross ent: 	0.03097735228427594
	cluster: 	0.004112419847748242
	separation:	0.0042130408977391195
	avg separation:	0.9621515747904777
	accu: 		91.7%
	l1: 		23.740318298339844
	p dist pair: 	3.2112860679626465
	above 90.00%
epoch: 	18
	joint
	train
	time: 	45.49202537536621
	total loss: 	0.028233041129015105
	cross ent: 	0.020177876833300756
	cluster: 	0.003806716853287071
	separation:	0.004248447442427278
	avg separation:	0.9655993334054946
	accu: 		95.19999999999999%
	l1: 		23.740318298339844
	p dist pair: 	3.209744453430176
	test
	time: 	10.97591757774353
	total loss: 	0.037423402269971144
	cross ent: 	0.031013190190326015
	cluster: 	0.0031473236408783123
	separation:	0.003262888438766822
	avg separation:	0.9593647295236587
	accu: 		91.7%
	l1: 		23.740318298339844
	p dist pair: 	3.209744453430176
	above 90.00%
epoch: 	19
	joint
	train
	time: 	47.71034860610962
	total loss: 	0.02655727260224133
	cross ent: 	0.019289465078055703
	cluster: 	0.003393384534283541
	separation:	0.0038744229899020867
	avg separation:	0.9630558263659478
	accu: 		95.3%
	l1: 		23.740318298339844
	p dist pair: 	3.2074997425079346
	test
	time: 	10.68045949935913
	total loss: 	0.03949899563674519
	cross ent: 	0.032843991572541954
	cluster: 	0.0032757294856710357
	separation:	0.003379274578532204
	avg separation:	0.9578334879875183
	accu: 		89.9%
	l1: 		23.740318298339844
	p dist pair: 	3.2074997425079346
epoch: 	20
	joint
	train
	time: 	47.32784152030945
	total loss: 	0.02664025728245657
	cross ent: 	0.019604261467507295
	cluster: 	0.0033134315252536907
	separation:	0.0037225642896955833
	avg separation:	0.9602736192941665
	accu: 		95.3%
	l1: 		23.740318298339844
	p dist pair: 	3.2065508365631104
	test
	time: 	11.724434852600098
	total loss: 	0.0377982768940454
	cross ent: 	0.031073220544745553
	cluster: 	0.0033137140185572206
	separation:	0.0034113423307426272
	avg separation:	0.9481702389121056
	accu: 		91.10000000000001%
	l1: 		23.740318298339844
	p dist pair: 	3.2065508365631104
	above 90.00%
	push
	Executing push ...
	push time: 	16.689854621887207
	test
	time: 	12.021860361099243
	total loss: 	0.17749011584408214
	cross ent: 	0.08620134940035272
	cluster: 	0.045508660454303025
	separation:	0.045780105989426376
	avg separation:	0.9124241742491722
	accu: 		79.10000000000001%
	l1: 		23.740318298339844
	p dist pair: 	3.189600944519043
	last layer
iteration: 	0
	train
	time: 	15.934736967086792
	total loss: 	0.12178480173497228
	cross ent: 	0.025193888871360096
	cluster: 	0.048685117544606325
	separation:	0.047905795319005844
	avg separation:	0.9223710746765137
	accu: 		93.60000000000001%
	l1: 		23.703760147094727
	p dist pair: 	3.189600944519043
	test
	time: 	12.75250244140625
	total loss: 	0.1213339903615106
	cross ent: 	0.032529797557710516
	cluster: 	0.04427013912796974
	separation:	0.04453405367583036
	avg separation:	0.9269588154554367
	accu: 		91.5%
	l1: 		23.703760147094727
	p dist pair: 	3.189600944519043
	above 90.00%
iteration: 	1
	train
	time: 	16.28010129928589
	total loss: 	0.11808648503357144
	cross ent: 	0.021495572169959277
	cluster: 	0.048685117544606325
	separation:	0.047905795319005844
	avg separation:	0.9223710746765137
	accu: 		94.3%
	l1: 		23.801677703857422
	p dist pair: 	3.189600944519043
	test
	time: 	12.88655424118042
	total loss: 	0.12083727120912051
	cross ent: 	0.03275816937467431
	cluster: 	0.043909676410257815
	separation:	0.04416942542418838
	avg separation:	0.9145840973258018
	accu: 		92.4%
	l1: 		23.801677703857422
	p dist pair: 	3.189600944519043
	above 90.00%
iteration: 	2
	train
	time: 	17.026200771331787
	total loss: 	0.11820129394019419
	cross ent: 	0.021610381076582016
	cluster: 	0.048685117544606325
	separation:	0.047905795319005844
	avg separation:	0.9223710746765137
	accu: 		94.6%
	l1: 		23.910324096679688
	p dist pair: 	3.189600944519043
	test
	time: 	12.648546695709229
	total loss: 	0.12219769834130736
	cross ent: 	0.032186840312180234
	cluster: 	0.04486615487188101
	separation:	0.04514470315724611
	avg separation:	0.9246357628107071
	accu: 		91.4%
	l1: 		23.910324096679688
	p dist pair: 	3.189600944519043
	above 90.00%
iteration: 	3
	train
	time: 	18.001429080963135
	total loss: 	0.11832575742514134
	cross ent: 	0.021734844561529177
	cluster: 	0.048685117544606325
	separation:	0.047905795319005844
	avg separation:	0.9223710746765137
	accu: 		94.1%
	l1: 		24.057111740112305
	p dist pair: 	3.189600944519043
	test
	time: 	12.7772696018219
	total loss: 	0.11895547734564602
	cross ent: 	0.03244370756289422
	cluster: 	0.04312957235053182
	separation:	0.04338219743221998
	avg separation:	0.9233332307338714
	accu: 		91.9%
	l1: 		24.057111740112305
	p dist pair: 	3.189600944519043
	above 90.00%
iteration: 	4
	train
	time: 	16.66941213607788
	total loss: 	0.11846667572947184
	cross ent: 	0.021875762865859676
	cluster: 	0.048685117544606325
	separation:	0.047905795319005844
	avg separation:	0.9223710746765137
	accu: 		94.0%
	l1: 		24.22595977783203
	p dist pair: 	3.189600944519043
	test
	time: 	12.677813053131104
	total loss: 	0.12202708292406075
	cross ent: 	0.03185352690916531
	cluster: 	0.0449512390345335
	separation:	0.045222316980361936
	avg separation:	0.9177452899217605
	accu: 		92.0%
	l1: 		24.22595977783203
	p dist pair: 	3.189600944519043
	above 90.00%
iteration: 	5
	train
	time: 	17.71770405769348
	total loss: 	0.1177735076147153
	cross ent: 	0.021182594751103123
	cluster: 	0.048685117544606325
	separation:	0.047905795319005844
	avg separation:	0.9223710746765137
	accu: 		94.39999999999999%
	l1: 		24.39608383178711
	p dist pair: 	3.189600944519043
	test
	time: 	12.572910070419312
	total loss: 	0.11670272795340386
	cross ent: 	0.032227710772737526
	cluster: 	0.04211066034249961
	separation:	0.042364356838166715
	avg separation:	0.9173778638243675
	accu: 		91.5%
	l1: 		24.39608383178711
	p dist pair: 	3.189600944519043
	above 90.00%
iteration: 	6
	train
	time: 	17.269087076187134
	total loss: 	0.1179714430545385
	cross ent: 	0.021380530190926325
	cluster: 	0.048685117544606325
	separation:	0.047905795319005844
	avg separation:	0.9223710746765137
	accu: 		93.8%
	l1: 		24.547624588012695
	p dist pair: 	3.189600944519043
	test
	time: 	13.067537784576416
	total loss: 	0.12528144027529028
	cross ent: 	0.03320084556055931
	cluster: 	0.045897582739591596
	separation:	0.04618301197513938
	avg separation:	0.9197949178218842
	accu: 		90.7%
	l1: 		24.547624588012695
	p dist pair: 	3.189600944519043
	above 90.00%
iteration: 	7
	train
	time: 	17.210171461105347
	total loss: 	0.11790322076232149
	cross ent: 	0.021312307898709304
	cluster: 	0.048685117544606325
	separation:	0.047905795319005844
	avg separation:	0.9223710746765137
	accu: 		94.6%
	l1: 		24.699851989746094
	p dist pair: 	3.189600944519043
	test
	time: 	13.63116979598999
	total loss: 	0.12320672181082136
	cross ent: 	0.03394229219687349
	cluster: 	0.04449787452444434
	separation:	0.04476655508950353
	avg separation:	0.9197807772159576
	accu: 		90.3%
	l1: 		24.699851989746094
	p dist pair: 	3.189600944519043
	above 90.00%
iteration: 	8
	train
	time: 	18.53801131248474
	total loss: 	0.11781449948470013
	cross ent: 	0.02122358662108796
	cluster: 	0.048685117544606325
	separation:	0.047905795319005844
	avg separation:	0.9223710746765137
	accu: 		93.7%
	l1: 		24.83135986328125
	p dist pair: 	3.189600944519043
	test
	time: 	14.199501514434814
	total loss: 	0.123242236288773
	cross ent: 	0.032285562797026816
	cluster: 	0.045333716873079535
	separation:	0.04562295661866665
	avg separation:	0.9250093587040901
	accu: 		91.3%
	l1: 		24.83135986328125
	p dist pair: 	3.189600944519043
	above 90.00%
iteration: 	9
	train
	time: 	17.639792442321777
	total loss: 	0.11724755990157551
	cross ent: 	0.02065664703796334
	cluster: 	0.048685117544606325
	separation:	0.047905795319005844
	avg separation:	0.9223710746765137
	accu: 		95.0%
	l1: 		24.972814559936523
	p dist pair: 	3.189600944519043
	test
	time: 	12.837578535079956
	total loss: 	0.11913398398461306
	cross ent: 	0.03224195599185789
	cluster: 	0.04332071386650205
	separation:	0.043571314126253126
	avg separation:	0.916963703930378
	accu: 		91.4%
	l1: 		24.972814559936523
	p dist pair: 	3.189600944519043
	above 90.00%
epoch: 	21
	joint
	train
	time: 	49.62114858627319
	total loss: 	0.07197612783731952
	cross ent: 	0.02188315867399855
	cluster: 	0.025376170196570454
	separation:	0.024716798966750504
	avg separation:	0.8992320662736892
	accu: 		94.6%
	l1: 		24.972814559936523
	p dist pair: 	3.1952993869781494
	test
	time: 	13.911841869354248
	total loss: 	0.053499330539094433
	cross ent: 	0.03183594198229365
	cluster: 	0.01073381775803864
	separation:	0.010929570798762143
	avg separation:	0.8720211943387985
	accu: 		91.4%
	l1: 		24.972814559936523
	p dist pair: 	3.1952993869781494
	above 90.00%
epoch: 	22
	joint
	train
	time: 	54.93821620941162
	total loss: 	0.03945463038322306
	cross ent: 	0.02129803682670719
	cluster: 	0.009283182981656864
	separation:	0.008873410574859008
	avg separation:	0.8677940400838852
	accu: 		93.8%
	l1: 		24.972814559936523
	p dist pair: 	3.1934752464294434
	test
	time: 	13.798262596130371
	total loss: 	0.043412874092308054
	cross ent: 	0.03144590175753198
	cluster: 	0.00585738792992197
	separation:	0.006109584404854104
	avg separation:	0.860786141872406
	accu: 		92.10000000000001%
	l1: 		24.972814559936523
	p dist pair: 	3.1934752464294434
	above 90.00%
epoch: 	23
	joint
	train
	time: 	51.243000507354736
	total loss: 	0.03425538036327652
	cross ent: 	0.020234910392275377
	cluster: 	0.007136510197306052
	separation:	0.006883959773695096
	avg separation:	0.8594104435741902
	accu: 		94.5%
	l1: 		24.972814559936523
	p dist pair: 	3.1931207180023193
	test
	time: 	13.273889780044556
	total loss: 	0.04466970770322564
	cross ent: 	0.03354012536519053
	cluster: 	0.005440294725587592
	separation:	0.005689287612447515
	avg separation:	0.8575057313740253
	accu: 		92.30000000000001%
	l1: 		24.972814559936523
	p dist pair: 	3.1931207180023193
	above 90.00%
epoch: 	24
	joint
	train
	time: 	54.17812156677246
	total loss: 	0.03330612993331603
	cross ent: 	0.019878433179789927
	cluster: 	0.006828927587484941
	separation:	0.006598769166041165
	avg separation:	0.8581595267355442
	accu: 		94.5%
	l1: 		24.972814559936523
	p dist pair: 	3.1928319931030273
	test
	time: 	15.865449666976929
	total loss: 	0.0423196528869743
	cross ent: 	0.03155279333578111
	cluster: 	0.005266453076153994
	separation:	0.005500406475039199
	avg separation:	0.8546369878351688
	accu: 		91.9%
	l1: 		24.972814559936523
	p dist pair: 	3.1928319931030273
	above 90.00%
epoch: 	25
	joint
	train
	time: 	54.15461206436157
	total loss: 	0.03304279298580991
	cross ent: 	0.02001839815977768
	cluster: 	0.006627860745415092
	separation:	0.00639653408061713
	avg separation:	0.8568031831979751
	accu: 		94.6%
	l1: 		24.972814559936523
	p dist pair: 	3.1926159858703613
	test
	time: 	14.689658403396606
	total loss: 	0.042772440848016555
	cross ent: 	0.031570542248973064
	cluster: 	0.0054705727922264484
	separation:	0.00573132580681704
	avg separation:	0.8551894716918469
	accu: 		92.30000000000001%
	l1: 		24.972814559936523
	p dist pair: 	3.1926159858703613
	above 90.00%
epoch: 	26
	joint
	train
	time: 	52.97319555282593
	total loss: 	0.032488195469984694
	cross ent: 	0.019587555890120477
	cluster: 	0.00653692985442467
	separation:	0.006363709725439548
	avg separation:	0.8553304907381535
	accu: 		94.69999999999999%
	l1: 		24.972814559936523
	p dist pair: 	3.192352294921875
	test
	time: 	13.620194435119629
	total loss: 	0.04206963619752502
	cross ent: 	0.03115139981452091
	cluster: 	0.005331676340196281
	separation:	0.005586560042807833
	avg separation:	0.8522760702669621
	accu: 		91.7%
	l1: 		24.972814559936523
	p dist pair: 	3.192352294921875
	above 90.00%
epoch: 	27
	joint
	train
	time: 	52.31323957443237
	total loss: 	0.03187563666832737
	cross ent: 	0.019242929054108553
	cluster: 	0.006366306048817933
	separation:	0.006266401565400884
	avg separation:	0.8540245298743248
	accu: 		94.6%
	l1: 		24.972814559936523
	p dist pair: 	3.192107915878296
	test
	time: 	13.756080389022827
	total loss: 	0.04223689463788642
	cross ent: 	0.03198060880317817
	cluster: 	0.004988517055520788
	separation:	0.005267768779187464
	avg separation:	0.8445135680437088
	accu: 		91.4%
	l1: 		24.972814559936523
	p dist pair: 	3.192107915878296
	above 90.00%
epoch: 	28
	joint
	train
	time: 	51.46094083786011
	total loss: 	0.03175666344689652
	cross ent: 	0.0193209822830975
	cluster: 	0.006256636151578277
	separation:	0.00617904501222074
	avg separation:	0.8535460397303104
	accu: 		94.89999999999999%
	l1: 		24.972814559936523
	p dist pair: 	3.192103862762451
	test
	time: 	13.130186557769775
	total loss: 	0.04267735730942853
	cross ent: 	0.03265573898649357
	cluster: 	0.004876795934978873
	separation:	0.0051448223879560825
	avg separation:	0.847726939946413
	accu: 		91.9%
	l1: 		24.972814559936523
	p dist pair: 	3.192103862762451
	above 90.00%
epoch: 	29
	joint
	train
	time: 	53.157143354415894
	total loss: 	0.03179242501151959
	cross ent: 	0.019403726415477936
	cluster: 	0.006233734587673098
	separation:	0.006154964008368552
	avg separation:	0.8534561598300934
	accu: 		94.89999999999999%
	l1: 		24.972814559936523
	p dist pair: 	3.1920998096466064
	test
	time: 	12.866520643234253
	total loss: 	0.04173687354576801
	cross ent: 	0.031306243599942225
	cluster: 	0.005083629227709025
	separation:	0.00534700071811676
	avg separation:	0.851110085517168
	accu: 		91.60000000000001%
	l1: 		24.972814559936523
	p dist pair: 	3.1920998096466064
	above 90.00%
epoch: 	30
	joint
	train
	time: 	52.09344696998596
	total loss: 	0.0316410177957689
	cross ent: 	0.019346606446891425
	cluster: 	0.006182794209336862
	separation:	0.006111617139540612
	avg separation:	0.853380152285099
	accu: 		94.69999999999999%
	l1: 		24.972814559936523
	p dist pair: 	3.192095994949341
	test
	time: 	14.027084589004517
	total loss: 	0.04196602687708996
	cross ent: 	0.0315691285676226
	cluster: 	0.005063436304917559
	separation:	0.005333462004549801
	avg separation:	0.8469694694280624
	accu: 		91.5%
	l1: 		24.972814559936523
	p dist pair: 	3.192095994949341
	above 90.00%
	push
	Executing push ...
	push time: 	17.4187970161438
	test
	time: 	13.212934970855713
	total loss: 	0.172865234430098
	cross ent: 	0.032977463430875015
	cluster: 	0.06985693545266985
	separation:	0.07003083554655314
	avg separation:	0.8547628694176674
	accu: 		91.60000000000001%
	l1: 		24.972814559936523
	p dist pair: 	2.958228826522827
	above 90.00%
	last layer
iteration: 	0
	train
	time: 	17.05196475982666
	total loss: 	0.16751375033381835
	cross ent: 	0.019571240988108078
	cluster: 	0.07487746491655707
	separation:	0.07306504442915321
	avg separation:	0.8606705530583858
	accu: 		94.8%
	l1: 		25.0285587310791
	p dist pair: 	2.958228826522827
	test
	time: 	13.56863522529602
	total loss: 	0.1735886712795913
	cross ent: 	0.03262756603721973
	cluster: 	0.07036931677535176
	separation:	0.0705917884670198
	avg separation:	0.8580754630863666
	accu: 		91.5%
	l1: 		25.0285587310791
	p dist pair: 	2.958228826522827
	above 90.00%
iteration: 	1
	train
	time: 	17.780855178833008
	total loss: 	0.16649017066506547
	cross ent: 	0.018547661319355195
	cluster: 	0.07487746491655707
	separation:	0.07306504442915321
	avg separation:	0.8606705530583858
	accu: 		94.89999999999999%
	l1: 		25.104293823242188
	p dist pair: 	2.958228826522827
	test
	time: 	13.701923131942749
	total loss: 	0.17197949512289937
	cross ent: 	0.03361202964173731
	cluster: 	0.06908447673916816
	separation:	0.0692829887419939
	avg separation:	0.8579006655216217
	accu: 		92.60000000000001%
	l1: 		25.104293823242188
	p dist pair: 	2.958228826522827
	above 90.00%
iteration: 	2
	train
	time: 	17.528663396835327
	total loss: 	0.16726785479097514
	cross ent: 	0.01932534544526486
	cluster: 	0.07487746491655707
	separation:	0.07306504442915321
	avg separation:	0.8606705530583858
	accu: 		94.8%
	l1: 		25.14813804626465
	p dist pair: 	2.958228826522827
	test
	time: 	13.410394668579102
	total loss: 	0.17357899322992776
	cross ent: 	0.03350159055999136
	cluster: 	0.06993907185271382
	separation:	0.0701383308172226
	avg separation:	0.861880779594183
	accu: 		91.5%
	l1: 		25.14813804626465
	p dist pair: 	2.958228826522827
	above 90.00%
iteration: 	3
	train
	time: 	17.805773496627808
	total loss: 	0.16728878735377695
	cross ent: 	0.019346278008066684
	cluster: 	0.07487746491655707
	separation:	0.07306504442915321
	avg separation:	0.8606705530583858
	accu: 		94.6%
	l1: 		25.192081451416016
	p dist pair: 	2.958228826522827
	test
	time: 	13.374690294265747
	total loss: 	0.17075815112625436
	cross ent: 	0.03375385961790758
	cluster: 	0.06841402674093842
	separation:	0.06859026476740837
	avg separation:	0.8628362782299519
	accu: 		90.9%
	l1: 		25.192081451416016
	p dist pair: 	2.958228826522827
	above 90.00%
iteration: 	4
	train
	time: 	17.119635105133057
	total loss: 	0.16681494694689242
	cross ent: 	0.01887243760118214
	cluster: 	0.07487746491655707
	separation:	0.07306504442915321
	avg separation:	0.8606705530583858
	accu: 		95.5%
	l1: 		25.222576141357422
	p dist pair: 	2.958228826522827
	test
	time: 	13.08418607711792
	total loss: 	0.17158998812557236
	cross ent: 	0.03306376886562481
	cluster: 	0.06917947981879115
	separation:	0.0693467394411564
	avg separation:	0.8604711248576641
	accu: 		91.10000000000001%
	l1: 		25.222576141357422
	p dist pair: 	2.958228826522827
	above 90.00%
iteration: 	5
	train
	time: 	17.11344289779663
	total loss: 	0.16693016689800017
	cross ent: 	0.018987657552289875
	cluster: 	0.07487746491655707
	separation:	0.07306504442915321
	avg separation:	0.8606705530583858
	accu: 		95.19999999999999%
	l1: 		25.245431900024414
	p dist pair: 	2.958228826522827
	test
	time: 	14.570422410964966
	total loss: 	0.164375309466936
	cross ent: 	0.03292886128611147
	cluster: 	0.06563287018984557
	separation:	0.06581357799097895
	avg separation:	0.8597185764014721
	accu: 		92.10000000000001%
	l1: 		25.245431900024414
	p dist pair: 	2.958228826522827
	above 90.00%
iteration: 	6
	train
	time: 	17.76650357246399
	total loss: 	0.16681905643265552
	cross ent: 	0.018876547086945233
	cluster: 	0.07487746491655707
	separation:	0.07306504442915321
	avg separation:	0.8606705530583858
	accu: 		94.69999999999999%
	l1: 		25.282268524169922
	p dist pair: 	2.958228826522827
	test
	time: 	14.336257934570312
	total loss: 	0.17339149075789326
	cross ent: 	0.03239365275246972
	cluster: 	0.07038794487714767
	separation:	0.07060989312827587
	avg separation:	0.8632436437904835
	accu: 		92.0%
	l1: 		25.282268524169922
	p dist pair: 	2.958228826522827
	above 90.00%
iteration: 	7
	train
	time: 	18.578353881835938
	total loss: 	0.16704314038137774
	cross ent: 	0.019100631035667465
	cluster: 	0.07487746491655707
	separation:	0.07306504442915321
	avg separation:	0.8606705530583858
	accu: 		94.69999999999999%
	l1: 		25.300512313842773
	p dist pair: 	2.958228826522827
	test
	time: 	14.047801494598389
	total loss: 	0.17205099589821007
	cross ent: 	0.032700768791847495
	cluster: 	0.06958055517449975
	separation:	0.06976967193186283
	avg separation:	0.8585146499276162
	accu: 		91.8%
	l1: 		25.300512313842773
	p dist pair: 	2.958228826522827
	above 90.00%
iteration: 	8
	train
	time: 	17.699252128601074
	total loss: 	0.16684046385205836
	cross ent: 	0.018897954506348097
	cluster: 	0.07487746491655707
	separation:	0.07306504442915321
	avg separation:	0.8606705530583858
	accu: 		94.89999999999999%
	l1: 		25.320819854736328
	p dist pair: 	2.958228826522827
	test
	time: 	12.952857255935669
	total loss: 	0.16311368957888894
	cross ent: 	0.032858417626289646
	cluster: 	0.06504701195284725
	separation:	0.06520825999975205
	avg separation:	0.8580270485281944
	accu: 		92.10000000000001%
	l1: 		25.320819854736328
	p dist pair: 	2.958228826522827
	above 90.00%
iteration: 	9
	train
	time: 	17.006558895111084
	total loss: 	0.1670161742018348
	cross ent: 	0.019073664856124495
	cluster: 	0.07487746491655707
	separation:	0.07306504442915321
	avg separation:	0.8606705530583858
	accu: 		95.19999999999999%
	l1: 		25.34685707092285
	p dist pair: 	2.958228826522827
	test
	time: 	14.653484582901001
	total loss: 	0.1762321641489835
	cross ent: 	0.03340080247893644
	cluster: 	0.0713178617283702
	separation:	0.07151349994167686
	avg separation:	0.8565148426890373
	accu: 		91.0%
	l1: 		25.34685707092285
	p dist pair: 	2.958228826522827
	above 90.00%
epoch: 	31
	joint
	train
	time: 	51.36540365219116
	total loss: 	0.16520845209302104
	cross ent: 	0.018229764110014812
	cluster: 	0.07439047454670071
	separation:	0.07258821343630552
	avg separation:	0.860461359679699
	accu: 		95.19999999999999%
	l1: 		25.34685707092285
	p dist pair: 	2.958284378051758
	test
	time: 	13.104541063308716
	total loss: 	0.16732802717667272
	cross ent: 	0.03294003657903722
	cluster: 	0.0671125927567482
	separation:	0.0672753978408873
	avg separation:	0.8615174028873444
	accu: 		91.5%
	l1: 		25.34685707092285
	p dist pair: 	2.958284378051758
	above 90.00%
epoch: 	32
	joint
	train
	time: 	50.511141777038574
	total loss: 	0.16334874225386758
	cross ent: 	0.018305491782514047
	cluster: 	0.07342269235476852
	separation:	0.07162055811658502
	avg separation:	0.8599748018085956
	accu: 		95.1%
	l1: 		25.34685707092285
	p dist pair: 	2.9583446979522705
	test
	time: 	12.542893648147583
	total loss: 	0.16956061237866465
	cross ent: 	0.033083006611116565
	cluster: 	0.0681470576301217
	separation:	0.06833054813742638
	avg separation:	0.8583362893164158
	accu: 		91.5%
	l1: 		25.34685707092285
	p dist pair: 	2.9583446979522705
	above 90.00%
epoch: 	33
	joint
	train
	time: 	49.62567353248596
	total loss: 	0.16231531235661462
	cross ent: 	0.01830345200087979
	cluster: 	0.07289887127280235
	separation:	0.07111298908293247
	avg separation:	0.8597013284265995
	accu: 		95.19999999999999%
	l1: 		25.34685707092285
	p dist pair: 	2.9583446979522705
	test
	time: 	12.364203453063965
	total loss: 	0.16803362842377267
	cross ent: 	0.03338882101055227
	cluster: 	0.06723372442275286
	separation:	0.06741108299046755
	avg separation:	0.858516877502203
	accu: 		91.10000000000001%
	l1: 		25.34685707092285
	p dist pair: 	2.9583446979522705
	above 90.00%
epoch: 	34
	joint
	train
	time: 	47.329591274261475
	total loss: 	0.1621906150035169
	cross ent: 	0.01828361359011194
	cluster: 	0.07284786320850253
	separation:	0.07105913820490241
	avg separation:	0.8596750591993332
	accu: 		95.1%
	l1: 		25.34685707092285
	p dist pair: 	2.9583446979522705
	test
	time: 	12.200192928314209
	total loss: 	0.17092134551805183
	cross ent: 	0.0336899166452579
	cluster: 	0.06850792820006608
	separation:	0.06872350067272782
	avg separation:	0.8521544815301895
	accu: 		90.9%
	l1: 		25.34685707092285
	p dist pair: 	2.9583446979522705
	above 90.00%
epoch: 	35
	joint
	train
	time: 	47.82742643356323
	total loss: 	0.1621110316969721
	cross ent: 	0.018306453150537444
	cluster: 	0.07279973331466318
	separation:	0.07100484523177147
	avg separation:	0.8596501210033893
	accu: 		95.1%
	l1: 		25.34685707092285
	p dist pair: 	2.9583446979522705
	test
	time: 	12.358371257781982
	total loss: 	0.1664428911629565
	cross ent: 	0.032950868544305095
	cluster: 	0.06665758009627462
	separation:	0.06683444252237677
	avg separation:	0.8630375592410564
	accu: 		91.2%
	l1: 		25.34685707092285
	p dist pair: 	2.9583446979522705
	above 90.00%
epoch: 	36
	joint
	train
	time: 	47.85236215591431
	total loss: 	0.1619910077156756
	cross ent: 	0.018306000694844497
	cluster: 	0.07273536897823214
	separation:	0.07094963804259896
	avg separation:	0.859625046491623
	accu: 		95.1%
	l1: 		25.34685707092285
	p dist pair: 	2.9583446979522705
	test
	time: 	12.299682855606079
	total loss: 	0.16497541823137166
	cross ent: 	0.032700961950156704
	cluster: 	0.06605270449444652
	separation:	0.06622175178676844
	avg separation:	0.8596548686027526
	accu: 		91.60000000000001%
	l1: 		25.34685707092285
	p dist pair: 	2.9583446979522705
	above 90.00%
epoch: 	37
	joint
	train
