training set size: 140
push set size: 140
test set size: 30
batch size: 1
start training
epoch: 	0
	warm
	train
	time: 	23.331223249435425
	cross ent: 	0.7259074283497674
	cluster: 	6.73695663107293
	separation:	8.152057603640216
	avg separation:	51.11101474761963
	accu: 		49.28571428571429%
	l1: 		30.0
	p dist pair: 	81.39075469970703
	test
	time: 	9.619278192520142
	cross ent: 	0.6571976443131765
	cluster: 	0.5305983990430831
	separation:	0.6113681763410568
	avg separation:	45.873609161376955
	accu: 		63.33333333333333%
	l1: 		30.0
	p dist pair: 	81.39075469970703
epoch: 	1
	warm
	train
	time: 	23.50749135017395
	cross ent: 	0.7754650350127902
	cluster: 	0.60759956070355
	separation:	0.5450260042079857
	avg separation:	49.06176071166992
	accu: 		37.857142857142854%
	l1: 		30.0
	p dist pair: 	86.3001937866211
	test
	time: 	8.874099254608154
	cross ent: 	0.656518492102623
	cluster: 	0.3717024485270182
	separation:	0.4661995311578115
	avg separation:	40.687876256306964
	accu: 		63.33333333333333%
	l1: 		30.0
	p dist pair: 	86.3001937866211
epoch: 	2
	warm
	train
	time: 	23.93893337249756
	cross ent: 	0.7897371202707291
	cluster: 	0.6792049635733877
	separation:	0.6257967877600874
	avg separation:	52.763305623190746
	accu: 		52.142857142857146%
	l1: 		30.0
	p dist pair: 	87.25759887695312
	test
	time: 	8.854521989822388
	cross ent: 	0.6755327264467875
	cluster: 	0.6481959144274394
	separation:	0.7033691585063935
	avg separation:	49.871093368530275
	accu: 		56.666666666666664%
	l1: 		30.0
	p dist pair: 	87.25759887695312
epoch: 	3
	warm
	train
	time: 	22.83526873588562
	cross ent: 	0.7778775230050087
	cluster: 	0.8462024585476944
	separation:	0.9106268224971635
	avg separation:	51.68281675066267
	accu: 		57.85714285714286%
	l1: 		30.0
	p dist pair: 	87.8849868774414
	test
	time: 	9.3825364112854
	cross ent: 	0.67365829149882
	cluster: 	0.7567393322785695
	separation:	0.9972901542981466
	avg separation:	46.24993769327799
	accu: 		63.33333333333333%
	l1: 		30.0
	p dist pair: 	87.8849868774414
epoch: 	4
	warm
	train
	time: 	23.979164123535156
	cross ent: 	0.7489398536405393
	cluster: 	0.7651657702135188
	separation:	0.8769704938999244
	avg separation:	52.42533189228603
	accu: 		60.0%
	l1: 		30.0
	p dist pair: 	87.72863006591797
	test
	time: 	8.938980340957642
	cross ent: 	0.688655611872673
	cluster: 	1.3707456320524216
	separation:	2.076828004916509
	avg separation:	60.373743947347
	accu: 		63.33333333333333%
	l1: 		30.0
	p dist pair: 	87.72863006591797
epoch: 	5
	joint
	train
	time: 	24.141908407211304
	cross ent: 	0.7929913430873837
	cluster: 	0.8701871156692504
	separation:	0.7832380886588778
	avg separation:	47.91968688964844
	accu: 		52.85714285714286%
	l1: 		30.0
	p dist pair: 	86.73355102539062
	test
	time: 	9.22231674194336
	cross ent: 	0.725446488459905
	cluster: 	1.5446332017580668
	separation:	1.5109843929608664
	avg separation:	45.50055402119954
	accu: 		40.0%
	l1: 		30.0
	p dist pair: 	86.73355102539062
epoch: 	6
	joint
	train
	time: 	24.351661920547485
	cross ent: 	0.7649719755032233
	cluster: 	0.4882964269391128
	separation:	0.5242473214864731
	avg separation:	46.89668718065534
	accu: 		58.57142857142858%
	l1: 		30.0
	p dist pair: 	87.33370208740234
	test
	time: 	9.675776720046997
	cross ent: 	1.2207106972734134
	cluster: 	0.7772163247068723
	separation:	0.48707774579524993
	avg separation:	42.65111516316732
	accu: 		36.666666666666664%
	l1: 		30.0
	p dist pair: 	87.33370208740234
epoch: 	7
	joint
	train
	time: 	23.31378197669983
	cross ent: 	0.7655705956209983
	cluster: 	0.7003197955765894
	separation:	0.8221199164965323
	avg separation:	46.82762843540737
	accu: 		56.42857142857143%
	l1: 		30.0
	p dist pair: 	87.93009948730469
	test
	time: 	8.911129236221313
	cross ent: 	0.928222636381785
	cluster: 	0.4519135852654775
	separation:	0.3761093626419703
	avg separation:	49.36418813069661
	accu: 		36.666666666666664%
	l1: 		30.0
	p dist pair: 	87.93009948730469
epoch: 	8
	joint
	train
	time: 	24.520566940307617
	cross ent: 	0.8100993693939277
	cluster: 	0.5947770807892084
	separation:	0.6426705712718623
	avg separation:	47.6199426651001
	accu: 		48.57142857142857%
	l1: 		30.0
	p dist pair: 	89.2731704711914
	test
	time: 	8.766375064849854
	cross ent: 	1.0262056440114975
	cluster: 	0.29772544602553047
	separation:	0.24302161435286204
	avg separation:	44.358887608846025
	accu: 		36.666666666666664%
	l1: 		30.0
	p dist pair: 	89.2731704711914
epoch: 	9
	joint
	train
	time: 	23.948169469833374
	cross ent: 	0.8222021764410393
	cluster: 	0.46887145888592513
	separation:	0.41268259467823165
	avg separation:	51.01546502794538
	accu: 		45.0%
	l1: 		30.0
	p dist pair: 	90.43949890136719
	test
	time: 	8.884735107421875
	cross ent: 	0.6363039404153824
	cluster: 	0.19049038936694462
	separation:	0.26964801202217736
	avg separation:	49.55777333577474
	accu: 		76.66666666666667%
	l1: 		30.0
	p dist pair: 	90.43949890136719
	above 70.00%
epoch: 	10
	joint
	train
	time: 	24.030357360839844
	cross ent: 	0.677145034287657
	cluster: 	0.1714082110673189
	separation:	0.19426215647586753
	avg separation:	53.228632872445246
	accu: 		52.85714285714286%
	l1: 		30.0
	p dist pair: 	90.50202941894531
	test
	time: 	8.423989534378052
	cross ent: 	0.7628489991029104
	cluster: 	0.15563564151525497
	separation:	0.20319043174386026
	avg separation:	49.53628209431966
	accu: 		40.0%
	l1: 		30.0
	p dist pair: 	90.50202941894531
	push
	Executing push ...
	push time: 	59.682759046554565
	test
	time: 	9.088299036026001
	cross ent: 	2.459427462518215
	cluster: 	0.09406261735906203
	separation:	0.13023094149927297
	avg separation:	1.1895258526007335
	accu: 		40.0%
	l1: 		30.0
	p dist pair: 	2.816976547241211
	last layer
iteration: 	0
	train
	time: 	22.85104513168335
	cross ent: 	1.5334137760668194
	cluster: 	0.08430465513042042
	separation:	0.12992977361593927
	avg separation:	1.232546819107873
	accu: 		57.14285714285714%
	l1: 		30.00353240966797
	p dist pair: 	2.816976547241211
	test
	time: 	8.794240474700928
	cross ent: 	2.309869391238317
	cluster: 	0.08863866018752257
	separation:	0.13629876896739007
	avg separation:	1.2983223915100097
	accu: 		40.0%
	l1: 		30.00353240966797
	p dist pair: 	2.816976547241211
iteration: 	1
	train
	time: 	23.62091612815857
	cross ent: 	1.3966466505113724
	cluster: 	0.08430465513042042
	separation:	0.12992977361593927
	avg separation:	1.232546819107873
	accu: 		57.14285714285714%
	l1: 		30.00324249267578
	p dist pair: 	2.816976547241211
	test
	time: 	9.0900719165802
	cross ent: 	2.079905687540304
	cluster: 	0.08996748862167199
	separation:	0.1382208709915479
	avg separation:	1.3271605451901753
	accu: 		40.0%
	l1: 		30.00324249267578
	p dist pair: 	2.816976547241211
iteration: 	2
	train
	time: 	22.975156784057617
	cross ent: 	1.2641412043777693
	cluster: 	0.08430465513042042
	separation:	0.12992977361593927
	avg separation:	1.232546819107873
	accu: 		57.14285714285714%
	l1: 		30.00333023071289
	p dist pair: 	2.816976547241211
	test
	time: 	9.66392207145691
	cross ent: 	1.8996228663871686
	cluster: 	0.09175564864029487
	separation:	0.1326986708988746
	avg separation:	1.226251341899236
	accu: 		43.333333333333336%
	l1: 		30.00333023071289
	p dist pair: 	2.816976547241211
iteration: 	3
	train
	time: 	22.850193738937378
	cross ent: 	1.1396488827819538
	cluster: 	0.08430465513042042
	separation:	0.12992977361593927
	avg separation:	1.232546819107873
	accu: 		57.14285714285714%
	l1: 		30.003280639648438
	p dist pair: 	2.816976547241211
	test
	time: 	9.070982933044434
	cross ent: 	1.591755081837376
	cluster: 	0.09179667470355829
	separation:	0.1334005114932855
	avg separation:	1.3194567362467449
	accu: 		40.0%
	l1: 		30.003280639648438
	p dist pair: 	2.816976547241211
iteration: 	4
	train
	time: 	23.421342134475708
	cross ent: 	1.02608893301471
	cluster: 	0.08430465513042042
	separation:	0.12992977361593927
	avg separation:	1.232546819107873
	accu: 		58.57142857142858%
	l1: 		30.003740310668945
	p dist pair: 	2.816976547241211
	test
	time: 	9.508127212524414
	cross ent: 	1.4958843171286087
	cluster: 	0.09050612784922123
	separation:	0.13450704403221608
	avg separation:	1.276273900270462
	accu: 		43.333333333333336%
	l1: 		30.003740310668945
	p dist pair: 	2.816976547241211
iteration: 	5
	train
	time: 	23.649613857269287
	cross ent: 	0.922383078733193
	cluster: 	0.08430465513042042
	separation:	0.12992977361593927
	avg separation:	1.232546819107873
	accu: 		58.57142857142858%
	l1: 		30.00286293029785
	p dist pair: 	2.816976547241211
	test
	time: 	9.46650505065918
	cross ent: 	1.4362814577917258
	cluster: 	0.09138283021748066
	separation:	0.12271798805644114
	avg separation:	1.303970468044281
	accu: 		40.0%
	l1: 		30.00286293029785
	p dist pair: 	2.816976547241211
iteration: 	6
	train
	time: 	22.795717000961304
	cross ent: 	0.8329926192361329
	cluster: 	0.08430465513042042
	separation:	0.12992977361593927
	avg separation:	1.232546819107873
	accu: 		58.57142857142858%
	l1: 		30.003215789794922
	p dist pair: 	2.816976547241211
	test
	time: 	8.718252182006836
	cross ent: 	1.343945518747205
	cluster: 	0.0886802826076746
	separation:	0.13462423222760359
	avg separation:	1.2805230538050334
	accu: 		46.666666666666664%
	l1: 		30.003215789794922
	p dist pair: 	2.816976547241211
iteration: 	7
	train
	time: 	23.639474868774414
	cross ent: 	0.7551806094257959
	cluster: 	0.08430465513042042
	separation:	0.12992977361593927
	avg separation:	1.232546819107873
	accu: 		58.57142857142858%
	l1: 		30.002302169799805
	p dist pair: 	2.816976547241211
	test
	time: 	8.812317371368408
	cross ent: 	1.2014742789169153
	cluster: 	0.0905587508653601
	separation:	0.1346115440130234
	avg separation:	1.288014535109202
	accu: 		46.666666666666664%
	l1: 		30.002302169799805
	p dist pair: 	2.816976547241211
iteration: 	8
	train
	time: 	24.702702522277832
	cross ent: 	0.6921298516648157
	cluster: 	0.08430465513042042
	separation:	0.12992977361593927
	avg separation:	1.232546819107873
	accu: 		60.0%
	l1: 		30.00117301940918
	p dist pair: 	2.816976547241211
	test
	time: 	8.712761163711548
	cross ent: 	1.2774808992942175
	cluster: 	0.09401897685602308
	separation:	0.12809255830943583
	avg separation:	1.261969695488612
	accu: 		40.0%
	l1: 		30.00117301940918
	p dist pair: 	2.816976547241211
iteration: 	9
	train
	time: 	22.889936447143555
	cross ent: 	0.641784446287368
	cluster: 	0.08430465513042042
	separation:	0.12992977361593927
	avg separation:	1.232546819107873
	accu: 		61.42857142857143%
	l1: 		29.999752044677734
	p dist pair: 	2.816976547241211
	test
	time: 	8.849279642105103
	cross ent: 	0.961334694052736
	cluster: 	0.09175518018503984
	separation:	0.13745881294210752
	avg separation:	1.3152289390563965
	accu: 		50.0%
	l1: 		29.999752044677734
	p dist pair: 	2.816976547241211
iteration: 	10
	train
	time: 	23.209195375442505
	cross ent: 	0.6035858444071242
	cluster: 	0.08430465513042042
	separation:	0.12992977361593927
	avg separation:	1.232546819107873
	accu: 		62.142857142857146%
	l1: 		29.998458862304688
	p dist pair: 	2.816976547241211
	test
	time: 	8.977626085281372
	cross ent: 	0.9261242528135578
	cluster: 	0.08779933154582978
	separation:	0.1384752051283916
	avg separation:	1.3004195133845011
	accu: 		46.666666666666664%
	l1: 		29.998458862304688
	p dist pair: 	2.816976547241211
iteration: 	11
	train
	time: 	24.76832413673401
	cross ent: 	0.5751353124422687
	cluster: 	0.08430465513042042
	separation:	0.12992977361593927
	avg separation:	1.232546819107873
	accu: 		65.71428571428571%
	l1: 		29.996305465698242
	p dist pair: 	2.816976547241211
	test
	time: 	8.949800491333008
	cross ent: 	0.8704525483151276
	cluster: 	0.0932025550554196
	separation:	0.13938818089663982
	avg separation:	1.2982271114985149
	accu: 		46.666666666666664%
	l1: 		29.996305465698242
	p dist pair: 	2.816976547241211
iteration: 	12
	train
	time: 	22.583725214004517
	cross ent: 	0.5540090526853289
	cluster: 	0.08430465513042042
	separation:	0.12992977361593927
	avg separation:	1.232546819107873
	accu: 		72.14285714285714%
	l1: 		29.994449615478516
	p dist pair: 	2.816976547241211
	test
	time: 	9.181966066360474
	cross ent: 	0.9190298194686571
	cluster: 	0.09356694929301738
	separation:	0.13081011200944584
	avg separation:	1.3069591462612151
	accu: 		50.0%
	l1: 		29.994449615478516
	p dist pair: 	2.816976547241211
iteration: 	13
	train
	time: 	24.450015783309937
	cross ent: 	0.5402648443090065
	cluster: 	0.08430465513042042
	separation:	0.12992977361593927
	avg separation:	1.232546819107873
	accu: 		73.57142857142858%
	l1: 		29.9915771484375
	p dist pair: 	2.816976547241211
	test
	time: 	9.41353154182434
	cross ent: 	0.7561932425596751
	cluster: 	0.08965175325671831
	separation:	0.14137392441431682
	avg separation:	1.3349080363909402
	accu: 		53.333333333333336%
	l1: 		29.9915771484375
	p dist pair: 	2.816976547241211
iteration: 	14
	train
	time: 	24.859500408172607
	cross ent: 	0.5301230153334993
	cluster: 	0.08430465513042042
	separation:	0.12992977361593927
	avg separation:	1.232546819107873
	accu: 		74.28571428571429%
	l1: 		29.98883819580078
	p dist pair: 	2.816976547241211
	test
	time: 	9.286034345626831
	cross ent: 	0.892243530601263
	cluster: 	0.09529256873453656
	separation:	0.13158692680299283
	avg separation:	1.276834386587143
	accu: 		46.666666666666664%
	l1: 		29.98883819580078
	p dist pair: 	2.816976547241211
iteration: 	15
	train
	time: 	23.33833909034729
	cross ent: 	0.5232849715543645
	cluster: 	0.08430465513042042
	separation:	0.12992977361593927
	avg separation:	1.232546819107873
	accu: 		75.71428571428571%
	l1: 		29.985754013061523
	p dist pair: 	2.816976547241211
	test
	time: 	9.166741371154785
	cross ent: 	0.7594588561682031
	cluster: 	0.08936575849850972
	separation:	0.12926677130162717
	avg separation:	1.2947816868623099
	accu: 		53.333333333333336%
	l1: 		29.985754013061523
	p dist pair: 	2.816976547241211
iteration: 	16
	train
	time: 	22.739497423171997
	cross ent: 	0.5188999632639545
	cluster: 	0.08430465513042042
	separation:	0.12992977361593927
	avg separation:	1.232546819107873
	accu: 		78.57142857142857%
	l1: 		29.982566833496094
	p dist pair: 	2.816976547241211
	test
	time: 	8.744274377822876
	cross ent: 	0.8320129210750262
	cluster: 	0.09025243790820241
	separation:	0.13156115679691235
	avg separation:	1.2699691236019135
	accu: 		50.0%
	l1: 		29.982566833496094
	p dist pair: 	2.816976547241211
iteration: 	17
	train
	time: 	23.467978954315186
	cross ent: 	0.5159622751176357
	cluster: 	0.08430465513042042
	separation:	0.12992977361593927
	avg separation:	1.232546819107873
	accu: 		81.42857142857143%
	l1: 		29.97908592224121
	p dist pair: 	2.816976547241211
	test
	time: 	8.874011754989624
	cross ent: 	0.7246084101498127
	cluster: 	0.09026647148032983
	separation:	0.13071846676369508
	avg separation:	1.3326069374879201
	accu: 		53.333333333333336%
	l1: 		29.97908592224121
	p dist pair: 	2.816976547241211
iteration: 	18
	train
	time: 	23.297237396240234
	cross ent: 	0.5141734723001719
	cluster: 	0.08430465513042042
	separation:	0.12992977361593927
	avg separation:	1.232546819107873
	accu: 		82.85714285714286%
	l1: 		29.975906372070312
	p dist pair: 	2.816976547241211
	test
	time: 	9.000766277313232
	cross ent: 	0.7384735561907292
	cluster: 	0.08942272635176778
	separation:	0.1345239511380593
	avg separation:	1.2577898820241293
	accu: 		53.333333333333336%
	l1: 		29.975906372070312
	p dist pair: 	2.816976547241211
iteration: 	19
	train
	time: 	25.14121699333191
	cross ent: 	0.5128732365156923
	cluster: 	0.08430465513042042
	separation:	0.12992977361593927
	avg separation:	1.232546819107873
	accu: 		82.85714285714286%
	l1: 		29.973003387451172
	p dist pair: 	2.816976547241211
	test
	time: 	9.002315521240234
	cross ent: 	0.9011503323912621
	cluster: 	0.09353477582335472
	separation:	0.13011748405794302
	avg separation:	1.2302027682463328
	accu: 		46.666666666666664%
	l1: 		29.973003387451172
	p dist pair: 	2.816976547241211
epoch: 	11
	joint
	train
	time: 	24.488852500915527
	cross ent: 	0.7073502010000604
	cluster: 	0.16405420223517078
	separation:	0.20238592725779328
	avg separation:	2.0097225448914937
	accu: 		63.57142857142857%
	l1: 		29.973003387451172
	p dist pair: 	2.7471420764923096
	test
	time: 	9.026842594146729
	cross ent: 	0.6723901232083639
	cluster: 	0.20704336476822693
	separation:	0.25278030733267465
	avg separation:	2.136969389518102
	accu: 		53.333333333333336%
	l1: 		29.973003387451172
	p dist pair: 	2.7471420764923096
epoch: 	12
	joint
	train
	time: 	23.984410047531128
	cross ent: 	0.4441068192012608
	cluster: 	0.1523577379328864
	separation:	0.20261449558394296
	avg separation:	2.018099016376904
	accu: 		85.71428571428571%
	l1: 		29.973003387451172
	p dist pair: 	2.800122022628784
	test
	time: 	8.508414030075073
	cross ent: 	0.7645021244883538
	cluster: 	0.20977136865258217
	separation:	0.21277884915471076
	avg separation:	2.2661181807518007
	accu: 		50.0%
	l1: 		29.973003387451172
	p dist pair: 	2.800122022628784
epoch: 	13
	joint
	train
	time: 	24.844203233718872
	cross ent: 	0.26588434540982625
	cluster: 	0.12458640094846488
	separation:	0.1840966118765729
	avg separation:	1.743997985124588
	accu: 		91.42857142857143%
	l1: 		29.973003387451172
	p dist pair: 	2.8484015464782715
	test
	time: 	8.902222871780396
	cross ent: 	0.6352882069225113
	cluster: 	0.18220265929897625
	separation:	0.20878137350082399
	avg separation:	1.8533671696980794
	accu: 		63.33333333333333%
	l1: 		29.973003387451172
	p dist pair: 	2.8484015464782715
epoch: 	14
	joint
	train
	time: 	23.532252311706543
	cross ent: 	0.23992031536597228
	cluster: 	0.11242324618090477
	separation:	0.15594143963285856
	avg separation:	1.4750668781144278
	accu: 		91.42857142857143%
	l1: 		29.973003387451172
	p dist pair: 	2.9463412761688232
	test
	time: 	8.821248054504395
	cross ent: 	0.9833966843783856
	cluster: 	0.17075304711858433
	separation:	0.18235893957316876
	avg separation:	1.3036696890989938
	accu: 		46.666666666666664%
	l1: 		29.973003387451172
	p dist pair: 	2.9463412761688232
epoch: 	15
	joint
	train
	time: 	24.458167791366577
	cross ent: 	0.13576055012480148
	cluster: 	0.10985410761620318
	separation:	0.15782455243170262
	avg separation:	1.2177629675183976
	accu: 		96.42857142857143%
	l1: 		29.973003387451172
	p dist pair: 	2.949739694595337
	test
	time: 	8.925068616867065
	cross ent: 	1.2394413741926351
	cluster: 	0.1736411174138387
	separation:	0.1599416544040044
	avg separation:	1.194429475069046
	accu: 		53.333333333333336%
	l1: 		29.973003387451172
	p dist pair: 	2.949739694595337
epoch: 	16
	joint
	train
	time: 	23.86893367767334
	cross ent: 	0.04055639878867753
	cluster: 	0.10351091703133923
	separation:	0.1539828243532351
	avg separation:	1.1937764661652701
	accu: 		100.0%
	l1: 		29.973003387451172
	p dist pair: 	2.9505481719970703
	test
	time: 	8.711984634399414
	cross ent: 	1.4805658439174294
	cluster: 	0.1580451766649882
	separation:	0.17490776317814985
	avg separation:	1.207307842373848
	accu: 		43.333333333333336%
	l1: 		29.973003387451172
	p dist pair: 	2.9505481719970703
epoch: 	17
	joint
	train
	time: 	23.275233507156372
	cross ent: 	0.022355939988496436
	cluster: 	0.09816873243876865
	separation:	0.1499610934406519
	avg separation:	1.157056257554463
	accu: 		100.0%
	l1: 		29.973003387451172
	p dist pair: 	2.9508516788482666
	test
	time: 	8.665810585021973
	cross ent: 	1.1246100369840861
	cluster: 	0.15083204011122386
	separation:	0.1550267941628893
	avg separation:	1.079238889614741
	accu: 		46.666666666666664%
	l1: 		29.973003387451172
	p dist pair: 	2.9508516788482666
epoch: 	18
	joint
	train
	time: 	24.34438467025757
	cross ent: 	0.015260645490876154
	cluster: 	0.09375099364135947
	separation:	0.14657235385051795
	avg separation:	1.1350656811680113
	accu: 		100.0%
	l1: 		29.973003387451172
	p dist pair: 	2.951422691345215
	test
	time: 	8.753867626190186
	cross ent: 	1.523632122669369
	cluster: 	0.1545017754038175
	separation:	0.1707326071957747
	avg separation:	1.1637778252363205
	accu: 		43.333333333333336%
	l1: 		29.973003387451172
	p dist pair: 	2.951422691345215
epoch: 	19
	joint
	train
	time: 	23.369367122650146
	cross ent: 	0.010451645336908249
	cluster: 	0.08856270276010036
	separation:	0.1421552308435951
	avg separation:	1.1204192250967027
	accu: 		100.0%
	l1: 		29.973003387451172
	p dist pair: 	2.952181100845337
	test
	time: 	9.310600757598877
	cross ent: 	1.4101770030955474
	cluster: 	0.16573724920550983
	separation:	0.18319689718385537
	avg separation:	1.2704624424378077
	accu: 		46.666666666666664%
	l1: 		29.973003387451172
	p dist pair: 	2.952181100845337
epoch: 	20
	joint
	train
	time: 	25.44422960281372
	cross ent: 	0.008625158660483327
	cluster: 	0.08590357705418553
	separation:	0.14030498127852167
	avg separation:	1.1133249636207307
	accu: 		100.0%
	l1: 		29.973003387451172
	p dist pair: 	2.952233076095581
	test
	time: 	8.684220790863037
	cross ent: 	1.3616958236632248
	cluster: 	0.13581990549961726
	separation:	0.15469810677071413
	avg separation:	1.051125156879425
	accu: 		50.0%
	l1: 		29.973003387451172
	p dist pair: 	2.952233076095581
	push
	Executing push ...
	push time: 	52.54708528518677
	test
	time: 	9.041638135910034
	cross ent: 	0.8252711497247219
	cluster: 	0.13177013769745827
	separation:	0.15385178321351609
	avg separation:	0.9400781869888306
	accu: 		73.33333333333333%
	l1: 		29.973003387451172
	p dist pair: 	2.7777795791625977
	above 70.00%
	last layer
iteration: 	0
	train
	time: 	21.976924180984497
	cross ent: 	0.05931981317750764
	cluster: 	0.0853980800403016
	separation:	0.13748962261847086
	avg separation:	0.968929752281734
	accu: 		100.0%
	l1: 		29.96566390991211
	p dist pair: 	2.7777795791625977
	test
	time: 	9.250483512878418
	cross ent: 	0.7001879022456705
	cluster: 	0.14688603604833286
	separation:	0.15329157710075378
	avg separation:	1.011237445473671
	accu: 		73.33333333333333%
	l1: 		29.96566390991211
	p dist pair: 	2.7777795791625977
	above 70.00%
iteration: 	1
	train
	time: 	22.280999183654785
	cross ent: 	0.050035016588973184
	cluster: 	0.0853980800403016
	separation:	0.13748962261847086
	avg separation:	0.968929752281734
	accu: 		100.0%
	l1: 		29.959823608398438
	p dist pair: 	2.7777795791625977
	test
	time: 	8.65282392501831
	cross ent: 	0.7205345071658181
	cluster: 	0.1307250201702118
	separation:	0.15441294014453888
	avg separation:	0.9861566344896953
	accu: 		63.33333333333333%
	l1: 		29.959823608398438
	p dist pair: 	2.7777795791625977
iteration: 	2
	train
	time: 	24.482238292694092
	cross ent: 	0.04281850943070091
	cluster: 	0.0853980800403016
	separation:	0.13748962261847086
	avg separation:	0.968929752281734
	accu: 		100.0%
	l1: 		29.954387664794922
	p dist pair: 	2.7777795791625977
	test
	time: 	9.173665285110474
	cross ent: 	0.7436818764545023
	cluster: 	0.1450706505527099
	separation:	0.15176720408101876
	avg separation:	0.9923194398482641
	accu: 		60.0%
	l1: 		29.954387664794922
	p dist pair: 	2.7777795791625977
iteration: 	3
	train
	time: 	22.921791076660156
	cross ent: 	0.03710260658745881
	cluster: 	0.0853980800403016
	separation:	0.13748962261847086
	avg separation:	0.968929752281734
	accu: 		100.0%
	l1: 		29.949621200561523
	p dist pair: 	2.7777795791625977
	test
	time: 	8.604078531265259
	cross ent: 	0.8501937681847873
	cluster: 	0.14402410884698233
	separation:	0.14591350269814332
	avg separation:	0.9633697102467219
	accu: 		66.66666666666666%
	l1: 		29.949621200561523
	p dist pair: 	2.7777795791625977
iteration: 	4
	train
	time: 	22.321131229400635
	cross ent: 	0.0325196497574869
	cluster: 	0.0853980800403016
	separation:	0.13748962261847086
	avg separation:	0.968929752281734
	accu: 		100.0%
	l1: 		29.945722579956055
	p dist pair: 	2.7777795791625977
	test
	time: 	9.008644104003906
	cross ent: 	0.752646445358793
	cluster: 	0.14942555800080298
	separation:	0.15793126362065474
	avg separation:	1.0331985274950664
	accu: 		60.0%
	l1: 		29.945722579956055
	p dist pair: 	2.7777795791625977
iteration: 	5
	train
	time: 	22.783644676208496
	cross ent: 	0.02881882742873602
	cluster: 	0.0853980800403016
	separation:	0.13748962261847086
	avg separation:	0.968929752281734
	accu: 		100.0%
	l1: 		29.942108154296875
	p dist pair: 	2.7777795791625977
	test
	time: 	8.741998434066772
	cross ent: 	0.6915652085561306
	cluster: 	0.14735055652757487
	separation:	0.15200598401327928
	avg separation:	1.033611536026001
	accu: 		60.0%
	l1: 		29.942108154296875
	p dist pair: 	2.7777795791625977
iteration: 	6
	train
	time: 	23.408957958221436
	cross ent: 	0.025774857024504983
	cluster: 	0.0853980800403016
	separation:	0.13748962261847086
	avg separation:	0.968929752281734
	accu: 		100.0%
	l1: 		29.93890380859375
	p dist pair: 	2.7777795791625977
	test
	time: 	8.726533889770508
	cross ent: 	0.9757914667328199
	cluster: 	0.13244299739599227
	separation:	0.1537186040232579
	avg separation:	0.9472329328457515
	accu: 		56.666666666666664%
	l1: 		29.93890380859375
	p dist pair: 	2.7777795791625977
iteration: 	7
	train
	time: 	23.125656366348267
	cross ent: 	0.023255742816680174
	cluster: 	0.0853980800403016
	separation:	0.13748962261847086
	avg separation:	0.968929752281734
	accu: 		100.0%
	l1: 		29.936054229736328
	p dist pair: 	2.7777795791625977
	test
	time: 	8.875265836715698
	cross ent: 	0.8367528083423773
	cluster: 	0.16803873404860498
	separation:	0.16125788390636445
	avg separation:	1.0900892515977223
	accu: 		63.33333333333333%
	l1: 		29.936054229736328
	p dist pair: 	2.7777795791625977
iteration: 	8
	train
	time: 	23.39197087287903
	cross ent: 	0.02114220992251928
	cluster: 	0.0853980800403016
	separation:	0.13748962261847086
	avg separation:	0.968929752281734
	accu: 		100.0%
	l1: 		29.933835983276367
	p dist pair: 	2.7777795791625977
	test
	time: 	8.829782247543335
	cross ent: 	0.9021752399702867
	cluster: 	0.13980981310208637
	separation:	0.1572723044703404
	avg separation:	1.0004050413767496
	accu: 		53.333333333333336%
	l1: 		29.933835983276367
	p dist pair: 	2.7777795791625977
iteration: 	9
	train
	time: 	22.888429164886475
	cross ent: 	0.01938155168963606
	cluster: 	0.0853980800403016
	separation:	0.13748962261847086
	avg separation:	0.968929752281734
	accu: 		100.0%
	l1: 		29.931917190551758
	p dist pair: 	2.7777795791625977
	test
	time: 	8.584279298782349
	cross ent: 	0.9252882974843184
	cluster: 	0.15366466368238133
	separation:	0.1588289360826214
	avg separation:	1.0524591078360876
	accu: 		56.666666666666664%
	l1: 		29.931917190551758
	p dist pair: 	2.7777795791625977
iteration: 	10
	train
	time: 	24.567352533340454
	cross ent: 	0.017897729363210147
	cluster: 	0.0853980800403016
	separation:	0.13748962261847086
	avg separation:	0.968929752281734
	accu: 		100.0%
	l1: 		29.930397033691406
	p dist pair: 	2.7777795791625977
	test
	time: 	8.967000007629395
	cross ent: 	0.9598051795735956
	cluster: 	0.14077464391787847
	separation:	0.15667125557859737
	avg separation:	1.0057516326506932
	accu: 		53.333333333333336%
	l1: 		29.930397033691406
	p dist pair: 	2.7777795791625977
iteration: 	11
	train
	time: 	23.12579846382141
	cross ent: 	0.016635952792367854
	cluster: 	0.0853980800403016
	separation:	0.13748962261847086
	avg separation:	0.968929752281734
	accu: 		100.0%
	l1: 		29.929428100585938
	p dist pair: 	2.7777795791625977
	test
	time: 	8.573017835617065
	cross ent: 	1.0057170305401086
	cluster: 	0.14696645190318425
	separation:	0.1531376900151372
	avg separation:	1.0140286058187484
	accu: 		60.0%
	l1: 		29.929428100585938
	p dist pair: 	2.7777795791625977
iteration: 	12
	train
	time: 	24.18702793121338
	cross ent: 	0.015568525182573012
	cluster: 	0.0853980800403016
	separation:	0.13748962261847086
	avg separation:	0.968929752281734
	accu: 		100.0%
	l1: 		29.929000854492188
	p dist pair: 	2.7777795791625977
	test
	time: 	9.491983652114868
	cross ent: 	1.007390954780082
	cluster: 	0.13843896637360256
	separation:	0.155378642740349
	avg separation:	0.993913401166598
	accu: 		50.0%
	l1: 		29.929000854492188
	p dist pair: 	2.7777795791625977
iteration: 	13
	train
	time: 	22.9518563747406
	cross ent: 	0.014677464293747887
	cluster: 	0.0853980800403016
	separation:	0.13748962261847086
	avg separation:	0.968929752281734
	accu: 		100.0%
	l1: 		29.928974151611328
	p dist pair: 	2.7777795791625977
	test
	time: 	9.414670944213867
	cross ent: 	0.9951719671487809
	cluster: 	0.13955359583099683
	separation:	0.16270004088679949
	avg separation:	1.0342192848523457
	accu: 		56.666666666666664%
	l1: 		29.928974151611328
	p dist pair: 	2.7777795791625977
iteration: 	14
	train
	time: 	24.190703868865967
	cross ent: 	0.013932276023293916
	cluster: 	0.0853980800403016
	separation:	0.13748962261847086
	avg separation:	0.968929752281734
	accu: 		100.0%
	l1: 		29.929750442504883
	p dist pair: 	2.7777795791625977
	test
	time: 	8.939774751663208
	cross ent: 	0.9800421933643519
	cluster: 	0.12974763040741286
	separation:	0.14769974760711194
	avg separation:	0.9259261598189672
	accu: 		56.666666666666664%
	l1: 		29.929750442504883
	p dist pair: 	2.7777795791625977
iteration: 	15
	train
	time: 	24.15485692024231
	cross ent: 	0.013296847712802316
	cluster: 	0.0853980800403016
	separation:	0.13748962261847086
	avg separation:	0.968929752281734
	accu: 		100.0%
	l1: 		29.930707931518555
	p dist pair: 	2.7777795791625977
	test
	time: 	8.921980857849121
	cross ent: 	0.9081643586357434
	cluster: 	0.1614463921636343
	separation:	0.15807726855079332
	avg separation:	1.0747477332750957
	accu: 		56.666666666666664%
	l1: 		29.930707931518555
	p dist pair: 	2.7777795791625977
iteration: 	16
	train
	time: 	22.889023780822754
	cross ent: 	0.012775586377214106
	cluster: 	0.0853980800403016
	separation:	0.13748962261847086
	avg separation:	0.968929752281734
	accu: 		100.0%
	l1: 		29.932268142700195
	p dist pair: 	2.7777795791625977
	test
	time: 	8.770061016082764
	cross ent: 	0.9863982988521457
	cluster: 	0.14863292587300142
	separation:	0.15163606827457746
	avg separation:	1.0335147698720297
	accu: 		63.33333333333333%
	l1: 		29.932268142700195
	p dist pair: 	2.7777795791625977
iteration: 	17
	train
	time: 	22.507676601409912
	cross ent: 	0.012329221378656387
	cluster: 	0.0853980800403016
	separation:	0.13748962261847086
	avg separation:	0.968929752281734
	accu: 		100.0%
	l1: 		29.93514633178711
	p dist pair: 	2.7777795791625977
	test
	time: 	8.793788194656372
	cross ent: 	1.03972123550872
	cluster: 	0.14336973056197166
	separation:	0.15146546941250563
	avg separation:	0.9786226431528727
	accu: 		50.0%
	l1: 		29.93514633178711
	p dist pair: 	2.7777795791625977
iteration: 	18
	train
	time: 	21.985601663589478
	cross ent: 	0.011975406435955653
	cluster: 	0.0853980800403016
	separation:	0.13748962261847086
	avg separation:	0.968929752281734
	accu: 		100.0%
	l1: 		29.938417434692383
	p dist pair: 	2.7777795791625977
	test
	time: 	9.192618370056152
	cross ent: 	1.4499169817621198
	cluster: 	0.13750962217648824
	separation:	0.16015564041833083
	avg separation:	0.9878895650307338
	accu: 		46.666666666666664%
	l1: 		29.938417434692383
	p dist pair: 	2.7777795791625977
iteration: 	19
	train
	time: 	23.250084400177002
	cross ent: 	0.011676689508070532
	cluster: 	0.0853980800403016
	separation:	0.13748962261847086
	avg separation:	0.968929752281734
	accu: 		100.0%
	l1: 		29.942651748657227
	p dist pair: 	2.7777795791625977
	test
	time: 	8.702922821044922
	cross ent: 	1.097384480883678
	cluster: 	0.15573756123582522
	separation:	0.16567808569719394
	avg separation:	1.0741938213507334
	accu: 		43.333333333333336%
	l1: 		29.942651748657227
	p dist pair: 	2.7777795791625977
epoch: 	21
	joint
	train
	time: 	24.540964603424072
	cross ent: 	0.011034971922936166
	cluster: 	0.08523577228188514
	separation:	0.137430260011128
	avg separation:	0.9700425803661347
	accu: 		100.0%
	l1: 		29.942651748657227
	p dist pair: 	2.778184413909912
	test
	time: 	8.940033674240112
	cross ent: 	1.0496765931447347
	cluster: 	0.13949600930015246
	separation:	0.1547919636592269
	avg separation:	1.0043662051359812
	accu: 		46.666666666666664%
	l1: 		29.942651748657227
	p dist pair: 	2.778184413909912
epoch: 	22
	joint
	train
	time: 	24.86145305633545
	cross ent: 	0.009826373886562578
	cluster: 	0.08484077254044158
	separation:	0.13744472616485187
	avg separation:	0.9732580644743783
	accu: 		100.0%
	l1: 		29.942651748657227
	p dist pair: 	2.7786269187927246
	test
	time: 	8.731333255767822
	cross ent: 	0.9748947098618373
	cluster: 	0.13851617649197578
	separation:	0.14796824064105749
	avg separation:	0.9515796214342117
	accu: 		60.0%
	l1: 		29.942651748657227
	p dist pair: 	2.7786269187927246
epoch: 	23
	joint
	train
	time: 	24.372093200683594
	cross ent: 	0.008990305589759374
	cluster: 	0.08440986874380282
	separation:	0.13731767114784035
	avg separation:	0.9736874852861677
	accu: 		100.0%
	l1: 		29.942651748657227
	p dist pair: 	2.7790822982788086
	test
	time: 	8.68048882484436
	cross ent: 	1.1712956697975643
	cluster: 	0.13394924700260163
	separation:	0.137187485024333
	avg separation:	0.9295174072186152
	accu: 		53.333333333333336%
	l1: 		29.942651748657227
	p dist pair: 	2.7790822982788086
epoch: 	24
	joint
	train
	time: 	24.021366596221924
	cross ent: 	0.008294096950037654
	cluster: 	0.08397626935371331
	separation:	0.13717068061232568
	avg separation:	0.9739005876438959
	accu: 		100.0%
	l1: 		29.942651748657227
	p dist pair: 	2.7795772552490234
	test
	time: 	8.83315110206604
	cross ent: 	1.197013115386168
	cluster: 	0.1587900459766388
	separation:	0.1542140985528628
	avg separation:	1.0496756613254548
	accu: 		43.333333333333336%
	l1: 		29.942651748657227
	p dist pair: 	2.7795772552490234
epoch: 	25
	joint
	train
	time: 	23.27541756629944
	cross ent: 	0.007883529975106284
	cluster: 	0.08367301622139556
	separation:	0.13710993586906364
	avg separation:	0.9741560237748282
	accu: 		100.0%
	l1: 		29.942651748657227
	p dist pair: 	2.7796082496643066
	test
	time: 	8.925304889678955
	cross ent: 	1.2327975259472927
	cluster: 	0.1421176868180434
	separation:	0.15112255110094944
	avg separation:	0.9987208823362986
	accu: 		43.333333333333336%
	l1: 		29.942651748657227
	p dist pair: 	2.7796082496643066
epoch: 	26
	joint
	train
	time: 	24.28684091567993
	cross ent: 	0.0078271481878541
	cluster: 	0.08363023083657026
	separation:	0.13709211775234767
	avg separation:	0.9741882758481162
	accu: 		100.0%
	l1: 		29.942651748657227
	p dist pair: 	2.7796435356140137
	test
	time: 	8.990965843200684
	cross ent: 	1.14645426440984
	cluster: 	0.15355199500918387
	separation:	0.1559685838719209
	avg separation:	1.0690543830394745
	accu: 		43.333333333333336%
	l1: 		29.942651748657227
	p dist pair: 	2.7796435356140137
epoch: 	27
	joint
	train
	time: 	24.302316188812256
	cross ent: 	0.007761923098161917
	cluster: 	0.08358688032520668
	separation:	0.13706816833998475
	avg separation:	0.9741649035896573
	accu: 		100.0%
	l1: 		29.942651748657227
	p dist pair: 	2.7796807289123535
	test
	time: 	9.002524852752686
	cross ent: 	1.6236560348654165
	cluster: 	0.14012269464631874
	separation:	0.16245230386654536
	avg separation:	1.0143347163995107
	accu: 		50.0%
	l1: 		29.942651748657227
	p dist pair: 	2.7796807289123535
epoch: 	28
	joint
	train
	time: 	22.78803324699402
	cross ent: 	0.007721133490018214
	cluster: 	0.08354332500270435
	separation:	0.13705958739987442
	avg separation:	0.97420066680227
	accu: 		100.0%
	l1: 		29.942651748657227
	p dist pair: 	2.7797200679779053
	test
	time: 	8.719096899032593
	cross ent: 	1.1845230322641631
	cluster: 	0.1330809695025285
	separation:	0.1448131694147984
	avg separation:	0.947166500488917
	accu: 		46.666666666666664%
	l1: 		29.942651748657227
	p dist pair: 	2.7797200679779053
epoch: 	29
	joint
	train
	time: 	24.215167760849
	cross ent: 	0.007655735905817502
	cluster: 	0.0834909119776317
	separation:	0.1370369772293738
	avg separation:	0.974180429322379
	accu: 		100.0%
	l1: 		29.942651748657227
	p dist pair: 	2.7797701358795166
	test
	time: 	9.231213331222534
	cross ent: 	1.0805317162225643
	cluster: 	0.1612360067665577
	separation:	0.15554718400041262
	avg separation:	1.070901134610176
	accu: 		50.0%
	l1: 		29.942651748657227
	p dist pair: 	2.7797701358795166
epoch: 	30
	joint
	train
	time: 	25.40249466896057
	cross ent: 	0.007611091290709737
	cluster: 	0.08344866154449326
	separation:	0.13701439329556056
	avg separation:	0.9741414172308785
	accu: 		100.0%
	l1: 		29.942651748657227
	p dist pair: 	2.7797701358795166
	test
	time: 	9.332450866699219
	cross ent: 	0.9050304505974054
	cluster: 	0.1284256619711717
	separation:	0.15205022109051544
	avg separation:	0.9502471456925075
	accu: 		56.666666666666664%
	l1: 		29.942651748657227
	p dist pair: 	2.7797701358795166
	push
	Executing push ...
	push time: 	64.35399842262268
	test
	time: 	9.024680376052856
	cross ent: 	0.7176485946557174
	cluster: 	0.1287380484243234
	separation:	0.15297974223891894
	avg separation:	0.9715678830941518
	accu: 		66.66666666666666%
	l1: 		29.942651748657227
	p dist pair: 	2.8499579429626465
	last layer
iteration: 	0
	train
	time: 	22.896268844604492
	cross ent: 	0.08288029061867996
	cluster: 	0.08526868160281863
	separation:	0.13480374099952833
	avg separation:	0.9683534962790353
	accu: 		100.0%
	l1: 		29.90081214904785
	p dist pair: 	2.8499579429626465
	test
	time: 	9.407606840133667
	cross ent: 	0.4601535697778066
	cluster: 	0.12816021889448165
	separation:	0.14352404748400052
	avg separation:	1.1186737279097239
	accu: 		76.66666666666667%
	l1: 		29.90081214904785
	p dist pair: 	2.8499579429626465
	above 70.00%
iteration: 	1
	train
	time: 	22.728450059890747
	cross ent: 	0.04788837346132076
	cluster: 	0.08526868160281863
	separation:	0.13480374099952833
	avg separation:	0.9683534962790353
	accu: 		100.0%
	l1: 		29.88579559326172
	p dist pair: 	2.8499579429626465
	test
	time: 	8.88951587677002
	cross ent: 	0.9966947338233392
	cluster: 	0.13389250834782918
	separation:	0.1538512377689282
	avg separation:	0.9830265869696935
	accu: 		63.33333333333333%
	l1: 		29.88579559326172
	p dist pair: 	2.8499579429626465
iteration: 	2
	train
	time: 	22.129916191101074
	cross ent: 	0.0345678693401246
	cluster: 	0.08526868160281863
	separation:	0.13480374099952833
	avg separation:	0.9683534962790353
	accu: 		100.0%
	l1: 		29.87609100341797
	p dist pair: 	2.8499579429626465
	test
	time: 	8.768805265426636
	cross ent: 	0.6756283913739025
	cluster: 	0.145566484456261
	separation:	0.15087862188617387
	avg separation:	1.0665200750033061
	accu: 		66.66666666666666%
	l1: 		29.87609100341797
	p dist pair: 	2.8499579429626465
iteration: 	3
	train
	time: 	23.572867393493652
	cross ent: 	0.027680094817650668
	cluster: 	0.08526868160281863
	separation:	0.13480374099952833
	avg separation:	0.9683534962790353
	accu: 		100.0%
	l1: 		29.87184715270996
	p dist pair: 	2.8499579429626465
	test
	time: 	8.786073207855225
	cross ent: 	1.0270949920018515
	cluster: 	0.1628072423239549
	separation:	0.17793208137154579
	avg separation:	1.1391458650430044
	accu: 		50.0%
	l1: 		29.87184715270996
	p dist pair: 	2.8499579429626465
iteration: 	4
	train
	time: 	22.88802719116211
	cross ent: 	0.0236782902096471
	cluster: 	0.08526868160281863
	separation:	0.13480374099952833
	avg separation:	0.9683534962790353
	accu: 		100.0%
	l1: 		29.870908737182617
	p dist pair: 	2.8499579429626465
	test
	time: 	9.262856245040894
	cross ent: 	0.7344813625949125
	cluster: 	0.15612000338733195
	separation:	0.16325991588334243
	avg separation:	1.238492884238561
	accu: 		53.333333333333336%
	l1: 		29.870908737182617
	p dist pair: 	2.8499579429626465
iteration: 	5
	train
	time: 	23.9211003780365
	cross ent: 	0.021260905990486176
	cluster: 	0.08526868160281863
	separation:	0.13480374099952833
	avg separation:	0.9683534962790353
	accu: 		100.0%
	l1: 		29.873044967651367
	p dist pair: 	2.8499579429626465
	test
	time: 	8.873140096664429
	cross ent: 	0.9800392515957356
	cluster: 	0.1449837267398834
	separation:	0.15608881264925004
	avg separation:	1.0301326632499694
	accu: 		43.333333333333336%
	l1: 		29.873044967651367
	p dist pair: 	2.8499579429626465
iteration: 	6
	train
	time: 	23.532838344573975
	cross ent: 	0.019624325349315897
	cluster: 	0.08526868160281863
	separation:	0.13480374099952833
	avg separation:	0.9683534962790353
	accu: 		100.0%
	l1: 		29.87713050842285
	p dist pair: 	2.8499579429626465
	test
	time: 	9.939337730407715
	cross ent: 	0.9226485475276908
	cluster: 	0.14209721907973288
	separation:	0.15781053466101488
	avg separation:	1.0302545269330343
	accu: 		60.0%
	l1: 		29.87713050842285
	p dist pair: 	2.8499579429626465
iteration: 	7
	train
	time: 	24.239259243011475
	cross ent: 	0.01859279443239237
	cluster: 	0.08526868160281863
	separation:	0.13480374099952833
	avg separation:	0.9683534962790353
	accu: 		100.0%
	l1: 		29.882644653320312
	p dist pair: 	2.8499579429626465
	test
	time: 	9.16723084449768
	cross ent: 	0.9793247009855501
	cluster: 	0.15005120262503624
	separation:	0.1450459102789561
	avg separation:	1.001428751150767
	accu: 		56.666666666666664%
	l1: 		29.882644653320312
	p dist pair: 	2.8499579429626465
iteration: 	8
	train
	time: 	25.337226390838623
	cross ent: 	0.017885246331406635
	cluster: 	0.08526868160281863
	separation:	0.13480374099952833
	avg separation:	0.9683534962790353
	accu: 		100.0%
	l1: 		29.890338897705078
	p dist pair: 	2.8499579429626465
	test
	time: 	9.756311655044556
	cross ent: 	0.9326964087784291
	cluster: 	0.1467741976181666
	separation:	0.15937369937698045
	avg separation:	1.0522010346253714
	accu: 		53.333333333333336%
	l1: 		29.890338897705078
	p dist pair: 	2.8499579429626465
iteration: 	9
	train
	time: 	25.186727046966553
	cross ent: 	0.01744715937372153
	cluster: 	0.08526868160281863
	separation:	0.13480374099952833
	avg separation:	0.9683534962790353
	accu: 		100.0%
	l1: 		29.899791717529297
	p dist pair: 	2.8499579429626465
	test
	time: 	8.881992101669312
	cross ent: 	1.2268153310442964
	cluster: 	0.13541984086235365
	separation:	0.15618854959805806
	avg separation:	0.9999373326698939
	accu: 		50.0%
	l1: 		29.899791717529297
	p dist pair: 	2.8499579429626465
iteration: 	10
	train
	time: 	25.05888319015503
	cross ent: 	0.017164540635883442
	cluster: 	0.08526868160281863
	separation:	0.13480374099952833
	avg separation:	0.9683534962790353
	accu: 		100.0%
	l1: 		29.91103172302246
	p dist pair: 	2.8499579429626465
	test
	time: 	9.757782459259033
	cross ent: 	0.7934082694761552
	cluster: 	0.13842477910220624
	separation:	0.15188128960629305
	avg separation:	1.145743864774704
	accu: 		56.666666666666664%
	l1: 		29.91103172302246
	p dist pair: 	2.8499579429626465
iteration: 	11
	train
	time: 	24.356133699417114
	cross ent: 	0.016979301529525922
	cluster: 	0.08526868160281863
	separation:	0.13480374099952833
	avg separation:	0.9683534962790353
	accu: 		100.0%
	l1: 		29.923870086669922
	p dist pair: 	2.8499579429626465
	test
	time: 	9.159639120101929
	cross ent: 	0.8910321223239104
	cluster: 	0.16308934800326824
	separation:	0.15967157669365406
	avg separation:	1.1074564019838968
	accu: 		60.0%
	l1: 		29.923870086669922
	p dist pair: 	2.8499579429626465
iteration: 	12
	train
	time: 	24.00985550880432
	cross ent: 	0.016885428443593548
	cluster: 	0.08526868160281863
	separation:	0.13480374099952833
	avg separation:	0.9683534962790353
	accu: 		100.0%
	l1: 		29.936094284057617
	p dist pair: 	2.8499579429626465
	test
	time: 	9.461218118667603
	cross ent: 	1.1581873279220114
	cluster: 	0.14786783729990324
	separation:	0.16391518842428923
	avg separation:	1.0653009990851083
	accu: 		43.333333333333336%
	l1: 		29.936094284057617
	p dist pair: 	2.8499579429626465
iteration: 	13
	train
	time: 	23.104190587997437
	cross ent: 	0.01676514387285936
	cluster: 	0.08526868160281863
	separation:	0.13480374099952833
	avg separation:	0.9683534962790353
	accu: 		100.0%
	l1: 		29.955116271972656
	p dist pair: 	2.8499579429626465
	test
	time: 	8.761083364486694
	cross ent: 	1.1818028934377556
	cluster: 	0.15508848304549852
	separation:	0.17479731800655524
	avg separation:	1.098742217818896
	accu: 		46.666666666666664%
	l1: 		29.955116271972656
	p dist pair: 	2.8499579429626465
iteration: 	14
	train
	time: 	24.022096872329712
	cross ent: 	0.016724158987806603
	cluster: 	0.08526868160281863
	separation:	0.13480374099952833
	avg separation:	0.9683534962790353
	accu: 		100.0%
	l1: 		29.97177505493164
	p dist pair: 	2.8499579429626465
	test
	time: 	8.936685562133789
	cross ent: 	0.9232937968336046
	cluster: 	0.17516346760094165
	separation:	0.16693360929687817
	avg separation:	1.1686146020889283
	accu: 		53.333333333333336%
	l1: 		29.97177505493164
	p dist pair: 	2.8499579429626465
iteration: 	15
	train
	time: 	22.48370122909546
	cross ent: 	0.016649231979587446
	cluster: 	0.08526868160281863
	separation:	0.13480374099952833
	avg separation:	0.9683534962790353
	accu: 		100.0%
	l1: 		29.989849090576172
	p dist pair: 	2.8499579429626465
	test
	time: 	9.387882471084595
	cross ent: 	1.1009720377934475
	cluster: 	0.1324697439869245
	separation:	0.15368895344436168
	avg separation:	0.9720938473939895
	accu: 		60.0%
	l1: 		29.989849090576172
	p dist pair: 	2.8499579429626465
iteration: 	16
	train
	time: 	25.283103704452515
	cross ent: 	0.016599543154204963
	cluster: 	0.08526868160281863
	separation:	0.13480374099952833
	avg separation:	0.9683534962790353
	accu: 		100.0%
	l1: 		30.00783920288086
	p dist pair: 	2.8499579429626465
	test
	time: 	9.324046611785889
	cross ent: 	0.8966426209236185
	cluster: 	0.13688817794124286
	separation:	0.1448852676898241
	avg separation:	1.1080585539340972
	accu: 		50.0%
	l1: 		30.00783920288086
	p dist pair: 	2.8499579429626465
iteration: 	17
	train
	time: 	22.955976486206055
	cross ent: 	0.01660100489461586
	cluster: 	0.08526868160281863
	separation:	0.13480374099952833
	avg separation:	0.9683534962790353
	accu: 		100.0%
	l1: 		30.028085708618164
	p dist pair: 	2.8499579429626465
	test
	time: 	8.869249820709229
	cross ent: 	1.28925273741285
	cluster: 	0.1475427781542142
	separation:	0.158093526152273
	avg separation:	1.0378502130508422
	accu: 		46.666666666666664%
	l1: 		30.028085708618164
	p dist pair: 	2.8499579429626465
iteration: 	18
	train
	time: 	25.47547936439514
	cross ent: 	0.016533065562439983
	cluster: 	0.08526868160281863
	separation:	0.13480374099952833
	avg separation:	0.9683534962790353
	accu: 		100.0%
	l1: 		30.0490665435791
	p dist pair: 	2.8499579429626465
	test
	time: 	8.911515712738037
	cross ent: 	1.207870000631859
	cluster: 	0.12756752371788024
	separation:	0.15494930160542328
	avg separation:	0.9965545187393824
	accu: 		53.333333333333336%
	l1: 		30.0490665435791
	p dist pair: 	2.8499579429626465
iteration: 	19
	train
	time: 	24.727324724197388
	cross ent: 	0.016479095534691623
	cluster: 	0.08526868160281863
	separation:	0.13480374099952833
	avg separation:	0.9683534962790353
	accu: 		100.0%
	l1: 		30.069961547851562
	p dist pair: 	2.8499579429626465
	test
	time: 	9.225798845291138
	cross ent: 	1.2220902138700087
	cluster: 	0.15021207059423128
	separation:	0.16114213578402997
	avg separation:	1.06607137521108
	accu: 		43.333333333333336%
	l1: 		30.069961547851562
	p dist pair: 	2.8499579429626465
