load model from saved_models\resnet18_small\026\35_1push0.9667.pth
model base architecture: 026
experiment run: 
Prototypes are chosen from 2 number of classes.
Their class identities are: [0 0 0 0 0 0 0 0 0 0 1 1 1 1 1 1 1 1 1 1]
All prototypes connect most strongly to their respective classes.
0 (0, 0)
Predicted: 0
Actual: 0
Most activated 10 prototypes of this image:
top 1 activated prototype for this image:
prototype index: 2
prototype class identity: 0
activation value (similarity score): 5.128632068634033
last layer connection with predicted class: 0.9523001313209534
most highly activated patch of the chosen image by this prototype:
most highly activated patch by this prototype shown in the original image:
prototype activation map of the chosen image:
--------------------------------------------------------------
top 2 activated prototype for this image:
prototype index: 16
prototype class identity: 1
activation value (similarity score): 5.088724136352539
last layer connection with predicted class: -0.35060104727745056
most highly activated patch of the chosen image by this prototype:
most highly activated patch by this prototype shown in the original image:
prototype activation map of the chosen image:
--------------------------------------------------------------
top 3 activated prototype for this image:
prototype index: 0
prototype class identity: 0
activation value (similarity score): 1.287073016166687
last layer connection with predicted class: 1.0628952980041504
most highly activated patch of the chosen image by this prototype:
most highly activated patch by this prototype shown in the original image:
prototype activation map of the chosen image:
--------------------------------------------------------------
top 4 activated prototype for this image:
prototype index: 4
prototype class identity: 0
activation value (similarity score): 1.0300910472869873
last layer connection with predicted class: 1.0290476083755493
most highly activated patch of the chosen image by this prototype:
most highly activated patch by this prototype shown in the original image:
prototype activation map of the chosen image:
--------------------------------------------------------------
top 5 activated prototype for this image:
prototype index: 5
prototype class identity: 0
activation value (similarity score): 1.0300910472869873
last layer connection with predicted class: 1.0290476083755493
most highly activated patch of the chosen image by this prototype:
most highly activated patch by this prototype shown in the original image:
prototype activation map of the chosen image:
--------------------------------------------------------------
top 6 activated prototype for this image:
prototype index: 7
prototype class identity: 0
activation value (similarity score): 1.0300910472869873
last layer connection with predicted class: 1.0290476083755493
most highly activated patch of the chosen image by this prototype:
most highly activated patch by this prototype shown in the original image:
prototype activation map of the chosen image:
--------------------------------------------------------------
top 7 activated prototype for this image:
prototype index: 10
prototype class identity: 1
activation value (similarity score): 0.668450117111206
last layer connection with predicted class: -0.4785487949848175
most highly activated patch of the chosen image by this prototype:
most highly activated patch by this prototype shown in the original image:
prototype activation map of the chosen image:
--------------------------------------------------------------
top 8 activated prototype for this image:
prototype index: 6
prototype class identity: 0
activation value (similarity score): 0.6472873687744141
last layer connection with predicted class: 1.010948896408081
most highly activated patch of the chosen image by this prototype:
most highly activated patch by this prototype shown in the original image:
prototype activation map of the chosen image:
--------------------------------------------------------------
top 9 activated prototype for this image:
prototype index: 8
prototype class identity: 0
activation value (similarity score): 0.6472873687744141
last layer connection with predicted class: 1.0481566190719604
most highly activated patch of the chosen image by this prototype:
most highly activated patch by this prototype shown in the original image:
prototype activation map of the chosen image:
--------------------------------------------------------------
top 10 activated prototype for this image:
prototype index: 9
prototype class identity: 0
activation value (similarity score): 0.6472873687744141
last layer connection with predicted class: 1.010948896408081
most highly activated patch of the chosen image by this prototype:
most highly activated patch by this prototype shown in the original image:
prototype activation map of the chosen image:
--------------------------------------------------------------
Prototypes from top-2 classes:
top 1 predicted class: 0
logit of the class: 8.923298
prototype index: 2
prototype class identity: 0
activation value (similarity score): 5.128632068634033
last layer connection: 0.9523001313209534
most highly activated patch of the chosen image by this prototype:
most highly activated patch by this prototype shown in the original image:
prototype activation map of the chosen image:
--------------------------------------------------------------
prototype index: 0
prototype class identity: 0
activation value (similarity score): 1.287073016166687
last layer connection: 1.0628952980041504
most highly activated patch of the chosen image by this prototype:
most highly activated patch by this prototype shown in the original image:
prototype activation map of the chosen image:
--------------------------------------------------------------
prototype index: 5
prototype class identity: 0
activation value (similarity score): 1.0300910472869873
last layer connection: 1.0290476083755493
most highly activated patch of the chosen image by this prototype:
most highly activated patch by this prototype shown in the original image:
prototype activation map of the chosen image:
--------------------------------------------------------------
prototype index: 7
prototype class identity: 0
activation value (similarity score): 1.0300910472869873
last layer connection: 1.0290476083755493
most highly activated patch of the chosen image by this prototype:
most highly activated patch by this prototype shown in the original image:
prototype activation map of the chosen image:
--------------------------------------------------------------
prototype index: 4
prototype class identity: 0
activation value (similarity score): 1.0300910472869873
last layer connection: 1.0290476083755493
most highly activated patch of the chosen image by this prototype:
most highly activated patch by this prototype shown in the original image:
prototype activation map of the chosen image:
--------------------------------------------------------------
prototype index: 6
prototype class identity: 0
activation value (similarity score): 0.6472873687744141
last layer connection: 1.010948896408081
most highly activated patch of the chosen image by this prototype:
most highly activated patch by this prototype shown in the original image:
prototype activation map of the chosen image:
--------------------------------------------------------------
prototype index: 9
prototype class identity: 0
activation value (similarity score): 0.6472873687744141
last layer connection: 1.010948896408081
most highly activated patch of the chosen image by this prototype:
most highly activated patch by this prototype shown in the original image:
prototype activation map of the chosen image:
--------------------------------------------------------------
prototype index: 8
prototype class identity: 0
activation value (similarity score): 0.6472873687744141
last layer connection: 1.0481566190719604
most highly activated patch of the chosen image by this prototype:
most highly activated patch by this prototype shown in the original image:
prototype activation map of the chosen image:
--------------------------------------------------------------
prototype index: 3
prototype class identity: 0
activation value (similarity score): 0.4372977614402771
last layer connection: 1.032966136932373
most highly activated patch of the chosen image by this prototype:
most highly activated patch by this prototype shown in the original image:
prototype activation map of the chosen image:
--------------------------------------------------------------
prototype index: 1
prototype class identity: 0
activation value (similarity score): 0.4103262424468994
last layer connection: 1.1633704900741577
most highly activated patch of the chosen image by this prototype:
most highly activated patch by this prototype shown in the original image:
prototype activation map of the chosen image:
--------------------------------------------------------------
***************************************************************
top 2 predicted class: 1
logit of the class: 1.951769
prototype index: 16
prototype class identity: 1
activation value (similarity score): 5.088724136352539
last layer connection: 0.8535856604576111
most highly activated patch of the chosen image by this prototype:
most highly activated patch by this prototype shown in the original image:
prototype activation map of the chosen image:
--------------------------------------------------------------
prototype index: 10
prototype class identity: 1
activation value (similarity score): 0.668450117111206
last layer connection: 1.0329070091247559
most highly activated patch of the chosen image by this prototype:
most highly activated patch by this prototype shown in the original image:
prototype activation map of the chosen image:
--------------------------------------------------------------
prototype index: 12
prototype class identity: 1
activation value (similarity score): 0.5471071004867554
last layer connection: 1.0034794807434082
most highly activated patch of the chosen image by this prototype:
most highly activated patch by this prototype shown in the original image:
prototype activation map of the chosen image:
--------------------------------------------------------------
prototype index: 15
prototype class identity: 1
activation value (similarity score): 0.31427502632141113
last layer connection: 1.0949182510375977
most highly activated patch of the chosen image by this prototype:
most highly activated patch by this prototype shown in the original image:
prototype activation map of the chosen image:
--------------------------------------------------------------
prototype index: 19
prototype class identity: 1
activation value (similarity score): 0.28072625398635864
last layer connection: 1.0725903511047363
most highly activated patch of the chosen image by this prototype:
most highly activated patch by this prototype shown in the original image:
prototype activation map of the chosen image:
--------------------------------------------------------------
prototype index: 18
prototype class identity: 1
activation value (similarity score): 0.28072625398635864
last layer connection: 1.0725903511047363
most highly activated patch of the chosen image by this prototype:
most highly activated patch by this prototype shown in the original image:
prototype activation map of the chosen image:
--------------------------------------------------------------
prototype index: 13
prototype class identity: 1
activation value (similarity score): 0.28072625398635864
last layer connection: 1.0725903511047363
most highly activated patch of the chosen image by this prototype:
most highly activated patch by this prototype shown in the original image:
prototype activation map of the chosen image:
--------------------------------------------------------------
prototype index: 11
prototype class identity: 1
activation value (similarity score): 0.28072625398635864
last layer connection: 1.0725903511047363
most highly activated patch of the chosen image by this prototype:
most highly activated patch by this prototype shown in the original image:
prototype activation map of the chosen image:
--------------------------------------------------------------
prototype index: 14
prototype class identity: 1
activation value (similarity score): 0.28072625398635864
last layer connection: 1.0725903511047363
most highly activated patch of the chosen image by this prototype:
most highly activated patch by this prototype shown in the original image:
prototype activation map of the chosen image:
--------------------------------------------------------------
prototype index: 17
prototype class identity: 1
activation value (similarity score): 0.28072625398635864
last layer connection: 1.0725903511047363
most highly activated patch of the chosen image by this prototype:
most highly activated patch by this prototype shown in the original image:
prototype activation map of the chosen image:
--------------------------------------------------------------
***************************************************************
Prediction is correct.
