training set size: 140
push set size: 140
test set size: 30
batch size: 1
start training
epoch: 	0
	warm
	train
	time: 	23.349747896194458
	cross ent: 	0.7140591048768589
	cluster: 	5.695052339562348
	separation:	7.3816510986004555
	avg separation:	43.414816066196984
	accu: 		54.285714285714285%
	l1: 		15.0
	p dist pair: 	71.11113739013672
	test
	time: 	9.043615579605103
	cross ent: 	0.6544375091791153
	cluster: 	0.643508513768514
	separation:	0.7530780007441839
	avg separation:	36.58471031188965
	accu: 		63.33333333333333%
	l1: 		15.0
	p dist pair: 	71.11113739013672
epoch: 	1
	joint
	train
	time: 	23.18244767189026
	cross ent: 	0.815329947801573
	cluster: 	1.8361990810504982
	separation:	1.7651889081512178
	avg separation:	38.82556182316372
	accu: 		47.85714285714286%
	l1: 		15.0
	p dist pair: 	70.27544403076172
	test
	time: 	8.827297687530518
	cross ent: 	0.7589495996634166
	cluster: 	0.36270815630753833
	separation:	0.32932516038417814
	avg separation:	40.419650650024415
	accu: 		36.666666666666664%
	l1: 		15.0
	p dist pair: 	70.27544403076172
epoch: 	2
	joint
	train
	time: 	23.630122184753418
	cross ent: 	0.7483728688210249
	cluster: 	0.4454131674553667
	separation:	0.4607117365513529
	avg separation:	37.551842308044435
	accu: 		49.28571428571429%
	l1: 		15.0
	p dist pair: 	70.60030364990234
	test
	time: 	8.976428270339966
	cross ent: 	0.5817777941624324
	cluster: 	0.3248112991452217
	separation:	0.7069406151771546
	avg separation:	34.67685813903809
	accu: 		73.33333333333333%
	l1: 		15.0
	p dist pair: 	70.60030364990234
	above 70.00%
epoch: 	3
	joint
	train
	time: 	23.449148416519165
	cross ent: 	0.7454940967527883
	cluster: 	0.45290237122348376
	separation:	0.4812888059232916
	avg separation:	36.36403115136283
	accu: 		50.71428571428571%
	l1: 		15.0
	p dist pair: 	70.99859619140625
	test
	time: 	8.55153489112854
	cross ent: 	0.8355391403039296
	cluster: 	1.2152864704529445
	separation:	0.5517040461301803
	avg separation:	33.003130722045896
	accu: 		36.666666666666664%
	l1: 		15.0
	p dist pair: 	70.99859619140625
epoch: 	4
	joint
	train
	time: 	23.118114471435547
	cross ent: 	0.7990064098100577
	cluster: 	0.7328552130609751
	separation:	0.7826191115060023
	avg separation:	38.53544470923288
	accu: 		50.71428571428571%
	l1: 		15.0
	p dist pair: 	71.64761352539062
	test
	time: 	8.889874696731567
	cross ent: 	0.8153728584448496
	cluster: 	3.1203821778297423
	separation:	0.645050643881162
	avg separation:	35.83714688618978
	accu: 		36.666666666666664%
	l1: 		15.0
	p dist pair: 	71.64761352539062
epoch: 	5
	joint
	train
	time: 	24.46123957633972
	cross ent: 	0.7203756728342601
	cluster: 	0.3646446150860616
	separation:	0.3848513739449637
	avg separation:	40.0904052734375
	accu: 		57.85714285714286%
	l1: 		15.0
	p dist pair: 	72.69664001464844
	test
	time: 	8.622929811477661
	cross ent: 	0.8607954104741414
	cluster: 	0.849865194161733
	separation:	0.7176883200804393
	avg separation:	33.37083524068196
	accu: 		36.666666666666664%
	l1: 		15.0
	p dist pair: 	72.69664001464844
epoch: 	6
	joint
	train
	time: 	24.15886378288269
	cross ent: 	0.6128643941666398
	cluster: 	0.3520898345325674
	separation:	0.42004253353391374
	avg separation:	38.11394557952881
	accu: 		69.28571428571428%
	l1: 		15.0
	p dist pair: 	72.67437744140625
	test
	time: 	8.501209259033203
	cross ent: 	0.8716123521327972
	cluster: 	0.21292129158973694
	separation:	0.17907052859663963
	avg separation:	33.51450074513753
	accu: 		36.666666666666664%
	l1: 		15.0
	p dist pair: 	72.67437744140625
epoch: 	7
	joint
	train
	time: 	24.50217580795288
	cross ent: 	0.5350544541009835
	cluster: 	0.16046282351017
	separation:	0.22627122194639274
	avg separation:	37.95009644372123
	accu: 		80.0%
	l1: 		15.0
	p dist pair: 	72.7579345703125
	test
	time: 	8.410189628601074
	cross ent: 	0.7723562280337016
	cluster: 	0.1317158912618955
	separation:	0.14543192088603973
	avg separation:	33.233340644836424
	accu: 		43.333333333333336%
	l1: 		15.0
	p dist pair: 	72.7579345703125
epoch: 	8
	joint
	train
	time: 	23.271491765975952
	cross ent: 	0.48381517327257567
	cluster: 	0.12200197210269315
	separation:	0.1998289299330541
	avg separation:	37.878349794660295
	accu: 		80.71428571428572%
	l1: 		15.0
	p dist pair: 	72.72947692871094
	test
	time: 	8.649470090866089
	cross ent: 	0.8692895730336507
	cluster: 	0.1779445819556713
	separation:	0.13488148922721546
	avg separation:	33.24209524790446
	accu: 		40.0%
	l1: 		15.0
	p dist pair: 	72.72947692871094
epoch: 	9
	joint
	train
	time: 	23.708378791809082
	cross ent: 	0.4591127668108259
	cluster: 	0.10140904023178986
	separation:	0.17257219941488333
	avg separation:	37.905938039507184
	accu: 		80.71428571428572%
	l1: 		15.0
	p dist pair: 	72.7286605834961
	test
	time: 	8.585005044937134
	cross ent: 	0.7388778169949849
	cluster: 	0.08679938626786073
	separation:	0.11229168474674225
	avg separation:	33.51245969136556
	accu: 		70.0%
	l1: 		15.0
	p dist pair: 	72.7286605834961
epoch: 	10
	joint
	train
	time: 	23.017444372177124
	cross ent: 	0.4112547414909516
	cluster: 	0.08568390160799026
	separation:	0.1635262621300561
	avg separation:	37.886713927132746
	accu: 		86.42857142857143%
	l1: 		15.0
	p dist pair: 	72.689453125
	test
	time: 	9.183010816574097
	cross ent: 	0.6904082521796227
	cluster: 	0.10919055119156837
	separation:	0.13025697407623132
	avg separation:	33.60212618509929
	accu: 		50.0%
	l1: 		15.0
	p dist pair: 	72.689453125
	push
	Executing push ...
	push time: 	44.258453369140625
	test
	time: 	9.19262981414795
	cross ent: 	1.5316450550461014
	cluster: 	0.04318769962216417
	separation:	0.04661136139184237
	avg separation:	0.4653499111533165
	accu: 		60.0%
	l1: 		15.0
	p dist pair: 	7.932403564453125
	last layer
iteration: 	0
	train
	time: 	22.696879148483276
	cross ent: 	2.1746367722237276
	cluster: 	0.03164752308678414
	separation:	0.08142248511846577
	avg separation:	0.44810372250420705
	accu: 		42.857142857142854%
	l1: 		15.001296997070312
	p dist pair: 	7.932403564453125
	test
	time: 	8.62114953994751
	cross ent: 	1.3650390782873691
	cluster: 	0.04101611028114955
	separation:	0.045776335336267945
	avg separation:	0.39761036982138953
	accu: 		60.0%
	l1: 		15.001296997070312
	p dist pair: 	7.932403564453125
iteration: 	1
	train
	time: 	23.630809783935547
	cross ent: 	1.8983270214699848
	cluster: 	0.03164752308678414
	separation:	0.08142248511846577
	avg separation:	0.44810372250420705
	accu: 		44.285714285714285%
	l1: 		15.00141716003418
	p dist pair: 	7.932403564453125
	test
	time: 	8.633480548858643
	cross ent: 	1.1598744660664428
	cluster: 	0.04478413909673691
	separation:	0.047708860039711
	avg separation:	0.46280187120040256
	accu: 		60.0%
	l1: 		15.00141716003418
	p dist pair: 	7.932403564453125
iteration: 	2
	train
	time: 	22.448840141296387
	cross ent: 	1.6388808231414649
	cluster: 	0.03164752308678414
	separation:	0.08142248511846577
	avg separation:	0.44810372250420705
	accu: 		44.285714285714285%
	l1: 		15.001876831054688
	p dist pair: 	7.932403564453125
	test
	time: 	8.712850570678711
	cross ent: 	1.3326916088194898
	cluster: 	0.0414407082212468
	separation:	0.04801107216626406
	avg separation:	0.5193114896615346
	accu: 		56.666666666666664%
	l1: 		15.001876831054688
	p dist pair: 	7.932403564453125
iteration: 	3
	train
	time: 	22.962284564971924
	cross ent: 	1.3986368150351545
	cluster: 	0.03164752308678414
	separation:	0.08142248511846577
	avg separation:	0.44810372250420705
	accu: 		45.0%
	l1: 		15.001911163330078
	p dist pair: 	7.932403564453125
	test
	time: 	8.757203817367554
	cross ent: 	1.0587929432818783
	cluster: 	0.041594221256673336
	separation:	0.04765994306653738
	avg separation:	0.4900054752826691
	accu: 		56.666666666666664%
	l1: 		15.001911163330078
	p dist pair: 	7.932403564453125
iteration: 	4
	train
	time: 	24.653964281082153
	cross ent: 	1.1859970415191907
	cluster: 	0.03164752308678414
	separation:	0.08142248511846577
	avg separation:	0.44810372250420705
	accu: 		47.85714285714286%
	l1: 		15.001949310302734
	p dist pair: 	7.932403564453125
	test
	time: 	8.676764249801636
	cross ent: 	0.6147078038367908
	cluster: 	0.0428386510660251
	separation:	0.052497134233514466
	avg separation:	0.5050393710533778
	accu: 		66.66666666666666%
	l1: 		15.001949310302734
	p dist pair: 	7.932403564453125
iteration: 	5
	train
	time: 	22.23783016204834
	cross ent: 	1.00122990093327
	cluster: 	0.03164752308678414
	separation:	0.08142248511846577
	avg separation:	0.44810372250420705
	accu: 		55.00000000000001%
	l1: 		15.00168228149414
	p dist pair: 	7.932403564453125
	test
	time: 	8.482297658920288
	cross ent: 	0.8049165551996945
	cluster: 	0.041080896432201065
	separation:	0.054060487635433675
	avg separation:	0.47484413385391233
	accu: 		60.0%
	l1: 		15.00168228149414
	p dist pair: 	7.932403564453125
iteration: 	6
	train
	time: 	22.754984140396118
	cross ent: 	0.8463821278531604
	cluster: 	0.03164752308678414
	separation:	0.08142248511846577
	avg separation:	0.44810372250420705
	accu: 		60.0%
	l1: 		15.001408576965332
	p dist pair: 	7.932403564453125
	test
	time: 	8.89328670501709
	cross ent: 	0.800341148270915
	cluster: 	0.04153019981458783
	separation:	0.04534304110954205
	avg separation:	0.48401817431052524
	accu: 		53.333333333333336%
	l1: 		15.001408576965332
	p dist pair: 	7.932403564453125
iteration: 	7
	train
	time: 	22.444624423980713
	cross ent: 	0.719073708628587
	cluster: 	0.03164752308678414
	separation:	0.08142248511846577
	avg separation:	0.44810372250420705
	accu: 		62.857142857142854%
	l1: 		15.001274108886719
	p dist pair: 	7.932403564453125
	test
	time: 	8.750930786132812
	cross ent: 	0.705287714737157
	cluster: 	0.04280804805457592
	separation:	0.050325387716293336
	avg separation:	0.527282573779424
	accu: 		60.0%
	l1: 		15.001274108886719
	p dist pair: 	7.932403564453125
iteration: 	8
	train
	time: 	22.32148003578186
	cross ent: 	0.6170258197027059
	cluster: 	0.03164752308678414
	separation:	0.08142248511846577
	avg separation:	0.44810372250420705
	accu: 		70.0%
	l1: 		15.000570297241211
	p dist pair: 	7.932403564453125
	test
	time: 	8.980363130569458
	cross ent: 	0.610600810245766
	cluster: 	0.04258445448552569
	separation:	0.0524758384252588
	avg separation:	0.4561932603518168
	accu: 		66.66666666666666%
	l1: 		15.000570297241211
	p dist pair: 	7.932403564453125
iteration: 	9
	train
	time: 	24.119551420211792
	cross ent: 	0.5370895688372131
	cluster: 	0.03164752308678414
	separation:	0.08142248511846577
	avg separation:	0.44810372250420705
	accu: 		76.42857142857142%
	l1: 		15.000202178955078
	p dist pair: 	7.932403564453125
	test
	time: 	9.345471620559692
	cross ent: 	0.5588005283226569
	cluster: 	0.04316961799437801
	separation:	0.05143835910906394
	avg separation:	0.4782751182715098
	accu: 		70.0%
	l1: 		15.000202178955078
	p dist pair: 	7.932403564453125
iteration: 	10
	train
	time: 	22.299055576324463
	cross ent: 	0.47463582451621605
	cluster: 	0.03164752308678414
	separation:	0.08142248511846577
	avg separation:	0.44810372250420705
	accu: 		77.14285714285715%
	l1: 		14.999494552612305
	p dist pair: 	7.932403564453125
	test
	time: 	8.594224691390991
	cross ent: 	0.6381605860680186
	cluster: 	0.042104350651303926
	separation:	0.049483814649283885
	avg separation:	0.42112264782190323
	accu: 		70.0%
	l1: 		14.999494552612305
	p dist pair: 	7.932403564453125
iteration: 	11
	train
	time: 	23.463355779647827
	cross ent: 	0.4271475378507083
	cluster: 	0.03164752308678414
	separation:	0.08142248511846577
	avg separation:	0.44810372250420705
	accu: 		77.14285714285715%
	l1: 		14.999222755432129
	p dist pair: 	7.932403564453125
	test
	time: 	8.428337097167969
	cross ent: 	0.5211894452571869
	cluster: 	0.042731609443823496
	separation:	0.05033298339694738
	avg separation:	0.4975707918405533
	accu: 		70.0%
	l1: 		14.999222755432129
	p dist pair: 	7.932403564453125
iteration: 	12
	train
	time: 	24.073217153549194
	cross ent: 	0.39098151435609907
	cluster: 	0.03164752308678414
	separation:	0.08142248511846577
	avg separation:	0.44810372250420705
	accu: 		78.57142857142857%
	l1: 		14.998559951782227
	p dist pair: 	7.932403564453125
	test
	time: 	8.56323528289795
	cross ent: 	0.5005953481576095
	cluster: 	0.04273269415522615
	separation:	0.05061597271511952
	avg separation:	0.47694192131360374
	accu: 		83.33333333333334%
	l1: 		14.998559951782227
	p dist pair: 	7.932403564453125
	above 70.00%
iteration: 	13
	train
	time: 	23.274373769760132
	cross ent: 	0.364142397392009
	cluster: 	0.03164752308678414
	separation:	0.08142248511846577
	avg separation:	0.44810372250420705
	accu: 		80.71428571428572%
	l1: 		14.998340606689453
	p dist pair: 	7.932403564453125
	test
	time: 	8.938982725143433
	cross ent: 	0.771673255165418
	cluster: 	0.042324014101177455
	separation:	0.04376626797020435
	avg separation:	0.46718018551667534
	accu: 		66.66666666666666%
	l1: 		14.998340606689453
	p dist pair: 	7.932403564453125
iteration: 	14
	train
	time: 	23.73802638053894
	cross ent: 	0.34327722363772667
	cluster: 	0.03164752308678414
	separation:	0.08142248511846577
	avg separation:	0.44810372250420705
	accu: 		84.28571428571429%
	l1: 		14.998048782348633
	p dist pair: 	7.932403564453125
	test
	time: 	8.71608829498291
	cross ent: 	0.700097293779254
	cluster: 	0.04110376263658206
	separation:	0.04653947291274865
	avg separation:	0.4150789067149162
	accu: 		66.66666666666666%
	l1: 		14.998048782348633
	p dist pair: 	7.932403564453125
iteration: 	15
	train
	time: 	23.193602561950684
	cross ent: 	0.32850146205164493
	cluster: 	0.03164752308678414
	separation:	0.08142248511846577
	avg separation:	0.44810372250420705
	accu: 		82.85714285714286%
	l1: 		14.997818946838379
	p dist pair: 	7.932403564453125
	test
	time: 	8.671153545379639
	cross ent: 	0.6627716019749641
	cluster: 	0.04241340135534604
	separation:	0.04560868715246518
	avg separation:	0.4451467866698901
	accu: 		66.66666666666666%
	l1: 		14.997818946838379
	p dist pair: 	7.932403564453125
iteration: 	16
	train
	time: 	23.478543519973755
	cross ent: 	0.31806966960430144
	cluster: 	0.03164752308678414
	separation:	0.08142248511846577
	avg separation:	0.44810372250420705
	accu: 		84.28571428571429%
	l1: 		14.99755859375
	p dist pair: 	7.932403564453125
	test
	time: 	8.699635982513428
	cross ent: 	0.834799067551891
	cluster: 	0.043273658864200114
	separation:	0.04877796582877636
	avg separation:	0.4850712031126022
	accu: 		66.66666666666666%
	l1: 		14.99755859375
	p dist pair: 	7.932403564453125
iteration: 	17
	train
	time: 	23.53144359588623
	cross ent: 	0.3104608884946044
	cluster: 	0.03164752308678414
	separation:	0.08142248511846577
	avg separation:	0.44810372250420705
	accu: 		84.28571428571429%
	l1: 		14.997649192810059
	p dist pair: 	7.932403564453125
	test
	time: 	8.686127424240112
	cross ent: 	0.6914033265706773
	cluster: 	0.04254395777049164
	separation:	0.05733548142015934
	avg separation:	0.5582628071308136
	accu: 		60.0%
	l1: 		14.997649192810059
	p dist pair: 	7.932403564453125
iteration: 	18
	train
	time: 	23.283820629119873
	cross ent: 	0.3048902059140216
	cluster: 	0.03164752308678414
	separation:	0.08142248511846577
	avg separation:	0.44810372250420705
	accu: 		84.28571428571429%
	l1: 		14.997932434082031
	p dist pair: 	7.932403564453125
	test
	time: 	8.535465717315674
	cross ent: 	1.0416072045763334
	cluster: 	0.04257067274302244
	separation:	0.04298377608259519
	avg separation:	0.44621003021796546
	accu: 		60.0%
	l1: 		14.997932434082031
	p dist pair: 	7.932403564453125
iteration: 	19
	train
	time: 	22.46281147003174
	cross ent: 	0.3006870981006484
	cluster: 	0.03164752308678414
	separation:	0.08142248511846577
	avg separation:	0.44810372250420705
	accu: 		87.14285714285714%
	l1: 		14.998045921325684
	p dist pair: 	7.932403564453125
	test
	time: 	8.509365797042847
	cross ent: 	0.7544864655782779
	cluster: 	0.04060652628540993
	separation:	0.04510650609930356
	avg separation:	0.4711980566382408
	accu: 		63.33333333333333%
	l1: 		14.998045921325684
	p dist pair: 	7.932403564453125
epoch: 	11
	joint
	train
	time: 	23.618217945098877
	cross ent: 	0.2805630202870816
	cluster: 	0.0314236936292478
	separation:	0.08143985566483544
	avg separation:	0.46064900574939593
	accu: 		89.28571428571429%
	l1: 		14.998045921325684
	p dist pair: 	7.939289569854736
	test
	time: 	8.535351514816284
	cross ent: 	1.1269037743409476
	cluster: 	0.04643714316189289
	separation:	0.049671490055819355
	avg separation:	0.5066247165203095
	accu: 		36.666666666666664%
	l1: 		14.998045921325684
	p dist pair: 	7.939289569854736
epoch: 	12
	joint
	train
	time: 	23.634158849716187
	cross ent: 	0.21516003918035753
	cluster: 	0.03030015003002648
	separation:	0.07975195582756507
	avg separation:	0.47378467683281217
	accu: 		93.57142857142857%
	l1: 		14.998045921325684
	p dist pair: 	7.935996055603027
	test
	time: 	10.051015615463257
	cross ent: 	1.0456356085836886
	cluster: 	0.04291004507491986
	separation:	0.04315044302493334
	avg separation:	0.4357410043478012
	accu: 		43.333333333333336%
	l1: 		14.998045921325684
	p dist pair: 	7.935996055603027
epoch: 	13
	joint
	train
	time: 	23.804453372955322
	cross ent: 	0.20937770370260944
	cluster: 	0.027991840971766838
	separation:	0.07635011693595775
	avg separation:	0.4630279054599149
	accu: 		93.57142857142857%
	l1: 		14.998045921325684
	p dist pair: 	7.932407379150391
	test
	time: 	9.710291147232056
	cross ent: 	1.1432215876877307
	cluster: 	0.0425724549839894
	separation:	0.04583672986676295
	avg separation:	0.4437910318374634
	accu: 		40.0%
	l1: 		14.998045921325684
	p dist pair: 	7.932407379150391
epoch: 	14
	joint
	train
	time: 	23.428759574890137
	cross ent: 	0.17758058465011084
	cluster: 	0.026321992025311505
	separation:	0.07381696018190788
	avg separation:	0.4494208178349904
	accu: 		94.28571428571428%
	l1: 		14.998045921325684
	p dist pair: 	7.934100151062012
	test
	time: 	8.499598264694214
	cross ent: 	1.0930196267863115
	cluster: 	0.04550539869815111
	separation:	0.04770111683756113
	avg separation:	0.5311458170413971
	accu: 		40.0%
	l1: 		14.998045921325684
	p dist pair: 	7.934100151062012
epoch: 	15
	joint
	train
	time: 	23.583884716033936
	cross ent: 	0.13860614616174383
	cluster: 	0.02555196467936704
	separation:	0.07272139664606324
	avg separation:	0.44854231231978964
	accu: 		97.85714285714285%
	l1: 		14.998045921325684
	p dist pair: 	7.9289422035217285
	test
	time: 	8.699926137924194
	cross ent: 	1.128397174179554
	cluster: 	0.0431615959542493
	separation:	0.04230790343135595
	avg separation:	0.504234004020691
	accu: 		43.333333333333336%
	l1: 		14.998045921325684
	p dist pair: 	7.9289422035217285
epoch: 	16
	joint
	train
	time: 	23.63909149169922
	cross ent: 	0.12451961453438604
	cluster: 	0.024888266493300244
	separation:	0.07261044903259192
	avg separation:	0.44602115718381746
	accu: 		98.57142857142858%
	l1: 		14.998045921325684
	p dist pair: 	7.929200649261475
	test
	time: 	8.619983911514282
	cross ent: 	1.1163959855834642
	cluster: 	0.04111916103089849
	separation:	0.041731832548975945
	avg separation:	0.506293049454689
	accu: 		46.666666666666664%
	l1: 		14.998045921325684
	p dist pair: 	7.929200649261475
epoch: 	17
	joint
	train
	time: 	23.579108715057373
	cross ent: 	0.11493599377073614
	cluster: 	0.024692057744167478
	separation:	0.07209577899692314
	avg separation:	0.44434762405497685
	accu: 		98.57142857142858%
	l1: 		14.998045921325684
	p dist pair: 	7.928717136383057
	test
	time: 	8.892422437667847
	cross ent: 	0.9069775347908338
	cluster: 	0.03843515645712614
	separation:	0.03895865219334761
	avg separation:	0.43777640412251156
	accu: 		50.0%
	l1: 		14.998045921325684
	p dist pair: 	7.928717136383057
epoch: 	18
	joint
	train
	time: 	24.3701388835907
	cross ent: 	0.11159071503872318
	cluster: 	0.024673476980699757
	separation:	0.07222740881677185
	avg separation:	0.4456929128084864
	accu: 		98.57142857142858%
	l1: 		14.998045921325684
	p dist pair: 	7.928828239440918
	test
	time: 	8.29477858543396
	cross ent: 	0.9652376045783361
	cluster: 	0.04109577834606171
	separation:	0.04079146360357602
	avg separation:	0.4965316613515218
	accu: 		50.0%
	l1: 		14.998045921325684
	p dist pair: 	7.928828239440918
epoch: 	19
	joint
	train
	time: 	24.05926203727722
	cross ent: 	0.10758330512825133
	cluster: 	0.024588418696241985
	separation:	0.07202035017710712
	avg separation:	0.4452896770622049
	accu: 		98.57142857142858%
	l1: 		14.998045921325684
	p dist pair: 	7.928981304168701
	test
	time: 	8.405769348144531
	cross ent: 	1.1846014382938543
	cluster: 	0.04120193605000774
	separation:	0.038921988507111864
	avg separation:	0.50257661541303
	accu: 		40.0%
	l1: 		14.998045921325684
	p dist pair: 	7.928981304168701
epoch: 	20
	joint
	train
	time: 	25.549922227859497
	cross ent: 	0.10352456432966782
	cluster: 	0.024550171845060375
	separation:	0.07201301625131497
	avg separation:	0.4452513891671385
	accu: 		98.57142857142858%
	l1: 		14.998045921325684
	p dist pair: 	7.928656578063965
	test
	time: 	8.64480996131897
	cross ent: 	1.324216367257759
	cluster: 	0.0376740550622344
	separation:	0.04330292108158271
	avg separation:	0.38439320822556816
	accu: 		43.333333333333336%
	l1: 		14.998045921325684
	p dist pair: 	7.928656578063965
	push
	Executing push ...
	push time: 	35.89541172981262
	test
	time: 	8.430087089538574
	cross ent: 	0.8137034149464549
	cluster: 	0.03850653637200594
	separation:	0.04466361347585916
	avg separation:	0.3894441102941831
	accu: 		63.33333333333333%
	l1: 		14.998045921325684
	p dist pair: 	7.977777004241943
	last layer
iteration: 	0
	train
	time: 	21.669344902038574
	cross ent: 	0.16106840399006614
	cluster: 	0.025862802327277938
	separation:	0.07395500613908683
	avg separation:	0.45518593894583836
	accu: 		94.28571428571428%
	l1: 		14.999105453491211
	p dist pair: 	7.977777004241943
	test
	time: 	8.881596326828003
	cross ent: 	0.6801940671478709
	cluster: 	0.04012789586558938
	separation:	0.04317884563157956
	avg separation:	0.4634134605526924
	accu: 		70.0%
	l1: 		14.999105453491211
	p dist pair: 	7.977777004241943
iteration: 	1
	train
	time: 	23.12460494041443
	cross ent: 	0.14974815715249862
	cluster: 	0.025862802327277938
	separation:	0.07395500613908683
	avg separation:	0.45518593894583836
	accu: 		94.28571428571428%
	l1: 		15.000563621520996
	p dist pair: 	7.977777004241943
	test
	time: 	9.341055631637573
	cross ent: 	0.8936105866606037
	cluster: 	0.038406838290393354
	separation:	0.04252615241954724
	avg separation:	0.5452250401178996
	accu: 		66.66666666666666%
	l1: 		15.000563621520996
	p dist pair: 	7.977777004241943
iteration: 	2
	train
	time: 	22.37110161781311
	cross ent: 	0.14121845929912524
	cluster: 	0.025862802327277938
	separation:	0.07395500613908683
	avg separation:	0.45518593894583836
	accu: 		98.57142857142858%
	l1: 		15.002153396606445
	p dist pair: 	7.977777004241943
	test
	time: 	8.865242958068848
	cross ent: 	0.7479161358127991
	cluster: 	0.0415850752654175
	separation:	0.04329568215956291
	avg separation:	0.4773223280906677
	accu: 		63.33333333333333%
	l1: 		15.002153396606445
	p dist pair: 	7.977777004241943
iteration: 	3
	train
	time: 	23.900232315063477
	cross ent: 	0.1352224887223981
	cluster: 	0.025862802327277938
	separation:	0.07395500613908683
	avg separation:	0.45518593894583836
	accu: 		98.57142857142858%
	l1: 		15.003830909729004
	p dist pair: 	7.977777004241943
	test
	time: 	9.131001472473145
	cross ent: 	0.8080519735085545
	cluster: 	0.03822158351540565
	separation:	0.04596742689609527
	avg separation:	0.454085636138916
	accu: 		60.0%
	l1: 		15.003830909729004
	p dist pair: 	7.977777004241943
iteration: 	4
	train
	time: 	22.769413232803345
	cross ent: 	0.13096768074506793
	cluster: 	0.025862802327277938
	separation:	0.07395500613908683
	avg separation:	0.45518593894583836
	accu: 		98.57142857142858%
	l1: 		15.005849838256836
	p dist pair: 	7.977777004241943
	test
	time: 	8.822416543960571
	cross ent: 	0.8731484869048776
	cluster: 	0.04078041780740023
	separation:	0.04956218575437864
	avg separation:	0.41759437024593354
	accu: 		63.33333333333333%
	l1: 		15.005849838256836
	p dist pair: 	7.977777004241943
iteration: 	5
	train
	time: 	22.16179370880127
	cross ent: 	0.12748305046448616
	cluster: 	0.025862802327277938
	separation:	0.07395500613908683
	avg separation:	0.45518593894583836
	accu: 		98.57142857142858%
	l1: 		15.008337020874023
	p dist pair: 	7.977777004241943
	test
	time: 	8.402101993560791
	cross ent: 	0.9562341696272294
	cluster: 	0.040592927020043135
	separation:	0.04768008192380269
	avg separation:	0.43855653355518975
	accu: 		50.0%
	l1: 		15.008337020874023
	p dist pair: 	7.977777004241943
iteration: 	6
	train
	time: 	23.378830194473267
	cross ent: 	0.12521616675367114
	cluster: 	0.025862802327277938
	separation:	0.07395500613908683
	avg separation:	0.45518593894583836
	accu: 		98.57142857142858%
	l1: 		15.010831832885742
	p dist pair: 	7.977777004241943
	test
	time: 	8.593396425247192
	cross ent: 	0.8893605427195629
	cluster: 	0.042123818583786485
	separation:	0.040870185320576034
	avg separation:	0.46376358618338903
	accu: 		50.0%
	l1: 		15.010831832885742
	p dist pair: 	7.977777004241943
iteration: 	7
	train
	time: 	22.156040906906128
	cross ent: 	0.12349063043906686
	cluster: 	0.025862802327277938
	separation:	0.07395500613908683
	avg separation:	0.45518593894583836
	accu: 		98.57142857142858%
	l1: 		15.01355266571045
	p dist pair: 	7.977777004241943
	test
	time: 	8.718618392944336
	cross ent: 	1.1568585264186064
	cluster: 	0.04293024738629659
	separation:	0.03894912569473187
	avg separation:	0.4698827058076859
	accu: 		50.0%
	l1: 		15.01355266571045
	p dist pair: 	7.977777004241943
iteration: 	8
	train
	time: 	24.435235023498535
	cross ent: 	0.12227934902309373
	cluster: 	0.025862802327277938
	separation:	0.07395500613908683
	avg separation:	0.45518593894583836
	accu: 		98.57142857142858%
	l1: 		15.016637802124023
	p dist pair: 	7.977777004241943
	test
	time: 	8.700042963027954
	cross ent: 	0.8313034184277057
	cluster: 	0.043958937066296735
	separation:	0.04487183907379707
	avg separation:	0.516615159312884
	accu: 		56.666666666666664%
	l1: 		15.016637802124023
	p dist pair: 	7.977777004241943
iteration: 	9
	train
	time: 	23.22399091720581
	cross ent: 	0.12125643574690911
	cluster: 	0.025862802327277938
	separation:	0.07395500613908683
	avg separation:	0.45518593894583836
	accu: 		98.57142857142858%
	l1: 		15.019878387451172
	p dist pair: 	7.977777004241943
	test
	time: 	9.019470930099487
	cross ent: 	1.098042229252557
	cluster: 	0.04131103698164225
	separation:	0.039048924172918005
	avg separation:	0.4432265823086103
	accu: 		56.666666666666664%
	l1: 		15.019878387451172
	p dist pair: 	7.977777004241943
iteration: 	10
	train
	time: 	23.823367834091187
	cross ent: 	0.12070953139336779
	cluster: 	0.025862802327277938
	separation:	0.07395500613908683
	avg separation:	0.45518593894583836
	accu: 		98.57142857142858%
	l1: 		15.023300170898438
	p dist pair: 	7.977777004241943
	test
	time: 	8.802120685577393
	cross ent: 	1.2221211906522513
	cluster: 	0.041633412490288416
	separation:	0.03780510351061821
	avg separation:	0.44390101979176205
	accu: 		40.0%
	l1: 		15.023300170898438
	p dist pair: 	7.977777004241943
iteration: 	11
	train
	time: 	24.269355297088623
	cross ent: 	0.1204403580494857
	cluster: 	0.025862802327277938
	separation:	0.07395500613908683
	avg separation:	0.45518593894583836
	accu: 		98.57142857142858%
	l1: 		15.027079582214355
	p dist pair: 	7.977777004241943
	test
	time: 	8.48014760017395
	cross ent: 	1.060601331666112
	cluster: 	0.041843710094690324
	separation:	0.038787312743564444
	avg separation:	0.4539263760050138
	accu: 		40.0%
	l1: 		15.027079582214355
	p dist pair: 	7.977777004241943
iteration: 	12
	train
	time: 	23.522945642471313
	cross ent: 	0.11999197683929066
	cluster: 	0.025862802327277938
	separation:	0.07395500613908683
	avg separation:	0.45518593894583836
	accu: 		98.57142857142858%
	l1: 		15.030854225158691
	p dist pair: 	7.977777004241943
	test
	time: 	9.460745573043823
	cross ent: 	1.029279414471239
	cluster: 	0.03924088347703218
	separation:	0.04857450034469366
	avg separation:	0.41286401748657225
	accu: 		56.666666666666664%
	l1: 		15.030854225158691
	p dist pair: 	7.977777004241943
iteration: 	13
	train
	time: 	23.159789085388184
	cross ent: 	0.11970716275474323
	cluster: 	0.025862802327277938
	separation:	0.07395500613908683
	avg separation:	0.45518593894583836
	accu: 		98.57142857142858%
	l1: 		15.034967422485352
	p dist pair: 	7.977777004241943
	test
	time: 	8.783324241638184
	cross ent: 	0.9345249250531197
	cluster: 	0.039786762775232395
	separation:	0.03841842288772265
	avg separation:	0.48260118464628854
	accu: 		50.0%
	l1: 		15.034967422485352
	p dist pair: 	7.977777004241943
iteration: 	14
	train
	time: 	24.020066499710083
	cross ent: 	0.11952290251876029
	cluster: 	0.025862802327277938
	separation:	0.07395500613908683
	avg separation:	0.45518593894583836
	accu: 		98.57142857142858%
	l1: 		15.038976669311523
	p dist pair: 	7.977777004241943
	test
	time: 	8.642391920089722
	cross ent: 	0.8588047193984191
	cluster: 	0.04241506416971485
	separation:	0.04474224460621675
	avg separation:	0.5053144713242849
	accu: 		56.666666666666664%
	l1: 		15.038976669311523
	p dist pair: 	7.977777004241943
iteration: 	15
	train
	time: 	23.219454050064087
	cross ent: 	0.11939114524034916
	cluster: 	0.025862802327277938
	separation:	0.07395500613908683
	avg separation:	0.45518593894583836
	accu: 		98.57142857142858%
	l1: 		15.043354988098145
	p dist pair: 	7.977777004241943
	test
	time: 	8.913266658782959
	cross ent: 	1.0012658007646678
	cluster: 	0.0400096446275711
	separation:	0.04471992217004299
	avg separation:	0.4402212664484978
	accu: 		50.0%
	l1: 		15.043354988098145
	p dist pair: 	7.977777004241943
iteration: 	16
	train
	time: 	22.943103075027466
	cross ent: 	0.11934570245295098
	cluster: 	0.025862802327277938
	separation:	0.07395500613908683
	avg separation:	0.45518593894583836
	accu: 		98.57142857142858%
	l1: 		15.047710418701172
	p dist pair: 	7.977777004241943
	test
	time: 	8.484883546829224
	cross ent: 	1.049279793786506
	cluster: 	0.04187172732005517
	separation:	0.040198321826756
	avg separation:	0.44432182361682254
	accu: 		43.333333333333336%
	l1: 		15.047710418701172
	p dist pair: 	7.977777004241943
iteration: 	17
	train
	time: 	23.92416262626648
	cross ent: 	0.11914164258923847
	cluster: 	0.025862802327277938
	separation:	0.07395500613908683
	avg separation:	0.45518593894583836
	accu: 		98.57142857142858%
	l1: 		15.052347183227539
	p dist pair: 	7.977777004241943
	test
	time: 	9.126830339431763
	cross ent: 	1.1108582228422166
	cluster: 	0.04630281372616688
	separation:	0.04730987902730703
	avg separation:	0.5364525934060415
	accu: 		43.333333333333336%
	l1: 		15.052347183227539
	p dist pair: 	7.977777004241943
iteration: 	18
	train
	time: 	23.060497522354126
	cross ent: 	0.11907536455297045
	cluster: 	0.025862802327277938
	separation:	0.07395500613908683
	avg separation:	0.45518593894583836
	accu: 		98.57142857142858%
	l1: 		15.056878089904785
	p dist pair: 	7.977777004241943
	test
	time: 	8.496400833129883
	cross ent: 	1.1684972601632277
	cluster: 	0.04465068019926548
	separation:	0.04303660995016496
	avg separation:	0.5096142907937368
	accu: 		36.666666666666664%
	l1: 		15.056878089904785
	p dist pair: 	7.977777004241943
iteration: 	19
	train
	time: 	23.542073488235474
	cross ent: 	0.11877494462907115
	cluster: 	0.025862802327277938
	separation:	0.07395500613908683
	avg separation:	0.45518593894583836
	accu: 		98.57142857142858%
	l1: 		15.061517715454102
	p dist pair: 	7.977777004241943
	test
	time: 	8.459423303604126
	cross ent: 	0.9206558936585982
	cluster: 	0.04291574036081632
	separation:	0.0467376592879494
	avg separation:	0.49583132068316144
	accu: 		46.666666666666664%
	l1: 		15.061517715454102
	p dist pair: 	7.977777004241943
epoch: 	21
	joint
	train
	time: 	23.39229679107666
	cross ent: 	0.11764369268743653
	cluster: 	0.025844058304625963
	separation:	0.07394584843090603
	avg separation:	0.4552372525845255
	accu: 		98.57142857142858%
	l1: 		15.061517715454102
	p dist pair: 	7.9773969650268555
	test
	time: 	8.867050409317017
	cross ent: 	0.9178718195296824
	cluster: 	0.04330425752947728
	separation:	0.046857693853477635
	avg separation:	0.5711950947841008
	accu: 		56.666666666666664%
	l1: 		15.061517715454102
	p dist pair: 	7.9773969650268555
epoch: 	22
	joint
	train
	time: 	24.71257448196411
	cross ent: 	0.11500748395046685
	cluster: 	0.025803373712447605
	separation:	0.07394758564020906
	avg separation:	0.4553461479289191
	accu: 		98.57142857142858%
	l1: 		15.061517715454102
	p dist pair: 	7.977025032043457
	test
	time: 	8.659229516983032
	cross ent: 	1.0177681192755699
	cluster: 	0.041940147243440154
	separation:	0.0434345963721474
	avg separation:	0.5354286173979441
	accu: 		46.666666666666664%
	l1: 		15.061517715454102
	p dist pair: 	7.977025032043457
epoch: 	23
	joint
	train
	time: 	24.162434339523315
	cross ent: 	0.11459945685679226
	cluster: 	0.025787301848842096
	separation:	0.07396273093431123
	avg separation:	0.45555318551404134
	accu: 		98.57142857142858%
	l1: 		15.061517715454102
	p dist pair: 	7.976686954498291
	test
	time: 	8.654092788696289
	cross ent: 	1.2360232637574275
	cluster: 	0.036726698155204456
	separation:	0.042763178578267495
	avg separation:	0.3985077013572057
	accu: 		43.333333333333336%
	l1: 		15.061517715454102
	p dist pair: 	7.976686954498291
epoch: 	24
	joint
	train
	time: 	23.89098882675171
	cross ent: 	0.11388258227047378
	cluster: 	0.025765220068361877
	separation:	0.07395832088908978
	avg separation:	0.455573757737875
	accu: 		98.57142857142858%
	l1: 		15.061517715454102
	p dist pair: 	7.976423263549805
	test
	time: 	9.025564670562744
	cross ent: 	1.3813278389473755
	cluster: 	0.04357880372554064
	separation:	0.0383387329056859
	avg separation:	0.4697451869646708
	accu: 		40.0%
	l1: 		15.061517715454102
	p dist pair: 	7.976423263549805
epoch: 	25
	joint
	train
	time: 	22.920788049697876
	cross ent: 	0.11117072392454637
	cluster: 	0.025745901921930325
	separation:	0.07395875214466027
	avg separation:	0.45569611149174827
	accu: 		98.57142857142858%
	l1: 		15.061517715454102
	p dist pair: 	7.976187705993652
	test
	time: 	9.250009059906006
	cross ent: 	0.8006040687362354
	cluster: 	0.042917960323393345
	separation:	0.05225586425513029
	avg separation:	0.5978635321060817
	accu: 		66.66666666666666%
	l1: 		15.061517715454102
	p dist pair: 	7.976187705993652
epoch: 	26
	joint
	train
	time: 	24.256694793701172
	cross ent: 	0.1086737391135622
	cluster: 	0.02572949827465761
	separation:	0.07394952297742878
	avg separation:	0.4556467780045101
	accu: 		98.57142857142858%
	l1: 		15.061517715454102
	p dist pair: 	7.976181507110596
	test
	time: 	8.467082738876343
	cross ent: 	1.241945556178689
	cluster: 	0.04499590657651424
	separation:	0.0433794803917408
	avg separation:	0.510058123866717
	accu: 		40.0%
	l1: 		15.061517715454102
	p dist pair: 	7.976181507110596
epoch: 	27
	joint
	train
	time: 	22.15961194038391
	cross ent: 	0.10952664927920393
	cluster: 	0.025735273749367998
	separation:	0.07395428085167494
	avg separation:	0.4556389908705439
	accu: 		98.57142857142858%
	l1: 		15.061517715454102
	p dist pair: 	7.976174354553223
	test
	time: 	8.590613842010498
	cross ent: 	1.0765984149028858
	cluster: 	0.04145736002052824
	separation:	0.040063000097870824
	avg separation:	0.44531526962916057
	accu: 		46.666666666666664%
	l1: 		15.061517715454102
	p dist pair: 	7.976174354553223
epoch: 	28
	joint
	train
	time: 	24.766767501831055
	cross ent: 	0.10970144331305554
	cluster: 	0.025727420897289577
	separation:	0.07394743856441761
	avg separation:	0.4556154070155961
	accu: 		98.57142857142858%
	l1: 		15.061517715454102
	p dist pair: 	7.976168155670166
	test
	time: 	8.587025880813599
	cross ent: 	1.0986202852179607
	cluster: 	0.040258339047431944
	separation:	0.040939078914622465
	avg separation:	0.4561475425958633
	accu: 		50.0%
	l1: 		15.061517715454102
	p dist pair: 	7.976168155670166
epoch: 	29
	joint
	train
	time: 	25.23652219772339
	cross ent: 	0.10884342045548172
	cluster: 	0.02572563132104863
	separation:	0.07394381769533669
	avg separation:	0.45561536412153925
	accu: 		98.57142857142858%
	l1: 		15.061517715454102
	p dist pair: 	7.976161479949951
	test
	time: 	8.636991500854492
	cross ent: 	0.974284746684134
	cluster: 	0.0403600522937874
	separation:	0.042676469497382644
	avg separation:	0.45676287362972895
	accu: 		46.666666666666664%
	l1: 		15.061517715454102
	p dist pair: 	7.976161479949951
epoch: 	30
	joint
	train
	time: 	23.950427293777466
	cross ent: 	0.10837086859516733
	cluster: 	0.025717095846942227
	separation:	0.07393652000464498
	avg separation:	0.4556061525429998
	accu: 		98.57142857142858%
	l1: 		15.061517715454102
	p dist pair: 	7.9761552810668945
	test
	time: 	8.816269159317017
	cross ent: 	1.2304118112971385
	cluster: 	0.03921267030139764
	separation:	0.042081649973988534
	avg separation:	0.41211574052770933
	accu: 		50.0%
	l1: 		15.061517715454102
	p dist pair: 	7.9761552810668945
	push
	Executing push ...
	push time: 	33.8596625328064
	test
	time: 	8.874773740768433
	cross ent: 	1.7326823818497359
	cluster: 	0.03852632890144984
	separation:	0.040092367213219404
	avg separation:	0.41139227797587713
	accu: 		40.0%
	l1: 		15.061517715454102
	p dist pair: 	8.0076322555542
	last layer
iteration: 	0
	train
	time: 	23.044209957122803
	cross ent: 	0.14422779428506535
	cluster: 	0.024253992814504143
	separation:	0.07188412978180818
	avg separation:	0.4536274233034679
	accu: 		95.71428571428572%
	l1: 		15.066593170166016
	p dist pair: 	8.0076322555542
	test
	time: 	8.457925081253052
	cross ent: 	1.0447202381988367
	cluster: 	0.03603948379556338
	separation:	0.03812598008662462
	avg separation:	0.5045760403076808
	accu: 		43.333333333333336%
	l1: 		15.066593170166016
	p dist pair: 	8.0076322555542
iteration: 	1
	train
	time: 	23.41562509536743
	cross ent: 	0.13039645208378456
	cluster: 	0.024253992814504143
	separation:	0.07188412978180818
	avg separation:	0.4536274233034679
	accu: 		95.71428571428572%
	l1: 		15.071568489074707
	p dist pair: 	8.0076322555542
	test
	time: 	8.79380178451538
	cross ent: 	1.3658731341362
	cluster: 	0.04300002058347066
	separation:	0.04152539347608884
	avg separation:	0.5202050844828288
	accu: 		43.333333333333336%
	l1: 		15.071568489074707
	p dist pair: 	8.0076322555542
iteration: 	2
	train
	time: 	21.630784034729004
	cross ent: 	0.1221244426710265
	cluster: 	0.024253992814504143
	separation:	0.07188412978180818
	avg separation:	0.4536274233034679
	accu: 		97.14285714285714%
	l1: 		15.076436996459961
	p dist pair: 	8.0076322555542
	test
	time: 	8.945097208023071
	cross ent: 	1.2249982525904974
	cluster: 	0.04227506242071589
	separation:	0.04074861084421476
	avg separation:	0.5379972775777181
	accu: 		43.333333333333336%
	l1: 		15.076436996459961
	p dist pair: 	8.0076322555542
iteration: 	3
	train
	time: 	24.422439336776733
	cross ent: 	0.11776372545864433
	cluster: 	0.024253992814504143
	separation:	0.07188412978180818
	avg separation:	0.4536274233034679
	accu: 		98.57142857142858%
	l1: 		15.081188201904297
	p dist pair: 	8.0076322555542
	test
	time: 	8.81982707977295
	cross ent: 	0.7754368491470813
	cluster: 	0.046356202693035205
	separation:	0.05200035391996304
	avg separation:	0.6225856661796569
	accu: 		50.0%
	l1: 		15.081188201904297
	p dist pair: 	8.0076322555542
iteration: 	4
	train
	time: 	26.012961626052856
	cross ent: 	0.11494894663670234
	cluster: 	0.024253992814504143
	separation:	0.07188412978180818
	avg separation:	0.4536274233034679
	accu: 		98.57142857142858%
	l1: 		15.086085319519043
	p dist pair: 	8.0076322555542
	test
	time: 	9.72150182723999
	cross ent: 	1.186306318640709
	cluster: 	0.04464133518437544
	separation:	0.042708730014661946
	avg separation:	0.5226978321870168
	accu: 		40.0%
	l1: 		15.086085319519043
	p dist pair: 	8.0076322555542
iteration: 	5
	train
	time: 	23.424086570739746
	cross ent: 	0.11359606922404575
	cluster: 	0.024253992814504143
	separation:	0.07188412978180818
	avg separation:	0.4536274233034679
	accu: 		98.57142857142858%
	l1: 		15.091094970703125
	p dist pair: 	8.0076322555542
	test
	time: 	9.107516527175903
	cross ent: 	1.3570676125586032
	cluster: 	0.04170737434178591
	separation:	0.03719295890380939
	avg separation:	0.49811507761478424
	accu: 		40.0%
	l1: 		15.091094970703125
	p dist pair: 	8.0076322555542
iteration: 	6
	train
	time: 	22.29267907142639
	cross ent: 	0.1124851356360263
	cluster: 	0.024253992814504143
	separation:	0.07188412978180818
	avg separation:	0.4536274233034679
	accu: 		98.57142857142858%
	l1: 		15.096287727355957
	p dist pair: 	8.0076322555542
	test
	time: 	8.50670576095581
	cross ent: 	1.0587984465062619
	cluster: 	0.04375012988845507
	separation:	0.04222245377798875
	avg separation:	0.5268512407938639
	accu: 		43.333333333333336%
	l1: 		15.096287727355957
	p dist pair: 	8.0076322555542
iteration: 	7
	train
	time: 	22.21011471748352
	cross ent: 	0.11200337986561602
	cluster: 	0.024253992814504143
	separation:	0.07188412978180818
	avg separation:	0.4536274233034679
	accu: 		98.57142857142858%
	l1: 		15.101402282714844
	p dist pair: 	8.0076322555542
	test
	time: 	8.773965835571289
	cross ent: 	1.0126341958840688
	cluster: 	0.04123051054775715
	separation:	0.041701206999520464
	avg separation:	0.5440296332041422
	accu: 		46.666666666666664%
	l1: 		15.101402282714844
	p dist pair: 	8.0076322555542
iteration: 	8
	train
	time: 	23.610110759735107
	cross ent: 	0.11152422260659348
	cluster: 	0.024253992814504143
	separation:	0.07188412978180818
	avg separation:	0.4536274233034679
	accu: 		98.57142857142858%
	l1: 		15.106701850891113
	p dist pair: 	8.0076322555542
	test
	time: 	8.550950288772583
	cross ent: 	1.0969286296206215
	cluster: 	0.0392860612521569
	separation:	0.04090800080448389
	avg separation:	0.4417760044336319
	accu: 		43.333333333333336%
	l1: 		15.106701850891113
	p dist pair: 	8.0076322555542
iteration: 	9
	train
	time: 	21.58104944229126
	cross ent: 	0.1112273176882549
	cluster: 	0.024253992814504143
	separation:	0.07188412978180818
	avg separation:	0.4536274233034679
	accu: 		98.57142857142858%
	l1: 		15.112137794494629
	p dist pair: 	8.0076322555542
	test
	time: 	8.716801881790161
	cross ent: 	1.229294209058086
	cluster: 	0.040021619355926914
	separation:	0.03836228388051192
	avg separation:	0.42617033968369167
	accu: 		43.333333333333336%
	l1: 		15.112137794494629
	p dist pair: 	8.0076322555542
iteration: 	10
	train
	time: 	24.157217264175415
	cross ent: 	0.11112202251429802
	cluster: 	0.024253992814504143
	separation:	0.07188412978180818
	avg separation:	0.4536274233034679
	accu: 		98.57142857142858%
	l1: 		15.117619514465332
	p dist pair: 	8.0076322555542
	test
	time: 	9.646072387695312
	cross ent: 	1.2856684451301892
	cluster: 	0.041620901847879095
	separation:	0.03493680112684767
	avg separation:	0.44332101245721184
	accu: 		40.0%
	l1: 		15.117619514465332
	p dist pair: 	8.0076322555542
iteration: 	11
	train
	time: 	23.844645261764526
	cross ent: 	0.11088226813257539
	cluster: 	0.024253992814504143
	separation:	0.07188412978180818
	avg separation:	0.4536274233034679
	accu: 		98.57142857142858%
	l1: 		15.123143196105957
	p dist pair: 	8.0076322555542
	test
	time: 	8.681745529174805
	cross ent: 	1.1368518222123385
	cluster: 	0.03657943823685249
	separation:	0.04224483526001374
	avg separation:	0.4429387077689171
	accu: 		43.333333333333336%
	l1: 		15.123143196105957
	p dist pair: 	8.0076322555542
iteration: 	12
	train
	time: 	22.97549057006836
	cross ent: 	0.11089891924223463
	cluster: 	0.024253992814504143
	separation:	0.07188412978180818
	avg separation:	0.4536274233034679
	accu: 		98.57142857142858%
	l1: 		15.128503799438477
	p dist pair: 	8.0076322555542
	test
	time: 	8.976831436157227
	cross ent: 	1.1475802077601354
	cluster: 	0.03764575620492299
	separation:	0.04253854136914015
	avg separation:	0.43684955437978107
	accu: 		43.333333333333336%
	l1: 		15.128503799438477
	p dist pair: 	8.0076322555542
iteration: 	13
	train
	time: 	21.492127180099487
	cross ent: 	0.11061568699577558
	cluster: 	0.024253992814504143
	separation:	0.07188412978180818
	avg separation:	0.4536274233034679
	accu: 		98.57142857142858%
	l1: 		15.134057998657227
	p dist pair: 	8.0076322555542
	test
	time: 	8.605347871780396
	cross ent: 	1.087393662830194
	cluster: 	0.03950540944933891
	separation:	0.03881630922357241
	avg separation:	0.5339589655399323
	accu: 		53.333333333333336%
	l1: 		15.134057998657227
	p dist pair: 	8.0076322555542
iteration: 	14
	train
	time: 	22.8603413105011
	cross ent: 	0.11055103776244712
	cluster: 	0.024253992814504143
	separation:	0.07188412978180818
	avg separation:	0.4536274233034679
	accu: 		98.57142857142858%
	l1: 		15.139535903930664
	p dist pair: 	8.0076322555542
	test
	time: 	8.611478805541992
	cross ent: 	0.9944995490213235
	cluster: 	0.04290320407599211
	separation:	0.044161138124763966
	avg separation:	0.5192656129598617
	accu: 		46.666666666666664%
	l1: 		15.139535903930664
	p dist pair: 	8.0076322555542
iteration: 	15
	train
	time: 	22.90788722038269
	cross ent: 	0.11055406921410135
	cluster: 	0.024253992814504143
	separation:	0.07188412978180818
	avg separation:	0.4536274233034679
	accu: 		98.57142857142858%
	l1: 		15.145184516906738
	p dist pair: 	8.0076322555542
	test
	time: 	8.555922508239746
	cross ent: 	1.2699951668580374
	cluster: 	0.04096023918439944
	separation:	0.035709633181492485
	avg separation:	0.43716225077708565
	accu: 		43.333333333333336%
	l1: 		15.145184516906738
	p dist pair: 	8.0076322555542
iteration: 	16
	train
	time: 	22.123352527618408
	cross ent: 	0.1102813639195769
	cluster: 	0.024253992814504143
	separation:	0.07188412978180818
	avg separation:	0.4536274233034679
	accu: 		98.57142857142858%
	l1: 		15.150899887084961
	p dist pair: 	8.0076322555542
	test
	time: 	8.861640930175781
	cross ent: 	1.0157866215954223
	cluster: 	0.03818429602930943
	separation:	0.039320341870188714
	avg separation:	0.4393647665778796
	accu: 		43.333333333333336%
	l1: 		15.150899887084961
	p dist pair: 	8.0076322555542
iteration: 	17
	train
	time: 	23.328662157058716
	cross ent: 	0.1103651634849874
	cluster: 	0.024253992814504143
	separation:	0.07188412978180818
	avg separation:	0.4536274233034679
	accu: 		98.57142857142858%
	l1: 		15.156389236450195
	p dist pair: 	8.0076322555542
	test
	time: 	8.764091730117798
	cross ent: 	1.0297462412466605
	cluster: 	0.038147593227525554
	separation:	0.038656566043694815
	avg separation:	0.4344902272025744
	accu: 		50.0%
	l1: 		15.156389236450195
	p dist pair: 	8.0076322555542
iteration: 	18
	train
	time: 	21.68705129623413
	cross ent: 	0.10999305608981688
	cluster: 	0.024253992814504143
	separation:	0.07188412978180818
	avg separation:	0.4536274233034679
	accu: 		98.57142857142858%
	l1: 		15.16210651397705
	p dist pair: 	8.0076322555542
	test
	time: 	8.688408851623535
	cross ent: 	1.3334674323598543
	cluster: 	0.042240282396475475
	separation:	0.03604713498304288
	avg separation:	0.48191274603207906
	accu: 		43.333333333333336%
	l1: 		15.16210651397705
	p dist pair: 	8.0076322555542
iteration: 	19
	train
	time: 	23.729017972946167
	cross ent: 	0.10989798935895254
	cluster: 	0.024253992814504143
	separation:	0.07188412978180818
	avg separation:	0.4536274233034679
	accu: 		98.57142857142858%
	l1: 		15.167703628540039
	p dist pair: 	8.0076322555542
	test
	time: 	8.656084060668945
	cross ent: 	0.9927681309481462
	cluster: 	0.04075711835175753
	separation:	0.041445330468316874
	avg separation:	0.4566011533141136
	accu: 		46.666666666666664%
	l1: 		15.167703628540039
	p dist pair: 	8.0076322555542
