seed: 16783742411905404926
training set size: 60000
push set size: 60000
test set size: 10000
batch size: 60
start training
epoch: 	0
	warm
	train
	time: 	129.1365475654602
	total loss: 	15.215018805203027
	cross ent: 	0.7207172060012818
	cluster: 	7.24540602116473
	separation:	7.248895578037016
	avg separation:	158.81614053344725
	accu: 		50.2%
	l1: 		30.0
	p dist pair: 	299.8988037109375
	test
	time: 	19.0895254611969
	total loss: 	0.7854143161177635
	cross ent: 	0.7108787798881531
	cluster: 	0.037269617587327955
	separation:	0.037265918642282486
	avg separation:	158.70630310058593
	accu: 		49.84%
	l1: 		30.0
	p dist pair: 	299.8988037109375
epoch: 	1
	warm
	train
	time: 	129.5237889289856
	total loss: 	0.7800706073036416
	cross ent: 	0.7178594753146171
	cluster: 	0.031135233142413198
	separation:	0.03107589884661138
	avg separation:	162.9048150177002
	accu: 		50.016666666666666%
	l1: 		30.0
	p dist pair: 	313.0556335449219
	test
	time: 	19.163142919540405
	total loss: 	0.7275428638458251
	cross ent: 	0.693539457321167
	cluster: 	0.01700283235311508
	separation:	0.01700057417154312
	avg separation:	165.33533642578124
	accu: 		49.7%
	l1: 		30.0
	p dist pair: 	313.0556335449219
epoch: 	2
	warm
	train
	time: 	129.75475001335144
	total loss: 	0.7915358663816006
	cross ent: 	0.7199342268705368
	cluster: 	0.0358115517264232
	separation:	0.03579008778464049
	avg separation:	171.92412707519532
	accu: 		49.87666666666667%
	l1: 		30.0
	p dist pair: 	331.6899108886719
	test
	time: 	19.120421409606934
	total loss: 	0.9307475066184997
	cross ent: 	0.8065721139907837
	cluster: 	0.06215429785847664
	separation:	0.06202109476923943
	avg separation:	175.00424182128907
	accu: 		49.84%
	l1: 		30.0
	p dist pair: 	331.6899108886719
epoch: 	3
	warm
	train
	time: 	129.7125174999237
	total loss: 	0.7882377750407905
	cross ent: 	0.7192869433164597
	cluster: 	0.034472216568887236
	separation:	0.03447861515544355
	avg separation:	180.34720690917968
	accu: 		50.13666666666666%
	l1: 		30.0
	p dist pair: 	342.6978454589844
	test
	time: 	19.133976459503174
	total loss: 	0.7288648789077997
	cross ent: 	0.6955039405822754
	cluster: 	0.0166823001652956
	separation:	0.01667863816022873
	avg separation:	180.932775390625
	accu: 		49.84%
	l1: 		30.0
	p dist pair: 	342.6978454589844
epoch: 	4
	warm
	train
	time: 	129.3154809474945
	total loss: 	0.7920402722246944
	cross ent: 	0.724555515229702
	cluster: 	0.03381088844034821
	separation:	0.033673868554644285
	avg separation:	180.03126945495606
	accu: 		49.685%
	l1: 		30.0
	p dist pair: 	344.8026123046875
	test
	time: 	19.17205810546875
	total loss: 	0.9023313598334789
	cross ent: 	0.8055337510108947
	cluster: 	0.04834334796667099
	separation:	0.04845426085591316
	avg separation:	181.71006298828124
	accu: 		50.160000000000004%
	l1: 		30.0
	p dist pair: 	344.8026123046875
epoch: 	5
	joint
	train
	time: 	375.33792424201965
	total loss: 	0.7957742101177574
	cross ent: 	0.7129507256150246
	cluster: 	0.04129645801894367
	separation:	0.04152702648378909
	avg separation:	186.956208694458
	accu: 		50.803333333333335%
	l1: 		30.0
	p dist pair: 	353.1275329589844
	test
	time: 	19.122729539871216
	total loss: 	0.7614863066971302
	cross ent: 	0.6865456557273865
	cluster: 	0.0365520880818367
	separation:	0.03838856288790703
	avg separation:	185.84054614257812
	accu: 		54.21%
	l1: 		30.0
	p dist pair: 	353.1275329589844
epoch: 	6
	joint
	train
	time: 	374.974237203598
	total loss: 	4.27314442875376
	cross ent: 	0.16142590185534209
	cluster: 	0.1016172006377019
	separation:	4.010101326260716
	avg separation:	165.77402881622314
	accu: 		94.24%
	l1: 		30.0
	p dist pair: 	381.5433654785156
	test
	time: 	19.22549605369568
	total loss: 	16.260099523678424
	cross ent: 	0.08614908178150654
	cluster: 	0.2169840493798256
	separation:	15.95696639251709
	avg separation:	199.67907543945313
	accu: 		97.7%
	l1: 		30.0
	p dist pair: 	381.5433654785156
	above 90.00%
epoch: 	7
	joint
	train
	time: 	375.2948911190033
	total loss: 	84.4601332611884
	cross ent: 	0.18801027554040775
	cluster: 	1.19984152107127
	separation:	83.07228146457672
	avg separation:	424.1425709991455
	accu: 		96.78333333333333%
	l1: 		30.0
	p dist pair: 	1024.3206787109375
	test
	time: 	19.06823420524597
	total loss: 	321.5248075892925
	cross ent: 	0.2259467326402664
	cluster: 	4.193327043175698
	separation:	317.10553381347654
	avg separation:	809.2740903320313
	accu: 		95.64%
	l1: 		30.0
	p dist pair: 	1024.3206787109375
	above 90.00%
epoch: 	8
	joint
	train
	time: 	375.3813405036926
	total loss: 	813.2290673950688
	cross ent: 	0.5544083045944571
	cluster: 	8.229448214009404
	separation:	804.4452108764649
	avg separation:	1537.7350899047851
	accu: 		68.285%
	l1: 		30.0
	p dist pair: 	2311.831298828125
	test
	time: 	19.07981276512146
	total loss: 	1036.2777985720636
	cross ent: 	0.723635154247284
	cluster: 	16.537874355316163
	separation:	1019.0162890625
	avg separation:	2103.17681640625
	accu: 		49.84%
	l1: 		30.0
	p dist pair: 	2311.831298828125
epoch: 	9
	joint
	train
	time: 	375.2045588493347
	total loss: 	1022.9184379155338
	cross ent: 	0.48225656831264496
	cluster: 	8.16767756304145
	separation:	1014.2685037841796
	avg separation:	2518.134499511719
	accu: 		70.61333333333333%
	l1: 		30.0
	p dist pair: 	3858.6220703125
	test
	time: 	19.05726957321167
	total loss: 	994.008720991373
	cross ent: 	0.4493509294986725
	cluster: 	5.56859222984314
	separation:	987.9907778320312
	avg separation:	2888.040572265625
	accu: 		82.96%
	l1: 		30.0
	p dist pair: 	3858.6220703125
epoch: 	10
	joint
	train
	time: 	375.5281946659088
	total loss: 	1024.0792551746667
	cross ent: 	0.4560862519145012
	cluster: 	3.1936291888654234
	separation:	1020.4295397338867
	avg separation:	2987.11529296875
	accu: 		71.21166666666666%
	l1: 		30.0
	p dist pair: 	4138.1630859375
	test
	time: 	19.149181604385376
	total loss: 	1016.8326178343297
	cross ent: 	0.45999423909187315
	cluster: 	5.767269103050232
	separation:	1010.6053544921875
	avg separation:	3048.500537109375
	accu: 		65.22%
	l1: 		30.0
	p dist pair: 	4138.1630859375
	push
	Executing push ...
	push time: 	168.15766048431396
	test
	time: 	18.973487854003906
	total loss: 	826.351378043577
	cross ent: 	0.05219034849107265
	cluster: 	4.292856152117253
	separation:	822.0063315429687
	avg separation:	1016.5393793945312
	accu: 		99.31%
	l1: 		30.0
	p dist pair: 	437.6938781738281
	above 90.00%
	last layer
iteration: 	0
	train
	time: 	126.49978947639465
	total loss: 	832.2427086003908
	cross ent: 	0.04091856997832656
	cluster: 	1.5932668065354227
	separation:	830.608523223877
	avg separation:	1026.5284637451173
	accu: 		99.7%
	l1: 		29.785381317138672
	p dist pair: 	437.6938781738281
	test
	time: 	19.04380488395691
	total loss: 	825.3505964686944
	cross ent: 	0.04692222888022661
	cluster: 	4.0738514859080315
	separation:	821.2298227539062
	avg separation:	1015.671244140625
	accu: 		99.32%
	l1: 		29.785381317138672
	p dist pair: 	437.6938781738281
	above 90.00%
iteration: 	1
	train
	time: 	126.447585105896
	total loss: 	832.2194636600296
	cross ent: 	0.03548413485102356
	cluster: 	1.615956850618124
	separation:	830.5680226745606
	avg separation:	1026.4823506469727
	accu: 		99.68333333333334%
	l1: 		29.419822692871094
	p dist pair: 	437.6938781738281
	test
	time: 	19.104291677474976
	total loss: 	824.80914848537
	cross ent: 	0.04318041456490755
	cluster: 	3.953803520023823
	separation:	820.8121645507813
	avg separation:	1015.3716845703125
	accu: 		99.32%
	l1: 		29.419822692871094
	p dist pair: 	437.6938781738281
	above 90.00%
iteration: 	2
	train
	time: 	126.38499021530151
	total loss: 	832.2294831841043
	cross ent: 	0.03154164199670777
	cluster: 	1.57291032262519
	separation:	830.6250312194824
	avg separation:	1026.5374537353516
	accu: 		99.68%
	l1: 		29.027021408081055
	p dist pair: 	437.6938781738281
	test
	time: 	19.144877195358276
	total loss: 	824.8050160425156
	cross ent: 	0.039858483120799065
	cluster: 	3.9581145906448363
	separation:	820.80704296875
	avg separation:	1015.149890625
	accu: 		99.33999999999999%
	l1: 		29.027021408081055
	p dist pair: 	437.6938781738281
	above 90.00%
iteration: 	3
	train
	time: 	126.6500871181488
	total loss: 	832.3232961184061
	cross ent: 	0.029432397493626923
	cluster: 	1.6381877565570175
	separation:	830.6556759643555
	avg separation:	1026.5737788085937
	accu: 		99.66666666666667%
	l1: 		28.594165802001953
	p dist pair: 	437.6938781738281
	test
	time: 	19.08101511001587
	total loss: 	823.7803620275222
	cross ent: 	0.03754691403731704
	cluster: 	3.7360490002036095
	separation:	820.0067661132813
	avg separation:	1014.5246440429687
	accu: 		99.33999999999999%
	l1: 		28.594165802001953
	p dist pair: 	437.6938781738281
	above 90.00%
iteration: 	4
	train
	time: 	127.03375768661499
	total loss: 	832.2202450793125
	cross ent: 	0.02750101814046502
	cluster: 	1.5723995177149772
	separation:	830.620344543457
	avg separation:	1026.5396938476563
	accu: 		99.665%
	l1: 		28.17266845703125
	p dist pair: 	437.6938781738281
	test
	time: 	19.156017303466797
	total loss: 	826.636541640304
	cross ent: 	0.03630732759088278
	cluster: 	4.3453431994318965
	separation:	822.2548911132812
	avg separation:	1016.7773588867187
	accu: 		99.31%
	l1: 		28.17266845703125
	p dist pair: 	437.6938781738281
	above 90.00%
iteration: 	5
	train
	time: 	126.36403751373291
	total loss: 	832.2360101070818
	cross ent: 	0.02652193256141618
	cluster: 	1.6066719818934798
	separation:	830.602816192627
	avg separation:	1026.5228717041016
	accu: 		99.64833333333334%
	l1: 		28.51999282836914
	p dist pair: 	437.6938781738281
	test
	time: 	19.159902572631836
	total loss: 	825.9535352465026
	cross ent: 	0.03528368039056659
	cluster: 	4.205159769237041
	separation:	821.713091796875
	avg separation:	1016.2224243164062
	accu: 		99.31%
	l1: 		28.51999282836914
	p dist pair: 	437.6938781738281
	above 90.00%
iteration: 	6
	train
	time: 	126.3745276927948
	total loss: 	832.2948922142722
	cross ent: 	0.025663460779935122
	cluster: 	1.611371026441455
	separation:	830.6578577270508
	avg separation:	1026.591297668457
	accu: 		99.63833333333334%
	l1: 		28.980735778808594
	p dist pair: 	437.6938781738281
	test
	time: 	19.15485668182373
	total loss: 	825.0434793420508
	cross ent: 	0.034973440118134025
	cluster: 	4.014574261307716
	separation:	820.993931640625
	avg separation:	1015.4929047851563
	accu: 		99.32%
	l1: 		28.980735778808594
	p dist pair: 	437.6938781738281
	above 90.00%
iteration: 	7
	train
	time: 	126.38210964202881
	total loss: 	832.2566106240156
	cross ent: 	0.025377650890732184
	cluster: 	1.5769761066697539
	separation:	830.6542568664551
	avg separation:	1026.5919243164062
	accu: 		99.63666666666666%
	l1: 		29.367210388183594
	p dist pair: 	437.6938781738281
	test
	time: 	19.084940671920776
	total loss: 	826.6710843934901
	cross ent: 	0.0348988416083157
	cluster: 	4.35921875500679
	separation:	822.276966796875
	avg separation:	1016.7865395507813
	accu: 		99.32%
	l1: 		29.367210388183594
	p dist pair: 	437.6938781738281
	above 90.00%
iteration: 	8
	train
	time: 	126.67610478401184
	total loss: 	832.2687635187109
	cross ent: 	0.025024052051128818
	cluster: 	1.6068937024995684
	separation:	830.6368457641602
	avg separation:	1026.5395881347656
	accu: 		99.63666666666666%
	l1: 		29.765047073364258
	p dist pair: 	437.6938781738281
	test
	time: 	19.13589596748352
	total loss: 	824.5931849275418
	cross ent: 	0.03453724129870534
	cluster: 	3.906297100305557
	separation:	820.6523505859375
	avg separation:	1015.039400390625
	accu: 		99.32%
	l1: 		29.765047073364258
	p dist pair: 	437.6938781738281
	above 90.00%
iteration: 	9
	train
	time: 	126.45636487007141
	total loss: 	832.2451231675271
	cross ent: 	0.024617817973019554
	cluster: 	1.5977432035580277
	separation:	830.6227621459961
	avg separation:	1026.5766284790038
	accu: 		99.63833333333334%
	l1: 		30.12316131591797
	p dist pair: 	437.6938781738281
	test
	time: 	19.13213586807251
	total loss: 	826.6000568844677
	cross ent: 	0.03488462609052658
	cluster: 	4.340101457595825
	separation:	822.2250708007813
	avg separation:	1016.6438911132813
	accu: 		99.33999999999999%
	l1: 		30.12316131591797
	p dist pair: 	437.6938781738281
	above 90.00%
epoch: 	11
	joint
	train
	time: 	375.52177333831787
	total loss: 	1012.2104215301871
	cross ent: 	0.11692074986919761
	cluster: 	2.284755296919495
	separation:	1009.8087454833984
	avg separation:	1179.96699420166
	accu: 		99.27666666666667%
	l1: 		30.12316131591797
	p dist pair: 	513.7040405273438
	test
	time: 	19.092663764953613
	total loss: 	1024.0918784962892
	cross ent: 	0.10755945980548859
	cluster: 	5.786742864608764
	separation:	1018.197576171875
	avg separation:	1203.3248271484374
	accu: 		99.35000000000001%
	l1: 		30.12316131591797
	p dist pair: 	513.7040405273438
	above 90.00%
epoch: 	12
	joint
	train
	time: 	376.18558168411255
	total loss: 	1030.1929840966911
	cross ent: 	0.09667732121050358
	cluster: 	2.2147009405195712
	separation:	1027.881605834961
	avg separation:	1219.9056962280274
	accu: 		99.65%
	l1: 		30.12316131591797
	p dist pair: 	557.1964721679688
	test
	time: 	19.159374713897705
	total loss: 	1027.6045409544408
	cross ent: 	0.09750866207480431
	cluster: 	7.243748600959778
	separation:	1020.2632836914063
	avg separation:	1221.1759077148438
	accu: 		99.27%
	l1: 		30.12316131591797
	p dist pair: 	557.1964721679688
	above 90.00%
epoch: 	13
	joint
	train
	time: 	375.6416001319885
	total loss: 	1031.5165506315082
	cross ent: 	0.0829510726481676
	cluster: 	2.178503245383501
	separation:	1029.2550963134765
	avg separation:	1238.9504373168945
	accu: 		99.72166666666666%
	l1: 		30.12316131591797
	p dist pair: 	618.9592895507812
	test
	time: 	19.123088121414185
	total loss: 	1025.3805285377205
	cross ent: 	0.08928111979365348
	cluster: 	6.1101385312080385
	separation:	1019.1811088867188
	avg separation:	1244.05862890625
	accu: 		99.3%
	l1: 		30.12316131591797
	p dist pair: 	618.9592895507812
	above 90.00%
epoch: 	14
	joint
	train
	time: 	375.0970706939697
	total loss: 	1032.520259929113
	cross ent: 	0.06386181866377592
	cluster: 	2.1554206934571267
	separation:	1030.3009774169923
	avg separation:	1262.760415588379
	accu: 		99.75333333333334%
	l1: 		30.12316131591797
	p dist pair: 	683.7245483398438
	test
	time: 	19.251158475875854
	total loss: 	1024.1675510618538
	cross ent: 	0.07638883732259273
	cluster: 	6.2547174003124235
	separation:	1017.8364448242188
	avg separation:	1261.7796103515625
	accu: 		99.17%
	l1: 		30.12316131591797
	p dist pair: 	683.7245483398438
	above 90.00%
epoch: 	15
	joint
	train
	time: 	375.22837495803833
	total loss: 	1033.245342773676
	cross ent: 	0.050055829286575315
	cluster: 	2.0151175107955934
	separation:	1031.1801694335938
	avg separation:	1273.8232186279297
	accu: 		99.81%
	l1: 		30.12316131591797
	p dist pair: 	690.5252075195312
	test
	time: 	19.06838846206665
	total loss: 	1020.99951025711
	cross ent: 	0.06562166367471219
	cluster: 	5.376202558279037
	separation:	1015.5576860351563
	avg separation:	1256.1067998046874
	accu: 		99.24%
	l1: 		30.12316131591797
	p dist pair: 	690.5252075195312
	above 90.00%
	push
	Executing push ...
	push time: 	166.71493101119995
	test
	time: 	18.956629276275635
	total loss: 	939.4982640016729
	cross ent: 	0.1282685599492688
	cluster: 	4.559260090161115
	separation:	934.8107353515625
	avg separation:	1087.170484375
	accu: 		99.27%
	l1: 		30.12316131591797
	p dist pair: 	547.5525512695312
	above 90.00%
	last layer
iteration: 	0
	train
	time: 	126.70286870002747
	total loss: 	950.6334652048329
	cross ent: 	0.04345747868880426
	cluster: 	1.3938245596401393
	separation:	949.1961831665039
	avg separation:	1102.1771313476563
	accu: 		99.84333333333333%
	l1: 		30.052490234375
	p dist pair: 	547.5525512695312
	test
	time: 	19.231589555740356
	total loss: 	940.6843383719506
	cross ent: 	0.12178831520627137
	cluster: 	4.657408455181867
	separation:	935.9051416015625
	avg separation:	1088.3860991210938
	accu: 		99.26%
	l1: 		30.052490234375
	p dist pair: 	547.5525512695312
	above 90.00%
iteration: 	1
	train
	time: 	126.36421179771423
	total loss: 	950.6339669449668
	cross ent: 	0.04302148011356076
	cluster: 	1.3928981626071035
	separation:	949.1980473022461
	avg separation:	1102.2138594970704
	accu: 		99.84333333333333%
	l1: 		30.163360595703125
	p dist pair: 	547.5525512695312
	test
	time: 	19.10412836074829
	total loss: 	941.8242956857649
	cross ent: 	0.11493656835755973
	cluster: 	4.772154527563602
	separation:	936.9372045898438
	avg separation:	1089.5132275390624
	accu: 		99.25%
	l1: 		30.163360595703125
	p dist pair: 	547.5525512695312
	above 90.00%
iteration: 	2
	train
	time: 	126.58333230018616
	total loss: 	950.6523728351527
	cross ent: 	0.041974418350991076
	cluster: 	1.4044326575244777
	separation:	949.2059657592773
	avg separation:	1102.1785592041015
	accu: 		99.83666666666666%
	l1: 		30.29279899597168
	p dist pair: 	547.5525512695312
	test
	time: 	19.165035486221313
	total loss: 	941.0377295315546
	cross ent: 	0.11504224711116694
	cluster: 	4.6883659953810275
	separation:	936.2343212890624
	avg separation:	1088.7236206054688
	accu: 		99.24%
	l1: 		30.29279899597168
	p dist pair: 	547.5525512695312
	above 90.00%
iteration: 	3
	train
	time: 	126.5810375213623
	total loss: 	950.6297886299428
	cross ent: 	0.04076375767097852
	cluster: 	1.3874660343811847
	separation:	949.2015588378906
	avg separation:	1102.2102791748048
	accu: 		99.83999999999999%
	l1: 		30.439788818359375
	p dist pair: 	547.5525512695312
	test
	time: 	19.139235019683838
	total loss: 	939.4489159583653
	cross ent: 	0.11535501628550991
	cluster: 	4.5528221725486215
	separation:	934.7807387695312
	avg separation:	1087.2465932617188
	accu: 		99.25%
	l1: 		30.439788818359375
	p dist pair: 	547.5525512695312
	above 90.00%
iteration: 	4
	train
	time: 	126.55863332748413
	total loss: 	950.6120635677559
	cross ent: 	0.039464149911627826
	cluster: 	1.3898493568091654
	separation:	949.1827500610351
	avg separation:	1102.1828837890625
	accu: 		99.83999999999999%
	l1: 		30.5847110748291
	p dist pair: 	547.5525512695312
	test
	time: 	19.10702157020569
	total loss: 	940.4892714185509
	cross ent: 	0.11136326740476943
	cluster: 	4.647601510521024
	separation:	935.730306640625
	avg separation:	1088.2036831054688
	accu: 		99.24%
	l1: 		30.5847110748291
	p dist pair: 	547.5525512695312
	above 90.00%
iteration: 	5
	train
	time: 	126.47272205352783
	total loss: 	950.6117553525739
	cross ent: 	0.039195743070481515
	cluster: 	1.3863160181948915
	separation:	949.1862435913085
	avg separation:	1102.1525696411134
	accu: 		99.83833333333332%
	l1: 		30.742633819580078
	p dist pair: 	547.5525512695312
	test
	time: 	19.180551767349243
	total loss: 	941.0917590329939
	cross ent: 	0.10756530710251536
	cluster: 	4.6941165774539115
	separation:	936.2900771484375
	avg separation:	1088.8286279296874
	accu: 		99.26%
	l1: 		30.742633819580078
	p dist pair: 	547.5525512695312
	above 90.00%
iteration: 	6
	train
	time: 	126.63533186912537
	total loss: 	950.6267359752546
	cross ent: 	0.03773387394317797
	cluster: 	1.3845565446708352
	separation:	949.2044455566406
	avg separation:	1102.205059753418
	accu: 		99.845%
	l1: 		30.938066482543945
	p dist pair: 	547.5525512695312
	test
	time: 	19.100998640060425
	total loss: 	939.6291228165637
	cross ent: 	0.10701092868769774
	cluster: 	4.574647044125944
	separation:	934.94746484375
	avg separation:	1087.3593720703125
	accu: 		99.25%
	l1: 		30.938066482543945
	p dist pair: 	547.5525512695312
	above 90.00%
iteration: 	7
	train
	time: 	126.40772581100464
	total loss: 	950.6387372754084
	cross ent: 	0.03702162305855836
	cluster: 	1.3910910795959643
	separation:	949.2106245727539
	avg separation:	1102.1755237426758
	accu: 		99.83999999999999%
	l1: 		31.14923858642578
	p dist pair: 	547.5525512695312
	test
	time: 	19.134936332702637
	total loss: 	939.3998732200369
	cross ent: 	0.10591746371533373
	cluster: 	4.552097357884049
	separation:	934.7418583984374
	avg separation:	1087.1658178710939
	accu: 		99.25%
	l1: 		31.14923858642578
	p dist pair: 	547.5525512695312
	above 90.00%
iteration: 	8
	train
	time: 	126.69930481910706
	total loss: 	950.6373552565575
	cross ent: 	0.03736253822268191
	cluster: 	1.3892963072019628
	separation:	949.2106964111329
	avg separation:	1102.1831981201171
	accu: 		99.82833333333333%
	l1: 		31.335737228393555
	p dist pair: 	547.5525512695312
	test
	time: 	19.105390310287476
	total loss: 	940.256296583669
	cross ent: 	0.10110298877370952
	cluster: 	4.624364981614053
	separation:	935.5308286132813
	avg separation:	1088.0156337890626
	accu: 		99.24%
	l1: 		31.335737228393555
	p dist pair: 	547.5525512695312
	above 90.00%
iteration: 	9
	train
	time: 	126.31808280944824
	total loss: 	950.6230747454498
	cross ent: 	0.03591514855025798
	cluster: 	1.3837087912354618
	separation:	949.203450805664
	avg separation:	1102.18811328125
	accu: 		99.82833333333333%
	l1: 		31.549068450927734
	p dist pair: 	547.5525512695312
	test
	time: 	19.10936713218689
	total loss: 	941.2725087654437
	cross ent: 	0.09764755554082512
	cluster: 	4.700436405215412
	separation:	936.4744248046875
	avg separation:	1089.0178056640625
	accu: 		99.24%
	l1: 		31.549068450927734
	p dist pair: 	547.5525512695312
	above 90.00%
epoch: 	16
	joint
	train
	time: 	375.69831919670105
	total loss: 	990.5380862298674
	cross ent: 	0.027871230991717313
	cluster: 	1.4217611414538696
	separation:	989.0884538574219
	avg separation:	1113.8733233642579
	accu: 		99.80833333333334%
	l1: 		31.549068450927734
	p dist pair: 	566.7459106445312
	test
	time: 	19.126439809799194
	total loss: 	997.8825216211662
	cross ent: 	0.05748379513481632
	cluster: 	4.960186263531447
	separation:	992.8648515625
	avg separation:	1109.6948037109375
	accu: 		99.22999999999999%
	l1: 		31.549068450927734
	p dist pair: 	566.7459106445312
	above 90.00%
epoch: 	17
	joint
	train
	time: 	375.4116053581238
	total loss: 	1020.9079723631753
	cross ent: 	0.03400982863211539
	cluster: 	1.626206186886877
	separation:	1019.2477563476563
	avg separation:	1140.6462606811524
	accu: 		99.8%
	l1: 		31.549068450927734
	p dist pair: 	585.034912109375
	test
	time: 	19.161885023117065
	total loss: 	1021.1386804952324
	cross ent: 	0.07862984606623649
	cluster: 	5.7182693991661075
	separation:	1015.34178125
	avg separation:	1141.0685952148438
	accu: 		99.29%
	l1: 		31.549068450927734
	p dist pair: 	585.034912109375
	above 90.00%
epoch: 	18
	joint
	train
	time: 	375.7277011871338
	total loss: 	1033.0209937188383
	cross ent: 	0.05867797533236444
	cluster: 	1.927870980322361
	separation:	1031.0344447631835
	avg separation:	1162.8425936279298
	accu: 		99.825%
	l1: 		31.549068450927734
	p dist pair: 	589.4683837890625
	test
	time: 	19.14050817489624
	total loss: 	1019.6137479272932
	cross ent: 	0.06964752803742885
	cluster: 	5.212433895349503
	separation:	1014.3316665039063
	avg separation:	1149.7691088867186
	accu: 		99.24%
	l1: 		31.549068450927734
	p dist pair: 	589.4683837890625
	above 90.00%
epoch: 	19
	joint
	train
	time: 	375.3154366016388
	total loss: 	1033.064949861653
	cross ent: 	0.055360721655189994
	cluster: 	1.8688127117753028
	separation:	1031.1407764282226
	avg separation:	1169.1137783813476
	accu: 		99.83333333333333%
	l1: 		31.549068450927734
	p dist pair: 	591.9749755859375
	test
	time: 	19.1726131439209
	total loss: 	1021.6249449135959
	cross ent: 	0.0724676909148693
	cluster: 	5.5915079843997955
	separation:	1015.9609692382812
	avg separation:	1155.1818110351562
	accu: 		99.22%
	l1: 		31.549068450927734
	p dist pair: 	591.9749755859375
	above 90.00%
epoch: 	20
	joint
	train
	time: 	375.03635144233704
	total loss: 	1033.4882896706704
	cross ent: 	0.05355885108746588
	cluster: 	1.897479049563408
	separation:	1031.5372517700196
	avg separation:	1171.7203574829102
	accu: 		99.83666666666666%
	l1: 		31.549068450927734
	p dist pair: 	592.1492309570312
	test
	time: 	19.163591384887695
	total loss: 	1021.6820658042133
	cross ent: 	0.07238981530070304
	cluster: 	5.544423059225083
	separation:	1016.0652529296875
	avg separation:	1156.5816274414062
	accu: 		99.19%
	l1: 		31.549068450927734
	p dist pair: 	592.1492309570312
	above 90.00%
	push
	Executing push ...
	push time: 	166.5936164855957
	test
	time: 	19.040488719940186
	total loss: 	942.2594695151365
	cross ent: 	0.10239539154530211
	cluster: 	4.7182591821849345
	separation:	937.4388149414062
	avg separation:	1084.5084682617187
	accu: 		99.22999999999999%
	l1: 		31.549068450927734
	p dist pair: 	592.908447265625
	above 90.00%
	last layer
iteration: 	0
	train
	time: 	126.51937818527222
	total loss: 	953.0383860635101
	cross ent: 	0.03449875831600366
	cluster: 	1.338232153826859
	separation:	951.6656551513672
	avg separation:	1099.0037974243164
	accu: 		99.855%
	l1: 		31.7814884185791
	p dist pair: 	592.908447265625
	test
	time: 	19.13520574569702
	total loss: 	941.504404171855
	cross ent: 	0.10120894349427545
	cluster: 	4.596802650235594
	separation:	936.806392578125
	avg separation:	1083.8447163085937
	accu: 		99.24%
	l1: 		31.7814884185791
	p dist pair: 	592.908447265625
	above 90.00%
iteration: 	1
	train
	time: 	126.26110172271729
	total loss: 	953.0548605410617
	cross ent: 	0.03461738597330623
	cluster: 	1.3392175813578069
	separation:	951.6810255737305
	avg separation:	1099.0001362304688
	accu: 		99.845%
	l1: 		32.00956344604492
	p dist pair: 	592.908447265625
	test
	time: 	19.136949062347412
	total loss: 	942.5065176738354
	cross ent: 	0.0977551885585417
	cluster: 	4.797183871995657
	separation:	937.6115786132813
	avg separation:	1084.6294921875
	accu: 		99.25%
	l1: 		32.00956344604492
	p dist pair: 	592.908447265625
	above 90.00%
iteration: 	2
	train
	time: 	126.24317240715027
	total loss: 	953.0306385937806
	cross ent: 	0.03386239307305277
	cluster: 	1.3441702436762861
	separation:	951.6526059570313
	avg separation:	1099.0190725097657
	accu: 		99.85333333333334%
	l1: 		32.249534606933594
	p dist pair: 	592.908447265625
	test
	time: 	19.760987281799316
	total loss: 	942.4390798562672
	cross ent: 	0.09558786786528072
	cluster: 	4.75543339465186
	separation:	937.58805859375
	avg separation:	1084.5796259765625
	accu: 		99.24%
	l1: 		32.249534606933594
	p dist pair: 	592.908447265625
	above 90.00%
iteration: 	3
	train
	time: 	126.15213513374329
	total loss: 	953.0246882988814
	cross ent: 	0.03297555571084558
	cluster: 	1.3543656972721219
	separation:	951.6373470458984
	avg separation:	1098.956628540039
	accu: 		99.84333333333333%
	l1: 		32.47359085083008
	p dist pair: 	592.908447265625
	test
	time: 	19.158820629119873
	total loss: 	942.3251300803864
	cross ent: 	0.0929956506484159
	cluster: 	4.747225738331675
	separation:	937.4849086914063
	avg separation:	1084.4969140625
	accu: 		99.24%
	l1: 		32.47359085083008
	p dist pair: 	592.908447265625
	above 90.00%
iteration: 	4
	train
	time: 	126.36000752449036
	total loss: 	953.0326178056781
	cross ent: 	0.03220432265958061
	cluster: 	1.3370368350693025
	separation:	951.6633766479492
	avg separation:	1098.9732459716797
	accu: 		99.835%
	l1: 		32.712799072265625
	p dist pair: 	592.908447265625
	test
	time: 	19.144226551055908
	total loss: 	941.7683656562568
	cross ent: 	0.09119022052375658
	cluster: 	4.6259044396393
	separation:	937.0512709960938
	avg separation:	1084.1290805664062
	accu: 		99.22%
	l1: 		32.712799072265625
	p dist pair: 	592.908447265625
	above 90.00%
iteration: 	5
	train
	time: 	126.36980867385864
	total loss: 	953.028238801779
	cross ent: 	0.031054613723689728
	cluster: 	1.3424764854186215
	separation:	951.6547077026368
	avg separation:	1099.0140364379884
	accu: 		99.83166666666666%
	l1: 		32.98585510253906
	p dist pair: 	592.908447265625
	test
	time: 	19.140686750411987
	total loss: 	941.7376807927361
	cross ent: 	0.08887855446919275
	cluster: 	4.626343742173165
	separation:	937.0224584960938
	avg separation:	1084.1543525390625
	accu: 		99.2%
	l1: 		32.98585510253906
	p dist pair: 	592.908447265625
	above 90.00%
iteration: 	6
	train
	time: 	126.40276193618774
	total loss: 	953.0390538375556
	cross ent: 	0.030323600723585514
	cluster: 	1.3707180298008024
	separation:	951.6380122070312
	avg separation:	1098.9734589233399
	accu: 		99.83333333333333%
	l1: 		33.25697326660156
	p dist pair: 	592.908447265625
	test
	time: 	19.115952968597412
	total loss: 	941.3299624133688
	cross ent: 	0.08781273172979126
	cluster: 	4.5740212636701765
	separation:	936.6681284179688
	avg separation:	1083.6632890625
	accu: 		99.22%
	l1: 		33.25697326660156
	p dist pair: 	592.908447265625
	above 90.00%
iteration: 	7
	train
	time: 	126.88197064399719
	total loss: 	953.0338212407511
	cross ent: 	0.030441697946720525
	cluster: 	1.353805018878542
	separation:	951.6495745239258
	avg separation:	1099.0021696777344
	accu: 		99.83%
	l1: 		33.51834487915039
	p dist pair: 	592.908447265625
	test
	time: 	19.084771633148193
	total loss: 	942.6587837656517
	cross ent: 	0.0848830588501296
	cluster: 	4.829016917739064
	separation:	937.7448837890626
	avg separation:	1084.751701171875
	accu: 		99.24%
	l1: 		33.51834487915039
	p dist pair: 	592.908447265625
	above 90.00%
iteration: 	8
	train
	time: 	126.94330191612244
	total loss: 	953.0431704610205
	cross ent: 	0.029477036684824272
	cluster: 	1.3620665322458372
	separation:	951.6516268920899
	avg separation:	1099.011026184082
	accu: 		99.81833333333333%
	l1: 		33.7918701171875
	p dist pair: 	592.908447265625
	test
	time: 	19.108734130859375
	total loss: 	942.6620060666837
	cross ent: 	0.08276977994295885
	cluster: 	4.835584431272
	separation:	937.7436518554688
	avg separation:	1084.7485375976562
	accu: 		99.24%
	l1: 		33.7918701171875
	p dist pair: 	592.908447265625
	above 90.00%
iteration: 	9
	train
	time: 	126.35419702529907
	total loss: 	953.0331991966794
	cross ent: 	0.029430682253469058
	cluster: 	1.3469349572970533
	separation:	951.656833557129
	avg separation:	1098.9837156982421
	accu: 		99.80499999999999%
	l1: 		34.06218338012695
	p dist pair: 	592.908447265625
	test
	time: 	19.195351123809814
	total loss: 	941.7257045656987
	cross ent: 	0.081423853295375
	cluster: 	4.641113720215857
	separation:	937.0031669921875
	avg separation:	1084.0332939453126
	accu: 		99.22999999999999%
	l1: 		34.06218338012695
	p dist pair: 	592.908447265625
	above 90.00%
