load model from saved_models/resnet18_small/exp1/20push0.9923.pth
model base architecture: exp1
experiment run: 
Prototypes are chosen from 2 number of classes.
Their class identities are: [0 0 0 0 0 0 0 0 0 0 1 1 1 1 1 1 1 1 1 1]
All prototypes connect most strongly to their respective classes.
0 (1, 1)
Predicted: 1
Actual: 1
Most activated 10 prototypes of this image:
top 1 activated prototype for this image:
prototype index: 18
prototype class identity: 1
activation value (similarity score): 9.21034049987793
last layer connection with predicted class: 0.8180336952209473
most highly activated patch of the chosen image by this prototype:
most highly activated patch by this prototype shown in the original image:
prototype activation map of the chosen image:
--------------------------------------------------------------
top 2 activated prototype for this image:
prototype index: 17
prototype class identity: 1
activation value (similarity score): 9.21034049987793
last layer connection with predicted class: 0.9188203811645508
most highly activated patch of the chosen image by this prototype:
most highly activated patch by this prototype shown in the original image:
prototype activation map of the chosen image:
--------------------------------------------------------------
top 3 activated prototype for this image:
prototype index: 10
prototype class identity: 1
activation value (similarity score): 9.21034049987793
last layer connection with predicted class: 0.8337901830673218
most highly activated patch of the chosen image by this prototype:
most highly activated patch by this prototype shown in the original image:
prototype activation map of the chosen image:
--------------------------------------------------------------
top 4 activated prototype for this image:
prototype index: 13
prototype class identity: 1
activation value (similarity score): 9.21034049987793
last layer connection with predicted class: 0.7714142203330994
most highly activated patch of the chosen image by this prototype:
most highly activated patch by this prototype shown in the original image:
prototype activation map of the chosen image:
--------------------------------------------------------------
top 5 activated prototype for this image:
prototype index: 15
prototype class identity: 1
activation value (similarity score): 3.708631753921509
last layer connection with predicted class: 1.0484075546264648
most highly activated patch of the chosen image by this prototype:
most highly activated patch by this prototype shown in the original image:
prototype activation map of the chosen image:
--------------------------------------------------------------
top 6 activated prototype for this image:
prototype index: 11
prototype class identity: 1
activation value (similarity score): 3.1682016849517822
last layer connection with predicted class: 1.0218311548233032
most highly activated patch of the chosen image by this prototype:
most highly activated patch by this prototype shown in the original image:
prototype activation map of the chosen image:
--------------------------------------------------------------
top 7 activated prototype for this image:
prototype index: 12
prototype class identity: 1
activation value (similarity score): 2.423017740249634
last layer connection with predicted class: 1.087684154510498
most highly activated patch of the chosen image by this prototype:
most highly activated patch by this prototype shown in the original image:
prototype activation map of the chosen image:
--------------------------------------------------------------
top 8 activated prototype for this image:
prototype index: 16
prototype class identity: 1
activation value (similarity score): 1.207912802696228
last layer connection with predicted class: 0.8842535018920898
most highly activated patch of the chosen image by this prototype:
most highly activated patch by this prototype shown in the original image:
prototype activation map of the chosen image:
--------------------------------------------------------------
top 9 activated prototype for this image:
prototype index: 14
prototype class identity: 1
activation value (similarity score): 1.0638495683670044
last layer connection with predicted class: 0.8981771469116211
most highly activated patch of the chosen image by this prototype:
most highly activated patch by this prototype shown in the original image:
prototype activation map of the chosen image:
--------------------------------------------------------------
top 10 activated prototype for this image:
prototype index: 19
prototype class identity: 1
activation value (similarity score): 0.20251502096652985
last layer connection with predicted class: 1.0604461431503296
most highly activated patch of the chosen image by this prototype:
most highly activated patch by this prototype shown in the original image:
prototype activation map of the chosen image:
--------------------------------------------------------------
Prototypes from top-2 classes:
top 1 predicted class: 1
logit of the class: 42.748905
prototype index: 17
prototype class identity: 1
activation value (similarity score): 9.21034049987793
last layer connection: 0.9188203811645508
most highly activated patch of the chosen image by this prototype:
most highly activated patch by this prototype shown in the original image:
prototype activation map of the chosen image:
--------------------------------------------------------------
prototype index: 13
prototype class identity: 1
activation value (similarity score): 9.21034049987793
last layer connection: 0.7714142203330994
most highly activated patch of the chosen image by this prototype:
most highly activated patch by this prototype shown in the original image:
prototype activation map of the chosen image:
--------------------------------------------------------------
prototype index: 10
prototype class identity: 1
activation value (similarity score): 9.21034049987793
last layer connection: 0.8337901830673218
most highly activated patch of the chosen image by this prototype:
most highly activated patch by this prototype shown in the original image:
prototype activation map of the chosen image:
--------------------------------------------------------------
prototype index: 18
prototype class identity: 1
activation value (similarity score): 9.21034049987793
last layer connection: 0.8180336952209473
most highly activated patch of the chosen image by this prototype:
most highly activated patch by this prototype shown in the original image:
prototype activation map of the chosen image:
--------------------------------------------------------------
prototype index: 15
prototype class identity: 1
activation value (similarity score): 3.708631753921509
last layer connection: 1.0484075546264648
most highly activated patch of the chosen image by this prototype:
most highly activated patch by this prototype shown in the original image:
prototype activation map of the chosen image:
--------------------------------------------------------------
prototype index: 11
prototype class identity: 1
activation value (similarity score): 3.1682016849517822
last layer connection: 1.0218311548233032
most highly activated patch of the chosen image by this prototype:
most highly activated patch by this prototype shown in the original image:
prototype activation map of the chosen image:
--------------------------------------------------------------
prototype index: 12
prototype class identity: 1
activation value (similarity score): 2.423017740249634
last layer connection: 1.087684154510498
most highly activated patch of the chosen image by this prototype:
most highly activated patch by this prototype shown in the original image:
prototype activation map of the chosen image:
--------------------------------------------------------------
prototype index: 16
prototype class identity: 1
activation value (similarity score): 1.207912802696228
last layer connection: 0.8842535018920898
most highly activated patch of the chosen image by this prototype:
most highly activated patch by this prototype shown in the original image:
prototype activation map of the chosen image:
--------------------------------------------------------------
prototype index: 14
prototype class identity: 1
activation value (similarity score): 1.0638495683670044
last layer connection: 0.8981771469116211
most highly activated patch of the chosen image by this prototype:
most highly activated patch by this prototype shown in the original image:
prototype activation map of the chosen image:
--------------------------------------------------------------
prototype index: 19
prototype class identity: 1
activation value (similarity score): 0.20251502096652985
last layer connection: 1.0604461431503296
most highly activated patch of the chosen image by this prototype:
most highly activated patch by this prototype shown in the original image:
prototype activation map of the chosen image:
--------------------------------------------------------------
***************************************************************
top 2 predicted class: 0
logit of the class: -9.035644
prototype index: 7
prototype class identity: 0
activation value (similarity score): 0.03147909417748451
last layer connection: 1.5239017009735107
most highly activated patch of the chosen image by this prototype:
most highly activated patch by this prototype shown in the original image:
prototype activation map of the chosen image:
--------------------------------------------------------------
prototype index: 1
prototype class identity: 0
activation value (similarity score): 0.006286489311605692
last layer connection: 1.8141627311706543
most highly activated patch of the chosen image by this prototype:
most highly activated patch by this prototype shown in the original image:
prototype activation map of the chosen image:
--------------------------------------------------------------
prototype index: 2
prototype class identity: 0
activation value (similarity score): 0.0050546713173389435
last layer connection: 1.9031345844268799
most highly activated patch of the chosen image by this prototype:
most highly activated patch by this prototype shown in the original image:
prototype activation map of the chosen image:
--------------------------------------------------------------
prototype index: 9
prototype class identity: 0
activation value (similarity score): 0.004223475232720375
last layer connection: 2.094557762145996
most highly activated patch of the chosen image by this prototype:
most highly activated patch by this prototype shown in the original image:
prototype activation map of the chosen image:
--------------------------------------------------------------
prototype index: 6
prototype class identity: 0
activation value (similarity score): 0.003632377600297332
last layer connection: 2.047403335571289
most highly activated patch of the chosen image by this prototype:
most highly activated patch by this prototype shown in the original image:
prototype activation map of the chosen image:
--------------------------------------------------------------
prototype index: 3
prototype class identity: 0
activation value (similarity score): 0.0031509771943092346
last layer connection: 2.016732931137085
most highly activated patch of the chosen image by this prototype:
most highly activated patch by this prototype shown in the original image:
prototype activation map of the chosen image:
--------------------------------------------------------------
prototype index: 0
prototype class identity: 0
activation value (similarity score): 0.0030734941828995943
last layer connection: 2.1596620082855225
most highly activated patch of the chosen image by this prototype:
most highly activated patch by this prototype shown in the original image:
prototype activation map of the chosen image:
--------------------------------------------------------------
prototype index: 4
prototype class identity: 0
activation value (similarity score): 0.0029628449119627476
last layer connection: 2.1346938610076904
most highly activated patch of the chosen image by this prototype:
most highly activated patch by this prototype shown in the original image:
prototype activation map of the chosen image:
--------------------------------------------------------------
prototype index: 8
prototype class identity: 0
activation value (similarity score): 0.0029628449119627476
last layer connection: 2.1346938610076904
most highly activated patch of the chosen image by this prototype:
most highly activated patch by this prototype shown in the original image:
prototype activation map of the chosen image:
--------------------------------------------------------------
prototype index: 5
prototype class identity: 0
activation value (similarity score): 0.0027708730194717646
last layer connection: 1.9344232082366943
most highly activated patch of the chosen image by this prototype:
most highly activated patch by this prototype shown in the original image:
prototype activation map of the chosen image:
--------------------------------------------------------------
***************************************************************
Prediction is correct.
